[0.009s] Invoking command in '/home/peru0002/ros2_ws/build/robotiq_controllers': CMAKE_PREFIX_PATH=${CMAKE_PREFIX_PATH}:/opt/ros/jazzy DEBUGINFOD_URLS=https://debuginfod.ubuntu.com /usr/bin/cmake /home/peru0002/ros2_ws/src/ros2_robotiq_gripper/robotiq_controllers -DCMAKE_BUILD_TYPE=Release -DCMAKE_INSTALL_PREFIX=/home/peru0002/ros2_ws/install/robotiq_controllers
[0.258s] -- The C compiler identification is GNU 13.3.0
[0.259s] -- The CXX compiler identification is GNU 13.3.0
[0.260s] -- Detecting C compiler ABI info
[0.411s] -- Detecting C compiler ABI info - done
[0.426s] -- Check for working C compiler: /usr/bin/cc - skipped
[0.428s] -- Detecting C compile features
[0.428s] -- Detecting C compile features - done
[0.440s] -- Detecting CXX compiler ABI info
[0.634s] -- Detecting CXX compiler ABI info - done
[0.660s] -- Check for working CXX compiler: /usr/bin/c++ - skipped
[0.660s] -- Detecting CXX compile features
[0.661s] -- Detecting CXX compile features - done
[0.667s] -- Found ament_cmake: 2.5.4 (/opt/ros/jazzy/share/ament_cmake/cmake)
[1.010s] -- Found Python3: /usr/bin/python3 (found version "3.12.3") found components: Interpreter 
[1.269s] -- Found controller_interface: 4.39.2 (/opt/ros/jazzy/share/controller_interface/cmake)
[1.369s] -- Found rosidl_generator_c: 4.6.6 (/opt/ros/jazzy/share/rosidl_generator_c/cmake)
[1.397s] -- Found rosidl_generator_cpp: 4.6.6 (/opt/ros/jazzy/share/rosidl_generator_cpp/cmake)
[1.432s] -- Using all available rosidl_typesupport_c: rosidl_typesupport_fastrtps_c;rosidl_typesupport_introspection_c
[1.473s] -- Using all available rosidl_typesupport_cpp: rosidl_typesupport_fastrtps_cpp;rosidl_typesupport_introspection_cpp
[1.931s] -- Found TinyXML2 via Config file: /usr/lib/x86_64-linux-gnu/cmake/tinyxml2
[2.043s] -- Found rmw_implementation_cmake: 7.3.2 (/opt/ros/jazzy/share/rmw_implementation_cmake/cmake)
[2.048s] -- Found rmw_fastrtps_cpp: 8.4.3 (/opt/ros/jazzy/share/rmw_fastrtps_cpp/cmake)
[2.097s] -- Found TinyXML2 via Config file: /usr/lib/x86_64-linux-gnu/cmake/tinyxml2
[2.213s] -- Found OpenSSL: /usr/lib/x86_64-linux-gnu/libcrypto.so (found version "3.0.13")  
[2.220s] -- Found TinyXML2 via Config file: /usr/lib/x86_64-linux-gnu/cmake/tinyxml2
[2.244s] -- Found FastRTPS: /opt/ros/jazzy/include (Required is at least version "2.13") 
[2.249s] -- Found TinyXML2 via Config file: /usr/lib/x86_64-linux-gnu/cmake/tinyxml2
[2.261s] -- Found TinyXML2 via Config file: /usr/lib/x86_64-linux-gnu/cmake/tinyxml2
[2.280s] -- Using RMW implementation 'rmw_fastrtps_cpp' as default
[2.747s] -- Found std_srvs: 5.3.6 (/opt/ros/jazzy/share/std_srvs/cmake)
[2.775s] -- Found ament_lint_auto: 0.17.3 (/opt/ros/jazzy/share/ament_lint_auto/cmake)
[2.964s] -- Added test 'cppcheck' to perform static code analysis on C / C++ code
[2.964s] -- Configured cppcheck include dirs: /home/peru0002/ros2_ws/src/ros2_robotiq_gripper/robotiq_controllers/include
[2.964s] -- Configured cppcheck exclude dirs and/or files: 
[2.966s] -- Added test 'lint_cmake' to check CMake code style
[2.974s] -- Configuring done (2.9s)
[3.024s] -- Generating done (0.0s)
[3.034s] -- Build files have been written to: /home/peru0002/ros2_ws/build/robotiq_controllers
[3.060s] Invoked command in '/home/peru0002/ros2_ws/build/robotiq_controllers' returned '0': CMAKE_PREFIX_PATH=${CMAKE_PREFIX_PATH}:/opt/ros/jazzy DEBUGINFOD_URLS=https://debuginfod.ubuntu.com /usr/bin/cmake /home/peru0002/ros2_ws/src/ros2_robotiq_gripper/robotiq_controllers -DCMAKE_BUILD_TYPE=Release -DCMAKE_INSTALL_PREFIX=/home/peru0002/ros2_ws/install/robotiq_controllers
[3.062s] Invoking command in '/home/peru0002/ros2_ws/build/robotiq_controllers': CMAKE_PREFIX_PATH=${CMAKE_PREFIX_PATH}:/opt/ros/jazzy DEBUGINFOD_URLS=https://debuginfod.ubuntu.com /usr/bin/cmake --build /home/peru0002/ros2_ws/build/robotiq_controllers -- -j8 -l8
[3.245s] [ 50%] [32mBuilding CXX object CMakeFiles/robotiq_controllers.dir/src/robotiq_activation_controller.cpp.o[0m
[22.396s] [100%] [32m[1mLinking CXX shared library librobotiq_controllers.so[0m
[23.241s] [100%] Built target robotiq_controllers
[23.285s] Invoked command in '/home/peru0002/ros2_ws/build/robotiq_controllers' returned '0': CMAKE_PREFIX_PATH=${CMAKE_PREFIX_PATH}:/opt/ros/jazzy DEBUGINFOD_URLS=https://debuginfod.ubuntu.com /usr/bin/cmake --build /home/peru0002/ros2_ws/build/robotiq_controllers -- -j8 -l8
[23.289s] Invoking command in '/home/peru0002/ros2_ws/build/robotiq_controllers': CMAKE_PREFIX_PATH=${CMAKE_PREFIX_PATH}:/opt/ros/jazzy DEBUGINFOD_URLS=https://debuginfod.ubuntu.com /usr/bin/cmake --install /home/peru0002/ros2_ws/build/robotiq_controllers
[23.317s] -- Install configuration: "Release"
[23.318s] -- Installing: /home/peru0002/ros2_ws/install/robotiq_controllers/share/robotiq_controllers/controller_plugins.xml
[23.319s] -- Installing: /home/peru0002/ros2_ws/install/robotiq_controllers/lib/librobotiq_controllers.so
[23.320s] -- Set non-toolchain portion of runtime path of "/home/peru0002/ros2_ws/install/robotiq_controllers/lib/librobotiq_controllers.so" to ""
[23.320s] -- Installing: /home/peru0002/ros2_ws/install/robotiq_controllers/include
[23.320s] -- Installing: /home/peru0002/ros2_ws/install/robotiq_controllers/include/robotiq_controllers
[23.320s] -- Installing: /home/peru0002/ros2_ws/install/robotiq_controllers/include/robotiq_controllers/robotiq_activation_controller.hpp
[23.324s] -- Installing: /home/peru0002/ros2_ws/install/robotiq_controllers/share/robotiq_controllers/environment/library_path.sh
[23.326s] -- Installing: /home/peru0002/ros2_ws/install/robotiq_controllers/share/robotiq_controllers/environment/library_path.dsv
[23.326s] -- Installing: /home/peru0002/ros2_ws/install/robotiq_controllers/share/ament_index/resource_index/package_run_dependencies/robotiq_controllers
[23.326s] -- Installing: /home/peru0002/ros2_ws/install/robotiq_controllers/share/ament_index/resource_index/parent_prefix_path/robotiq_controllers
[23.326s] -- Installing: /home/peru0002/ros2_ws/install/robotiq_controllers/share/robotiq_controllers/environment/ament_prefix_path.sh
[23.329s] -- Installing: /home/peru0002/ros2_ws/install/robotiq_controllers/share/robotiq_controllers/environment/ament_prefix_path.dsv
[23.330s] -- Installing: /home/peru0002/ros2_ws/install/robotiq_controllers/share/robotiq_controllers/environment/path.sh
[23.330s] -- Installing: /home/peru0002/ros2_ws/install/robotiq_controllers/share/robotiq_controllers/environment/path.dsv
[23.333s] -- Installing: /home/peru0002/ros2_ws/install/robotiq_controllers/share/robotiq_controllers/local_setup.bash
[23.334s] -- Installing: /home/peru0002/ros2_ws/install/robotiq_controllers/share/robotiq_controllers/local_setup.sh
[23.334s] -- Installing: /home/peru0002/ros2_ws/install/robotiq_controllers/share/robotiq_controllers/local_setup.zsh
[23.334s] -- Installing: /home/peru0002/ros2_ws/install/robotiq_controllers/share/robotiq_controllers/local_setup.dsv
[23.334s] -- Installing: /home/peru0002/ros2_ws/install/robotiq_controllers/share/robotiq_controllers/package.dsv
[23.334s] -- Installing: /home/peru0002/ros2_ws/install/robotiq_controllers/share/ament_index/resource_index/packages/robotiq_controllers
[23.334s] -- Installing: /home/peru0002/ros2_ws/install/robotiq_controllers/share/ament_index/resource_index/controller_interface__pluginlib__plugin/robotiq_controllers
[23.334s] -- Installing: /home/peru0002/ros2_ws/install/robotiq_controllers/share/robotiq_controllers/cmake/export_robotiq_controllersExport.cmake
[23.334s] -- Installing: /home/peru0002/ros2_ws/install/robotiq_controllers/share/robotiq_controllers/cmake/export_robotiq_controllersExport-release.cmake
[23.335s] -- Installing: /home/peru0002/ros2_ws/install/robotiq_controllers/share/robotiq_controllers/cmake/ament_cmake_export_include_directories-extras.cmake
[23.335s] -- Installing: /home/peru0002/ros2_ws/install/robotiq_controllers/share/robotiq_controllers/cmake/ament_cmake_export_libraries-extras.cmake
[23.335s] -- Installing: /home/peru0002/ros2_ws/install/robotiq_controllers/share/robotiq_controllers/cmake/ament_cmake_export_targets-extras.cmake
[23.337s] -- Installing: /home/peru0002/ros2_ws/install/robotiq_controllers/share/robotiq_controllers/cmake/ament_cmake_export_dependencies-extras.cmake
[23.337s] -- Installing: /home/peru0002/ros2_ws/install/robotiq_controllers/share/robotiq_controllers/cmake/robotiq_controllersConfig.cmake
[23.337s] -- Installing: /home/peru0002/ros2_ws/install/robotiq_controllers/share/robotiq_controllers/cmake/robotiq_controllersConfig-version.cmake
[23.338s] -- Installing: /home/peru0002/ros2_ws/install/robotiq_controllers/share/robotiq_controllers/package.xml
[23.354s] Invoked command in '/home/peru0002/ros2_ws/build/robotiq_controllers' returned '0': CMAKE_PREFIX_PATH=${CMAKE_PREFIX_PATH}:/opt/ros/jazzy DEBUGINFOD_URLS=https://debuginfod.ubuntu.com /usr/bin/cmake --install /home/peru0002/ros2_ws/build/robotiq_controllers
