[0.026s] Invoking command in '/home/peru0002/ros2_ws/build/rviz_marker_tools': AMENT_PREFIX_PATH=/home/peru0002/ros2_ws/install/moveit_common:${AMENT_PREFIX_PATH} CMAKE_PREFIX_PATH=/home/peru0002/ros2_ws/install/moveit_common:/opt/ros/jazzy/opt/gz_sim_vendor:/opt/ros/jazzy/opt/gz_sensors_vendor:/opt/ros/jazzy/opt/gz_physics_vendor:/opt/ros/jazzy/opt/sdformat_vendor:/opt/ros/jazzy/opt/gz_gui_vendor:/opt/ros/jazzy/opt/gz_transport_vendor:/opt/ros/jazzy/opt/gz_rendering_vendor:/opt/ros/jazzy/opt/gz_plugin_vendor:/opt/ros/jazzy/opt/gz_fuel_tools_vendor:/opt/ros/jazzy/opt/gz_msgs_vendor:/opt/ros/jazzy/opt/gz_common_vendor:/opt/ros/jazzy/opt/gz_math_vendor:/opt/ros/jazzy/opt/gz_utils_vendor:/opt/ros/jazzy/opt/gz_tools_vendor:/opt/ros/jazzy/opt/gz_ogre_next_vendor:/opt/ros/jazzy/opt/gz_dartsim_vendor:/opt/ros/jazzy/opt/gz_cmake_vendor:/opt/ros/jazzy DEBUGINFOD_URLS=https://debuginfod.ubuntu.com /usr/bin/cmake /home/peru0002/ros2_ws/src/moveit_task_constructor/rviz_marker_tools -DCMAKE_INSTALL_PREFIX=/home/peru0002/ros2_ws/install/rviz_marker_tools
[0.077s] -- Found ament_cmake: 2.5.4 (/opt/ros/jazzy/share/ament_cmake/cmake)
[0.515s] -- Found moveit_common: 2.14.1 (/home/peru0002/ros2_ws/install/moveit_common/share/moveit_common/cmake)
[0.722s] -- Found rclcpp: 28.1.13 (/opt/ros/jazzy/share/rclcpp/cmake)
[0.784s] -- Found rosidl_generator_c: 4.6.6 (/opt/ros/jazzy/share/rosidl_generator_c/cmake)
[0.805s] -- Found rosidl_generator_cpp: 4.6.6 (/opt/ros/jazzy/share/rosidl_generator_cpp/cmake)
[0.836s] -- Using all available rosidl_typesupport_c: rosidl_typesupport_fastrtps_c;rosidl_typesupport_introspection_c
[0.869s] -- Using all available rosidl_typesupport_cpp: rosidl_typesupport_fastrtps_cpp;rosidl_typesupport_introspection_cpp
[1.002s] -- Found rmw_implementation_cmake: 7.3.2 (/opt/ros/jazzy/share/rmw_implementation_cmake/cmake)
[1.006s] -- Found rmw_fastrtps_cpp: 8.4.3 (/opt/ros/jazzy/share/rmw_fastrtps_cpp/cmake)
[1.203s] -- Using RMW implementation 'rmw_fastrtps_cpp' as default
[1.329s] -- Found tf2_eigen: 0.36.16 (/opt/ros/jazzy/share/tf2_eigen/cmake)
[1.672s] -- Found visualization_msgs: 5.3.6 (/opt/ros/jazzy/share/visualization_msgs/cmake)
[1.795s] -- Configuring done (1.7s)
[1.838s] -- Generating done (0.0s)
[1.845s] -- Build files have been written to: /home/peru0002/ros2_ws/build/rviz_marker_tools
[1.958s] Invoked command in '/home/peru0002/ros2_ws/build/rviz_marker_tools' returned '0': AMENT_PREFIX_PATH=/home/peru0002/ros2_ws/install/moveit_common:${AMENT_PREFIX_PATH} CMAKE_PREFIX_PATH=/home/peru0002/ros2_ws/install/moveit_common:/opt/ros/jazzy/opt/gz_sim_vendor:/opt/ros/jazzy/opt/gz_sensors_vendor:/opt/ros/jazzy/opt/gz_physics_vendor:/opt/ros/jazzy/opt/sdformat_vendor:/opt/ros/jazzy/opt/gz_gui_vendor:/opt/ros/jazzy/opt/gz_transport_vendor:/opt/ros/jazzy/opt/gz_rendering_vendor:/opt/ros/jazzy/opt/gz_plugin_vendor:/opt/ros/jazzy/opt/gz_fuel_tools_vendor:/opt/ros/jazzy/opt/gz_msgs_vendor:/opt/ros/jazzy/opt/gz_common_vendor:/opt/ros/jazzy/opt/gz_math_vendor:/opt/ros/jazzy/opt/gz_utils_vendor:/opt/ros/jazzy/opt/gz_tools_vendor:/opt/ros/jazzy/opt/gz_ogre_next_vendor:/opt/ros/jazzy/opt/gz_dartsim_vendor:/opt/ros/jazzy/opt/gz_cmake_vendor:/opt/ros/jazzy DEBUGINFOD_URLS=https://debuginfod.ubuntu.com /usr/bin/cmake /home/peru0002/ros2_ws/src/moveit_task_constructor/rviz_marker_tools -DCMAKE_INSTALL_PREFIX=/home/peru0002/ros2_ws/install/rviz_marker_tools
[1.960s] Invoking command in '/home/peru0002/ros2_ws/build/rviz_marker_tools': AMENT_PREFIX_PATH=/home/peru0002/ros2_ws/install/moveit_common:${AMENT_PREFIX_PATH} CMAKE_PREFIX_PATH=/home/peru0002/ros2_ws/install/moveit_common:/opt/ros/jazzy/opt/gz_sim_vendor:/opt/ros/jazzy/opt/gz_sensors_vendor:/opt/ros/jazzy/opt/gz_physics_vendor:/opt/ros/jazzy/opt/sdformat_vendor:/opt/ros/jazzy/opt/gz_gui_vendor:/opt/ros/jazzy/opt/gz_transport_vendor:/opt/ros/jazzy/opt/gz_rendering_vendor:/opt/ros/jazzy/opt/gz_plugin_vendor:/opt/ros/jazzy/opt/gz_fuel_tools_vendor:/opt/ros/jazzy/opt/gz_msgs_vendor:/opt/ros/jazzy/opt/gz_common_vendor:/opt/ros/jazzy/opt/gz_math_vendor:/opt/ros/jazzy/opt/gz_utils_vendor:/opt/ros/jazzy/opt/gz_tools_vendor:/opt/ros/jazzy/opt/gz_ogre_next_vendor:/opt/ros/jazzy/opt/gz_dartsim_vendor:/opt/ros/jazzy/opt/gz_cmake_vendor:/opt/ros/jazzy DEBUGINFOD_URLS=https://debuginfod.ubuntu.com /usr/bin/cmake --build /home/peru0002/ros2_ws/build/rviz_marker_tools -- -j8 -l8
[2.108s] [100%] Built target rviz_marker_tools
[2.138s] Invoked command in '/home/peru0002/ros2_ws/build/rviz_marker_tools' returned '0': AMENT_PREFIX_PATH=/home/peru0002/ros2_ws/install/moveit_common:${AMENT_PREFIX_PATH} CMAKE_PREFIX_PATH=/home/peru0002/ros2_ws/install/moveit_common:/opt/ros/jazzy/opt/gz_sim_vendor:/opt/ros/jazzy/opt/gz_sensors_vendor:/opt/ros/jazzy/opt/gz_physics_vendor:/opt/ros/jazzy/opt/sdformat_vendor:/opt/ros/jazzy/opt/gz_gui_vendor:/opt/ros/jazzy/opt/gz_transport_vendor:/opt/ros/jazzy/opt/gz_rendering_vendor:/opt/ros/jazzy/opt/gz_plugin_vendor:/opt/ros/jazzy/opt/gz_fuel_tools_vendor:/opt/ros/jazzy/opt/gz_msgs_vendor:/opt/ros/jazzy/opt/gz_common_vendor:/opt/ros/jazzy/opt/gz_math_vendor:/opt/ros/jazzy/opt/gz_utils_vendor:/opt/ros/jazzy/opt/gz_tools_vendor:/opt/ros/jazzy/opt/gz_ogre_next_vendor:/opt/ros/jazzy/opt/gz_dartsim_vendor:/opt/ros/jazzy/opt/gz_cmake_vendor:/opt/ros/jazzy DEBUGINFOD_URLS=https://debuginfod.ubuntu.com /usr/bin/cmake --build /home/peru0002/ros2_ws/build/rviz_marker_tools -- -j8 -l8
[2.139s] Invoking command in '/home/peru0002/ros2_ws/build/rviz_marker_tools': AMENT_PREFIX_PATH=/home/peru0002/ros2_ws/install/moveit_common:${AMENT_PREFIX_PATH} CMAKE_PREFIX_PATH=/home/peru0002/ros2_ws/install/moveit_common:/opt/ros/jazzy/opt/gz_sim_vendor:/opt/ros/jazzy/opt/gz_sensors_vendor:/opt/ros/jazzy/opt/gz_physics_vendor:/opt/ros/jazzy/opt/sdformat_vendor:/opt/ros/jazzy/opt/gz_gui_vendor:/opt/ros/jazzy/opt/gz_transport_vendor:/opt/ros/jazzy/opt/gz_rendering_vendor:/opt/ros/jazzy/opt/gz_plugin_vendor:/opt/ros/jazzy/opt/gz_fuel_tools_vendor:/opt/ros/jazzy/opt/gz_msgs_vendor:/opt/ros/jazzy/opt/gz_common_vendor:/opt/ros/jazzy/opt/gz_math_vendor:/opt/ros/jazzy/opt/gz_utils_vendor:/opt/ros/jazzy/opt/gz_tools_vendor:/opt/ros/jazzy/opt/gz_ogre_next_vendor:/opt/ros/jazzy/opt/gz_dartsim_vendor:/opt/ros/jazzy/opt/gz_cmake_vendor:/opt/ros/jazzy DEBUGINFOD_URLS=https://debuginfod.ubuntu.com /usr/bin/cmake --install /home/peru0002/ros2_ws/build/rviz_marker_tools
[2.148s] -- Install configuration: "Release"
[2.152s] -- Up-to-date: /home/peru0002/ros2_ws/install/rviz_marker_tools/include
[2.152s] -- Up-to-date: /home/peru0002/ros2_ws/install/rviz_marker_tools/include/rviz_marker_tools
[2.152s] -- Up-to-date: /home/peru0002/ros2_ws/install/rviz_marker_tools/include/rviz_marker_tools/marker_creation.h
[2.152s] -- Up-to-date: /home/peru0002/ros2_ws/install/rviz_marker_tools/lib/librviz_marker_tools.so
[2.152s] -- Up-to-date: /home/peru0002/ros2_ws/install/rviz_marker_tools/share/rviz_marker_tools/environment/library_path.sh
[2.152s] -- Up-to-date: /home/peru0002/ros2_ws/install/rviz_marker_tools/share/rviz_marker_tools/environment/library_path.dsv
[2.153s] -- Up-to-date: /home/peru0002/ros2_ws/install/rviz_marker_tools/share/ament_index/resource_index/package_run_dependencies/rviz_marker_tools
[2.153s] -- Up-to-date: /home/peru0002/ros2_ws/install/rviz_marker_tools/share/ament_index/resource_index/parent_prefix_path/rviz_marker_tools
[2.153s] -- Up-to-date: /home/peru0002/ros2_ws/install/rviz_marker_tools/share/rviz_marker_tools/environment/ament_prefix_path.sh
[2.153s] -- Up-to-date: /home/peru0002/ros2_ws/install/rviz_marker_tools/share/rviz_marker_tools/environment/ament_prefix_path.dsv
[2.153s] -- Up-to-date: /home/peru0002/ros2_ws/install/rviz_marker_tools/share/rviz_marker_tools/environment/path.sh
[2.153s] -- Up-to-date: /home/peru0002/ros2_ws/install/rviz_marker_tools/share/rviz_marker_tools/environment/path.dsv
[2.153s] -- Up-to-date: /home/peru0002/ros2_ws/install/rviz_marker_tools/share/rviz_marker_tools/local_setup.bash
[2.153s] -- Up-to-date: /home/peru0002/ros2_ws/install/rviz_marker_tools/share/rviz_marker_tools/local_setup.sh
[2.154s] -- Up-to-date: /home/peru0002/ros2_ws/install/rviz_marker_tools/share/rviz_marker_tools/local_setup.zsh
[2.154s] -- Up-to-date: /home/peru0002/ros2_ws/install/rviz_marker_tools/share/rviz_marker_tools/local_setup.dsv
[2.154s] -- Installing: /home/peru0002/ros2_ws/install/rviz_marker_tools/share/rviz_marker_tools/package.dsv
[2.154s] -- Up-to-date: /home/peru0002/ros2_ws/install/rviz_marker_tools/share/ament_index/resource_index/packages/rviz_marker_tools
[2.154s] -- Up-to-date: /home/peru0002/ros2_ws/install/rviz_marker_tools/share/rviz_marker_tools/cmake/rviz_marker_toolsTargetsExport.cmake
[2.157s] -- Up-to-date: /home/peru0002/ros2_ws/install/rviz_marker_tools/share/rviz_marker_tools/cmake/rviz_marker_toolsTargetsExport-release.cmake
[2.157s] -- Up-to-date: /home/peru0002/ros2_ws/install/rviz_marker_tools/share/rviz_marker_tools/cmake/ament_cmake_export_targets-extras.cmake
[2.157s] -- Up-to-date: /home/peru0002/ros2_ws/install/rviz_marker_tools/share/rviz_marker_tools/cmake/ament_cmake_export_dependencies-extras.cmake
[2.157s] -- Up-to-date: /home/peru0002/ros2_ws/install/rviz_marker_tools/share/rviz_marker_tools/cmake/rviz_marker_toolsConfig.cmake
[2.158s] -- Up-to-date: /home/peru0002/ros2_ws/install/rviz_marker_tools/share/rviz_marker_tools/cmake/rviz_marker_toolsConfig-version.cmake
[2.158s] -- Up-to-date: /home/peru0002/ros2_ws/install/rviz_marker_tools/share/rviz_marker_tools/package.xml
[2.184s] Invoked command in '/home/peru0002/ros2_ws/build/rviz_marker_tools' returned '0': AMENT_PREFIX_PATH=/home/peru0002/ros2_ws/install/moveit_common:${AMENT_PREFIX_PATH} CMAKE_PREFIX_PATH=/home/peru0002/ros2_ws/install/moveit_common:/opt/ros/jazzy/opt/gz_sim_vendor:/opt/ros/jazzy/opt/gz_sensors_vendor:/opt/ros/jazzy/opt/gz_physics_vendor:/opt/ros/jazzy/opt/sdformat_vendor:/opt/ros/jazzy/opt/gz_gui_vendor:/opt/ros/jazzy/opt/gz_transport_vendor:/opt/ros/jazzy/opt/gz_rendering_vendor:/opt/ros/jazzy/opt/gz_plugin_vendor:/opt/ros/jazzy/opt/gz_fuel_tools_vendor:/opt/ros/jazzy/opt/gz_msgs_vendor:/opt/ros/jazzy/opt/gz_common_vendor:/opt/ros/jazzy/opt/gz_math_vendor:/opt/ros/jazzy/opt/gz_utils_vendor:/opt/ros/jazzy/opt/gz_tools_vendor:/opt/ros/jazzy/opt/gz_ogre_next_vendor:/opt/ros/jazzy/opt/gz_dartsim_vendor:/opt/ros/jazzy/opt/gz_cmake_vendor:/opt/ros/jazzy DEBUGINFOD_URLS=https://debuginfod.ubuntu.com /usr/bin/cmake --install /home/peru0002/ros2_ws/build/rviz_marker_tools
