[0.370s] Invoking command in '/home/peru0002/ros2_ws/build/rplidar_ros': CMAKE_PREFIX_PATH=${CMAKE_PREFIX_PATH}:/home/peru0002/ws_moveit/install/moveit_configs_utils:/home/peru0002/ws_moveit/install/bracu_hydra_description:/home/peru0002/ros2_ws/install/moveit_configs_utils:/home/peru0002/ros2_ws/install/bracu_hydra_description:/opt/ros/jazzy DEBUGINFOD_URLS=https://debuginfod.ubuntu.com /usr/bin/cmake --build /home/peru0002/ros2_ws/build/rplidar_ros -- -j8 -l8
[0.537s] [ 38%] Built target rplidarNode
[0.540s] [ 50%] Built target rplidarNodeClient
[0.541s] [ 88%] Built target rplidar_composition_node
[0.628s] [100%] Built target rplidar_composition
[0.664s] Invoked command in '/home/peru0002/ros2_ws/build/rplidar_ros' returned '0': CMAKE_PREFIX_PATH=${CMAKE_PREFIX_PATH}:/home/peru0002/ws_moveit/install/moveit_configs_utils:/home/peru0002/ws_moveit/install/bracu_hydra_description:/home/peru0002/ros2_ws/install/moveit_configs_utils:/home/peru0002/ros2_ws/install/bracu_hydra_description:/opt/ros/jazzy DEBUGINFOD_URLS=https://debuginfod.ubuntu.com /usr/bin/cmake --build /home/peru0002/ros2_ws/build/rplidar_ros -- -j8 -l8
[0.695s] Invoking command in '/home/peru0002/ros2_ws/build/rplidar_ros': CMAKE_PREFIX_PATH=${CMAKE_PREFIX_PATH}:/home/peru0002/ws_moveit/install/moveit_configs_utils:/home/peru0002/ws_moveit/install/bracu_hydra_description:/home/peru0002/ros2_ws/install/moveit_configs_utils:/home/peru0002/ros2_ws/install/bracu_hydra_description:/opt/ros/jazzy DEBUGINFOD_URLS=https://debuginfod.ubuntu.com /usr/bin/cmake --install /home/peru0002/ros2_ws/build/rplidar_ros
[0.722s] -- Install configuration: ""
[0.723s] -- Execute custom install script
[0.723s] -- Up-to-date symlink: /home/peru0002/ros2_ws/install/rplidar_ros/lib/rplidar_ros/rplidarNode
[0.723s] -- Up-to-date symlink: /home/peru0002/ros2_ws/install/rplidar_ros/lib/rplidar_ros/rplidarNodeClient
[0.724s] -- Up-to-date symlink: /home/peru0002/ros2_ws/install/rplidar_ros/lib/rplidar_ros/rplidar_composition
[0.724s] -- Up-to-date symlink: /home/peru0002/ros2_ws/install/rplidar_ros/share/rplidar_ros/launch/rplidar.launch.py
[0.724s] -- Up-to-date symlink: /home/peru0002/ros2_ws/install/rplidar_ros/share/rplidar_ros/launch/rplidar_a3.launch.py
[0.725s] -- Up-to-date symlink: /home/peru0002/ros2_ws/install/rplidar_ros/share/rplidar_ros/launch/rplidar_s1.launch.py
[0.725s] -- Up-to-date symlink: /home/peru0002/ros2_ws/install/rplidar_ros/share/rplidar_ros/launch/rplidar_s1_tcp.launch.py
[0.725s] -- Up-to-date symlink: /home/peru0002/ros2_ws/install/rplidar_ros/share/rplidar_ros/launch/test_rplidar.launch.py
[0.725s] -- Up-to-date symlink: /home/peru0002/ros2_ws/install/rplidar_ros/share/rplidar_ros/launch/test_rplidar_a3.launch.py
[0.725s] -- Up-to-date symlink: /home/peru0002/ros2_ws/install/rplidar_ros/share/rplidar_ros/launch/view_rplidar.launch.py
[0.725s] -- Up-to-date symlink: /home/peru0002/ros2_ws/install/rplidar_ros/share/rplidar_ros/launch/view_rplidar_a3.launch.py
[0.726s] -- Up-to-date symlink: /home/peru0002/ros2_ws/install/rplidar_ros/share/rplidar_ros/launch/view_rplidar_s1.launch.py
[0.726s] -- Up-to-date symlink: /home/peru0002/ros2_ws/install/rplidar_ros/share/rplidar_ros/launch/view_rplidar_s1_tcp.launch.py
[0.726s] -- Up-to-date symlink: /home/peru0002/ros2_ws/install/rplidar_ros/share/rplidar_ros/rviz/rplidar.rviz
[0.726s] -- Up-to-date symlink: /home/peru0002/ros2_ws/install/rplidar_ros/lib/librplidar_composition_node.so
[0.726s] -- Up-to-date symlink: /home/peru0002/ros2_ws/install/rplidar_ros/include/rplidar_node.hpp
[0.727s] -- Up-to-date symlink: /home/peru0002/ros2_ws/install/rplidar_ros/include/visibility.h
[0.727s] -- Up-to-date symlink: /home/peru0002/ros2_ws/install/rplidar_ros/lib/rplidar_ros/rplidarNode
[0.727s] -- Up-to-date symlink: /home/peru0002/ros2_ws/install/rplidar_ros/lib/rplidar_ros/rplidarNodeClient
[0.728s] -- Up-to-date symlink: /home/peru0002/ros2_ws/install/rplidar_ros/lib/rplidar_ros/rplidar_composition
[0.728s] -- Up-to-date symlink: /home/peru0002/ros2_ws/install/rplidar_ros/share/ament_index/resource_index/package_run_dependencies/rplidar_ros
[0.728s] -- Up-to-date symlink: /home/peru0002/ros2_ws/install/rplidar_ros/share/ament_index/resource_index/parent_prefix_path/rplidar_ros
[0.728s] -- Up-to-date symlink: /home/peru0002/ros2_ws/install/rplidar_ros/share/rplidar_ros/environment/ament_prefix_path.sh
[0.729s] -- Up-to-date symlink: /home/peru0002/ros2_ws/install/rplidar_ros/share/rplidar_ros/environment/ament_prefix_path.dsv
[0.729s] -- Up-to-date symlink: /home/peru0002/ros2_ws/install/rplidar_ros/share/rplidar_ros/environment/path.sh
[0.729s] -- Up-to-date symlink: /home/peru0002/ros2_ws/install/rplidar_ros/share/rplidar_ros/environment/path.dsv
[0.729s] -- Up-to-date symlink: /home/peru0002/ros2_ws/install/rplidar_ros/share/rplidar_ros/local_setup.bash
[0.729s] -- Up-to-date symlink: /home/peru0002/ros2_ws/install/rplidar_ros/share/rplidar_ros/local_setup.sh
[0.730s] -- Up-to-date symlink: /home/peru0002/ros2_ws/install/rplidar_ros/share/rplidar_ros/local_setup.zsh
[0.730s] -- Up-to-date symlink: /home/peru0002/ros2_ws/install/rplidar_ros/share/rplidar_ros/local_setup.dsv
[0.730s] -- Symlinking: /home/peru0002/ros2_ws/install/rplidar_ros/share/rplidar_ros/package.dsv
[0.762s] -- Up-to-date symlink: /home/peru0002/ros2_ws/install/rplidar_ros/share/ament_index/resource_index/packages/rplidar_ros
[0.762s] -- Up-to-date symlink: /home/peru0002/ros2_ws/install/rplidar_ros/share/rplidar_ros/cmake/ament_cmake_export_dependencies-extras.cmake
[0.762s] -- Up-to-date symlink: /home/peru0002/ros2_ws/install/rplidar_ros/share/rplidar_ros/cmake/ament_cmake_export_include_directories-extras.cmake
[0.763s] -- Up-to-date symlink: /home/peru0002/ros2_ws/install/rplidar_ros/share/rplidar_ros/cmake/rplidar_rosConfig.cmake
[0.763s] -- Up-to-date symlink: /home/peru0002/ros2_ws/install/rplidar_ros/share/rplidar_ros/cmake/rplidar_rosConfig-version.cmake
[0.764s] -- Up-to-date symlink: /home/peru0002/ros2_ws/install/rplidar_ros/share/rplidar_ros/package.xml
[0.768s] Invoked command in '/home/peru0002/ros2_ws/build/rplidar_ros' returned '0': CMAKE_PREFIX_PATH=${CMAKE_PREFIX_PATH}:/home/peru0002/ws_moveit/install/moveit_configs_utils:/home/peru0002/ws_moveit/install/bracu_hydra_description:/home/peru0002/ros2_ws/install/moveit_configs_utils:/home/peru0002/ros2_ws/install/bracu_hydra_description:/opt/ros/jazzy DEBUGINFOD_URLS=https://debuginfod.ubuntu.com /usr/bin/cmake --install /home/peru0002/ros2_ws/build/rplidar_ros
