[0.023s] Invoking command in '/home/peru0002/ros2_ws/build/moveit_core': AMENT_PREFIX_PATH=/home/peru0002/ros2_ws/install/moveit_resources_panda_moveit_config:/home/peru0002/ros2_ws/install/moveit_resources_pr2_description:/home/peru0002/ros2_ws/install/moveit_resources_panda_description:/home/peru0002/ros2_ws/install/moveit_msgs:/home/peru0002/ros2_ws/install/moveit_common:${AMENT_PREFIX_PATH} CMAKE_PREFIX_PATH=/home/peru0002/ros2_ws/install/moveit_resources_panda_moveit_config:/home/peru0002/ros2_ws/install/moveit_resources_pr2_description:/home/peru0002/ros2_ws/install/moveit_resources_panda_description:/home/peru0002/ros2_ws/install/moveit_msgs:/home/peru0002/ros2_ws/install/moveit_common:/opt/ros/jazzy/opt/gz_math_vendor:/opt/ros/jazzy/opt/gz_utils_vendor:/opt/ros/jazzy/opt/gz_cmake_vendor:/opt/ros/jazzy DEBUGINFOD_URLS=https://debuginfod.ubuntu.com LD_LIBRARY_PATH=/home/peru0002/ros2_ws/install/moveit_msgs/lib:${LD_LIBRARY_PATH} PYTHONPATH=/home/peru0002/ros2_ws/install/moveit_msgs/lib/python3.12/site-packages:${PYTHONPATH} /usr/bin/cmake /home/peru0002/ros2_ws/src/moveit2/moveit_core -DCMAKE_BUILD_TYPE=Release -DCMAKE_INSTALL_PREFIX=/home/peru0002/ros2_ws/install/moveit_core
[0.135s] -- The CXX compiler identification is GNU 13.3.0
[0.170s] -- Detecting CXX compiler ABI info
[0.330s] -- Detecting CXX compiler ABI info - done
[0.360s] -- Check for working CXX compiler: /usr/bin/c++ - skipped
[0.361s] -- Detecting CXX compile features
[0.363s] -- Detecting CXX compile features - done
[0.366s] -- Found moveit_common: 2.14.1 (/home/peru0002/ros2_ws/install/moveit_common/share/moveit_common/cmake)
[0.374s] -- Found ament_cmake: 2.5.4 (/opt/ros/jazzy/share/ament_cmake/cmake)
[0.602s] -- Found Python3: /usr/bin/python3 (found version "3.12.3") found components: Interpreter 
[0.904s] -- Found angles: 1.16.1 (/opt/ros/jazzy/share/angles/cmake)
[0.950s] -- Found Bullet: /usr/lib/x86_64-linux-gnu/libBulletDynamics.so (Required is at least version "2.87") 
[0.953s] -- Found common_interfaces: 5.3.6 (/opt/ros/jazzy/share/common_interfaces/cmake)
[0.956s] -- Found eigen_stl_containers: 1.1.0 (/opt/ros/jazzy/share/eigen_stl_containers/cmake)
[0.970s] -- Found eigen3_cmake_module: 0.3.0 (/opt/ros/jazzy/share/eigen3_cmake_module/cmake)
[0.981s] -- Found Eigen3: TRUE (found version "3.4.0") 
[0.990s] -- Found generate_parameter_library: 0.5.0 (/opt/ros/jazzy/share/generate_parameter_library/cmake)
[0.996s] -- Found parameter_traits: 0.5.0 (/opt/ros/jazzy/share/parameter_traits/cmake)
[1.045s] -- Found rosidl_generator_c: 4.6.6 (/opt/ros/jazzy/share/rosidl_generator_c/cmake)
[1.064s] -- Found rosidl_generator_cpp: 4.6.6 (/opt/ros/jazzy/share/rosidl_generator_cpp/cmake)
[1.085s] -- Using all available rosidl_typesupport_c: rosidl_typesupport_fastrtps_c;rosidl_typesupport_introspection_c
[1.110s] -- Using all available rosidl_typesupport_cpp: rosidl_typesupport_fastrtps_cpp;rosidl_typesupport_introspection_cpp
[1.210s] -- Found rmw_implementation_cmake: 7.3.2 (/opt/ros/jazzy/share/rmw_implementation_cmake/cmake)
[1.214s] -- Found rmw_fastrtps_cpp: 8.4.3 (/opt/ros/jazzy/share/rmw_fastrtps_cpp/cmake)
[1.392s] -- Found OpenSSL: /usr/lib/x86_64-linux-gnu/libcrypto.so (found version "3.0.13")  
[1.425s] -- Found FastRTPS: /opt/ros/jazzy/include (Required is at least version "2.13") 
[1.458s] -- Using RMW implementation 'rmw_fastrtps_cpp' as default
[1.570s] -- Found rclcpp_lifecycle: 28.1.13 (/opt/ros/jazzy/share/rclcpp_lifecycle/cmake)
[1.614s] -- Found geometric_shapes: 2.3.2 (/opt/ros/jazzy/share/geometric_shapes/cmake)
[1.633s] -- Found Boost: /usr/lib/x86_64-linux-gnu/cmake/Boost-1.83.0/BoostConfig.cmake (found version "1.83.0") found components: filesystem 
[1.803s] -- Found kdl_parser: 2.11.0 (/opt/ros/jazzy/share/kdl_parser/cmake)
[1.816s] -- Ensuring Eigen3 include directory is part of orocos-kdl CMake target
[1.820s] -- Found moveit_msgs: 2.7.1 (/home/peru0002/ros2_ws/install/moveit_msgs/share/moveit_msgs/cmake)
[2.064s] -- Found pluginlib: 5.4.3 (/opt/ros/jazzy/share/pluginlib/cmake)
[2.079s] -- Found srdfdom: 2.0.7 (/opt/ros/jazzy/share/srdfdom/cmake)
[2.098s] -- Found tf2_eigen: 0.36.16 (/opt/ros/jazzy/share/tf2_eigen/cmake)
[2.225s] -- Found tf2_geometry_msgs: 0.36.16 (/opt/ros/jazzy/share/tf2_geometry_msgs/cmake)
[2.233s] -- Found tf2_kdl: 0.36.16 (/opt/ros/jazzy/share/tf2_kdl/cmake)
[2.523s] -- Found Boost: /usr/lib/x86_64-linux-gnu/cmake/Boost-1.83.0/BoostConfig.cmake (found version "1.83.0") found components: chrono date_time filesystem iostreams program_options regex serialization system thread 
[2.545s] -- Performing Test COMPILER_HAS_HIDDEN_VISIBILITY
[2.783s] -- Performing Test COMPILER_HAS_HIDDEN_VISIBILITY - Success
[2.785s] -- Performing Test COMPILER_HAS_HIDDEN_INLINE_VISIBILITY
[3.022s] -- Performing Test COMPILER_HAS_HIDDEN_INLINE_VISIBILITY - Success
[3.023s] -- Performing Test COMPILER_HAS_DEPRECATED_ATTR
[3.235s] -- Performing Test COMPILER_HAS_DEPRECATED_ATTR - Success
[3.261s] -- Found ament_cmake_gtest: 2.5.4 (/opt/ros/jazzy/share/ament_cmake_gtest/cmake)
[3.270s] -- Found gtest sources under '/opt/ros/jazzy/src/gtest_vendor': C++ tests using 'Google Test' will be built
[3.337s] -- The C compiler identification is GNU 13.3.0
[3.371s] -- Detecting C compiler ABI info
[3.597s] -- Detecting C compiler ABI info - done
[3.626s] -- Check for working C compiler: /usr/bin/cc - skipped
[3.627s] -- Detecting C compile features
[3.628s] -- Detecting C compile features - done
[3.635s] -- Found Threads: TRUE  
[3.656s] -- Found gtest sources under '/opt/ros/jazzy/src/gtest_vendor': C++ tests using 'Google Test' will be built
[3.670s] -- Found gtest sources under '/opt/ros/jazzy/src/gtest_vendor': C++ tests using 'Google Test' will be built
[3.683s] -- Found ament_cmake_gtest: 2.5.4 (/opt/ros/jazzy/share/ament_cmake_gtest/cmake)
[3.684s] -- Found gtest sources under '/opt/ros/jazzy/src/gtest_vendor': C++ tests using 'Google Test' will be built
[3.695s] -- Found ament_cmake_gmock: 2.5.4 (/opt/ros/jazzy/share/ament_cmake_gmock/cmake)
[3.701s] -- Found gmock sources under '/opt/ros/jazzy/src/gmock_vendor': C++ tests using 'Google Mock' will be built
[3.705s] -- Found ament_cmake_gtest: 2.5.4 (/opt/ros/jazzy/share/ament_cmake_gtest/cmake)
[3.706s] -- Found gtest sources under '/opt/ros/jazzy/src/gtest_vendor': C++ tests using 'Google Test' will be built
[3.720s] -- Found ament_cmake_gtest: 2.5.4 (/opt/ros/jazzy/share/ament_cmake_gtest/cmake)
[3.721s] -- Found gtest sources under '/opt/ros/jazzy/src/gtest_vendor': C++ tests using 'Google Test' will be built
[3.744s] -- Found ament_cmake_gtest: 2.5.4 (/opt/ros/jazzy/share/ament_cmake_gtest/cmake)
[3.745s] -- Found gtest sources under '/opt/ros/jazzy/src/gtest_vendor': C++ tests using 'Google Test' will be built
[3.777s] -- Found ament_cmake_gtest: 2.5.4 (/opt/ros/jazzy/share/ament_cmake_gtest/cmake)
[3.778s] -- Found gtest sources under '/opt/ros/jazzy/src/gtest_vendor': C++ tests using 'Google Test' will be built
[3.797s] -- Found ament_cmake_gtest: 2.5.4 (/opt/ros/jazzy/share/ament_cmake_gtest/cmake)
[3.798s] -- Found gtest sources under '/opt/ros/jazzy/src/gtest_vendor': C++ tests using 'Google Test' will be built
[3.813s] -- Found ament_cmake_gtest: 2.5.4 (/opt/ros/jazzy/share/ament_cmake_gtest/cmake)
[3.813s] -- Found gtest sources under '/opt/ros/jazzy/src/gtest_vendor': C++ tests using 'Google Test' will be built
[3.828s] -- Found ament_cmake_google_benchmark: 2.5.4 (/opt/ros/jazzy/share/ament_cmake_google_benchmark/cmake)
[3.830s] -- Found ament_cmake_gtest: 2.5.4 (/opt/ros/jazzy/share/ament_cmake_gtest/cmake)
[3.834s] -- Found gmock sources under '/opt/ros/jazzy/src/gmock_vendor': C++ tests using 'Google Mock' will be built
[3.834s] -- Found gtest sources under '/opt/ros/jazzy/src/gtest_vendor': C++ tests using 'Google Test' will be built
[3.843s] -- Performance tests are disabled by default, so Google Benchmark tests will be skipped. To enable these tests, set the CMake variable 'AMENT_RUN_PERFORMANCE_TESTS'.
[3.848s] -- Found gtest sources under '/opt/ros/jazzy/src/gtest_vendor': C++ tests using 'Google Test' will be built
[3.860s] -- Found ament_cmake_google_benchmark: 2.5.4 (/opt/ros/jazzy/share/ament_cmake_google_benchmark/cmake)
[3.862s] -- Found ament_cmake_gtest: 2.5.4 (/opt/ros/jazzy/share/ament_cmake_gtest/cmake)
[3.863s] -- Found gtest sources under '/opt/ros/jazzy/src/gtest_vendor': C++ tests using 'Google Test' will be built
[3.870s] -- Performance tests are disabled by default, so Google Benchmark tests will be skipped. To enable these tests, set the CMake variable 'AMENT_RUN_PERFORMANCE_TESTS'.
[3.880s] -- Found ament_cmake_gtest: 2.5.4 (/opt/ros/jazzy/share/ament_cmake_gtest/cmake)
[3.881s] -- Found gtest sources under '/opt/ros/jazzy/src/gtest_vendor': C++ tests using 'Google Test' will be built
[3.904s] -- Found launch_testing_ament_cmake: 3.4.9 (/opt/ros/jazzy/share/launch_testing_ament_cmake/cmake)
[3.907s] -- Found python_cmake_module: 0.11.1 (/opt/ros/jazzy/share/python_cmake_module/cmake)
[4.130s] -- Found PythonExtra: /usr/bin/python3  
[4.140s] --  *** Building MoveIt 2.14.1 devel ***
[4.166s] -- Configuring done (4.1s)
[5.226s] -- Generating done (0.9s)
[5.442s] -- Build files have been written to: /home/peru0002/ros2_ws/build/moveit_core
[5.496s] Invoked command in '/home/peru0002/ros2_ws/build/moveit_core' returned '0': AMENT_PREFIX_PATH=/home/peru0002/ros2_ws/install/moveit_resources_panda_moveit_config:/home/peru0002/ros2_ws/install/moveit_resources_pr2_description:/home/peru0002/ros2_ws/install/moveit_resources_panda_description:/home/peru0002/ros2_ws/install/moveit_msgs:/home/peru0002/ros2_ws/install/moveit_common:${AMENT_PREFIX_PATH} CMAKE_PREFIX_PATH=/home/peru0002/ros2_ws/install/moveit_resources_panda_moveit_config:/home/peru0002/ros2_ws/install/moveit_resources_pr2_description:/home/peru0002/ros2_ws/install/moveit_resources_panda_description:/home/peru0002/ros2_ws/install/moveit_msgs:/home/peru0002/ros2_ws/install/moveit_common:/opt/ros/jazzy/opt/gz_math_vendor:/opt/ros/jazzy/opt/gz_utils_vendor:/opt/ros/jazzy/opt/gz_cmake_vendor:/opt/ros/jazzy DEBUGINFOD_URLS=https://debuginfod.ubuntu.com LD_LIBRARY_PATH=/home/peru0002/ros2_ws/install/moveit_msgs/lib:${LD_LIBRARY_PATH} PYTHONPATH=/home/peru0002/ros2_ws/install/moveit_msgs/lib/python3.12/site-packages:${PYTHONPATH} /usr/bin/cmake /home/peru0002/ros2_ws/src/moveit2/moveit_core -DCMAKE_BUILD_TYPE=Release -DCMAKE_INSTALL_PREFIX=/home/peru0002/ros2_ws/install/moveit_core
[5.499s] Invoking command in '/home/peru0002/ros2_ws/build/moveit_core': AMENT_PREFIX_PATH=/home/peru0002/ros2_ws/install/moveit_resources_panda_moveit_config:/home/peru0002/ros2_ws/install/moveit_resources_pr2_description:/home/peru0002/ros2_ws/install/moveit_resources_panda_description:/home/peru0002/ros2_ws/install/moveit_msgs:/home/peru0002/ros2_ws/install/moveit_common:${AMENT_PREFIX_PATH} CMAKE_PREFIX_PATH=/home/peru0002/ros2_ws/install/moveit_resources_panda_moveit_config:/home/peru0002/ros2_ws/install/moveit_resources_pr2_description:/home/peru0002/ros2_ws/install/moveit_resources_panda_description:/home/peru0002/ros2_ws/install/moveit_msgs:/home/peru0002/ros2_ws/install/moveit_common:/opt/ros/jazzy/opt/gz_math_vendor:/opt/ros/jazzy/opt/gz_utils_vendor:/opt/ros/jazzy/opt/gz_cmake_vendor:/opt/ros/jazzy DEBUGINFOD_URLS=https://debuginfod.ubuntu.com LD_LIBRARY_PATH=/home/peru0002/ros2_ws/install/moveit_msgs/lib:${LD_LIBRARY_PATH} PYTHONPATH=/home/peru0002/ros2_ws/install/moveit_msgs/lib/python3.12/site-packages:${PYTHONPATH} /usr/bin/cmake --build /home/peru0002/ros2_ws/build/moveit_core -- -j8 -l8
[5.611s] [  0%] [32mBuilding CXX object gtest/CMakeFiles/gtest_main.dir/src/gtest_main.cc.o[0m
[5.612s] [  1%] [32mBuilding CXX object utils/CMakeFiles/moveit_utils.dir/src/lexical_casts.cpp.o[0m
[5.615s] [  1%] [32mBuilding CXX object gmock/CMakeFiles/gmock.dir/opt/ros/jazzy/src/gtest_vendor/src/gtest-all.cc.o[0m
[5.615s] [  2%] [34m[1mRunning `/opt/ros/jazzy/bin/generate_parameter_library_cpp /home/peru0002/ros2_ws/build/moveit_core/online_signal_smoothing/include/moveit_core/moveit_butterworth_filter_parameters.hpp /home/peru0002/ros2_ws/src/moveit2/moveit_core/online_signal_smoothing/src/butterworth_parameters.yaml `[0m
[5.616s] [  2%] [32mBuilding CXX object gtest/CMakeFiles/gtest.dir/src/gtest-all.cc.o[0m
[5.621s] [  3%] [34m[1mRunning `/opt/ros/jazzy/bin/generate_parameter_library_cpp /home/peru0002/ros2_ws/build/moveit_core/online_signal_smoothing/include/moveit_core/moveit_acceleration_filter_parameters.hpp /home/peru0002/ros2_ws/src/moveit2/moveit_core/online_signal_smoothing/src/acceleration_filter_parameters.yaml `[0m
[5.625s] [  4%] [32mBuilding CXX object gmock/CMakeFiles/gmock_main.dir/src/gmock_main.cc.o[0m
[5.631s] [  5%] [32mBuilding CXX object online_signal_smoothing/CMakeFiles/moveit_smoothing_base.dir/src/smoothing_base_class.cpp.o[0m
[6.556s] [  5%] [32mBuilding CXX object utils/CMakeFiles/moveit_utils.dir/src/message_checks.cpp.o[0m
[7.266s] [  5%] [34m[1mCreating deprecated header file /home/peru0002/ros2_ws/build/moveit_core/online_signal_smoothing/include/moveit_butterworth_filter_parameters.hpp[0m
[7.303s] [  5%] Built target moveit_butterworth_filter_parameters
[7.320s] [  6%] [32mBuilding CXX object gmock/CMakeFiles/gmock.dir/src/gmock-all.cc.o[0m
[7.478s] [  6%] [34m[1mCreating deprecated header file /home/peru0002/ros2_ws/build/moveit_core/online_signal_smoothing/include/moveit_acceleration_filter_parameters.hpp[0m
[7.512s] [  6%] Built target moveit_acceleration_filter_parameters
[7.530s] [  7%] [32mBuilding CXX object utils/CMakeFiles/moveit_utils.dir/src/rclcpp_utils.cpp.o[0m
[7.565s] [  8%] [32m[1mLinking CXX static library libgtest_main.a[0m
[7.763s] [  8%] Built target gtest_main
[7.809s] [  9%] [32m[1mLinking CXX static library libgmock_main.a[0m
[7.843s] [ 10%] [34m[1mRunning `/opt/ros/jazzy/bin/generate_parameter_library_cpp /home/peru0002/ros2_ws/build/moveit_core/online_signal_smoothing/include/moveit_core/moveit_ruckig_filter_parameters.hpp /home/peru0002/ros2_ws/src/moveit2/moveit_core/online_signal_smoothing/src/ruckig_filter_parameters.yaml `[0m
[8.051s] [ 10%] Built target gmock_main
[8.128s] [ 11%] [34m[1mGenerate version header[0m
[8.270s] [ 12%] [34m[1mGenerating version.hpp[0m
[8.287s] [ 12%] [32mBuilding CXX object utils/CMakeFiles/moveit_utils.dir/src/logger.cpp.o[0m
[8.308s] [ 12%] Built target version_hpp
[8.357s] [ 12%] [32mBuilding CXX object version/CMakeFiles/moveit_version.dir/version.cpp.o[0m
[9.274s] [ 13%] [32m[1mLinking CXX executable moveit_version[0m
[9.404s] [ 13%] [34m[1mCreating deprecated header file /home/peru0002/ros2_ws/build/moveit_core/online_signal_smoothing/include/moveit_ruckig_filter_parameters.hpp[0m
[9.467s] [ 13%] Built target moveit_ruckig_filter_parameters
[9.574s] [ 13%] Built target moveit_version
[12.528s] [ 14%] [32m[1mLinking CXX shared library libmoveit_smoothing_base.so[0m
[13.774s] [ 14%] Built target moveit_smoothing_base
[15.828s] [ 15%] [32m[1mLinking CXX shared library libmoveit_utils.so[0m
[16.289s] [ 15%] Built target moveit_utils
[16.372s] [ 16%] [32mBuilding CXX object utils/test/CMakeFiles/logger_dut.dir/logger_dut.cpp.o[0m
[16.372s] [ 16%] [32mBuilding CXX object distance_field/CMakeFiles/moveit_distance_field.dir/src/distance_field.cpp.o[0m
[16.372s] [ 17%] [32mBuilding CXX object transforms/CMakeFiles/moveit_transforms.dir/src/transforms.cpp.o[0m
[16.374s] [ 17%] [32mBuilding CXX object distance_field/CMakeFiles/moveit_distance_field.dir/src/propagation_distance_field.cpp.o[0m
[16.382s] [ 18%] [32mBuilding CXX object exceptions/CMakeFiles/moveit_exceptions.dir/src/exceptions.cpp.o[0m
[16.387s] [ 18%] [32mBuilding CXX object distance_field/CMakeFiles/moveit_distance_field.dir/src/find_internal_points.cpp.o[0m
[19.247s] [ 19%] [32m[1mLinking CXX shared library libmoveit_exceptions.so[0m
[19.851s] [ 19%] Built target moveit_exceptions
[19.965s] [ 20%] [32mBuilding CXX object robot_model/CMakeFiles/moveit_robot_model.dir/src/aabb.cpp.o[0m
[21.401s] [ 20%] [32mBuilding CXX object robot_model/CMakeFiles/moveit_robot_model.dir/src/fixed_joint_model.cpp.o[0m
[28.677s] [ 21%] [32mBuilding CXX object robot_model/CMakeFiles/moveit_robot_model.dir/src/floating_joint_model.cpp.o[0m
[28.837s] [ 22%] [32m[1mLinking CXX executable logger_dut[0m
[29.158s] [ 22%] [32mBuilding CXX object robot_model/CMakeFiles/moveit_robot_model.dir/src/joint_model.cpp.o[0m
[29.504s] [ 22%] Built target logger_dut
[29.563s] [ 23%] [32mBuilding CXX object robot_model/CMakeFiles/moveit_robot_model.dir/src/joint_model_group.cpp.o[0m
[30.692s] [ 23%] [32m[1mLinking CXX static library libgmock.a[0m
[30.720s] [ 24%] [32m[1mLinking CXX static library libgtest.a[0m
[31.011s] [ 24%] Built target gtest
[31.055s] [ 24%] Built target gmock
[37.785s] [ 25%] [32m[1mLinking CXX shared library libmoveit_transforms.so[0m
[38.053s] [ 25%] Built target moveit_transforms
[39.064s] [ 25%] [32m[1mLinking CXX shared library libmoveit_distance_field.so[0m
[39.368s] [ 25%] Built target moveit_distance_field
[41.405s] [ 26%] [32mBuilding CXX object transforms/CMakeFiles/test_transforms.dir/test/test_transforms.cpp.o[0m
[41.405s] [ 27%] [32mBuilding CXX object distance_field/CMakeFiles/test_voxel_grid.dir/test/test_voxel_grid.cpp.o[0m
[42.863s] [ 29%] [32mBuilding CXX object robot_model/CMakeFiles/moveit_robot_model.dir/src/robot_model.cpp.o[0m
[42.863s] [ 29%] [32mBuilding CXX object robot_model/CMakeFiles/moveit_robot_model.dir/src/prismatic_joint_model.cpp.o[0m
[42.863s] [ 29%] [32mBuilding CXX object robot_model/CMakeFiles/moveit_robot_model.dir/src/revolute_joint_model.cpp.o[0m
[42.886s] [ 29%] [32mBuilding CXX object distance_field/CMakeFiles/test_distance_field.dir/test/test_distance_field.cpp.o[0m
[46.122s] [ 29%] [32mBuilding CXX object robot_model/CMakeFiles/moveit_robot_model.dir/src/planar_joint_model.cpp.o[0m
[46.122s] [ 30%] [32mBuilding CXX object robot_model/CMakeFiles/moveit_robot_model.dir/src/link_model.cpp.o[0m
[46.520s] [ 30%] [32m[1mLinking CXX executable test_transforms[0m
[46.878s] [ 30%] Built target test_transforms
[48.209s] [ 30%] [32m[1mLinking CXX executable test_voxel_grid[0m
[49.168s] [ 30%] Built target test_voxel_grid
[56.821s] [ 31%] [32m[1mLinking CXX executable test_distance_field[0m
[56.904s] [ 31%] [32m[1mLinking CXX shared library libmoveit_robot_model.so[0m
[57.161s] [ 31%] Built target moveit_robot_model
[57.200s] [ 32%] Built target test_distance_field
[57.200s] [ 32%] [32mBuilding CXX object kinematics_base/CMakeFiles/moveit_kinematics_base.dir/src/kinematics_base.cpp.o[0m
[57.201s] [ 33%] [32mBuilding CXX object online_signal_smoothing/CMakeFiles/moveit_butterworth_filter.dir/src/butterworth_filter.cpp.o[0m
[62.821s] [ 33%] [32m[1mLinking CXX shared library libmoveit_kinematics_base.so[0m
[63.021s] [ 33%] Built target moveit_kinematics_base
[63.053s] [ 33%] [32mBuilding CXX object robot_state/CMakeFiles/moveit_robot_state.dir/src/conversions.cpp.o[0m
[63.054s] [ 34%] [32mBuilding CXX object robot_state/CMakeFiles/moveit_robot_state.dir/src/attached_body.cpp.o[0m
[63.056s] [ 36%] [32mBuilding CXX object utils/CMakeFiles/moveit_test_utils.dir/src/robot_model_test_utils.cpp.o[0m
[63.056s] [ 36%] [32mBuilding CXX object robot_state/CMakeFiles/moveit_robot_state.dir/src/cartesian_interpolator.cpp.o[0m
[63.057s] [ 36%] [32mBuilding CXX object robot_state/CMakeFiles/moveit_robot_state.dir/src/robot_state.cpp.o[0m
[65.329s] [ 36%] [32m[1mLinking CXX shared library libmoveit_butterworth_filter.so[0m
[65.741s] [ 36%] Built target moveit_butterworth_filter
[65.785s] [ 36%] [32mBuilding CXX object online_signal_smoothing/CMakeFiles/test_butterworth_filter.dir/test/test_butterworth_filter.cpp.o[0m
[75.647s] [ 37%] [32m[1mLinking CXX executable test_butterworth_filter[0m
[75.930s] [ 37%] Built target test_butterworth_filter
[85.302s] [ 38%] [32m[1mLinking CXX shared library libmoveit_test_utils.so[0m
[85.561s] [ 38%] Built target moveit_test_utils
[85.608s] [ 39%] [32mBuilding CXX object robot_model/CMakeFiles/test_robot_model.dir/test/test.cpp.o[0m
[91.468s] [ 39%] [32m[1mLinking CXX shared library libmoveit_robot_state.so[0m
[91.778s] [ 39%] Built target moveit_robot_state
[91.817s] [ 41%] [32mBuilding CXX object kinematics_metrics/CMakeFiles/moveit_kinematics_metrics.dir/src/kinematics_metrics.cpp.o[0m
[91.817s] [ 41%] [32mBuilding CXX object collision_detection/CMakeFiles/moveit_collision_detection.dir/src/allvalid/collision_env_allvalid.cpp.o[0m
[91.817s] [ 42%] [32mBuilding CXX object robot_trajectory/CMakeFiles/moveit_robot_trajectory.dir/src/robot_trajectory.cpp.o[0m
[91.817s] [ 43%] [32mBuilding CXX object online_signal_smoothing/CMakeFiles/moveit_ruckig_filter.dir/src/ruckig_filter.cpp.o[0m
[91.819s] [ 44%] [32mBuilding CXX object robot_state/CMakeFiles/test_robot_state.dir/test/robot_state_test.cpp.o[0m
[91.824s] [ 45%] [32mBuilding CXX object dynamics_solver/CMakeFiles/moveit_dynamics_solver.dir/src/dynamics_solver.cpp.o[0m
[91.827s] [ 45%] [32mBuilding CXX object online_signal_smoothing/CMakeFiles/moveit_acceleration_filter.dir/src/acceleration_filter.cpp.o[0m
[92.506s] [ 45%] [32m[1mLinking CXX executable test_robot_model[0m
[93.075s] [ 45%] Built target test_robot_model
[93.094s] [ 45%] [32mBuilding CXX object collision_detection/CMakeFiles/moveit_collision_detection.dir/src/collision_common.cpp.o[0m
[102.232s] [ 45%] [32mBuilding CXX object robot_state/CMakeFiles/test_robot_state_complex.dir/test/test_kinematic_complex.cpp.o[0m
[102.238s] [ 46%] [32mBuilding CXX object collision_detection/CMakeFiles/moveit_collision_detection.dir/src/collision_matrix.cpp.o[0m
[104.855s] [ 46%] [32m[1mLinking CXX shared library libmoveit_dynamics_solver.so[0m
[105.306s] [ 46%] Built target moveit_dynamics_solver
[105.329s] [ 47%] [32mBuilding CXX object collision_detection/CMakeFiles/moveit_collision_detection.dir/src/collision_octomap_filter.cpp.o[0m
[109.954s] [ 47%] [32m[1mLinking CXX shared library libmoveit_robot_trajectory.so[0m
[110.452s] [ 47%] [32m[1mLinking CXX shared library libmoveit_ruckig_filter.so[0m
[110.465s] [ 47%] Built target moveit_robot_trajectory
[110.481s] [ 47%] [32mBuilding CXX object collision_detection/CMakeFiles/moveit_collision_detection.dir/src/collision_tools.cpp.o[0m
[110.857s] [ 47%] Built target moveit_ruckig_filter
[110.872s] [ 48%] [32mBuilding CXX object collision_detection/CMakeFiles/moveit_collision_detection.dir/src/world.cpp.o[0m
[111.494s] [ 49%] [32m[1mLinking CXX shared library libmoveit_acceleration_filter.so[0m
[112.012s] [ 49%] Built target moveit_acceleration_filter
[112.033s] [ 49%] [32mBuilding CXX object collision_detection/CMakeFiles/moveit_collision_detection.dir/src/world_diff.cpp.o[0m
[115.189s] [ 50%] [32mBuilding CXX object robot_state/CMakeFiles/test_aabb.dir/test/test_aabb.cpp.o[0m
[116.313s] [ 51%] [32mBuilding CXX object collision_detection/CMakeFiles/moveit_collision_detection.dir/src/collision_env.cpp.o[0m
[117.197s] [ 52%] [32m[1mLinking CXX executable test_robot_state[0m
[117.441s] [ 52%] [32mBuilding CXX object robot_state/CMakeFiles/test_cartesian_interpolator.dir/test/test_cartesian_interpolator.cpp.o[0m
[117.883s] [ 52%] Built target test_robot_state
[117.901s] [ 52%] [32mBuilding CXX object collision_detection/CMakeFiles/moveit_collision_detection.dir/src/collision_plugin_cache.cpp.o[0m
[119.326s] [ 52%] [32mBuilding CXX object robot_state/CMakeFiles/robot_state_benchmark.dir/test/robot_state_benchmark.cpp.o[0m
[120.389s] [ 53%] [32m[1mLinking CXX executable test_robot_state_complex[0m
[121.075s] [ 53%] Built target test_robot_state_complex
[121.117s] [ 53%] [32mBuilding CXX object robot_trajectory/CMakeFiles/test_robot_trajectory.dir/test/test_robot_trajectory.cpp.o[0m
[128.358s] [ 53%] [32m[1mLinking CXX shared library libmoveit_kinematics_metrics.so[0m
[128.637s] [ 53%] Built target moveit_kinematics_metrics
[128.680s] [ 54%] [32mBuilding CXX object online_signal_smoothing/CMakeFiles/test_acceleration_filter.dir/test/test_acceleration_filter.cpp.o[0m
[128.682s] [ 54%] [32mBuilding CXX object trajectory_processing/CMakeFiles/moveit_trajectory_processing.dir/src/ruckig_traj_smoothing.cpp.o[0m
[128.686s] [ 55%] [32mBuilding CXX object trajectory_processing/CMakeFiles/moveit_trajectory_processing.dir/src/trajectory_tools.cpp.o[0m
[129.674s] [ 55%] [32m[1mLinking CXX executable test_aabb[0m
[130.298s] [ 56%] [32m[1mLinking CXX executable test_cartesian_interpolator[0m
[130.329s] [ 56%] Built target test_aabb
[130.347s] [ 56%] [32mBuilding CXX object trajectory_processing/CMakeFiles/moveit_trajectory_processing.dir/src/time_optimal_trajectory_generation.cpp.o[0m
[131.093s] [ 56%] Built target test_cartesian_interpolator
[133.560s] [ 57%] [32m[1mLinking CXX executable robot_state_benchmark[0m
[134.353s] [ 57%] Built target robot_state_benchmark
[138.775s] [ 58%] [32m[1mLinking CXX executable test_robot_trajectory[0m
[139.396s] [ 58%] Built target test_robot_trajectory
[140.262s] [ 59%] [32m[1mLinking CXX shared library libmoveit_collision_detection.so[0m
[140.630s] [ 59%] Built target moveit_collision_detection
[140.667s] [ 60%] [32mBuilding CXX object collision_detection/CMakeFiles/test_world_diff.dir/test/test_world_diff.cpp.o[0m
[140.675s] [ 61%] [32mBuilding CXX object collision_detection/CMakeFiles/test_world.dir/test/test_world.cpp.o[0m
[140.676s] [ 62%] [32mBuilding CXX object collision_detection_fcl/CMakeFiles/moveit_collision_detection_fcl.dir/src/collision_common.cpp.o[0m
[140.687s] [ 62%] [32mBuilding CXX object collision_detection_bullet/CMakeFiles/moveit_collision_detection_bullet.dir/src/bullet_integration/bullet_utils.cpp.o[0m
[144.373s] [ 62%] [32m[1mLinking CXX executable test_acceleration_filter[0m
[145.188s] [ 62%] Built target test_acceleration_filter
[145.205s] [ 63%] [32mBuilding CXX object collision_detection_bullet/CMakeFiles/moveit_collision_detection_bullet.dir/src/bullet_integration/bullet_discrete_bvh_manager.cpp.o[0m
[145.233s] [ 64%] [32mBuilding CXX object collision_detection/CMakeFiles/test_all_valid.dir/test/test_all_valid.cpp.o[0m
[146.371s] [ 65%] [32mBuilding CXX object collision_detection_bullet/CMakeFiles/moveit_collision_detection_bullet.dir/src/bullet_integration/bullet_cast_bvh_manager.cpp.o[0m
[146.471s] [ 66%] [32m[1mLinking CXX shared library libmoveit_trajectory_processing.so[0m
[146.911s] [ 66%] Built target moveit_trajectory_processing
[146.933s] [ 66%] [32mBuilding CXX object collision_detection_fcl/CMakeFiles/moveit_collision_detection_fcl.dir/src/collision_env_fcl.cpp.o[0m
[150.159s] [ 66%] [32m[1mLinking CXX executable test_world_diff[0m
[150.938s] [ 66%] Built target test_world_diff
[150.955s] [ 66%] [32mBuilding CXX object collision_detection_bullet/CMakeFiles/moveit_collision_detection_bullet.dir/src/collision_env_bullet.cpp.o[0m
[152.215s] [ 66%] [32m[1mLinking CXX executable test_world[0m
[152.900s] [ 66%] Built target test_world
[152.922s] [ 67%] [32mBuilding CXX object collision_detection_bullet/CMakeFiles/moveit_collision_detection_bullet.dir/src/bullet_integration/bullet_bvh_manager.cpp.o[0m
[158.240s] [ 67%] [32m[1mLinking CXX executable test_all_valid[0m
[158.410s] [ 67%] [32mBuilding CXX object trajectory_processing/CMakeFiles/test_time_optimal_trajectory_generation.dir/test/test_time_optimal_trajectory_generation.cpp.o[0m
[158.629s] [ 67%] [32mBuilding CXX object collision_detection_bullet/CMakeFiles/moveit_collision_detection_bullet.dir/src/bullet_integration/contact_checker_common.cpp.o[0m
[158.773s] [ 67%] Built target test_all_valid
[158.791s] [ 68%] [32mBuilding CXX object collision_detection_bullet/CMakeFiles/moveit_collision_detection_bullet.dir/src/bullet_integration/ros_bullet_utils.cpp.o[0m
[159.689s] [ 68%] [32mBuilding CXX object trajectory_processing/CMakeFiles/test_ruckig_traj_smoothing.dir/test/test_ruckig_traj_smoothing.cpp.o[0m
[160.170s] [ 69%] [32mBuilding CXX object trajectory_processing/CMakeFiles/robot_trajectory_benchmark.dir/test/robot_trajectory_benchmark.cpp.o[0m
[163.489s] [ 70%] [32m[1mLinking CXX shared library libmoveit_collision_detection_fcl.so[0m
[163.888s] [ 70%] Built target moveit_collision_detection_fcl
[163.927s] [ 70%] [32mBuilding CXX object kinematic_constraints/CMakeFiles/moveit_kinematic_constraints.dir/src/kinematic_constraint.cpp.o[0m
[163.927s] [ 70%] [32mBuilding CXX object collision_detection_fcl/CMakeFiles/test_fcl_collision_env.dir/test/test_fcl_env.cpp.o[0m
[166.079s] [ 70%] [32mBuilding CXX object collision_detection_fcl/CMakeFiles/test_fcl_collision_detection.dir/test/test_fcl_collision_detection_pr2.cpp.o[0m
[169.441s] [ 71%] [32mBuilding CXX object kinematic_constraints/CMakeFiles/moveit_kinematic_constraints.dir/src/utils.cpp.o[0m
[170.642s] [ 71%] [32m[1mLinking CXX shared library libmoveit_collision_detection_bullet.so[0m
[171.171s] [ 71%] Built target moveit_collision_detection_bullet
[171.218s] [ 71%] [32mBuilding CXX object collision_detection_fcl/CMakeFiles/test_fcl_collision_detection_panda.dir/test/test_fcl_collision_detection_panda.cpp.o[0m
[173.965s] [ 71%] [32m[1mLinking CXX executable robot_trajectory_benchmark[0m
[174.108s] [ 72%] [32m[1mLinking CXX executable test_ruckig_traj_smoothing[0m
[174.633s] [ 72%] Built target robot_trajectory_benchmark
[174.681s] [ 73%] [32mBuilding CXX object collision_detection_bullet/CMakeFiles/test_bullet_collision_detection.dir/test/test_bullet_collision_detection_pr2.cpp.o[0m
[174.863s] [ 73%] Built target test_ruckig_traj_smoothing
[174.905s] [ 73%] [32mBuilding CXX object collision_detection_bullet/CMakeFiles/test_bullet_collision_detection_panda.dir/test/test_bullet_collision_detection_panda.cpp.o[0m
[176.916s] [ 74%] [32m[1mLinking CXX executable test_time_optimal_trajectory_generation[0m
[177.615s] [ 74%] Built target test_time_optimal_trajectory_generation
[177.671s] [ 74%] [32mBuilding CXX object collision_detection_bullet/CMakeFiles/test_bullet_continuous_collision_checking.dir/test/test_bullet_continuous_collision_checking.cpp.o[0m
[181.037s] [ 75%] [32m[1mLinking CXX executable test_fcl_collision_env[0m
[181.816s] [ 75%] Built target test_fcl_collision_env
[186.304s] [ 76%] [32m[1mLinking CXX executable test_fcl_collision_detection[0m
[187.142s] [ 76%] Built target test_fcl_collision_detection
[189.282s] [ 77%] [32m[1mLinking CXX executable test_fcl_collision_detection_panda[0m
[189.889s] [ 77%] Built target test_fcl_collision_detection_panda
[190.251s] [ 78%] [32m[1mLinking CXX executable test_bullet_collision_detection_panda[0m
[190.297s] [ 78%] [32m[1mLinking CXX shared library libmoveit_kinematic_constraints.so[0m
[190.667s] [ 78%] Built target moveit_kinematic_constraints
[190.699s] [ 79%] [32mBuilding CXX object kinematic_constraints/CMakeFiles/test_constraints.dir/test/test_constraints.cpp.o[0m
[190.710s] [ 80%] [32mBuilding CXX object planning_scene/CMakeFiles/moveit_planning_scene.dir/src/planning_scene.cpp.o[0m
[190.729s] [ 81%] [32m[1mLinking CXX executable test_bullet_collision_detection[0m
[190.736s] [ 81%] Built target test_bullet_collision_detection_panda
[190.765s] [ 82%] [32mBuilding CXX object kinematic_constraints/CMakeFiles/test_orientation_constraints.dir/test/test_orientation_constraints.cpp.o[0m
[191.241s] [ 82%] Built target test_bullet_collision_detection
[193.429s] [ 83%] [32m[1mLinking CXX executable test_bullet_continuous_collision_checking[0m
[193.901s] [ 83%] Built target test_bullet_continuous_collision_checking
[201.638s] [ 83%] [32m[1mLinking CXX executable test_orientation_constraints[0m
[202.073s] [ 83%] Built target test_orientation_constraints
[203.897s] [ 84%] [32m[1mLinking CXX executable test_constraints[0m
[204.315s] [ 84%] Built target test_constraints
[212.174s] [ 84%] [32m[1mLinking CXX shared library libmoveit_planning_scene.so[0m
[212.473s] [ 84%] Built target moveit_planning_scene
[212.510s] [ 85%] [32mBuilding CXX object planning_interface/CMakeFiles/moveit_planning_interface.dir/src/planning_interface.cpp.o[0m
[212.510s] [ 85%] [32mBuilding CXX object collision_detection_bullet/CMakeFiles/collision_detector_bullet_plugin.dir/src/collision_detector_bullet_plugin_loader.cpp.o[0m
[212.510s] [ 86%] [32mBuilding CXX object collision_distance_field/CMakeFiles/moveit_collision_distance_field.dir/src/collision_distance_field_types.cpp.o[0m
[212.511s] [ 86%] [32mBuilding CXX object collision_detection_fcl/CMakeFiles/collision_detector_fcl_plugin.dir/src/collision_detector_fcl_plugin_loader.cpp.o[0m
[212.512s] [ 89%] [32mBuilding CXX object planning_scene/CMakeFiles/test_collision_objects.dir/test/test_collision_objects.cpp.o[0m
[212.512s] [ 89%] [32mBuilding CXX object planning_scene/CMakeFiles/test_planning_scene.dir/test/test_planning_scene.cpp.o[0m
[212.512s] [ 89%] [32mBuilding CXX object planning_scene/CMakeFiles/test_multi_threaded.dir/test/test_multi_threaded.cpp.o[0m
[212.512s] [ 89%] [32mBuilding CXX object constraint_samplers/CMakeFiles/moveit_constraint_samplers.dir/src/constraint_sampler.cpp.o[0m
[225.782s] [ 90%] [32mBuilding CXX object constraint_samplers/CMakeFiles/moveit_constraint_samplers.dir/src/constraint_sampler_manager.cpp.o[0m
[226.892s] [ 90%] [32mBuilding CXX object collision_distance_field/CMakeFiles/moveit_collision_distance_field.dir/src/collision_common_distance_field.cpp.o[0m
[226.991s] [ 91%] [32m[1mLinking CXX shared library libcollision_detector_bullet_plugin.so[0m
[227.396s] [ 91%] Built target collision_detector_bullet_plugin
[227.417s] [ 92%] [32mBuilding CXX object planning_interface/CMakeFiles/moveit_planning_interface.dir/src/planning_response.cpp.o[0m
[228.558s] [ 93%] [32m[1mLinking CXX shared library libcollision_detector_fcl_plugin.so[0m
[228.569s] [ 93%] [32m[1mLinking CXX executable test_multi_threaded[0m
[228.960s] [ 93%] Built target collision_detector_fcl_plugin
[228.979s] [ 93%] [32mBuilding CXX object constraint_samplers/CMakeFiles/moveit_constraint_samplers.dir/src/constraint_sampler_tools.cpp.o[0m
[229.332s] [ 93%] Built target test_multi_threaded
[229.347s] [ 94%] [32mBuilding CXX object collision_distance_field/CMakeFiles/moveit_collision_distance_field.dir/src/collision_env_distance_field.cpp.o[0m
[231.969s] [ 95%] [32mBuilding CXX object constraint_samplers/CMakeFiles/moveit_constraint_samplers.dir/src/default_constraint_samplers.cpp.o[0m
[233.214s] [ 95%] [32m[1mLinking CXX executable test_collision_objects[0m
[233.952s] [ 95%] Built target test_collision_objects
[233.971s] [ 95%] [32mBuilding CXX object collision_distance_field/CMakeFiles/moveit_collision_distance_field.dir/src/collision_env_hybrid.cpp.o[0m
[240.035s] [ 95%] [32m[1mLinking CXX shared library libmoveit_planning_interface.so[0m
[240.400s] [ 95%] Built target moveit_planning_interface
[240.423s] [ 96%] [32mBuilding CXX object constraint_samplers/CMakeFiles/moveit_constraint_samplers.dir/src/union_constraint_sampler.cpp.o[0m
[243.763s] [ 96%] [32m[1mLinking CXX executable test_planning_scene[0m
[244.431s] [ 96%] Built target test_planning_scene
[250.890s] [ 96%] [32m[1mLinking CXX shared library libmoveit_constraint_samplers.so[0m
[251.204s] [ 96%] Built target moveit_constraint_samplers
[251.250s] [ 97%] [32mBuilding CXX object constraint_samplers/CMakeFiles/test_constraint_samplers.dir/test/pr2_arm_ik.cpp.o[0m
[251.257s] [ 98%] [32mBuilding CXX object constraint_samplers/CMakeFiles/test_constraint_samplers.dir/test/test_constraint_samplers.cpp.o[0m
[251.257s] [ 98%] [32mBuilding CXX object constraint_samplers/CMakeFiles/test_constraint_samplers.dir/test/pr2_arm_kinematics_plugin.cpp.o[0m
[252.552s] [ 99%] [32m[1mLinking CXX shared library libmoveit_collision_distance_field.so[0m
[252.967s] [ 99%] Built target moveit_collision_distance_field
[253.000s] [100%] [32mBuilding CXX object collision_distance_field/CMakeFiles/test_collision_distance_field.dir/test/test_collision_distance_field.cpp.o[0m
[266.005s] [100%] [32m[1mLinking CXX executable test_collision_distance_field[0m
[266.440s] [100%] Built target test_collision_distance_field
[268.012s] [100%] [32m[1mLinking CXX executable test_constraint_samplers[0m
[268.482s] [100%] Built target test_constraint_samplers
[268.511s] Invoked command in '/home/peru0002/ros2_ws/build/moveit_core' returned '0': AMENT_PREFIX_PATH=/home/peru0002/ros2_ws/install/moveit_resources_panda_moveit_config:/home/peru0002/ros2_ws/install/moveit_resources_pr2_description:/home/peru0002/ros2_ws/install/moveit_resources_panda_description:/home/peru0002/ros2_ws/install/moveit_msgs:/home/peru0002/ros2_ws/install/moveit_common:${AMENT_PREFIX_PATH} CMAKE_PREFIX_PATH=/home/peru0002/ros2_ws/install/moveit_resources_panda_moveit_config:/home/peru0002/ros2_ws/install/moveit_resources_pr2_description:/home/peru0002/ros2_ws/install/moveit_resources_panda_description:/home/peru0002/ros2_ws/install/moveit_msgs:/home/peru0002/ros2_ws/install/moveit_common:/opt/ros/jazzy/opt/gz_math_vendor:/opt/ros/jazzy/opt/gz_utils_vendor:/opt/ros/jazzy/opt/gz_cmake_vendor:/opt/ros/jazzy DEBUGINFOD_URLS=https://debuginfod.ubuntu.com LD_LIBRARY_PATH=/home/peru0002/ros2_ws/install/moveit_msgs/lib:${LD_LIBRARY_PATH} PYTHONPATH=/home/peru0002/ros2_ws/install/moveit_msgs/lib/python3.12/site-packages:${PYTHONPATH} /usr/bin/cmake --build /home/peru0002/ros2_ws/build/moveit_core -- -j8 -l8
[268.515s] Invoking command in '/home/peru0002/ros2_ws/build/moveit_core': AMENT_PREFIX_PATH=/home/peru0002/ros2_ws/install/moveit_resources_panda_moveit_config:/home/peru0002/ros2_ws/install/moveit_resources_pr2_description:/home/peru0002/ros2_ws/install/moveit_resources_panda_description:/home/peru0002/ros2_ws/install/moveit_msgs:/home/peru0002/ros2_ws/install/moveit_common:${AMENT_PREFIX_PATH} CMAKE_PREFIX_PATH=/home/peru0002/ros2_ws/install/moveit_resources_panda_moveit_config:/home/peru0002/ros2_ws/install/moveit_resources_pr2_description:/home/peru0002/ros2_ws/install/moveit_resources_panda_description:/home/peru0002/ros2_ws/install/moveit_msgs:/home/peru0002/ros2_ws/install/moveit_common:/opt/ros/jazzy/opt/gz_math_vendor:/opt/ros/jazzy/opt/gz_utils_vendor:/opt/ros/jazzy/opt/gz_cmake_vendor:/opt/ros/jazzy DEBUGINFOD_URLS=https://debuginfod.ubuntu.com LD_LIBRARY_PATH=/home/peru0002/ros2_ws/install/moveit_msgs/lib:${LD_LIBRARY_PATH} PYTHONPATH=/home/peru0002/ros2_ws/install/moveit_msgs/lib/python3.12/site-packages:${PYTHONPATH} /usr/bin/cmake --install /home/peru0002/ros2_ws/build/moveit_core
[268.537s] -- Install configuration: "Release"
[268.537s] -- Installing: /home/peru0002/ros2_ws/install/moveit_core/include/moveit_core
[268.537s] -- Installing: /home/peru0002/ros2_ws/install/moveit_core/include/moveit_core/moveit
[268.538s] -- Installing: /home/peru0002/ros2_ws/install/moveit_core/include/moveit_core/moveit/collision_detection_bullet
[268.538s] -- Installing: /home/peru0002/ros2_ws/install/moveit_core/include/moveit_core/moveit/collision_detection_bullet/collision_detector_allocator_bullet.hpp
[268.538s] -- Installing: /home/peru0002/ros2_ws/install/moveit_core/include/moveit_core/moveit/collision_detection_bullet/collision_env_bullet.h
[268.539s] -- Installing: /home/peru0002/ros2_ws/install/moveit_core/include/moveit_core/moveit/collision_detection_bullet/bullet_integration
[268.539s] -- Installing: /home/peru0002/ros2_ws/install/moveit_core/include/moveit_core/moveit/collision_detection_bullet/bullet_integration/ros_bullet_utils.hpp
[268.539s] -- Installing: /home/peru0002/ros2_ws/install/moveit_core/include/moveit_core/moveit/collision_detection_bullet/bullet_integration/bullet_cast_bvh_manager.hpp
[268.539s] -- Installing: /home/peru0002/ros2_ws/install/moveit_core/include/moveit_core/moveit/collision_detection_bullet/bullet_integration/bullet_bvh_manager.hpp
[268.540s] -- Installing: /home/peru0002/ros2_ws/install/moveit_core/include/moveit_core/moveit/collision_detection_bullet/bullet_integration/bullet_utils.h
[268.540s] -- Installing: /home/peru0002/ros2_ws/install/moveit_core/include/moveit_core/moveit/collision_detection_bullet/bullet_integration/contact_checker_common.h
[268.540s] -- Installing: /home/peru0002/ros2_ws/install/moveit_core/include/moveit_core/moveit/collision_detection_bullet/bullet_integration/basic_types.hpp
[268.540s] -- Installing: /home/peru0002/ros2_ws/install/moveit_core/include/moveit_core/moveit/collision_detection_bullet/bullet_integration/bullet_bvh_manager.h
[268.541s] -- Installing: /home/peru0002/ros2_ws/install/moveit_core/include/moveit_core/moveit/collision_detection_bullet/bullet_integration/bullet_cast_bvh_manager.h
[268.541s] -- Installing: /home/peru0002/ros2_ws/install/moveit_core/include/moveit_core/moveit/collision_detection_bullet/bullet_integration/ros_bullet_utils.h
[268.541s] -- Installing: /home/peru0002/ros2_ws/install/moveit_core/include/moveit_core/moveit/collision_detection_bullet/bullet_integration/bullet_discrete_bvh_manager.hpp
[268.541s] -- Installing: /home/peru0002/ros2_ws/install/moveit_core/include/moveit_core/moveit/collision_detection_bullet/bullet_integration/contact_checker_common.hpp
[268.542s] -- Installing: /home/peru0002/ros2_ws/install/moveit_core/include/moveit_core/moveit/collision_detection_bullet/bullet_integration/basic_types.h
[268.542s] -- Installing: /home/peru0002/ros2_ws/install/moveit_core/include/moveit_core/moveit/collision_detection_bullet/bullet_integration/bullet_utils.hpp
[268.542s] -- Installing: /home/peru0002/ros2_ws/install/moveit_core/include/moveit_core/moveit/collision_detection_bullet/bullet_integration/bullet_discrete_bvh_manager.h
[268.542s] -- Installing: /home/peru0002/ros2_ws/install/moveit_core/include/moveit_core/moveit/collision_detection_bullet/collision_detector_bullet_plugin_loader.hpp
[268.543s] -- Installing: /home/peru0002/ros2_ws/install/moveit_core/include/moveit_core/moveit/collision_detection_bullet/collision_detector_bullet_plugin_loader.h
[268.543s] -- Installing: /home/peru0002/ros2_ws/install/moveit_core/include/moveit_core/moveit/collision_detection_bullet/collision_detector_allocator_bullet.h
[268.543s] -- Installing: /home/peru0002/ros2_ws/install/moveit_core/include/moveit_core/moveit/collision_detection_bullet/collision_env_bullet.hpp
[268.543s] -- Installing: /home/peru0002/ros2_ws/install/moveit_core/include/moveit_core/moveit_collision_detection_bullet_export.h
[268.544s] -- Up-to-date: /home/peru0002/ros2_ws/install/moveit_core/include/moveit_core
[268.544s] -- Up-to-date: /home/peru0002/ros2_ws/install/moveit_core/include/moveit_core/moveit
[268.544s] -- Installing: /home/peru0002/ros2_ws/install/moveit_core/include/moveit_core/moveit/collision_detection_fcl
[268.544s] -- Installing: /home/peru0002/ros2_ws/install/moveit_core/include/moveit_core/moveit/collision_detection_fcl/collision_detector_allocator_fcl.hpp
[268.544s] -- Installing: /home/peru0002/ros2_ws/install/moveit_core/include/moveit_core/moveit/collision_detection_fcl/fcl_compat.h
[268.545s] -- Installing: /home/peru0002/ros2_ws/install/moveit_core/include/moveit_core/moveit/collision_detection_fcl/collision_detector_fcl_plugin_loader.hpp
[268.545s] -- Installing: /home/peru0002/ros2_ws/install/moveit_core/include/moveit_core/moveit/collision_detection_fcl/collision_env_fcl.hpp
[268.545s] -- Installing: /home/peru0002/ros2_ws/install/moveit_core/include/moveit_core/moveit/collision_detection_fcl/collision_detector_allocator_fcl.h
[268.546s] -- Installing: /home/peru0002/ros2_ws/install/moveit_core/include/moveit_core/moveit/collision_detection_fcl/fcl_compat.hpp
[268.546s] -- Installing: /home/peru0002/ros2_ws/install/moveit_core/include/moveit_core/moveit/collision_detection_fcl/collision_detector_fcl_plugin_loader.h
[268.546s] -- Installing: /home/peru0002/ros2_ws/install/moveit_core/include/moveit_core/moveit/collision_detection_fcl/collision_common.hpp
[268.546s] -- Installing: /home/peru0002/ros2_ws/install/moveit_core/include/moveit_core/moveit/collision_detection_fcl/collision_common.h
[268.547s] -- Installing: /home/peru0002/ros2_ws/install/moveit_core/include/moveit_core/moveit/collision_detection_fcl/collision_env_fcl.h
[268.547s] -- Installing: /home/peru0002/ros2_ws/install/moveit_core/include/moveit_core/moveit_collision_detection_fcl_export.h
[268.547s] -- Up-to-date: /home/peru0002/ros2_ws/install/moveit_core/include/moveit_core
[268.547s] -- Up-to-date: /home/peru0002/ros2_ws/install/moveit_core/include/moveit_core/moveit
[268.547s] -- Installing: /home/peru0002/ros2_ws/install/moveit_core/include/moveit_core/moveit/collision_detection
[268.548s] -- Installing: /home/peru0002/ros2_ws/install/moveit_core/include/moveit_core/moveit/collision_detection/collision_env.hpp
[268.548s] -- Installing: /home/peru0002/ros2_ws/install/moveit_core/include/moveit_core/moveit/collision_detection/collision_matrix.hpp
[268.548s] -- Installing: /home/peru0002/ros2_ws/install/moveit_core/include/moveit_core/moveit/collision_detection/allvalid
[268.549s] -- Installing: /home/peru0002/ros2_ws/install/moveit_core/include/moveit_core/moveit/collision_detection/allvalid/collision_env_allvalid.hpp
[268.549s] -- Installing: /home/peru0002/ros2_ws/install/moveit_core/include/moveit_core/moveit/collision_detection/allvalid/collision_env_allvalid.h
[268.549s] -- Installing: /home/peru0002/ros2_ws/install/moveit_core/include/moveit_core/moveit/collision_detection/allvalid/collision_detector_allocator_allvalid.h
[268.549s] -- Installing: /home/peru0002/ros2_ws/install/moveit_core/include/moveit_core/moveit/collision_detection/allvalid/collision_detector_allocator_allvalid.hpp
[268.549s] -- Installing: /home/peru0002/ros2_ws/install/moveit_core/include/moveit_core/moveit/collision_detection/world.hpp
[268.550s] -- Installing: /home/peru0002/ros2_ws/install/moveit_core/include/moveit_core/moveit/collision_detection/occupancy_map.hpp
[268.550s] -- Installing: /home/peru0002/ros2_ws/install/moveit_core/include/moveit_core/moveit/collision_detection/collision_plugin.hpp
[268.550s] -- Installing: /home/peru0002/ros2_ws/install/moveit_core/include/moveit_core/moveit/collision_detection/collision_plugin.h
[268.550s] -- Installing: /home/peru0002/ros2_ws/install/moveit_core/include/moveit_core/moveit/collision_detection/test_collision_common_panda.hpp
[268.551s] -- Installing: /home/peru0002/ros2_ws/install/moveit_core/include/moveit_core/moveit/collision_detection/collision_detector_allocator.h
[268.551s] -- Installing: /home/peru0002/ros2_ws/install/moveit_core/include/moveit_core/moveit/collision_detection/occupancy_map.h
[268.551s] -- Installing: /home/peru0002/ros2_ws/install/moveit_core/include/moveit_core/moveit/collision_detection/test_collision_common_pr2.hpp
[268.551s] -- Installing: /home/peru0002/ros2_ws/install/moveit_core/include/moveit_core/moveit/collision_detection/collision_tools.hpp
[268.552s] -- Installing: /home/peru0002/ros2_ws/install/moveit_core/include/moveit_core/moveit/collision_detection/world_diff.h
[268.552s] -- Installing: /home/peru0002/ros2_ws/install/moveit_core/include/moveit_core/moveit/collision_detection/collision_detector_allocator.hpp
[268.552s] -- Installing: /home/peru0002/ros2_ws/install/moveit_core/include/moveit_core/moveit/collision_detection/world_diff.hpp
[268.552s] -- Installing: /home/peru0002/ros2_ws/install/moveit_core/include/moveit_core/moveit/collision_detection/collision_env.h
[268.553s] -- Installing: /home/peru0002/ros2_ws/install/moveit_core/include/moveit_core/moveit/collision_detection/world.h
[268.553s] -- Installing: /home/peru0002/ros2_ws/install/moveit_core/include/moveit_core/moveit/collision_detection/collision_common.hpp
[268.553s] -- Installing: /home/peru0002/ros2_ws/install/moveit_core/include/moveit_core/moveit/collision_detection/collision_octomap_filter.h
[268.553s] -- Installing: /home/peru0002/ros2_ws/install/moveit_core/include/moveit_core/moveit/collision_detection/collision_common.h
[268.554s] -- Installing: /home/peru0002/ros2_ws/install/moveit_core/include/moveit_core/moveit/collision_detection/test_collision_common_panda.h
[268.554s] -- Installing: /home/peru0002/ros2_ws/install/moveit_core/include/moveit_core/moveit/collision_detection/collision_plugin_cache.hpp
[268.554s] -- Installing: /home/peru0002/ros2_ws/install/moveit_core/include/moveit_core/moveit/collision_detection/collision_plugin_cache.h
[268.554s] -- Installing: /home/peru0002/ros2_ws/install/moveit_core/include/moveit_core/moveit/collision_detection/collision_octomap_filter.hpp
[268.554s] -- Installing: /home/peru0002/ros2_ws/install/moveit_core/include/moveit_core/moveit/collision_detection/collision_matrix.h
[268.555s] -- Installing: /home/peru0002/ros2_ws/install/moveit_core/include/moveit_core/moveit/collision_detection/test_collision_common_pr2.h
[268.555s] -- Installing: /home/peru0002/ros2_ws/install/moveit_core/include/moveit_core/moveit/collision_detection/collision_tools.h
[268.555s] -- Installing: /home/peru0002/ros2_ws/install/moveit_core/include/moveit_core/moveit_collision_detection_export.h
[268.555s] -- Up-to-date: /home/peru0002/ros2_ws/install/moveit_core/include/moveit_core
[268.556s] -- Up-to-date: /home/peru0002/ros2_ws/install/moveit_core/include/moveit_core/moveit
[268.556s] -- Installing: /home/peru0002/ros2_ws/install/moveit_core/include/moveit_core/moveit/collision_distance_field
[268.556s] -- Installing: /home/peru0002/ros2_ws/install/moveit_core/include/moveit_core/moveit/collision_distance_field/collision_common_distance_field.h
[268.556s] -- Installing: /home/peru0002/ros2_ws/install/moveit_core/include/moveit_core/moveit/collision_distance_field/collision_distance_field_types.hpp
[268.557s] -- Installing: /home/peru0002/ros2_ws/install/moveit_core/include/moveit_core/moveit/collision_distance_field/collision_detector_allocator_distance_field.h
[268.557s] -- Installing: /home/peru0002/ros2_ws/install/moveit_core/include/moveit_core/moveit/collision_distance_field/collision_distance_field_types.h
[268.557s] -- Installing: /home/peru0002/ros2_ws/install/moveit_core/include/moveit_core/moveit/collision_distance_field/collision_common_distance_field.hpp
[268.557s] -- Installing: /home/peru0002/ros2_ws/install/moveit_core/include/moveit_core/moveit/collision_distance_field/collision_detector_allocator_hybrid.hpp
[268.557s] -- Installing: /home/peru0002/ros2_ws/install/moveit_core/include/moveit_core/moveit/collision_distance_field/collision_env_hybrid.hpp
[268.558s] -- Installing: /home/peru0002/ros2_ws/install/moveit_core/include/moveit_core/moveit/collision_distance_field/collision_env_hybrid.h
[268.558s] -- Installing: /home/peru0002/ros2_ws/install/moveit_core/include/moveit_core/moveit/collision_distance_field/collision_detector_allocator_distance_field.hpp
[268.558s] -- Installing: /home/peru0002/ros2_ws/install/moveit_core/include/moveit_core/moveit/collision_distance_field/collision_env_distance_field.h
[268.558s] -- Installing: /home/peru0002/ros2_ws/install/moveit_core/include/moveit_core/moveit/collision_distance_field/collision_env_distance_field.hpp
[268.559s] -- Installing: /home/peru0002/ros2_ws/install/moveit_core/include/moveit_core/moveit/collision_distance_field/collision_detector_allocator_hybrid.h
[268.559s] -- Installing: /home/peru0002/ros2_ws/install/moveit_core/include/moveit_core/moveit_collision_distance_field_export.h
[268.559s] -- Up-to-date: /home/peru0002/ros2_ws/install/moveit_core/include/moveit_core
[268.559s] -- Up-to-date: /home/peru0002/ros2_ws/install/moveit_core/include/moveit_core/moveit
[268.560s] -- Installing: /home/peru0002/ros2_ws/install/moveit_core/include/moveit_core/moveit/constraint_samplers
[268.560s] -- Installing: /home/peru0002/ros2_ws/install/moveit_core/include/moveit_core/moveit/constraint_samplers/constraint_sampler_tools.h
[268.560s] -- Installing: /home/peru0002/ros2_ws/install/moveit_core/include/moveit_core/moveit/constraint_samplers/constraint_sampler.h
[268.560s] -- Installing: /home/peru0002/ros2_ws/install/moveit_core/include/moveit_core/moveit/constraint_samplers/union_constraint_sampler.hpp
[268.560s] -- Installing: /home/peru0002/ros2_ws/install/moveit_core/include/moveit_core/moveit/constraint_samplers/constraint_sampler_manager.h
[268.561s] -- Installing: /home/peru0002/ros2_ws/install/moveit_core/include/moveit_core/moveit/constraint_samplers/constraint_sampler_allocator.h
[268.561s] -- Installing: /home/peru0002/ros2_ws/install/moveit_core/include/moveit_core/moveit/constraint_samplers/constraint_sampler_allocator.hpp
[268.561s] -- Installing: /home/peru0002/ros2_ws/install/moveit_core/include/moveit_core/moveit/constraint_samplers/default_constraint_samplers.hpp
[268.561s] -- Installing: /home/peru0002/ros2_ws/install/moveit_core/include/moveit_core/moveit/constraint_samplers/constraint_sampler_tools.hpp
[268.562s] -- Installing: /home/peru0002/ros2_ws/install/moveit_core/include/moveit_core/moveit/constraint_samplers/union_constraint_sampler.h
[268.562s] -- Installing: /home/peru0002/ros2_ws/install/moveit_core/include/moveit_core/moveit/constraint_samplers/constraint_sampler.hpp
[268.562s] -- Installing: /home/peru0002/ros2_ws/install/moveit_core/include/moveit_core/moveit/constraint_samplers/default_constraint_samplers.h
[268.562s] -- Installing: /home/peru0002/ros2_ws/install/moveit_core/include/moveit_core/moveit/constraint_samplers/constraint_sampler_manager.hpp
[268.563s] -- Up-to-date: /home/peru0002/ros2_ws/install/moveit_core/include/moveit_core
[268.563s] -- Up-to-date: /home/peru0002/ros2_ws/install/moveit_core/include/moveit_core/moveit
[268.563s] -- Installing: /home/peru0002/ros2_ws/install/moveit_core/include/moveit_core/moveit/controller_manager
[268.563s] -- Installing: /home/peru0002/ros2_ws/install/moveit_core/include/moveit_core/moveit/controller_manager/controller_manager.h
[268.564s] -- Installing: /home/peru0002/ros2_ws/install/moveit_core/include/moveit_core/moveit/controller_manager/controller_manager.hpp
[268.564s] -- Up-to-date: /home/peru0002/ros2_ws/install/moveit_core/include/moveit_core
[268.564s] -- Up-to-date: /home/peru0002/ros2_ws/install/moveit_core/include/moveit_core/moveit
[268.564s] -- Installing: /home/peru0002/ros2_ws/install/moveit_core/include/moveit_core/moveit/distance_field
[268.565s] -- Installing: /home/peru0002/ros2_ws/install/moveit_core/include/moveit_core/moveit/distance_field/find_internal_points.hpp
[268.565s] -- Installing: /home/peru0002/ros2_ws/install/moveit_core/include/moveit_core/moveit/distance_field/propagation_distance_field.h
[268.565s] -- Installing: /home/peru0002/ros2_ws/install/moveit_core/include/moveit_core/moveit/distance_field/distance_field.hpp
[268.565s] -- Installing: /home/peru0002/ros2_ws/install/moveit_core/include/moveit_core/moveit/distance_field/voxel_grid.hpp
[268.566s] -- Installing: /home/peru0002/ros2_ws/install/moveit_core/include/moveit_core/moveit/distance_field/distance_field.h
[268.566s] -- Installing: /home/peru0002/ros2_ws/install/moveit_core/include/moveit_core/moveit/distance_field/propagation_distance_field.hpp
[268.566s] -- Installing: /home/peru0002/ros2_ws/install/moveit_core/include/moveit_core/moveit/distance_field/find_internal_points.h
[268.566s] -- Installing: /home/peru0002/ros2_ws/install/moveit_core/include/moveit_core/moveit/distance_field/voxel_grid.h
[268.567s] -- Up-to-date: /home/peru0002/ros2_ws/install/moveit_core/include/moveit_core
[268.567s] -- Up-to-date: /home/peru0002/ros2_ws/install/moveit_core/include/moveit_core/moveit
[268.567s] -- Installing: /home/peru0002/ros2_ws/install/moveit_core/include/moveit_core/moveit/dynamics_solver
[268.567s] -- Installing: /home/peru0002/ros2_ws/install/moveit_core/include/moveit_core/moveit/dynamics_solver/dynamics_solver.hpp
[268.568s] -- Installing: /home/peru0002/ros2_ws/install/moveit_core/include/moveit_core/moveit/dynamics_solver/dynamics_solver.h
[268.568s] -- Up-to-date: /home/peru0002/ros2_ws/install/moveit_core/include/moveit_core
[268.568s] -- Up-to-date: /home/peru0002/ros2_ws/install/moveit_core/include/moveit_core/moveit
[268.568s] -- Installing: /home/peru0002/ros2_ws/install/moveit_core/include/moveit_core/moveit/exceptions
[268.568s] -- Installing: /home/peru0002/ros2_ws/install/moveit_core/include/moveit_core/moveit/exceptions/exceptions.h
[268.569s] -- Installing: /home/peru0002/ros2_ws/install/moveit_core/include/moveit_core/moveit/exceptions/exceptions.hpp
[268.569s] -- Up-to-date: /home/peru0002/ros2_ws/install/moveit_core/include/moveit_core
[268.569s] -- Up-to-date: /home/peru0002/ros2_ws/install/moveit_core/include/moveit_core/moveit
[268.569s] -- Installing: /home/peru0002/ros2_ws/install/moveit_core/include/moveit_core/moveit/kinematic_constraints
[268.570s] -- Installing: /home/peru0002/ros2_ws/install/moveit_core/include/moveit_core/moveit/kinematic_constraints/utils.hpp
[268.570s] -- Installing: /home/peru0002/ros2_ws/install/moveit_core/include/moveit_core/moveit/kinematic_constraints/kinematic_constraint.hpp
[268.570s] -- Installing: /home/peru0002/ros2_ws/install/moveit_core/include/moveit_core/moveit/kinematic_constraints/utils.h
[268.570s] -- Installing: /home/peru0002/ros2_ws/install/moveit_core/include/moveit_core/moveit/kinematic_constraints/kinematic_constraint.h
[268.571s] -- Up-to-date: /home/peru0002/ros2_ws/install/moveit_core/include/moveit_core
[268.571s] -- Up-to-date: /home/peru0002/ros2_ws/install/moveit_core/include/moveit_core/moveit
[268.571s] -- Installing: /home/peru0002/ros2_ws/install/moveit_core/include/moveit_core/moveit/kinematics_base
[268.571s] -- Installing: /home/peru0002/ros2_ws/install/moveit_core/include/moveit_core/moveit/kinematics_base/kinematics_base.hpp
[268.572s] -- Installing: /home/peru0002/ros2_ws/install/moveit_core/include/moveit_core/moveit/kinematics_base/kinematics_base.h
[268.572s] -- Installing: /home/peru0002/ros2_ws/install/moveit_core/include/moveit_core/moveit_kinematics_base_export.h
[268.572s] -- Up-to-date: /home/peru0002/ros2_ws/install/moveit_core/include/moveit_core
[268.572s] -- Up-to-date: /home/peru0002/ros2_ws/install/moveit_core/include/moveit_core/moveit
[268.572s] -- Installing: /home/peru0002/ros2_ws/install/moveit_core/include/moveit_core/moveit/kinematics_metrics
[268.573s] -- Installing: /home/peru0002/ros2_ws/install/moveit_core/include/moveit_core/moveit/kinematics_metrics/kinematics_metrics.h
[268.573s] -- Installing: /home/peru0002/ros2_ws/install/moveit_core/include/moveit_core/moveit/kinematics_metrics/kinematics_metrics.hpp
[268.573s] -- Up-to-date: /home/peru0002/ros2_ws/install/moveit_core/include/moveit_core
[268.573s] -- Up-to-date: /home/peru0002/ros2_ws/install/moveit_core/include/moveit_core/moveit
[268.574s] -- Installing: /home/peru0002/ros2_ws/install/moveit_core/include/moveit_core/moveit/macros
[268.574s] -- Installing: /home/peru0002/ros2_ws/install/moveit_core/include/moveit_core/moveit/macros/declare_ptr.h
[268.574s] -- Installing: /home/peru0002/ros2_ws/install/moveit_core/include/moveit_core/moveit/macros/console_colors.hpp
[268.574s] -- Installing: /home/peru0002/ros2_ws/install/moveit_core/include/moveit_core/moveit/macros/console_colors.h
[268.574s] -- Installing: /home/peru0002/ros2_ws/install/moveit_core/include/moveit_core/moveit/macros/declare_ptr.hpp
[268.575s] -- Installing: /home/peru0002/ros2_ws/install/moveit_core/include/moveit_core/moveit/macros/class_forward.h
[268.575s] -- Installing: /home/peru0002/ros2_ws/install/moveit_core/include/moveit_core/moveit/macros/class_forward.hpp
[268.575s] -- Up-to-date: /home/peru0002/ros2_ws/install/moveit_core/include/moveit_core
[268.575s] -- Installing: /home/peru0002/ros2_ws/install/moveit_core/include/moveit_core/moveit_ruckig_filter_parameters.hpp
[268.576s] -- Installing: /home/peru0002/ros2_ws/install/moveit_core/include/moveit_core/moveit_acceleration_filter_parameters.hpp
[268.576s] -- Installing: /home/peru0002/ros2_ws/install/moveit_core/include/moveit_core/moveit_butterworth_filter_parameters.hpp
[268.576s] -- Up-to-date: /home/peru0002/ros2_ws/install/moveit_core/include/moveit_core
[268.576s] -- Up-to-date: /home/peru0002/ros2_ws/install/moveit_core/include/moveit_core/moveit_ruckig_filter_parameters.hpp
[268.577s] -- Up-to-date: /home/peru0002/ros2_ws/install/moveit_core/include/moveit_core/moveit_acceleration_filter_parameters.hpp
[268.577s] -- Up-to-date: /home/peru0002/ros2_ws/install/moveit_core/include/moveit_core/moveit_butterworth_filter_parameters.hpp
[268.577s] -- Up-to-date: /home/peru0002/ros2_ws/install/moveit_core/include/moveit_core
[268.577s] -- Up-to-date: /home/peru0002/ros2_ws/install/moveit_core/include/moveit_core/moveit_ruckig_filter_parameters.hpp
[268.578s] -- Up-to-date: /home/peru0002/ros2_ws/install/moveit_core/include/moveit_core/moveit_acceleration_filter_parameters.hpp
[268.578s] -- Up-to-date: /home/peru0002/ros2_ws/install/moveit_core/include/moveit_core/moveit_butterworth_filter_parameters.hpp
[268.578s] -- Up-to-date: /home/peru0002/ros2_ws/install/moveit_core/include/moveit_core
[268.578s] -- Up-to-date: /home/peru0002/ros2_ws/install/moveit_core/include/moveit_core/moveit
[268.578s] -- Installing: /home/peru0002/ros2_ws/install/moveit_core/include/moveit_core/moveit/online_signal_smoothing
[268.579s] -- Installing: /home/peru0002/ros2_ws/install/moveit_core/include/moveit_core/moveit/online_signal_smoothing/ruckig_filter.hpp
[268.579s] -- Installing: /home/peru0002/ros2_ws/install/moveit_core/include/moveit_core/moveit/online_signal_smoothing/smoothing_base_class.hpp
[268.579s] -- Installing: /home/peru0002/ros2_ws/install/moveit_core/include/moveit_core/moveit/online_signal_smoothing/butterworth_filter.h
[268.580s] -- Installing: /home/peru0002/ros2_ws/install/moveit_core/include/moveit_core/moveit/online_signal_smoothing/acceleration_filter.h
[268.580s] -- Installing: /home/peru0002/ros2_ws/install/moveit_core/include/moveit_core/moveit/online_signal_smoothing/ruckig_filter.h
[268.580s] -- Installing: /home/peru0002/ros2_ws/install/moveit_core/include/moveit_core/moveit/online_signal_smoothing/smoothing_base_class.h
[268.580s] -- Installing: /home/peru0002/ros2_ws/install/moveit_core/include/moveit_core/moveit/online_signal_smoothing/acceleration_filter.hpp
[268.580s] -- Installing: /home/peru0002/ros2_ws/install/moveit_core/include/moveit_core/moveit/online_signal_smoothing/butterworth_filter.hpp
[268.581s] -- Installing: /home/peru0002/ros2_ws/install/moveit_core/include/moveit_core/moveit_smoothing_base_export.h
[268.581s] -- Installing: /home/peru0002/ros2_ws/install/moveit_core/include/moveit_core/moveit_acceleration_filter_export.h
[268.581s] -- Installing: /home/peru0002/ros2_ws/install/moveit_core/include/moveit_core/moveit_butterworth_filter_export.h
[268.581s] -- Installing: /home/peru0002/ros2_ws/install/moveit_core/include/moveit_core/moveit_ruckig_filter_export.h
[268.581s] -- Up-to-date: /home/peru0002/ros2_ws/install/moveit_core/include/moveit_core
[268.582s] -- Up-to-date: /home/peru0002/ros2_ws/install/moveit_core/include/moveit_core/moveit
[268.582s] -- Installing: /home/peru0002/ros2_ws/install/moveit_core/include/moveit_core/moveit/planning_interface
[268.582s] -- Installing: /home/peru0002/ros2_ws/install/moveit_core/include/moveit_core/moveit/planning_interface/planning_response_adapter.hpp
[268.582s] -- Installing: /home/peru0002/ros2_ws/install/moveit_core/include/moveit_core/moveit/planning_interface/planning_request_adapter.hpp
[268.583s] -- Installing: /home/peru0002/ros2_ws/install/moveit_core/include/moveit_core/moveit/planning_interface/planning_response.h
[268.583s] -- Installing: /home/peru0002/ros2_ws/install/moveit_core/include/moveit_core/moveit/planning_interface/planning_response.hpp
[268.583s] -- Installing: /home/peru0002/ros2_ws/install/moveit_core/include/moveit_core/moveit/planning_interface/planning_interface.hpp
[268.583s] -- Installing: /home/peru0002/ros2_ws/install/moveit_core/include/moveit_core/moveit/planning_interface/planning_interface.h
[268.583s] -- Installing: /home/peru0002/ros2_ws/install/moveit_core/include/moveit_core/moveit/planning_interface/planning_response_adapter.h
[268.584s] -- Installing: /home/peru0002/ros2_ws/install/moveit_core/include/moveit_core/moveit/planning_interface/planning_request.h
[268.584s] -- Installing: /home/peru0002/ros2_ws/install/moveit_core/include/moveit_core/moveit/planning_interface/planning_request_adapter.h
[268.584s] -- Installing: /home/peru0002/ros2_ws/install/moveit_core/include/moveit_core/moveit/planning_interface/planning_request.hpp
[268.585s] -- Up-to-date: /home/peru0002/ros2_ws/install/moveit_core/include/moveit_core
[268.585s] -- Up-to-date: /home/peru0002/ros2_ws/install/moveit_core/include/moveit_core/moveit
[268.585s] -- Installing: /home/peru0002/ros2_ws/install/moveit_core/include/moveit_core/moveit/planning_scene
[268.585s] -- Installing: /home/peru0002/ros2_ws/install/moveit_core/include/moveit_core/moveit/planning_scene/planning_scene.hpp
[268.586s] -- Installing: /home/peru0002/ros2_ws/install/moveit_core/include/moveit_core/moveit/planning_scene/planning_scene.h
[268.586s] -- Installing: /home/peru0002/ros2_ws/install/moveit_core/include/moveit_core/moveit_planning_scene_export.h
[268.586s] -- Up-to-date: /home/peru0002/ros2_ws/install/moveit_core/include/moveit_core
[268.586s] -- Up-to-date: /home/peru0002/ros2_ws/install/moveit_core/include/moveit_core/moveit
[268.587s] -- Installing: /home/peru0002/ros2_ws/install/moveit_core/include/moveit_core/moveit/robot_model
[268.587s] -- Installing: /home/peru0002/ros2_ws/install/moveit_core/include/moveit_core/moveit/robot_model/joint_model_group.h
[268.587s] -- Installing: /home/peru0002/ros2_ws/install/moveit_core/include/moveit_core/moveit/robot_model/prismatic_joint_model.hpp
[268.587s] -- Installing: /home/peru0002/ros2_ws/install/moveit_core/include/moveit_core/moveit/robot_model/prismatic_joint_model.h
[268.588s] -- Installing: /home/peru0002/ros2_ws/install/moveit_core/include/moveit_core/moveit/robot_model/floating_joint_model.h
[268.588s] -- Installing: /home/peru0002/ros2_ws/install/moveit_core/include/moveit_core/moveit/robot_model/fixed_joint_model.hpp
[268.588s] -- Installing: /home/peru0002/ros2_ws/install/moveit_core/include/moveit_core/moveit/robot_model/revolute_joint_model.h
[268.588s] -- Installing: /home/peru0002/ros2_ws/install/moveit_core/include/moveit_core/moveit/robot_model/floating_joint_model.hpp
[268.588s] -- Installing: /home/peru0002/ros2_ws/install/moveit_core/include/moveit_core/moveit/robot_model/robot_model.h
[268.589s] -- Installing: /home/peru0002/ros2_ws/install/moveit_core/include/moveit_core/moveit/robot_model/aabb.h
[268.589s] -- Installing: /home/peru0002/ros2_ws/install/moveit_core/include/moveit_core/moveit/robot_model/robot_model.hpp
[268.589s] -- Installing: /home/peru0002/ros2_ws/install/moveit_core/include/moveit_core/moveit/robot_model/link_model.hpp
[268.589s] -- Installing: /home/peru0002/ros2_ws/install/moveit_core/include/moveit_core/moveit/robot_model/revolute_joint_model.hpp
[268.589s] -- Installing: /home/peru0002/ros2_ws/install/moveit_core/include/moveit_core/moveit/robot_model/joint_model.h
[268.589s] -- Installing: /home/peru0002/ros2_ws/install/moveit_core/include/moveit_core/moveit/robot_model/link_model.h
[268.590s] -- Installing: /home/peru0002/ros2_ws/install/moveit_core/include/moveit_core/moveit/robot_model/fixed_joint_model.h
[268.590s] -- Installing: /home/peru0002/ros2_ws/install/moveit_core/include/moveit_core/moveit/robot_model/planar_joint_model.h
[268.590s] -- Installing: /home/peru0002/ros2_ws/install/moveit_core/include/moveit_core/moveit/robot_model/aabb.hpp
[268.590s] -- Installing: /home/peru0002/ros2_ws/install/moveit_core/include/moveit_core/moveit/robot_model/joint_model.hpp
[268.590s] -- Installing: /home/peru0002/ros2_ws/install/moveit_core/include/moveit_core/moveit/robot_model/planar_joint_model.hpp
[268.590s] -- Installing: /home/peru0002/ros2_ws/install/moveit_core/include/moveit_core/moveit/robot_model/joint_model_group.hpp
[268.590s] -- Up-to-date: /home/peru0002/ros2_ws/install/moveit_core/include/moveit_core
[268.591s] -- Up-to-date: /home/peru0002/ros2_ws/install/moveit_core/include/moveit_core/moveit
[268.591s] -- Installing: /home/peru0002/ros2_ws/install/moveit_core/include/moveit_core/moveit/robot_state
[268.591s] -- Installing: /home/peru0002/ros2_ws/install/moveit_core/include/moveit_core/moveit/robot_state/cartesian_interpolator.h
[268.591s] -- Installing: /home/peru0002/ros2_ws/install/moveit_core/include/moveit_core/moveit/robot_state/attached_body.hpp
[268.591s] -- Installing: /home/peru0002/ros2_ws/install/moveit_core/include/moveit_core/moveit/robot_state/conversions.hpp
[268.591s] -- Installing: /home/peru0002/ros2_ws/install/moveit_core/include/moveit_core/moveit/robot_state/robot_state.hpp
[268.591s] -- Installing: /home/peru0002/ros2_ws/install/moveit_core/include/moveit_core/moveit/robot_state/cartesian_interpolator.hpp
[268.591s] -- Installing: /home/peru0002/ros2_ws/install/moveit_core/include/moveit_core/moveit/robot_state/robot_state.h
[268.591s] -- Installing: /home/peru0002/ros2_ws/install/moveit_core/include/moveit_core/moveit/robot_state/attached_body.h
[268.591s] -- Installing: /home/peru0002/ros2_ws/install/moveit_core/include/moveit_core/moveit/robot_state/conversions.h
[268.591s] -- Up-to-date: /home/peru0002/ros2_ws/install/moveit_core/include/moveit_core
[268.592s] -- Up-to-date: /home/peru0002/ros2_ws/install/moveit_core/include/moveit_core/moveit
[268.592s] -- Installing: /home/peru0002/ros2_ws/install/moveit_core/include/moveit_core/moveit/robot_trajectory
[268.592s] -- Installing: /home/peru0002/ros2_ws/install/moveit_core/include/moveit_core/moveit/robot_trajectory/robot_trajectory.h
[268.592s] -- Installing: /home/peru0002/ros2_ws/install/moveit_core/include/moveit_core/moveit/robot_trajectory/robot_trajectory.hpp
[268.592s] -- Up-to-date: /home/peru0002/ros2_ws/install/moveit_core/include/moveit_core
[268.592s] -- Up-to-date: /home/peru0002/ros2_ws/install/moveit_core/include/moveit_core/moveit
[268.592s] -- Installing: /home/peru0002/ros2_ws/install/moveit_core/include/moveit_core/moveit/trajectory_processing
[268.592s] -- Installing: /home/peru0002/ros2_ws/install/moveit_core/include/moveit_core/moveit/trajectory_processing/ruckig_traj_smoothing.h
[268.592s] -- Installing: /home/peru0002/ros2_ws/install/moveit_core/include/moveit_core/moveit/trajectory_processing/time_parameterization.h
[268.592s] -- Installing: /home/peru0002/ros2_ws/install/moveit_core/include/moveit_core/moveit/trajectory_processing/time_optimal_trajectory_generation.hpp
[268.592s] -- Installing: /home/peru0002/ros2_ws/install/moveit_core/include/moveit_core/moveit/trajectory_processing/time_parameterization.hpp
[268.593s] -- Installing: /home/peru0002/ros2_ws/install/moveit_core/include/moveit_core/moveit/trajectory_processing/trajectory_tools.hpp
[268.593s] -- Installing: /home/peru0002/ros2_ws/install/moveit_core/include/moveit_core/moveit/trajectory_processing/trajectory_tools.h
[268.593s] -- Installing: /home/peru0002/ros2_ws/install/moveit_core/include/moveit_core/moveit/trajectory_processing/ruckig_traj_smoothing.hpp
[268.593s] -- Installing: /home/peru0002/ros2_ws/install/moveit_core/include/moveit_core/moveit/trajectory_processing/time_optimal_trajectory_generation.h
[268.593s] -- Up-to-date: /home/peru0002/ros2_ws/install/moveit_core/include/moveit_core
[268.593s] -- Up-to-date: /home/peru0002/ros2_ws/install/moveit_core/include/moveit_core/moveit
[268.593s] -- Installing: /home/peru0002/ros2_ws/install/moveit_core/include/moveit_core/moveit/transforms
[268.593s] -- Installing: /home/peru0002/ros2_ws/install/moveit_core/include/moveit_core/moveit/transforms/transforms.h
[268.593s] -- Installing: /home/peru0002/ros2_ws/install/moveit_core/include/moveit_core/moveit/transforms/transforms.hpp
[268.593s] -- Up-to-date: /home/peru0002/ros2_ws/install/moveit_core/include/moveit_core
[268.593s] -- Up-to-date: /home/peru0002/ros2_ws/install/moveit_core/include/moveit_core/moveit
[268.593s] -- Installing: /home/peru0002/ros2_ws/install/moveit_core/include/moveit_core/moveit/utils
[268.594s] -- Installing: /home/peru0002/ros2_ws/install/moveit_core/include/moveit_core/moveit/utils/moveit_error_code.hpp
[268.594s] -- Installing: /home/peru0002/ros2_ws/install/moveit_core/include/moveit_core/moveit/utils/robot_model_test_utils.h
[268.594s] -- Installing: /home/peru0002/ros2_ws/install/moveit_core/include/moveit_core/moveit/utils/moveit_error_code.h
[268.594s] -- Installing: /home/peru0002/ros2_ws/install/moveit_core/include/moveit_core/moveit/utils/message_checks.h
[268.594s] -- Installing: /home/peru0002/ros2_ws/install/moveit_core/include/moveit_core/moveit/utils/lexical_casts.hpp
[268.594s] -- Installing: /home/peru0002/ros2_ws/install/moveit_core/include/moveit_core/moveit/utils/lexical_casts.h
[268.594s] -- Installing: /home/peru0002/ros2_ws/install/moveit_core/include/moveit_core/moveit/utils/eigen_test_utils.h
[268.594s] -- Installing: /home/peru0002/ros2_ws/install/moveit_core/include/moveit_core/moveit/utils/robot_model_test_utils.hpp
[268.594s] -- Installing: /home/peru0002/ros2_ws/install/moveit_core/include/moveit_core/moveit/utils/message_checks.hpp
[268.594s] -- Installing: /home/peru0002/ros2_ws/install/moveit_core/include/moveit_core/moveit/utils/logger.hpp
[268.594s] -- Installing: /home/peru0002/ros2_ws/install/moveit_core/include/moveit_core/moveit/utils/logger.h
[268.595s] -- Installing: /home/peru0002/ros2_ws/install/moveit_core/include/moveit_core/moveit/utils/rclcpp_utils.h
[268.595s] -- Installing: /home/peru0002/ros2_ws/install/moveit_core/include/moveit_core/moveit/utils/rclcpp_utils.hpp
[268.595s] -- Installing: /home/peru0002/ros2_ws/install/moveit_core/include/moveit_core/moveit/utils/eigen_test_utils.hpp
[268.595s] -- Installing: /home/peru0002/ros2_ws/install/moveit_core/lib/moveit_core/logger_dut
[268.595s] -- Set non-toolchain portion of runtime path of "/home/peru0002/ros2_ws/install/moveit_core/lib/moveit_core/logger_dut" to ""
[268.595s] -- Installing: /home/peru0002/ros2_ws/install/moveit_core/include/moveit_core/moveit/version.hpp
[268.595s] -- Installing: /home/peru0002/ros2_ws/install/moveit_core/bin/moveit_version
[268.595s] -- Installing: /home/peru0002/ros2_ws/install/moveit_core/lib/libmoveit_collision_detection.so.2.14.1
[268.595s] -- Set non-toolchain portion of runtime path of "/home/peru0002/ros2_ws/install/moveit_core/lib/libmoveit_collision_detection.so.2.14.1" to ""
[268.595s] -- Installing: /home/peru0002/ros2_ws/install/moveit_core/lib/libmoveit_collision_detection.so
[268.595s] -- Installing: /home/peru0002/ros2_ws/install/moveit_core/lib/libmoveit_collision_detection_bullet.so.2.14.1
[268.596s] -- Set non-toolchain portion of runtime path of "/home/peru0002/ros2_ws/install/moveit_core/lib/libmoveit_collision_detection_bullet.so.2.14.1" to ""
[268.596s] -- Installing: /home/peru0002/ros2_ws/install/moveit_core/lib/libmoveit_collision_detection_bullet.so
[268.596s] -- Installing: /home/peru0002/ros2_ws/install/moveit_core/lib/libmoveit_collision_detection_fcl.so.2.14.1
[268.596s] -- Set non-toolchain portion of runtime path of "/home/peru0002/ros2_ws/install/moveit_core/lib/libmoveit_collision_detection_fcl.so.2.14.1" to ""
[268.596s] -- Installing: /home/peru0002/ros2_ws/install/moveit_core/lib/libmoveit_collision_detection_fcl.so
[268.596s] -- Installing: /home/peru0002/ros2_ws/install/moveit_core/lib/libmoveit_collision_distance_field.so.2.14.1
[268.596s] -- Set non-toolchain portion of runtime path of "/home/peru0002/ros2_ws/install/moveit_core/lib/libmoveit_collision_distance_field.so.2.14.1" to ""
[268.596s] -- Installing: /home/peru0002/ros2_ws/install/moveit_core/lib/libmoveit_collision_distance_field.so
[268.596s] -- Installing: /home/peru0002/ros2_ws/install/moveit_core/lib/libmoveit_constraint_samplers.so.2.14.1
[268.596s] -- Set non-toolchain portion of runtime path of "/home/peru0002/ros2_ws/install/moveit_core/lib/libmoveit_constraint_samplers.so.2.14.1" to ""
[268.596s] -- Installing: /home/peru0002/ros2_ws/install/moveit_core/lib/libmoveit_constraint_samplers.so
[268.596s] -- Installing: /home/peru0002/ros2_ws/install/moveit_core/lib/libmoveit_distance_field.so.2.14.1
[268.597s] -- Set non-toolchain portion of runtime path of "/home/peru0002/ros2_ws/install/moveit_core/lib/libmoveit_distance_field.so.2.14.1" to ""
[268.597s] -- Installing: /home/peru0002/ros2_ws/install/moveit_core/lib/libmoveit_distance_field.so
[268.597s] -- Installing: /home/peru0002/ros2_ws/install/moveit_core/lib/libmoveit_dynamics_solver.so.2.14.1
[268.597s] -- Set non-toolchain portion of runtime path of "/home/peru0002/ros2_ws/install/moveit_core/lib/libmoveit_dynamics_solver.so.2.14.1" to ""
[268.597s] -- Installing: /home/peru0002/ros2_ws/install/moveit_core/lib/libmoveit_dynamics_solver.so
[268.597s] -- Installing: /home/peru0002/ros2_ws/install/moveit_core/lib/libmoveit_exceptions.so.2.14.1
[268.597s] -- Set non-toolchain portion of runtime path of "/home/peru0002/ros2_ws/install/moveit_core/lib/libmoveit_exceptions.so.2.14.1" to ""
[268.598s] -- Installing: /home/peru0002/ros2_ws/install/moveit_core/lib/libmoveit_exceptions.so
[268.598s] -- Installing: /home/peru0002/ros2_ws/install/moveit_core/lib/libmoveit_kinematic_constraints.so.2.14.1
[268.599s] -- Set non-toolchain portion of runtime path of "/home/peru0002/ros2_ws/install/moveit_core/lib/libmoveit_kinematic_constraints.so.2.14.1" to ""
[268.599s] -- Installing: /home/peru0002/ros2_ws/install/moveit_core/lib/libmoveit_kinematic_constraints.so
[268.599s] -- Installing: /home/peru0002/ros2_ws/install/moveit_core/lib/libmoveit_kinematics_base.so
[268.600s] -- Set non-toolchain portion of runtime path of "/home/peru0002/ros2_ws/install/moveit_core/lib/libmoveit_kinematics_base.so" to ""
[268.600s] -- Installing: /home/peru0002/ros2_ws/install/moveit_core/lib/libmoveit_kinematics_metrics.so.2.14.1
[268.601s] -- Set non-toolchain portion of runtime path of "/home/peru0002/ros2_ws/install/moveit_core/lib/libmoveit_kinematics_metrics.so.2.14.1" to ""
[268.601s] -- Installing: /home/peru0002/ros2_ws/install/moveit_core/lib/libmoveit_kinematics_metrics.so
[268.602s] -- Installing: /home/peru0002/ros2_ws/install/moveit_core/lib/libmoveit_planning_interface.so.2.14.1
[268.602s] -- Set non-toolchain portion of runtime path of "/home/peru0002/ros2_ws/install/moveit_core/lib/libmoveit_planning_interface.so.2.14.1" to ""
[268.602s] -- Installing: /home/peru0002/ros2_ws/install/moveit_core/lib/libmoveit_planning_interface.so
[268.602s] -- Installing: /home/peru0002/ros2_ws/install/moveit_core/lib/libmoveit_planning_scene.so.2.14.1
[268.603s] -- Set non-toolchain portion of runtime path of "/home/peru0002/ros2_ws/install/moveit_core/lib/libmoveit_planning_scene.so.2.14.1" to ""
[268.603s] -- Installing: /home/peru0002/ros2_ws/install/moveit_core/lib/libmoveit_planning_scene.so
[268.603s] -- Installing: /home/peru0002/ros2_ws/install/moveit_core/lib/libmoveit_robot_model.so.2.14.1
[268.605s] -- Set non-toolchain portion of runtime path of "/home/peru0002/ros2_ws/install/moveit_core/lib/libmoveit_robot_model.so.2.14.1" to ""
[268.606s] -- Installing: /home/peru0002/ros2_ws/install/moveit_core/lib/libmoveit_robot_model.so
[268.606s] -- Installing: /home/peru0002/ros2_ws/install/moveit_core/lib/libmoveit_robot_state.so.2.14.1
[268.608s] -- Set non-toolchain portion of runtime path of "/home/peru0002/ros2_ws/install/moveit_core/lib/libmoveit_robot_state.so.2.14.1" to ""
[268.608s] -- Installing: /home/peru0002/ros2_ws/install/moveit_core/lib/libmoveit_robot_state.so
[268.609s] -- Installing: /home/peru0002/ros2_ws/install/moveit_core/lib/libmoveit_robot_trajectory.so.2.14.1
[268.609s] -- Set non-toolchain portion of runtime path of "/home/peru0002/ros2_ws/install/moveit_core/lib/libmoveit_robot_trajectory.so.2.14.1" to ""
[268.610s] -- Installing: /home/peru0002/ros2_ws/install/moveit_core/lib/libmoveit_robot_trajectory.so
[268.610s] -- Installing: /home/peru0002/ros2_ws/install/moveit_core/lib/libmoveit_smoothing_base.so.2.14.1
[268.610s] -- Set non-toolchain portion of runtime path of "/home/peru0002/ros2_ws/install/moveit_core/lib/libmoveit_smoothing_base.so.2.14.1" to ""
[268.610s] -- Installing: /home/peru0002/ros2_ws/install/moveit_core/lib/libmoveit_smoothing_base.so
[268.610s] -- Installing: /home/peru0002/ros2_ws/install/moveit_core/lib/libmoveit_test_utils.so.2.14.1
[268.613s] -- Set non-toolchain portion of runtime path of "/home/peru0002/ros2_ws/install/moveit_core/lib/libmoveit_test_utils.so.2.14.1" to ""
[268.613s] -- Installing: /home/peru0002/ros2_ws/install/moveit_core/lib/libmoveit_test_utils.so
[268.613s] -- Installing: /home/peru0002/ros2_ws/install/moveit_core/lib/libmoveit_trajectory_processing.so.2.14.1
[268.614s] -- Set non-toolchain portion of runtime path of "/home/peru0002/ros2_ws/install/moveit_core/lib/libmoveit_trajectory_processing.so.2.14.1" to ""
[268.614s] -- Installing: /home/peru0002/ros2_ws/install/moveit_core/lib/libmoveit_trajectory_processing.so
[268.614s] -- Installing: /home/peru0002/ros2_ws/install/moveit_core/lib/libmoveit_transforms.so.2.14.1
[268.615s] -- Set non-toolchain portion of runtime path of "/home/peru0002/ros2_ws/install/moveit_core/lib/libmoveit_transforms.so.2.14.1" to ""
[268.615s] -- Installing: /home/peru0002/ros2_ws/install/moveit_core/lib/libmoveit_transforms.so
[268.615s] -- Installing: /home/peru0002/ros2_ws/install/moveit_core/lib/libmoveit_utils.so.2.14.1
[268.615s] -- Set non-toolchain portion of runtime path of "/home/peru0002/ros2_ws/install/moveit_core/lib/libmoveit_utils.so.2.14.1" to ""
[268.616s] -- Installing: /home/peru0002/ros2_ws/install/moveit_core/lib/libmoveit_utils.so
[268.616s] -- Installing: /home/peru0002/ros2_ws/install/moveit_core/lib/libcollision_detector_bullet_plugin.so.2.14.1
[268.616s] -- Set non-toolchain portion of runtime path of "/home/peru0002/ros2_ws/install/moveit_core/lib/libcollision_detector_bullet_plugin.so.2.14.1" to ""
[268.616s] -- Installing: /home/peru0002/ros2_ws/install/moveit_core/lib/libcollision_detector_bullet_plugin.so
[268.616s] -- Installing: /home/peru0002/ros2_ws/install/moveit_core/lib/libcollision_detector_fcl_plugin.so.2.14.1
[268.617s] -- Set non-toolchain portion of runtime path of "/home/peru0002/ros2_ws/install/moveit_core/lib/libcollision_detector_fcl_plugin.so.2.14.1" to ""
[268.617s] -- Installing: /home/peru0002/ros2_ws/install/moveit_core/lib/libcollision_detector_fcl_plugin.so
[268.617s] -- Installing: /home/peru0002/ros2_ws/install/moveit_core/lib/libmoveit_acceleration_filter.so.2.14.1
[268.618s] -- Set non-toolchain portion of runtime path of "/home/peru0002/ros2_ws/install/moveit_core/lib/libmoveit_acceleration_filter.so.2.14.1" to ""
[268.618s] -- Installing: /home/peru0002/ros2_ws/install/moveit_core/lib/libmoveit_acceleration_filter.so
[268.618s] -- Installing: /home/peru0002/ros2_ws/install/moveit_core/lib/libmoveit_butterworth_filter.so.2.14.1
[268.619s] -- Set non-toolchain portion of runtime path of "/home/peru0002/ros2_ws/install/moveit_core/lib/libmoveit_butterworth_filter.so.2.14.1" to ""
[268.619s] -- Installing: /home/peru0002/ros2_ws/install/moveit_core/lib/libmoveit_butterworth_filter.so
[268.619s] -- Installing: /home/peru0002/ros2_ws/install/moveit_core/lib/libmoveit_ruckig_filter.so.2.14.1
[268.620s] -- Set non-toolchain portion of runtime path of "/home/peru0002/ros2_ws/install/moveit_core/lib/libmoveit_ruckig_filter.so.2.14.1" to ""
[268.620s] -- Installing: /home/peru0002/ros2_ws/install/moveit_core/lib/libmoveit_ruckig_filter.so
[268.620s] -- Installing: /home/peru0002/ros2_ws/install/moveit_core/share/moveit_core/environment/library_path.sh
[268.621s] -- Installing: /home/peru0002/ros2_ws/install/moveit_core/share/moveit_core/environment/library_path.dsv
[268.621s] -- Installing: /home/peru0002/ros2_ws/install/moveit_core/share/moveit_core/collision_detector_fcl_description.xml
[268.621s] -- Installing: /home/peru0002/ros2_ws/install/moveit_core/share/moveit_core/collision_detector_bullet_description.xml
[268.621s] -- Installing: /home/peru0002/ros2_ws/install/moveit_core/share/moveit_core/filter_plugin_acceleration.xml
[268.622s] -- Installing: /home/peru0002/ros2_ws/install/moveit_core/share/moveit_core/filter_plugin_butterworth.xml
[268.622s] -- Installing: /home/peru0002/ros2_ws/install/moveit_core/share/moveit_core/filter_plugin_ruckig.xml
[268.622s] -- Installing: /home/peru0002/ros2_ws/install/moveit_core/share/ament_index/resource_index/package_run_dependencies/moveit_core
[268.623s] -- Installing: /home/peru0002/ros2_ws/install/moveit_core/share/ament_index/resource_index/parent_prefix_path/moveit_core
[268.623s] -- Installing: /home/peru0002/ros2_ws/install/moveit_core/share/moveit_core/environment/ament_prefix_path.sh
[268.623s] -- Installing: /home/peru0002/ros2_ws/install/moveit_core/share/moveit_core/environment/ament_prefix_path.dsv
[268.623s] -- Installing: /home/peru0002/ros2_ws/install/moveit_core/share/moveit_core/environment/path.sh
[268.623s] -- Installing: /home/peru0002/ros2_ws/install/moveit_core/share/moveit_core/environment/path.dsv
[268.624s] -- Installing: /home/peru0002/ros2_ws/install/moveit_core/share/moveit_core/local_setup.bash
[268.624s] -- Installing: /home/peru0002/ros2_ws/install/moveit_core/share/moveit_core/local_setup.sh
[268.624s] -- Installing: /home/peru0002/ros2_ws/install/moveit_core/share/moveit_core/local_setup.zsh
[268.625s] -- Installing: /home/peru0002/ros2_ws/install/moveit_core/share/moveit_core/local_setup.dsv
[268.625s] -- Installing: /home/peru0002/ros2_ws/install/moveit_core/share/moveit_core/package.dsv
[268.625s] -- Installing: /home/peru0002/ros2_ws/install/moveit_core/share/ament_index/resource_index/packages/moveit_core
[268.625s] -- Installing: /home/peru0002/ros2_ws/install/moveit_core/share/ament_index/resource_index/moveit_core__pluginlib__plugin/moveit_core
[268.626s] -- Installing: /home/peru0002/ros2_ws/install/moveit_core/share/moveit_core/cmake/moveit_coreTargetsExport.cmake
[268.626s] -- Installing: /home/peru0002/ros2_ws/install/moveit_core/share/moveit_core/cmake/moveit_coreTargetsExport-release.cmake
[268.627s] -- Installing: /home/peru0002/ros2_ws/install/moveit_core/share/moveit_core/cmake/ConfigExtras.cmake
[268.627s] -- Installing: /home/peru0002/ros2_ws/install/moveit_core/share/moveit_core/cmake/ament_cmake_export_targets-extras.cmake
[268.627s] -- Installing: /home/peru0002/ros2_ws/install/moveit_core/share/moveit_core/cmake/ament_cmake_export_dependencies-extras.cmake
[268.627s] -- Installing: /home/peru0002/ros2_ws/install/moveit_core/share/moveit_core/cmake/moveit_coreConfig.cmake
[268.628s] -- Installing: /home/peru0002/ros2_ws/install/moveit_core/share/moveit_core/cmake/moveit_coreConfig-version.cmake
[268.628s] -- Installing: /home/peru0002/ros2_ws/install/moveit_core/share/moveit_core/package.xml
[268.631s] Invoked command in '/home/peru0002/ros2_ws/build/moveit_core' returned '0': AMENT_PREFIX_PATH=/home/peru0002/ros2_ws/install/moveit_resources_panda_moveit_config:/home/peru0002/ros2_ws/install/moveit_resources_pr2_description:/home/peru0002/ros2_ws/install/moveit_resources_panda_description:/home/peru0002/ros2_ws/install/moveit_msgs:/home/peru0002/ros2_ws/install/moveit_common:${AMENT_PREFIX_PATH} CMAKE_PREFIX_PATH=/home/peru0002/ros2_ws/install/moveit_resources_panda_moveit_config:/home/peru0002/ros2_ws/install/moveit_resources_pr2_description:/home/peru0002/ros2_ws/install/moveit_resources_panda_description:/home/peru0002/ros2_ws/install/moveit_msgs:/home/peru0002/ros2_ws/install/moveit_common:/opt/ros/jazzy/opt/gz_math_vendor:/opt/ros/jazzy/opt/gz_utils_vendor:/opt/ros/jazzy/opt/gz_cmake_vendor:/opt/ros/jazzy DEBUGINFOD_URLS=https://debuginfod.ubuntu.com LD_LIBRARY_PATH=/home/peru0002/ros2_ws/install/moveit_msgs/lib:${LD_LIBRARY_PATH} PYTHONPATH=/home/peru0002/ros2_ws/install/moveit_msgs/lib/python3.12/site-packages:${PYTHONPATH} /usr/bin/cmake --install /home/peru0002/ros2_ws/build/moveit_core
