[0.040s] Invoking command in '/home/peru0002/ros2_ws/build/moveit_ros_occupancy_map_monitor': AMENT_PREFIX_PATH=/home/peru0002/ros2_ws/install/moveit_core:/home/peru0002/ros2_ws/install/moveit_resources_panda_moveit_config:/home/peru0002/ros2_ws/install/moveit_resources_pr2_description:/home/peru0002/ros2_ws/install/moveit_resources_panda_description:/home/peru0002/ros2_ws/install/moveit_msgs:/home/peru0002/ros2_ws/install/moveit_common:${AMENT_PREFIX_PATH} CMAKE_PREFIX_PATH=/home/peru0002/ros2_ws/install/moveit_core:/home/peru0002/ros2_ws/install/moveit_resources_panda_moveit_config:/home/peru0002/ros2_ws/install/moveit_resources_pr2_description:/home/peru0002/ros2_ws/install/moveit_resources_panda_description:/home/peru0002/ros2_ws/install/moveit_msgs:/home/peru0002/ros2_ws/install/moveit_common:/opt/ros/jazzy/opt/gz_sim_vendor:/opt/ros/jazzy/opt/gz_sensors_vendor:/opt/ros/jazzy/opt/gz_physics_vendor:/opt/ros/jazzy/opt/sdformat_vendor:/opt/ros/jazzy/opt/gz_gui_vendor:/opt/ros/jazzy/opt/gz_transport_vendor:/opt/ros/jazzy/opt/gz_rendering_vendor:/opt/ros/jazzy/opt/gz_plugin_vendor:/opt/ros/jazzy/opt/gz_fuel_tools_vendor:/opt/ros/jazzy/opt/gz_msgs_vendor:/opt/ros/jazzy/opt/gz_common_vendor:/opt/ros/jazzy/opt/gz_math_vendor:/opt/ros/jazzy/opt/gz_utils_vendor:/opt/ros/jazzy/opt/gz_tools_vendor:/opt/ros/jazzy/opt/gz_ogre_next_vendor:/opt/ros/jazzy/opt/gz_dartsim_vendor:/opt/ros/jazzy/opt/gz_cmake_vendor:/opt/ros/jazzy DEBUGINFOD_URLS=https://debuginfod.ubuntu.com LD_LIBRARY_PATH=/home/peru0002/ros2_ws/install/moveit_core/lib:/home/peru0002/ros2_ws/install/moveit_msgs/lib:${LD_LIBRARY_PATH} PATH=/home/peru0002/ros2_ws/install/moveit_core/bin:${PATH} PYTHONPATH=/home/peru0002/ros2_ws/install/moveit_msgs/lib/python3.12/site-packages:${PYTHONPATH} /usr/bin/cmake /home/peru0002/ros2_ws/src/moveit2/moveit_ros/occupancy_map_monitor -DCMAKE_INSTALL_PREFIX=/home/peru0002/ros2_ws/install/moveit_ros_occupancy_map_monitor
[0.067s] -- Found moveit_common: 2.14.1 (/home/peru0002/ros2_ws/install/moveit_common/share/moveit_common/cmake)
[0.067s] -- Found ament_cmake: 2.5.4 (/opt/ros/jazzy/share/ament_cmake/cmake)
[0.622s] -- Found moveit_core: 2.14.1 (/home/peru0002/ros2_ws/install/moveit_core/share/moveit_core/cmake)
[0.674s] -- Found Boost: /usr/lib/x86_64-linux-gnu/cmake/Boost-1.83.0/BoostConfig.cmake (found version "1.83.0") found components: chrono date_time filesystem iostreams program_options regex serialization system thread 
[0.746s] -- Found parameter_traits: 0.5.0 (/opt/ros/jazzy/share/parameter_traits/cmake)
[0.782s] -- Found rosidl_generator_c: 4.6.6 (/opt/ros/jazzy/share/rosidl_generator_c/cmake)
[0.799s] -- Found rosidl_generator_cpp: 4.6.6 (/opt/ros/jazzy/share/rosidl_generator_cpp/cmake)
[0.821s] -- Using all available rosidl_typesupport_c: rosidl_typesupport_fastrtps_c;rosidl_typesupport_introspection_c
[0.846s] -- Using all available rosidl_typesupport_cpp: rosidl_typesupport_fastrtps_cpp;rosidl_typesupport_introspection_cpp
[0.954s] -- Found rmw_implementation_cmake: 7.3.2 (/opt/ros/jazzy/share/rmw_implementation_cmake/cmake)
[0.957s] -- Found rmw_fastrtps_cpp: 8.4.3 (/opt/ros/jazzy/share/rmw_fastrtps_cpp/cmake)
[1.062s] -- Using RMW implementation 'rmw_fastrtps_cpp' as default
[1.185s] -- Found rclcpp_lifecycle: 28.1.13 (/opt/ros/jazzy/share/rclcpp_lifecycle/cmake)
[1.239s] -- Found Boost: /usr/lib/x86_64-linux-gnu/cmake/Boost-1.83.0/BoostConfig.cmake (found version "1.83.0") found components: filesystem 
[1.433s] -- Ensuring Eigen3 include directory is part of orocos-kdl CMake target
[1.984s] -- Found ament_cmake_gmock: 2.5.4 (/opt/ros/jazzy/share/ament_cmake_gmock/cmake)
[1.984s] -- Found gmock sources under '/opt/ros/jazzy/src/gmock_vendor': C++ tests using 'Google Mock' will be built
[1.995s] -- Found ament_cmake_gtest: 2.5.4 (/opt/ros/jazzy/share/ament_cmake_gtest/cmake)
[1.998s] -- Found gtest sources under '/opt/ros/jazzy/src/gtest_vendor': C++ tests using 'Google Test' will be built
[2.014s] -- Configuring done (2.0s)
[2.128s] -- Generating done (0.1s)
[2.148s] -- Build files have been written to: /home/peru0002/ros2_ws/build/moveit_ros_occupancy_map_monitor
[2.169s] Invoked command in '/home/peru0002/ros2_ws/build/moveit_ros_occupancy_map_monitor' returned '0': AMENT_PREFIX_PATH=/home/peru0002/ros2_ws/install/moveit_core:/home/peru0002/ros2_ws/install/moveit_resources_panda_moveit_config:/home/peru0002/ros2_ws/install/moveit_resources_pr2_description:/home/peru0002/ros2_ws/install/moveit_resources_panda_description:/home/peru0002/ros2_ws/install/moveit_msgs:/home/peru0002/ros2_ws/install/moveit_common:${AMENT_PREFIX_PATH} CMAKE_PREFIX_PATH=/home/peru0002/ros2_ws/install/moveit_core:/home/peru0002/ros2_ws/install/moveit_resources_panda_moveit_config:/home/peru0002/ros2_ws/install/moveit_resources_pr2_description:/home/peru0002/ros2_ws/install/moveit_resources_panda_description:/home/peru0002/ros2_ws/install/moveit_msgs:/home/peru0002/ros2_ws/install/moveit_common:/opt/ros/jazzy/opt/gz_sim_vendor:/opt/ros/jazzy/opt/gz_sensors_vendor:/opt/ros/jazzy/opt/gz_physics_vendor:/opt/ros/jazzy/opt/sdformat_vendor:/opt/ros/jazzy/opt/gz_gui_vendor:/opt/ros/jazzy/opt/gz_transport_vendor:/opt/ros/jazzy/opt/gz_rendering_vendor:/opt/ros/jazzy/opt/gz_plugin_vendor:/opt/ros/jazzy/opt/gz_fuel_tools_vendor:/opt/ros/jazzy/opt/gz_msgs_vendor:/opt/ros/jazzy/opt/gz_common_vendor:/opt/ros/jazzy/opt/gz_math_vendor:/opt/ros/jazzy/opt/gz_utils_vendor:/opt/ros/jazzy/opt/gz_tools_vendor:/opt/ros/jazzy/opt/gz_ogre_next_vendor:/opt/ros/jazzy/opt/gz_dartsim_vendor:/opt/ros/jazzy/opt/gz_cmake_vendor:/opt/ros/jazzy DEBUGINFOD_URLS=https://debuginfod.ubuntu.com LD_LIBRARY_PATH=/home/peru0002/ros2_ws/install/moveit_core/lib:/home/peru0002/ros2_ws/install/moveit_msgs/lib:${LD_LIBRARY_PATH} PATH=/home/peru0002/ros2_ws/install/moveit_core/bin:${PATH} PYTHONPATH=/home/peru0002/ros2_ws/install/moveit_msgs/lib/python3.12/site-packages:${PYTHONPATH} /usr/bin/cmake /home/peru0002/ros2_ws/src/moveit2/moveit_ros/occupancy_map_monitor -DCMAKE_INSTALL_PREFIX=/home/peru0002/ros2_ws/install/moveit_ros_occupancy_map_monitor
[2.171s] Invoking command in '/home/peru0002/ros2_ws/build/moveit_ros_occupancy_map_monitor': AMENT_PREFIX_PATH=/home/peru0002/ros2_ws/install/moveit_core:/home/peru0002/ros2_ws/install/moveit_resources_panda_moveit_config:/home/peru0002/ros2_ws/install/moveit_resources_pr2_description:/home/peru0002/ros2_ws/install/moveit_resources_panda_description:/home/peru0002/ros2_ws/install/moveit_msgs:/home/peru0002/ros2_ws/install/moveit_common:${AMENT_PREFIX_PATH} CMAKE_PREFIX_PATH=/home/peru0002/ros2_ws/install/moveit_core:/home/peru0002/ros2_ws/install/moveit_resources_panda_moveit_config:/home/peru0002/ros2_ws/install/moveit_resources_pr2_description:/home/peru0002/ros2_ws/install/moveit_resources_panda_description:/home/peru0002/ros2_ws/install/moveit_msgs:/home/peru0002/ros2_ws/install/moveit_common:/opt/ros/jazzy/opt/gz_sim_vendor:/opt/ros/jazzy/opt/gz_sensors_vendor:/opt/ros/jazzy/opt/gz_physics_vendor:/opt/ros/jazzy/opt/sdformat_vendor:/opt/ros/jazzy/opt/gz_gui_vendor:/opt/ros/jazzy/opt/gz_transport_vendor:/opt/ros/jazzy/opt/gz_rendering_vendor:/opt/ros/jazzy/opt/gz_plugin_vendor:/opt/ros/jazzy/opt/gz_fuel_tools_vendor:/opt/ros/jazzy/opt/gz_msgs_vendor:/opt/ros/jazzy/opt/gz_common_vendor:/opt/ros/jazzy/opt/gz_math_vendor:/opt/ros/jazzy/opt/gz_utils_vendor:/opt/ros/jazzy/opt/gz_tools_vendor:/opt/ros/jazzy/opt/gz_ogre_next_vendor:/opt/ros/jazzy/opt/gz_dartsim_vendor:/opt/ros/jazzy/opt/gz_cmake_vendor:/opt/ros/jazzy DEBUGINFOD_URLS=https://debuginfod.ubuntu.com LD_LIBRARY_PATH=/home/peru0002/ros2_ws/install/moveit_core/lib:/home/peru0002/ros2_ws/install/moveit_msgs/lib:${LD_LIBRARY_PATH} PATH=/home/peru0002/ros2_ws/install/moveit_core/bin:${PATH} PYTHONPATH=/home/peru0002/ros2_ws/install/moveit_msgs/lib/python3.12/site-packages:${PYTHONPATH} /usr/bin/cmake --build /home/peru0002/ros2_ws/build/moveit_ros_occupancy_map_monitor -- -j8 -l8
[2.271s] [ 15%] Built target gmock_main
[2.280s] [ 38%] Built target gmock
[2.298s] [ 69%] Built target moveit_ros_occupancy_map_monitor
[2.356s] [ 84%] Built target occupancy_map_monitor_tests
[2.358s] [100%] Built target moveit_ros_occupancy_map_server
[2.382s] Invoked command in '/home/peru0002/ros2_ws/build/moveit_ros_occupancy_map_monitor' returned '0': AMENT_PREFIX_PATH=/home/peru0002/ros2_ws/install/moveit_core:/home/peru0002/ros2_ws/install/moveit_resources_panda_moveit_config:/home/peru0002/ros2_ws/install/moveit_resources_pr2_description:/home/peru0002/ros2_ws/install/moveit_resources_panda_description:/home/peru0002/ros2_ws/install/moveit_msgs:/home/peru0002/ros2_ws/install/moveit_common:${AMENT_PREFIX_PATH} CMAKE_PREFIX_PATH=/home/peru0002/ros2_ws/install/moveit_core:/home/peru0002/ros2_ws/install/moveit_resources_panda_moveit_config:/home/peru0002/ros2_ws/install/moveit_resources_pr2_description:/home/peru0002/ros2_ws/install/moveit_resources_panda_description:/home/peru0002/ros2_ws/install/moveit_msgs:/home/peru0002/ros2_ws/install/moveit_common:/opt/ros/jazzy/opt/gz_sim_vendor:/opt/ros/jazzy/opt/gz_sensors_vendor:/opt/ros/jazzy/opt/gz_physics_vendor:/opt/ros/jazzy/opt/sdformat_vendor:/opt/ros/jazzy/opt/gz_gui_vendor:/opt/ros/jazzy/opt/gz_transport_vendor:/opt/ros/jazzy/opt/gz_rendering_vendor:/opt/ros/jazzy/opt/gz_plugin_vendor:/opt/ros/jazzy/opt/gz_fuel_tools_vendor:/opt/ros/jazzy/opt/gz_msgs_vendor:/opt/ros/jazzy/opt/gz_common_vendor:/opt/ros/jazzy/opt/gz_math_vendor:/opt/ros/jazzy/opt/gz_utils_vendor:/opt/ros/jazzy/opt/gz_tools_vendor:/opt/ros/jazzy/opt/gz_ogre_next_vendor:/opt/ros/jazzy/opt/gz_dartsim_vendor:/opt/ros/jazzy/opt/gz_cmake_vendor:/opt/ros/jazzy DEBUGINFOD_URLS=https://debuginfod.ubuntu.com LD_LIBRARY_PATH=/home/peru0002/ros2_ws/install/moveit_core/lib:/home/peru0002/ros2_ws/install/moveit_msgs/lib:${LD_LIBRARY_PATH} PATH=/home/peru0002/ros2_ws/install/moveit_core/bin:${PATH} PYTHONPATH=/home/peru0002/ros2_ws/install/moveit_msgs/lib/python3.12/site-packages:${PYTHONPATH} /usr/bin/cmake --build /home/peru0002/ros2_ws/build/moveit_ros_occupancy_map_monitor -- -j8 -l8
[2.384s] Invoking command in '/home/peru0002/ros2_ws/build/moveit_ros_occupancy_map_monitor': AMENT_PREFIX_PATH=/home/peru0002/ros2_ws/install/moveit_core:/home/peru0002/ros2_ws/install/moveit_resources_panda_moveit_config:/home/peru0002/ros2_ws/install/moveit_resources_pr2_description:/home/peru0002/ros2_ws/install/moveit_resources_panda_description:/home/peru0002/ros2_ws/install/moveit_msgs:/home/peru0002/ros2_ws/install/moveit_common:${AMENT_PREFIX_PATH} CMAKE_PREFIX_PATH=/home/peru0002/ros2_ws/install/moveit_core:/home/peru0002/ros2_ws/install/moveit_resources_panda_moveit_config:/home/peru0002/ros2_ws/install/moveit_resources_pr2_description:/home/peru0002/ros2_ws/install/moveit_resources_panda_description:/home/peru0002/ros2_ws/install/moveit_msgs:/home/peru0002/ros2_ws/install/moveit_common:/opt/ros/jazzy/opt/gz_sim_vendor:/opt/ros/jazzy/opt/gz_sensors_vendor:/opt/ros/jazzy/opt/gz_physics_vendor:/opt/ros/jazzy/opt/sdformat_vendor:/opt/ros/jazzy/opt/gz_gui_vendor:/opt/ros/jazzy/opt/gz_transport_vendor:/opt/ros/jazzy/opt/gz_rendering_vendor:/opt/ros/jazzy/opt/gz_plugin_vendor:/opt/ros/jazzy/opt/gz_fuel_tools_vendor:/opt/ros/jazzy/opt/gz_msgs_vendor:/opt/ros/jazzy/opt/gz_common_vendor:/opt/ros/jazzy/opt/gz_math_vendor:/opt/ros/jazzy/opt/gz_utils_vendor:/opt/ros/jazzy/opt/gz_tools_vendor:/opt/ros/jazzy/opt/gz_ogre_next_vendor:/opt/ros/jazzy/opt/gz_dartsim_vendor:/opt/ros/jazzy/opt/gz_cmake_vendor:/opt/ros/jazzy DEBUGINFOD_URLS=https://debuginfod.ubuntu.com LD_LIBRARY_PATH=/home/peru0002/ros2_ws/install/moveit_core/lib:/home/peru0002/ros2_ws/install/moveit_msgs/lib:${LD_LIBRARY_PATH} PATH=/home/peru0002/ros2_ws/install/moveit_core/bin:${PATH} PYTHONPATH=/home/peru0002/ros2_ws/install/moveit_msgs/lib/python3.12/site-packages:${PYTHONPATH} /usr/bin/cmake --install /home/peru0002/ros2_ws/build/moveit_ros_occupancy_map_monitor
[2.395s] -- Install configuration: "Release"
[2.395s] -- Up-to-date: /home/peru0002/ros2_ws/install/moveit_ros_occupancy_map_monitor/lib/libmoveit_ros_occupancy_map_monitor.so.2.14.1
[2.395s] -- Up-to-date: /home/peru0002/ros2_ws/install/moveit_ros_occupancy_map_monitor/lib/libmoveit_ros_occupancy_map_monitor.so
[2.396s] -- Up-to-date: /home/peru0002/ros2_ws/install/moveit_ros_occupancy_map_monitor/lib/moveit_ros_occupancy_map_monitor/moveit_ros_occupancy_map_server
[2.397s] -- Up-to-date: /home/peru0002/ros2_ws/install/moveit_ros_occupancy_map_monitor/include/moveit_ros_occupancy_map_monitor
[2.397s] -- Up-to-date: /home/peru0002/ros2_ws/install/moveit_ros_occupancy_map_monitor/include/moveit_ros_occupancy_map_monitor/moveit
[2.397s] -- Up-to-date: /home/peru0002/ros2_ws/install/moveit_ros_occupancy_map_monitor/include/moveit_ros_occupancy_map_monitor/moveit/occupancy_map_monitor
[2.397s] -- Up-to-date: /home/peru0002/ros2_ws/install/moveit_ros_occupancy_map_monitor/include/moveit_ros_occupancy_map_monitor/moveit/occupancy_map_monitor/occupancy_map_monitor_middleware_handle.h
[2.397s] -- Up-to-date: /home/peru0002/ros2_ws/install/moveit_ros_occupancy_map_monitor/include/moveit_ros_occupancy_map_monitor/moveit/occupancy_map_monitor/occupancy_map_monitor.hpp
[2.398s] -- Up-to-date: /home/peru0002/ros2_ws/install/moveit_ros_occupancy_map_monitor/include/moveit_ros_occupancy_map_monitor/moveit/occupancy_map_monitor/occupancy_map_updater.h
[2.398s] -- Up-to-date: /home/peru0002/ros2_ws/install/moveit_ros_occupancy_map_monitor/include/moveit_ros_occupancy_map_monitor/moveit/occupancy_map_monitor/occupancy_map_monitor_middleware_handle.hpp
[2.398s] -- Up-to-date: /home/peru0002/ros2_ws/install/moveit_ros_occupancy_map_monitor/include/moveit_ros_occupancy_map_monitor/moveit/occupancy_map_monitor/occupancy_map_monitor.h
[2.398s] -- Up-to-date: /home/peru0002/ros2_ws/install/moveit_ros_occupancy_map_monitor/include/moveit_ros_occupancy_map_monitor/moveit/occupancy_map_monitor/occupancy_map_updater.hpp
[2.398s] -- Up-to-date: /home/peru0002/ros2_ws/install/moveit_ros_occupancy_map_monitor/share/moveit_ros_occupancy_map_monitor/environment/library_path.sh
[2.398s] -- Up-to-date: /home/peru0002/ros2_ws/install/moveit_ros_occupancy_map_monitor/share/moveit_ros_occupancy_map_monitor/environment/library_path.dsv
[2.399s] -- Up-to-date: /home/peru0002/ros2_ws/install/moveit_ros_occupancy_map_monitor/share/ament_index/resource_index/package_run_dependencies/moveit_ros_occupancy_map_monitor
[2.399s] -- Up-to-date: /home/peru0002/ros2_ws/install/moveit_ros_occupancy_map_monitor/share/ament_index/resource_index/parent_prefix_path/moveit_ros_occupancy_map_monitor
[2.399s] -- Up-to-date: /home/peru0002/ros2_ws/install/moveit_ros_occupancy_map_monitor/share/moveit_ros_occupancy_map_monitor/environment/ament_prefix_path.sh
[2.399s] -- Up-to-date: /home/peru0002/ros2_ws/install/moveit_ros_occupancy_map_monitor/share/moveit_ros_occupancy_map_monitor/environment/ament_prefix_path.dsv
[2.399s] -- Up-to-date: /home/peru0002/ros2_ws/install/moveit_ros_occupancy_map_monitor/share/moveit_ros_occupancy_map_monitor/environment/path.sh
[2.400s] -- Up-to-date: /home/peru0002/ros2_ws/install/moveit_ros_occupancy_map_monitor/share/moveit_ros_occupancy_map_monitor/environment/path.dsv
[2.400s] -- Up-to-date: /home/peru0002/ros2_ws/install/moveit_ros_occupancy_map_monitor/share/moveit_ros_occupancy_map_monitor/local_setup.bash
[2.400s] -- Up-to-date: /home/peru0002/ros2_ws/install/moveit_ros_occupancy_map_monitor/share/moveit_ros_occupancy_map_monitor/local_setup.sh
[2.400s] -- Up-to-date: /home/peru0002/ros2_ws/install/moveit_ros_occupancy_map_monitor/share/moveit_ros_occupancy_map_monitor/local_setup.zsh
[2.400s] -- Up-to-date: /home/peru0002/ros2_ws/install/moveit_ros_occupancy_map_monitor/share/moveit_ros_occupancy_map_monitor/local_setup.dsv
[2.400s] -- Installing: /home/peru0002/ros2_ws/install/moveit_ros_occupancy_map_monitor/share/moveit_ros_occupancy_map_monitor/package.dsv
[2.401s] -- Up-to-date: /home/peru0002/ros2_ws/install/moveit_ros_occupancy_map_monitor/share/ament_index/resource_index/packages/moveit_ros_occupancy_map_monitor
[2.401s] -- Up-to-date: /home/peru0002/ros2_ws/install/moveit_ros_occupancy_map_monitor/share/moveit_ros_occupancy_map_monitor/cmake/moveit_ros_occupancy_map_monitorTargetsExport.cmake
[2.402s] -- Up-to-date: /home/peru0002/ros2_ws/install/moveit_ros_occupancy_map_monitor/share/moveit_ros_occupancy_map_monitor/cmake/moveit_ros_occupancy_map_monitorTargetsExport-release.cmake
[2.403s] -- Up-to-date: /home/peru0002/ros2_ws/install/moveit_ros_occupancy_map_monitor/share/moveit_ros_occupancy_map_monitor/cmake/ament_cmake_export_targets-extras.cmake
[2.403s] -- Up-to-date: /home/peru0002/ros2_ws/install/moveit_ros_occupancy_map_monitor/share/moveit_ros_occupancy_map_monitor/cmake/ament_cmake_export_dependencies-extras.cmake
[2.404s] -- Up-to-date: /home/peru0002/ros2_ws/install/moveit_ros_occupancy_map_monitor/share/moveit_ros_occupancy_map_monitor/cmake/moveit_ros_occupancy_map_monitorConfig.cmake
[2.404s] -- Up-to-date: /home/peru0002/ros2_ws/install/moveit_ros_occupancy_map_monitor/share/moveit_ros_occupancy_map_monitor/cmake/moveit_ros_occupancy_map_monitorConfig-version.cmake
[2.404s] -- Up-to-date: /home/peru0002/ros2_ws/install/moveit_ros_occupancy_map_monitor/share/moveit_ros_occupancy_map_monitor/package.xml
[2.405s] Invoked command in '/home/peru0002/ros2_ws/build/moveit_ros_occupancy_map_monitor' returned '0': AMENT_PREFIX_PATH=/home/peru0002/ros2_ws/install/moveit_core:/home/peru0002/ros2_ws/install/moveit_resources_panda_moveit_config:/home/peru0002/ros2_ws/install/moveit_resources_pr2_description:/home/peru0002/ros2_ws/install/moveit_resources_panda_description:/home/peru0002/ros2_ws/install/moveit_msgs:/home/peru0002/ros2_ws/install/moveit_common:${AMENT_PREFIX_PATH} CMAKE_PREFIX_PATH=/home/peru0002/ros2_ws/install/moveit_core:/home/peru0002/ros2_ws/install/moveit_resources_panda_moveit_config:/home/peru0002/ros2_ws/install/moveit_resources_pr2_description:/home/peru0002/ros2_ws/install/moveit_resources_panda_description:/home/peru0002/ros2_ws/install/moveit_msgs:/home/peru0002/ros2_ws/install/moveit_common:/opt/ros/jazzy/opt/gz_sim_vendor:/opt/ros/jazzy/opt/gz_sensors_vendor:/opt/ros/jazzy/opt/gz_physics_vendor:/opt/ros/jazzy/opt/sdformat_vendor:/opt/ros/jazzy/opt/gz_gui_vendor:/opt/ros/jazzy/opt/gz_transport_vendor:/opt/ros/jazzy/opt/gz_rendering_vendor:/opt/ros/jazzy/opt/gz_plugin_vendor:/opt/ros/jazzy/opt/gz_fuel_tools_vendor:/opt/ros/jazzy/opt/gz_msgs_vendor:/opt/ros/jazzy/opt/gz_common_vendor:/opt/ros/jazzy/opt/gz_math_vendor:/opt/ros/jazzy/opt/gz_utils_vendor:/opt/ros/jazzy/opt/gz_tools_vendor:/opt/ros/jazzy/opt/gz_ogre_next_vendor:/opt/ros/jazzy/opt/gz_dartsim_vendor:/opt/ros/jazzy/opt/gz_cmake_vendor:/opt/ros/jazzy DEBUGINFOD_URLS=https://debuginfod.ubuntu.com LD_LIBRARY_PATH=/home/peru0002/ros2_ws/install/moveit_core/lib:/home/peru0002/ros2_ws/install/moveit_msgs/lib:${LD_LIBRARY_PATH} PATH=/home/peru0002/ros2_ws/install/moveit_core/bin:${PATH} PYTHONPATH=/home/peru0002/ros2_ws/install/moveit_msgs/lib/python3.12/site-packages:${PYTHONPATH} /usr/bin/cmake --install /home/peru0002/ros2_ws/build/moveit_ros_occupancy_map_monitor
