[0.431s] Invoking command in '/home/peru0002/ros2_ws/build/moveit_resources': AMENT_PREFIX_PATH=/home/peru0002/ros2_ws/install/moveit_resources_panda_moveit_config:/home/peru0002/ros2_ws/install/moveit_resources_fanuc_moveit_config:/home/peru0002/ros2_ws/install/moveit_resources_pr2_description:/home/peru0002/ros2_ws/install/moveit_resources_panda_description:/home/peru0002/ros2_ws/install/moveit_resources_fanuc_description:${AMENT_PREFIX_PATH} CMAKE_PREFIX_PATH=/home/peru0002/ros2_ws/install/moveit_resources_panda_moveit_config:/home/peru0002/ros2_ws/install/moveit_resources_fanuc_moveit_config:/home/peru0002/ros2_ws/install/moveit_resources_pr2_description:/home/peru0002/ros2_ws/install/moveit_resources_panda_description:/home/peru0002/ros2_ws/install/moveit_resources_fanuc_description:/opt/ros/jazzy/opt/gz_math_vendor:/opt/ros/jazzy/opt/gz_utils_vendor:/opt/ros/jazzy/opt/gz_cmake_vendor:/opt/ros/jazzy DEBUGINFOD_URLS=https://debuginfod.ubuntu.com /usr/bin/cmake /home/peru0002/ros2_ws/src/moveit_resources/moveit_resources -DCMAKE_BUILD_TYPE=Release -DCMAKE_INSTALL_PREFIX=/home/peru0002/ros2_ws/install/moveit_resources
[0.529s] -- The C compiler identification is GNU 13.3.0
[0.642s] -- The CXX compiler identification is GNU 13.3.0
[0.672s] -- Detecting C compiler ABI info
[0.830s] -- Detecting C compiler ABI info - done
[0.844s] -- Check for working C compiler: /usr/bin/cc - skipped
[0.845s] -- Detecting C compile features
[0.846s] -- Detecting C compile features - done
[0.861s] -- Detecting CXX compiler ABI info
[1.049s] -- Detecting CXX compiler ABI info - done
[1.065s] -- Check for working CXX compiler: /usr/bin/c++ - skipped
[1.066s] -- Detecting CXX compile features
[1.067s] -- Detecting CXX compile features - done
[1.073s] -- Found ament_cmake: 2.5.4 (/opt/ros/jazzy/share/ament_cmake/cmake)
[1.427s] -- Found Python3: /usr/bin/python3 (found version "3.12.3") found components: Interpreter 
[1.927s] -- Configuring done (1.5s)
[1.933s] -- Generating done (0.0s)
[1.936s] -- Build files have been written to: /home/peru0002/ros2_ws/build/moveit_resources
[1.953s] Invoked command in '/home/peru0002/ros2_ws/build/moveit_resources' returned '0': AMENT_PREFIX_PATH=/home/peru0002/ros2_ws/install/moveit_resources_panda_moveit_config:/home/peru0002/ros2_ws/install/moveit_resources_fanuc_moveit_config:/home/peru0002/ros2_ws/install/moveit_resources_pr2_description:/home/peru0002/ros2_ws/install/moveit_resources_panda_description:/home/peru0002/ros2_ws/install/moveit_resources_fanuc_description:${AMENT_PREFIX_PATH} CMAKE_PREFIX_PATH=/home/peru0002/ros2_ws/install/moveit_resources_panda_moveit_config:/home/peru0002/ros2_ws/install/moveit_resources_fanuc_moveit_config:/home/peru0002/ros2_ws/install/moveit_resources_pr2_description:/home/peru0002/ros2_ws/install/moveit_resources_panda_description:/home/peru0002/ros2_ws/install/moveit_resources_fanuc_description:/opt/ros/jazzy/opt/gz_math_vendor:/opt/ros/jazzy/opt/gz_utils_vendor:/opt/ros/jazzy/opt/gz_cmake_vendor:/opt/ros/jazzy DEBUGINFOD_URLS=https://debuginfod.ubuntu.com /usr/bin/cmake /home/peru0002/ros2_ws/src/moveit_resources/moveit_resources -DCMAKE_BUILD_TYPE=Release -DCMAKE_INSTALL_PREFIX=/home/peru0002/ros2_ws/install/moveit_resources
[1.954s] Invoking command in '/home/peru0002/ros2_ws/build/moveit_resources': AMENT_PREFIX_PATH=/home/peru0002/ros2_ws/install/moveit_resources_panda_moveit_config:/home/peru0002/ros2_ws/install/moveit_resources_fanuc_moveit_config:/home/peru0002/ros2_ws/install/moveit_resources_pr2_description:/home/peru0002/ros2_ws/install/moveit_resources_panda_description:/home/peru0002/ros2_ws/install/moveit_resources_fanuc_description:${AMENT_PREFIX_PATH} CMAKE_PREFIX_PATH=/home/peru0002/ros2_ws/install/moveit_resources_panda_moveit_config:/home/peru0002/ros2_ws/install/moveit_resources_fanuc_moveit_config:/home/peru0002/ros2_ws/install/moveit_resources_pr2_description:/home/peru0002/ros2_ws/install/moveit_resources_panda_description:/home/peru0002/ros2_ws/install/moveit_resources_fanuc_description:/opt/ros/jazzy/opt/gz_math_vendor:/opt/ros/jazzy/opt/gz_utils_vendor:/opt/ros/jazzy/opt/gz_cmake_vendor:/opt/ros/jazzy DEBUGINFOD_URLS=https://debuginfod.ubuntu.com /usr/bin/cmake --build /home/peru0002/ros2_ws/build/moveit_resources -- -j8 -l8
[3.388s] Invoked command in '/home/peru0002/ros2_ws/build/moveit_resources' returned '0': AMENT_PREFIX_PATH=/home/peru0002/ros2_ws/install/moveit_resources_panda_moveit_config:/home/peru0002/ros2_ws/install/moveit_resources_fanuc_moveit_config:/home/peru0002/ros2_ws/install/moveit_resources_pr2_description:/home/peru0002/ros2_ws/install/moveit_resources_panda_description:/home/peru0002/ros2_ws/install/moveit_resources_fanuc_description:${AMENT_PREFIX_PATH} CMAKE_PREFIX_PATH=/home/peru0002/ros2_ws/install/moveit_resources_panda_moveit_config:/home/peru0002/ros2_ws/install/moveit_resources_fanuc_moveit_config:/home/peru0002/ros2_ws/install/moveit_resources_pr2_description:/home/peru0002/ros2_ws/install/moveit_resources_panda_description:/home/peru0002/ros2_ws/install/moveit_resources_fanuc_description:/opt/ros/jazzy/opt/gz_math_vendor:/opt/ros/jazzy/opt/gz_utils_vendor:/opt/ros/jazzy/opt/gz_cmake_vendor:/opt/ros/jazzy DEBUGINFOD_URLS=https://debuginfod.ubuntu.com /usr/bin/cmake --build /home/peru0002/ros2_ws/build/moveit_resources -- -j8 -l8
[3.389s] Invoking command in '/home/peru0002/ros2_ws/build/moveit_resources': AMENT_PREFIX_PATH=/home/peru0002/ros2_ws/install/moveit_resources_panda_moveit_config:/home/peru0002/ros2_ws/install/moveit_resources_fanuc_moveit_config:/home/peru0002/ros2_ws/install/moveit_resources_pr2_description:/home/peru0002/ros2_ws/install/moveit_resources_panda_description:/home/peru0002/ros2_ws/install/moveit_resources_fanuc_description:${AMENT_PREFIX_PATH} CMAKE_PREFIX_PATH=/home/peru0002/ros2_ws/install/moveit_resources_panda_moveit_config:/home/peru0002/ros2_ws/install/moveit_resources_fanuc_moveit_config:/home/peru0002/ros2_ws/install/moveit_resources_pr2_description:/home/peru0002/ros2_ws/install/moveit_resources_panda_description:/home/peru0002/ros2_ws/install/moveit_resources_fanuc_description:/opt/ros/jazzy/opt/gz_math_vendor:/opt/ros/jazzy/opt/gz_utils_vendor:/opt/ros/jazzy/opt/gz_cmake_vendor:/opt/ros/jazzy DEBUGINFOD_URLS=https://debuginfod.ubuntu.com /usr/bin/cmake --install /home/peru0002/ros2_ws/build/moveit_resources
[3.419s] -- Install configuration: "Release"
[3.419s] -- Installing: /home/peru0002/ros2_ws/install/moveit_resources/share/ament_index/resource_index/package_run_dependencies/moveit_resources
[3.419s] -- Installing: /home/peru0002/ros2_ws/install/moveit_resources/share/ament_index/resource_index/parent_prefix_path/moveit_resources
[3.420s] -- Installing: /home/peru0002/ros2_ws/install/moveit_resources/share/moveit_resources/environment/ament_prefix_path.sh
[3.420s] -- Installing: /home/peru0002/ros2_ws/install/moveit_resources/share/moveit_resources/environment/ament_prefix_path.dsv
[3.420s] -- Installing: /home/peru0002/ros2_ws/install/moveit_resources/share/moveit_resources/environment/path.sh
[3.420s] -- Installing: /home/peru0002/ros2_ws/install/moveit_resources/share/moveit_resources/environment/path.dsv
[3.420s] -- Installing: /home/peru0002/ros2_ws/install/moveit_resources/share/moveit_resources/local_setup.bash
[3.420s] -- Installing: /home/peru0002/ros2_ws/install/moveit_resources/share/moveit_resources/local_setup.sh
[3.420s] -- Installing: /home/peru0002/ros2_ws/install/moveit_resources/share/moveit_resources/local_setup.zsh
[3.420s] -- Installing: /home/peru0002/ros2_ws/install/moveit_resources/share/moveit_resources/local_setup.dsv
[3.420s] -- Installing: /home/peru0002/ros2_ws/install/moveit_resources/share/moveit_resources/package.dsv
[3.421s] -- Installing: /home/peru0002/ros2_ws/install/moveit_resources/share/ament_index/resource_index/packages/moveit_resources
[3.421s] -- Installing: /home/peru0002/ros2_ws/install/moveit_resources/share/moveit_resources/cmake/moveit_resourcesConfig.cmake
[3.421s] -- Installing: /home/peru0002/ros2_ws/install/moveit_resources/share/moveit_resources/cmake/moveit_resourcesConfig-version.cmake
[3.421s] -- Installing: /home/peru0002/ros2_ws/install/moveit_resources/share/moveit_resources/package.xml
[3.451s] Invoked command in '/home/peru0002/ros2_ws/build/moveit_resources' returned '0': AMENT_PREFIX_PATH=/home/peru0002/ros2_ws/install/moveit_resources_panda_moveit_config:/home/peru0002/ros2_ws/install/moveit_resources_fanuc_moveit_config:/home/peru0002/ros2_ws/install/moveit_resources_pr2_description:/home/peru0002/ros2_ws/install/moveit_resources_panda_description:/home/peru0002/ros2_ws/install/moveit_resources_fanuc_description:${AMENT_PREFIX_PATH} CMAKE_PREFIX_PATH=/home/peru0002/ros2_ws/install/moveit_resources_panda_moveit_config:/home/peru0002/ros2_ws/install/moveit_resources_fanuc_moveit_config:/home/peru0002/ros2_ws/install/moveit_resources_pr2_description:/home/peru0002/ros2_ws/install/moveit_resources_panda_description:/home/peru0002/ros2_ws/install/moveit_resources_fanuc_description:/opt/ros/jazzy/opt/gz_math_vendor:/opt/ros/jazzy/opt/gz_utils_vendor:/opt/ros/jazzy/opt/gz_cmake_vendor:/opt/ros/jazzy DEBUGINFOD_URLS=https://debuginfod.ubuntu.com /usr/bin/cmake --install /home/peru0002/ros2_ws/build/moveit_resources
