[0.034s] Invoking command in '/home/peru0002/ros2_ws/build/moveit_ros_perception': AMENT_PREFIX_PATH=/home/peru0002/ros2_ws/install/moveit_ros_planning:/home/peru0002/ros2_ws/install/moveit_ros_occupancy_map_monitor:/home/peru0002/ros2_ws/install/moveit_core:/home/peru0002/ros2_ws/install/moveit_resources_panda_moveit_config:/home/peru0002/ros2_ws/install/moveit_resources_pr2_description:/home/peru0002/ros2_ws/install/moveit_resources_panda_description:/home/peru0002/ros2_ws/install/moveit_msgs:/home/peru0002/ros2_ws/install/moveit_configs_utils:/home/peru0002/ros2_ws/install/moveit_common:${AMENT_PREFIX_PATH} CMAKE_PREFIX_PATH=/home/peru0002/ros2_ws/install/moveit_ros_planning:/home/peru0002/ros2_ws/install/moveit_ros_occupancy_map_monitor:/home/peru0002/ros2_ws/install/moveit_core:/home/peru0002/ros2_ws/install/moveit_resources_panda_moveit_config:/home/peru0002/ros2_ws/install/moveit_resources_pr2_description:/home/peru0002/ros2_ws/install/moveit_resources_panda_description:/home/peru0002/ros2_ws/install/moveit_msgs:/home/peru0002/ros2_ws/install/moveit_common:/opt/ros/jazzy/opt/gz_math_vendor:/opt/ros/jazzy/opt/gz_utils_vendor:/opt/ros/jazzy/opt/gz_cmake_vendor:/opt/ros/jazzy DEBUGINFOD_URLS=https://debuginfod.ubuntu.com LD_LIBRARY_PATH=/home/peru0002/ros2_ws/install/moveit_ros_planning/lib:/home/peru0002/ros2_ws/install/moveit_ros_occupancy_map_monitor/lib:/home/peru0002/ros2_ws/install/moveit_core/lib:/home/peru0002/ros2_ws/install/moveit_msgs/lib:${LD_LIBRARY_PATH} PATH=/home/peru0002/ros2_ws/install/moveit_core/bin:${PATH} PYTHONPATH=/home/peru0002/ros2_ws/install/moveit_msgs/lib/python3.12/site-packages:/home/peru0002/ros2_ws/install/moveit_configs_utils/lib/python3.12/site-packages:${PYTHONPATH} /usr/bin/cmake /home/peru0002/ros2_ws/src/moveit2/moveit_ros/perception -DCMAKE_BUILD_TYPE=Release -DCMAKE_INSTALL_PREFIX=/home/peru0002/ros2_ws/install/moveit_ros_perception
[0.149s] -- The CXX compiler identification is GNU 13.3.0
[0.188s] -- Detecting CXX compiler ABI info
[0.353s] -- Detecting CXX compiler ABI info - done
[0.372s] -- Check for working CXX compiler: /usr/bin/c++ - skipped
[0.372s] -- Detecting CXX compile features
[0.373s] -- Detecting CXX compile features - done
[0.375s] -- Found moveit_common: 2.14.1 (/home/peru0002/ros2_ws/install/moveit_common/share/moveit_common/cmake)
[0.379s] -- Found ament_cmake: 2.5.4 (/opt/ros/jazzy/share/ament_cmake/cmake)
[0.670s] -- Found Python3: /usr/bin/python3 (found version "3.12.3") found components: Interpreter 
[1.060s] -- Found OpenGL: /usr/lib/x86_64-linux-gnu/libOpenGL.so   
[1.152s] -- Found GLEW: /usr/include (found version "2.2.0") 
[1.261s] -- Found GLUT: /usr/lib/x86_64-linux-gnu/libglut.so  
[1.269s] -- Found cv_bridge: 4.1.0 (/opt/ros/jazzy/share/cv_bridge/cmake)
[1.358s] -- Found rosidl_generator_c: 4.6.6 (/opt/ros/jazzy/share/rosidl_generator_c/cmake)
[1.382s] -- Found rosidl_generator_cpp: 4.6.6 (/opt/ros/jazzy/share/rosidl_generator_cpp/cmake)
[1.409s] -- Using all available rosidl_typesupport_c: rosidl_typesupport_fastrtps_c;rosidl_typesupport_introspection_c
[1.438s] -- Using all available rosidl_typesupport_cpp: rosidl_typesupport_fastrtps_cpp;rosidl_typesupport_introspection_cpp
[1.675s] -- Found rmw_implementation_cmake: 7.3.2 (/opt/ros/jazzy/share/rmw_implementation_cmake/cmake)
[1.681s] -- Found rmw_fastrtps_cpp: 8.4.3 (/opt/ros/jazzy/share/rmw_fastrtps_cpp/cmake)
[1.841s] -- Found OpenSSL: /usr/lib/x86_64-linux-gnu/libcrypto.so (found version "3.0.13")  
[1.875s] -- Found FastRTPS: /opt/ros/jazzy/include (Required is at least version "2.13") 
[1.919s] -- Using RMW implementation 'rmw_fastrtps_cpp' as default
[2.051s] -- Found moveit_core: 2.14.1 (/home/peru0002/ros2_ws/install/moveit_core/share/moveit_core/cmake)
[2.332s] -- Found Boost: /usr/lib/x86_64-linux-gnu/cmake/Boost-1.83.0/BoostConfig.cmake (found version "1.83.0") found components: chrono date_time filesystem iostreams program_options regex serialization system thread 
[2.453s] -- Found parameter_traits: 0.5.0 (/opt/ros/jazzy/share/parameter_traits/cmake)
[2.478s] -- Found rclcpp_lifecycle: 28.1.13 (/opt/ros/jazzy/share/rclcpp_lifecycle/cmake)
[2.542s] -- Found Boost: /usr/lib/x86_64-linux-gnu/cmake/Boost-1.83.0/BoostConfig.cmake (found version "1.83.0") found components: filesystem 
[2.688s] -- Found Eigen3: TRUE (found version "3.4.0") 
[2.688s] -- Ensuring Eigen3 include directory is part of orocos-kdl CMake target
[3.325s] -- Found image_transport: 5.1.7 (/opt/ros/jazzy/share/image_transport/cmake)
[3.332s] -- Found moveit_ros_occupancy_map_monitor: 2.14.1 (/home/peru0002/ros2_ws/install/moveit_ros_occupancy_map_monitor/share/moveit_ros_occupancy_map_monitor/cmake)
[3.855s] -- Found OpenMP_CXX: -fopenmp (found version "4.5") 
[3.856s] -- Found OpenMP: TRUE (found version "4.5")  
[3.864s] -- Found OpenCV: /usr (found version "4.6.0") 
[3.873s] -- Found Boost: /usr/lib/x86_64-linux-gnu/cmake/Boost-1.83.0/BoostConfig.cmake (found version "1.83.0") found components: thread 
[3.924s] -- Performing Test COMPILER_HAS_HIDDEN_VISIBILITY
[4.439s] -- Performing Test COMPILER_HAS_HIDDEN_VISIBILITY - Success
[4.444s] -- Performing Test COMPILER_HAS_HIDDEN_INLINE_VISIBILITY
[5.184s] -- Performing Test COMPILER_HAS_HIDDEN_INLINE_VISIBILITY - Success
[5.185s] -- Performing Test COMPILER_HAS_DEPRECATED_ATTR
[6.081s] -- Performing Test COMPILER_HAS_DEPRECATED_ATTR - Success
[6.295s] -- Configuring done (6.2s)
[7.342s] -- Generating done (0.8s)
[7.523s] -- Build files have been written to: /home/peru0002/ros2_ws/build/moveit_ros_perception
[7.660s] Invoked command in '/home/peru0002/ros2_ws/build/moveit_ros_perception' returned '0': AMENT_PREFIX_PATH=/home/peru0002/ros2_ws/install/moveit_ros_planning:/home/peru0002/ros2_ws/install/moveit_ros_occupancy_map_monitor:/home/peru0002/ros2_ws/install/moveit_core:/home/peru0002/ros2_ws/install/moveit_resources_panda_moveit_config:/home/peru0002/ros2_ws/install/moveit_resources_pr2_description:/home/peru0002/ros2_ws/install/moveit_resources_panda_description:/home/peru0002/ros2_ws/install/moveit_msgs:/home/peru0002/ros2_ws/install/moveit_configs_utils:/home/peru0002/ros2_ws/install/moveit_common:${AMENT_PREFIX_PATH} CMAKE_PREFIX_PATH=/home/peru0002/ros2_ws/install/moveit_ros_planning:/home/peru0002/ros2_ws/install/moveit_ros_occupancy_map_monitor:/home/peru0002/ros2_ws/install/moveit_core:/home/peru0002/ros2_ws/install/moveit_resources_panda_moveit_config:/home/peru0002/ros2_ws/install/moveit_resources_pr2_description:/home/peru0002/ros2_ws/install/moveit_resources_panda_description:/home/peru0002/ros2_ws/install/moveit_msgs:/home/peru0002/ros2_ws/install/moveit_common:/opt/ros/jazzy/opt/gz_math_vendor:/opt/ros/jazzy/opt/gz_utils_vendor:/opt/ros/jazzy/opt/gz_cmake_vendor:/opt/ros/jazzy DEBUGINFOD_URLS=https://debuginfod.ubuntu.com LD_LIBRARY_PATH=/home/peru0002/ros2_ws/install/moveit_ros_planning/lib:/home/peru0002/ros2_ws/install/moveit_ros_occupancy_map_monitor/lib:/home/peru0002/ros2_ws/install/moveit_core/lib:/home/peru0002/ros2_ws/install/moveit_msgs/lib:${LD_LIBRARY_PATH} PATH=/home/peru0002/ros2_ws/install/moveit_core/bin:${PATH} PYTHONPATH=/home/peru0002/ros2_ws/install/moveit_msgs/lib/python3.12/site-packages:/home/peru0002/ros2_ws/install/moveit_configs_utils/lib/python3.12/site-packages:${PYTHONPATH} /usr/bin/cmake /home/peru0002/ros2_ws/src/moveit2/moveit_ros/perception -DCMAKE_BUILD_TYPE=Release -DCMAKE_INSTALL_PREFIX=/home/peru0002/ros2_ws/install/moveit_ros_perception
[7.661s] Invoking command in '/home/peru0002/ros2_ws/build/moveit_ros_perception': AMENT_PREFIX_PATH=/home/peru0002/ros2_ws/install/moveit_ros_planning:/home/peru0002/ros2_ws/install/moveit_ros_occupancy_map_monitor:/home/peru0002/ros2_ws/install/moveit_core:/home/peru0002/ros2_ws/install/moveit_resources_panda_moveit_config:/home/peru0002/ros2_ws/install/moveit_resources_pr2_description:/home/peru0002/ros2_ws/install/moveit_resources_panda_description:/home/peru0002/ros2_ws/install/moveit_msgs:/home/peru0002/ros2_ws/install/moveit_configs_utils:/home/peru0002/ros2_ws/install/moveit_common:${AMENT_PREFIX_PATH} CMAKE_PREFIX_PATH=/home/peru0002/ros2_ws/install/moveit_ros_planning:/home/peru0002/ros2_ws/install/moveit_ros_occupancy_map_monitor:/home/peru0002/ros2_ws/install/moveit_core:/home/peru0002/ros2_ws/install/moveit_resources_panda_moveit_config:/home/peru0002/ros2_ws/install/moveit_resources_pr2_description:/home/peru0002/ros2_ws/install/moveit_resources_panda_description:/home/peru0002/ros2_ws/install/moveit_msgs:/home/peru0002/ros2_ws/install/moveit_common:/opt/ros/jazzy/opt/gz_math_vendor:/opt/ros/jazzy/opt/gz_utils_vendor:/opt/ros/jazzy/opt/gz_cmake_vendor:/opt/ros/jazzy DEBUGINFOD_URLS=https://debuginfod.ubuntu.com LD_LIBRARY_PATH=/home/peru0002/ros2_ws/install/moveit_ros_planning/lib:/home/peru0002/ros2_ws/install/moveit_ros_occupancy_map_monitor/lib:/home/peru0002/ros2_ws/install/moveit_core/lib:/home/peru0002/ros2_ws/install/moveit_msgs/lib:${LD_LIBRARY_PATH} PATH=/home/peru0002/ros2_ws/install/moveit_core/bin:${PATH} PYTHONPATH=/home/peru0002/ros2_ws/install/moveit_msgs/lib/python3.12/site-packages:/home/peru0002/ros2_ws/install/moveit_configs_utils/lib/python3.12/site-packages:${PYTHONPATH} /usr/bin/cmake --build /home/peru0002/ros2_ws/build/moveit_ros_perception -- -j8 -l8
[8.054s] [  5%] [32mBuilding CXX object lazy_free_space_updater/CMakeFiles/moveit_lazy_free_space_updater.dir/src/lazy_free_space_updater.cpp.o[0m
[8.054s] [ 10%] [32mBuilding CXX object mesh_filter/CMakeFiles/moveit_mesh_filter.dir/src/sensor_model.cpp.o[0m
[8.057s] [ 15%] [32mBuilding CXX object mesh_filter/CMakeFiles/moveit_mesh_filter.dir/src/mesh_filter_base.cpp.o[0m
[8.064s] [ 20%] [32mBuilding CXX object mesh_filter/CMakeFiles/moveit_mesh_filter.dir/src/stereo_camera_model.cpp.o[0m
[8.080s] [ 25%] [32mBuilding CXX object semantic_world/CMakeFiles/moveit_semantic_world.dir/src/semantic_world.cpp.o[0m
[8.080s] [ 30%] [32mBuilding CXX object point_containment_filter/CMakeFiles/moveit_point_containment_filter.dir/src/shape_mask.cpp.o[0m
[8.083s] [ 35%] [32mBuilding CXX object mesh_filter/CMakeFiles/moveit_mesh_filter.dir/src/gl_renderer.cpp.o[0m
[27.438s] [ 40%] [32m[1mLinking CXX shared library libmoveit_lazy_free_space_updater.so[0m
[29.821s] [ 40%] Built target moveit_lazy_free_space_updater
[36.878s] [ 45%] [32m[1mLinking CXX shared library libmoveit_point_containment_filter.so[0m
