[0.420s] Invoking command in '/home/peru0002/ros2_ws/build/robotiq_description': CMAKE_PREFIX_PATH=${CMAKE_PREFIX_PATH}:/opt/ros/jazzy DEBUGINFOD_URLS=https://debuginfod.ubuntu.com /usr/bin/cmake /home/peru0002/ros2_ws/src/ros2_robotiq_gripper/robotiq_description -DCMAKE_INSTALL_PREFIX=/home/peru0002/ros2_ws/install/robotiq_description
[0.451s] -- Found ament_cmake: 2.5.4 (/opt/ros/jazzy/share/ament_cmake/cmake)
[1.107s] -- Configuring done (0.7s)
[1.114s] -- Generating done (0.0s)
[1.119s] -- Build files have been written to: /home/peru0002/ros2_ws/build/robotiq_description
[1.124s] Invoked command in '/home/peru0002/ros2_ws/build/robotiq_description' returned '0': CMAKE_PREFIX_PATH=${CMAKE_PREFIX_PATH}:/opt/ros/jazzy DEBUGINFOD_URLS=https://debuginfod.ubuntu.com /usr/bin/cmake /home/peru0002/ros2_ws/src/ros2_robotiq_gripper/robotiq_description -DCMAKE_INSTALL_PREFIX=/home/peru0002/ros2_ws/install/robotiq_description
[1.126s] Invoking command in '/home/peru0002/ros2_ws/build/robotiq_description': CMAKE_PREFIX_PATH=${CMAKE_PREFIX_PATH}:/opt/ros/jazzy DEBUGINFOD_URLS=https://debuginfod.ubuntu.com /usr/bin/cmake --build /home/peru0002/ros2_ws/build/robotiq_description -- -j8 -l8
[1.245s] Invoked command in '/home/peru0002/ros2_ws/build/robotiq_description' returned '0': CMAKE_PREFIX_PATH=${CMAKE_PREFIX_PATH}:/opt/ros/jazzy DEBUGINFOD_URLS=https://debuginfod.ubuntu.com /usr/bin/cmake --build /home/peru0002/ros2_ws/build/robotiq_description -- -j8 -l8
[1.247s] Invoking command in '/home/peru0002/ros2_ws/build/robotiq_description': CMAKE_PREFIX_PATH=${CMAKE_PREFIX_PATH}:/opt/ros/jazzy DEBUGINFOD_URLS=https://debuginfod.ubuntu.com /usr/bin/cmake --install /home/peru0002/ros2_ws/build/robotiq_description
[1.264s] -- Install configuration: "Release"
[1.266s] -- Up-to-date: /home/peru0002/ros2_ws/install/robotiq_description/share/robotiq_description/config
[1.268s] -- Up-to-date: /home/peru0002/ros2_ws/install/robotiq_description/share/robotiq_description/config/robotiq_controllers.yaml
[1.268s] -- Up-to-date: /home/peru0002/ros2_ws/install/robotiq_description/share/robotiq_description/launch
[1.268s] -- Up-to-date: /home/peru0002/ros2_ws/install/robotiq_description/share/robotiq_description/launch/view_gripper.launch.py
[1.269s] -- Up-to-date: /home/peru0002/ros2_ws/install/robotiq_description/share/robotiq_description/launch/robotiq_control.launch.py
[1.269s] -- Up-to-date: /home/peru0002/ros2_ws/install/robotiq_description/share/robotiq_description/meshes
[1.269s] -- Up-to-date: /home/peru0002/ros2_ws/install/robotiq_description/share/robotiq_description/meshes/visual
[1.269s] -- Up-to-date: /home/peru0002/ros2_ws/install/robotiq_description/share/robotiq_description/meshes/visual/2f_85
[1.269s] -- Up-to-date: /home/peru0002/ros2_ws/install/robotiq_description/share/robotiq_description/meshes/visual/2f_85/right_knuckle.dae
[1.269s] -- Up-to-date: /home/peru0002/ros2_ws/install/robotiq_description/share/robotiq_description/meshes/visual/2f_85/left_knuckle.dae
[1.270s] -- Up-to-date: /home/peru0002/ros2_ws/install/robotiq_description/share/robotiq_description/meshes/visual/2f_85/left_finger.dae
[1.270s] -- Up-to-date: /home/peru0002/ros2_ws/install/robotiq_description/share/robotiq_description/meshes/visual/2f_85/right_finger_tip.dae
[1.270s] -- Up-to-date: /home/peru0002/ros2_ws/install/robotiq_description/share/robotiq_description/meshes/visual/2f_85/left_inner_knuckle.dae
[1.270s] -- Up-to-date: /home/peru0002/ros2_ws/install/robotiq_description/share/robotiq_description/meshes/visual/2f_85/right_inner_knuckle.dae
[1.271s] -- Up-to-date: /home/peru0002/ros2_ws/install/robotiq_description/share/robotiq_description/meshes/visual/2f_85/left_finger_tip.dae
[1.271s] -- Up-to-date: /home/peru0002/ros2_ws/install/robotiq_description/share/robotiq_description/meshes/visual/2f_85/robotiq_base.dae
[1.271s] -- Up-to-date: /home/peru0002/ros2_ws/install/robotiq_description/share/robotiq_description/meshes/visual/2f_85/right_finger.dae
[1.271s] -- Up-to-date: /home/peru0002/ros2_ws/install/robotiq_description/share/robotiq_description/meshes/visual/2f_85/ur_to_robotiq_adapter.dae
[1.271s] -- Up-to-date: /home/peru0002/ros2_ws/install/robotiq_description/share/robotiq_description/meshes/visual/2f_140
[1.271s] -- Up-to-date: /home/peru0002/ros2_ws/install/robotiq_description/share/robotiq_description/meshes/visual/2f_140/robotiq_2f_140_coupling.stl
[1.272s] -- Up-to-date: /home/peru0002/ros2_ws/install/robotiq_description/share/robotiq_description/meshes/visual/2f_140/robotiq_2f_140_inner_finger.stl
[1.272s] -- Up-to-date: /home/peru0002/ros2_ws/install/robotiq_description/share/robotiq_description/meshes/visual/2f_140/robotiq_2f_140_outer_finger.stl
[1.273s] -- Up-to-date: /home/peru0002/ros2_ws/install/robotiq_description/share/robotiq_description/meshes/visual/2f_140/robotiq_2f_140_base_link.stl
[1.275s] -- Up-to-date: /home/peru0002/ros2_ws/install/robotiq_description/share/robotiq_description/meshes/visual/2f_140/robotiq_2f_140_outer_knuckle.stl
[1.276s] -- Up-to-date: /home/peru0002/ros2_ws/install/robotiq_description/share/robotiq_description/meshes/visual/2f_140/robotiq_2f_140_inner_knuckle.stl
[1.276s] -- Up-to-date: /home/peru0002/ros2_ws/install/robotiq_description/share/robotiq_description/meshes/collision
[1.276s] -- Up-to-date: /home/peru0002/ros2_ws/install/robotiq_description/share/robotiq_description/meshes/collision/2f_85
[1.277s] -- Up-to-date: /home/peru0002/ros2_ws/install/robotiq_description/share/robotiq_description/meshes/collision/2f_85/right_finger.stl
[1.277s] -- Up-to-date: /home/peru0002/ros2_ws/install/robotiq_description/share/robotiq_description/meshes/collision/2f_85/right_inner_knuckle.stl
[1.277s] -- Up-to-date: /home/peru0002/ros2_ws/install/robotiq_description/share/robotiq_description/meshes/collision/2f_85/right_finger_tip.stl
[1.277s] -- Up-to-date: /home/peru0002/ros2_ws/install/robotiq_description/share/robotiq_description/meshes/collision/2f_85/robotiq_base.stl
[1.277s] -- Up-to-date: /home/peru0002/ros2_ws/install/robotiq_description/share/robotiq_description/meshes/collision/2f_85/left_finger_tip.stl
[1.278s] -- Up-to-date: /home/peru0002/ros2_ws/install/robotiq_description/share/robotiq_description/meshes/collision/2f_85/ur_to_robotiq_adapter.stl
[1.278s] -- Up-to-date: /home/peru0002/ros2_ws/install/robotiq_description/share/robotiq_description/meshes/collision/2f_85/right_knuckle.stl
[1.278s] -- Up-to-date: /home/peru0002/ros2_ws/install/robotiq_description/share/robotiq_description/meshes/collision/2f_85/left_inner_knuckle.stl
[1.278s] -- Up-to-date: /home/peru0002/ros2_ws/install/robotiq_description/share/robotiq_description/meshes/collision/2f_85/left_knuckle.stl
[1.278s] -- Up-to-date: /home/peru0002/ros2_ws/install/robotiq_description/share/robotiq_description/meshes/collision/2f_85/left_finger.stl
[1.278s] -- Up-to-date: /home/peru0002/ros2_ws/install/robotiq_description/share/robotiq_description/meshes/collision/2f_140
[1.278s] -- Up-to-date: /home/peru0002/ros2_ws/install/robotiq_description/share/robotiq_description/meshes/collision/2f_140/robotiq_2f_140_coupling.stl
[1.278s] -- Up-to-date: /home/peru0002/ros2_ws/install/robotiq_description/share/robotiq_description/meshes/collision/2f_140/robotiq_2f_140_inner_finger.stl
[1.279s] -- Up-to-date: /home/peru0002/ros2_ws/install/robotiq_description/share/robotiq_description/meshes/collision/2f_140/robotiq_2f_140_outer_finger.stl
[1.279s] -- Up-to-date: /home/peru0002/ros2_ws/install/robotiq_description/share/robotiq_description/meshes/collision/2f_140/robotiq_2f_140_base_link.stl
[1.279s] -- Up-to-date: /home/peru0002/ros2_ws/install/robotiq_description/share/robotiq_description/meshes/collision/2f_140/robotiq_2f_140_outer_knuckle.stl
[1.279s] -- Up-to-date: /home/peru0002/ros2_ws/install/robotiq_description/share/robotiq_description/meshes/collision/2f_140/robotiq_2f_140_inner_knuckle.stl
[1.279s] -- Up-to-date: /home/peru0002/ros2_ws/install/robotiq_description/share/robotiq_description/rviz
[1.279s] -- Up-to-date: /home/peru0002/ros2_ws/install/robotiq_description/share/robotiq_description/rviz/view_urdf.rviz
[1.279s] -- Up-to-date: /home/peru0002/ros2_ws/install/robotiq_description/share/robotiq_description/urdf
[1.279s] -- Up-to-date: /home/peru0002/ros2_ws/install/robotiq_description/share/robotiq_description/urdf/robotiq_2f_140.xacro
[1.279s] -- Up-to-date: /home/peru0002/ros2_ws/install/robotiq_description/share/robotiq_description/urdf/2f_85.ros2_control.xacro
[1.280s] -- Up-to-date: /home/peru0002/ros2_ws/install/robotiq_description/share/robotiq_description/urdf/robotiq_2f_140_gripper.urdf.xacro
[1.280s] -- Up-to-date: /home/peru0002/ros2_ws/install/robotiq_description/share/robotiq_description/urdf/ur_to_robotiq_adapter.urdf.xacro
[1.280s] -- Up-to-date: /home/peru0002/ros2_ws/install/robotiq_description/share/robotiq_description/urdf/robotiq_2f_85_gripper.urdf.xacro
[1.280s] -- Up-to-date: /home/peru0002/ros2_ws/install/robotiq_description/share/robotiq_description/urdf/robotiq_2f_85_macro.urdf.xacro
[1.280s] -- Up-to-date: /home/peru0002/ros2_ws/install/robotiq_description/share/robotiq_description/urdf/robotiq_2f_140_macro.urdf.xacro
[1.280s] -- Up-to-date: /home/peru0002/ros2_ws/install/robotiq_description/share/robotiq_description/urdf/2f_140.ros2_control.xacro
[1.280s] -- Up-to-date: /home/peru0002/ros2_ws/install/robotiq_description/share/ament_index/resource_index/package_run_dependencies/robotiq_description
[1.281s] -- Up-to-date: /home/peru0002/ros2_ws/install/robotiq_description/share/ament_index/resource_index/parent_prefix_path/robotiq_description
[1.281s] -- Up-to-date: /home/peru0002/ros2_ws/install/robotiq_description/share/robotiq_description/environment/ament_prefix_path.sh
[1.281s] -- Up-to-date: /home/peru0002/ros2_ws/install/robotiq_description/share/robotiq_description/environment/ament_prefix_path.dsv
[1.281s] -- Up-to-date: /home/peru0002/ros2_ws/install/robotiq_description/share/robotiq_description/environment/path.sh
[1.281s] -- Up-to-date: /home/peru0002/ros2_ws/install/robotiq_description/share/robotiq_description/environment/path.dsv
[1.281s] -- Up-to-date: /home/peru0002/ros2_ws/install/robotiq_description/share/robotiq_description/local_setup.bash
[1.282s] -- Up-to-date: /home/peru0002/ros2_ws/install/robotiq_description/share/robotiq_description/local_setup.sh
[1.282s] -- Up-to-date: /home/peru0002/ros2_ws/install/robotiq_description/share/robotiq_description/local_setup.zsh
[1.282s] -- Up-to-date: /home/peru0002/ros2_ws/install/robotiq_description/share/robotiq_description/local_setup.dsv
[1.282s] -- Up-to-date: /home/peru0002/ros2_ws/install/robotiq_description/share/robotiq_description/package.dsv
[1.282s] -- Up-to-date: /home/peru0002/ros2_ws/install/robotiq_description/share/ament_index/resource_index/packages/robotiq_description
[1.282s] -- Up-to-date: /home/peru0002/ros2_ws/install/robotiq_description/share/robotiq_description/cmake/robotiq_descriptionConfig.cmake
[1.282s] -- Up-to-date: /home/peru0002/ros2_ws/install/robotiq_description/share/robotiq_description/cmake/robotiq_descriptionConfig-version.cmake
[1.282s] -- Up-to-date: /home/peru0002/ros2_ws/install/robotiq_description/share/robotiq_description/package.xml
[1.286s] Invoked command in '/home/peru0002/ros2_ws/build/robotiq_description' returned '0': CMAKE_PREFIX_PATH=${CMAKE_PREFIX_PATH}:/opt/ros/jazzy DEBUGINFOD_URLS=https://debuginfod.ubuntu.com /usr/bin/cmake --install /home/peru0002/ros2_ws/build/robotiq_description
