[0.185s] DEBUG:colcon:Command line arguments: ['/usr/bin/colcon', 'build', '--packages-select', 'rplidar_ros', '--symlink-install']
[0.185s] DEBUG:colcon:Parsed command line arguments: Namespace(log_base=None, log_level=None, verb_name='build', build_base='build', install_base='install', merge_install=False, symlink_install=True, test_result_base=None, continue_on_error=False, executor='parallel', parallel_workers=8, event_handlers=None, ignore_user_meta=False, metas=['./colcon.meta'], base_paths=['.'], packages_ignore=None, packages_ignore_regex=None, paths=None, packages_up_to=None, packages_up_to_regex=None, packages_above=None, packages_above_and_dependencies=None, packages_above_depth=None, packages_select_by_dep=None, packages_skip_by_dep=None, packages_skip_up_to=None, packages_select_build_failed=False, packages_skip_build_finished=False, packages_select_test_failures=False, packages_skip_test_passed=False, packages_select=['rplidar_ros'], packages_skip=None, packages_select_regex=None, packages_skip_regex=None, packages_start=None, packages_end=None, allow_overriding=[], cmake_args=None, cmake_target=None, cmake_target_skip_unavailable=False, cmake_clean_cache=False, cmake_clean_first=False, cmake_force_configure=False, ament_cmake_args=None, catkin_cmake_args=None, catkin_skip_building_tests=False, mixin_files=None, mixin=None, verb_parser=<colcon_mixin.mixin.mixin_argument.MixinArgumentDecorator object at 0x7f946cbdeb10>, verb_extension=<colcon_core.verb.build.BuildVerb object at 0x7f946cb07590>, main=<bound method BuildVerb.main of <colcon_core.verb.build.BuildVerb object at 0x7f946cb07590>>, mixin_verb=('build',))
[0.231s] Level 1:colcon.colcon_core.package_discovery:discover_packages(colcon_meta) check parameters
[0.231s] Level 1:colcon.colcon_core.package_discovery:discover_packages(recursive) check parameters
[0.231s] Level 1:colcon.colcon_core.package_discovery:discover_packages(ignore) check parameters
[0.231s] Level 1:colcon.colcon_core.package_discovery:discover_packages(path) check parameters
[0.231s] Level 1:colcon.colcon_core.package_discovery:discover_packages(colcon_meta) discover
[0.231s] Level 1:colcon.colcon_core.package_discovery:discover_packages(recursive) discover
[0.231s] INFO:colcon.colcon_core.package_discovery:Crawling recursively for packages in '/home/peru0002/ros2_ws'
[0.231s] Level 1:colcon.colcon_core.package_identification:_identify(.) by extensions ['ignore', 'ignore_ament_install']
[0.231s] Level 1:colcon.colcon_core.package_identification:_identify(.) by extension 'ignore'
[0.231s] Level 1:colcon.colcon_core.package_identification:_identify(.) by extension 'ignore_ament_install'
[0.232s] Level 1:colcon.colcon_core.package_identification:_identify(.) by extensions ['colcon_pkg']
[0.232s] Level 1:colcon.colcon_core.package_identification:_identify(.) by extension 'colcon_pkg'
[0.232s] Level 1:colcon.colcon_core.package_identification:_identify(.) by extensions ['colcon_meta']
[0.232s] Level 1:colcon.colcon_core.package_identification:_identify(.) by extension 'colcon_meta'
[0.232s] Level 1:colcon.colcon_core.package_identification:_identify(.) by extensions ['ros']
[0.232s] Level 1:colcon.colcon_core.package_identification:_identify(.) by extension 'ros'
[0.262s] Level 1:colcon.colcon_core.package_identification:_identify(.) by extensions ['cmake', 'python']
[0.263s] Level 1:colcon.colcon_core.package_identification:_identify(.) by extension 'cmake'
[0.263s] Level 1:colcon.colcon_core.package_identification:_identify(.) by extension 'python'
[0.263s] Level 1:colcon.colcon_core.package_identification:_identify(.) by extensions ['python_setup_py']
[0.263s] Level 1:colcon.colcon_core.package_identification:_identify(.) by extension 'python_setup_py'
[0.263s] Level 1:colcon.colcon_core.package_identification:_identify(build) by extensions ['ignore', 'ignore_ament_install']
[0.263s] Level 1:colcon.colcon_core.package_identification:_identify(build) by extension 'ignore'
[0.263s] Level 1:colcon.colcon_core.package_identification:_identify(build) ignored
[0.263s] Level 1:colcon.colcon_core.package_identification:_identify(install) by extensions ['ignore', 'ignore_ament_install']
[0.263s] Level 1:colcon.colcon_core.package_identification:_identify(install) by extension 'ignore'
[0.263s] Level 1:colcon.colcon_core.package_identification:_identify(install) ignored
[0.263s] Level 1:colcon.colcon_core.package_identification:_identify(log) by extensions ['ignore', 'ignore_ament_install']
[0.263s] Level 1:colcon.colcon_core.package_identification:_identify(log) by extension 'ignore'
[0.264s] Level 1:colcon.colcon_core.package_identification:_identify(log) ignored
[0.264s] Level 1:colcon.colcon_core.package_identification:_identify(src) by extensions ['ignore', 'ignore_ament_install']
[0.264s] Level 1:colcon.colcon_core.package_identification:_identify(src) by extension 'ignore'
[0.264s] Level 1:colcon.colcon_core.package_identification:_identify(src) by extension 'ignore_ament_install'
[0.264s] Level 1:colcon.colcon_core.package_identification:_identify(src) by extensions ['colcon_pkg']
[0.264s] Level 1:colcon.colcon_core.package_identification:_identify(src) by extension 'colcon_pkg'
[0.264s] Level 1:colcon.colcon_core.package_identification:_identify(src) by extensions ['colcon_meta']
[0.264s] Level 1:colcon.colcon_core.package_identification:_identify(src) by extension 'colcon_meta'
[0.264s] Level 1:colcon.colcon_core.package_identification:_identify(src) by extensions ['ros']
[0.264s] Level 1:colcon.colcon_core.package_identification:_identify(src) by extension 'ros'
[0.264s] Level 1:colcon.colcon_core.package_identification:_identify(src) by extensions ['cmake', 'python']
[0.264s] Level 1:colcon.colcon_core.package_identification:_identify(src) by extension 'cmake'
[0.264s] Level 1:colcon.colcon_core.package_identification:_identify(src) by extension 'python'
[0.264s] Level 1:colcon.colcon_core.package_identification:_identify(src) by extensions ['python_setup_py']
[0.264s] Level 1:colcon.colcon_core.package_identification:_identify(src) by extension 'python_setup_py'
[0.264s] Level 1:colcon.colcon_core.package_identification:_identify(src/bracu_hydra_description) by extensions ['ignore', 'ignore_ament_install']
[0.264s] Level 1:colcon.colcon_core.package_identification:_identify(src/bracu_hydra_description) by extension 'ignore'
[0.264s] Level 1:colcon.colcon_core.package_identification:_identify(src/bracu_hydra_description) by extension 'ignore_ament_install'
[0.265s] Level 1:colcon.colcon_core.package_identification:_identify(src/bracu_hydra_description) by extensions ['colcon_pkg']
[0.265s] Level 1:colcon.colcon_core.package_identification:_identify(src/bracu_hydra_description) by extension 'colcon_pkg'
[0.265s] Level 1:colcon.colcon_core.package_identification:_identify(src/bracu_hydra_description) by extensions ['colcon_meta']
[0.265s] Level 1:colcon.colcon_core.package_identification:_identify(src/bracu_hydra_description) by extension 'colcon_meta'
[0.265s] Level 1:colcon.colcon_core.package_identification:_identify(src/bracu_hydra_description) by extensions ['ros']
[0.265s] Level 1:colcon.colcon_core.package_identification:_identify(src/bracu_hydra_description) by extension 'ros'
[0.265s] Level 1:colcon.colcon_core.package_identification:_identify(src/bracu_hydra_description) by extensions ['cmake', 'python']
[0.265s] Level 1:colcon.colcon_core.package_identification:_identify(src/bracu_hydra_description) by extension 'cmake'
[0.265s] Level 1:colcon.colcon_core.package_identification:_identify(src/bracu_hydra_description) by extension 'python'
[0.265s] Level 1:colcon.colcon_core.package_identification:_identify(src/bracu_hydra_description) by extensions ['python_setup_py']
[0.265s] Level 1:colcon.colcon_core.package_identification:_identify(src/bracu_hydra_description) by extension 'python_setup_py'
[0.265s] Level 1:colcon.colcon_core.package_identification:_identify(src/bracu_hydra_description/bracu_hydra_description) by extensions ['ignore', 'ignore_ament_install']
[0.265s] Level 1:colcon.colcon_core.package_identification:_identify(src/bracu_hydra_description/bracu_hydra_description) by extension 'ignore'
[0.265s] Level 1:colcon.colcon_core.package_identification:_identify(src/bracu_hydra_description/bracu_hydra_description) by extension 'ignore_ament_install'
[0.265s] Level 1:colcon.colcon_core.package_identification:_identify(src/bracu_hydra_description/bracu_hydra_description) by extensions ['colcon_pkg']
[0.265s] Level 1:colcon.colcon_core.package_identification:_identify(src/bracu_hydra_description/bracu_hydra_description) by extension 'colcon_pkg'
[0.265s] Level 1:colcon.colcon_core.package_identification:_identify(src/bracu_hydra_description/bracu_hydra_description) by extensions ['colcon_meta']
[0.265s] Level 1:colcon.colcon_core.package_identification:_identify(src/bracu_hydra_description/bracu_hydra_description) by extension 'colcon_meta'
[0.265s] Level 1:colcon.colcon_core.package_identification:_identify(src/bracu_hydra_description/bracu_hydra_description) by extensions ['ros']
[0.265s] Level 1:colcon.colcon_core.package_identification:_identify(src/bracu_hydra_description/bracu_hydra_description) by extension 'ros'
[0.268s] DEBUG:colcon.colcon_core.package_identification:Package 'src/bracu_hydra_description/bracu_hydra_description' with type 'ros.ament_python' and name 'bracu_hydra_description'
[0.269s] Level 1:colcon.colcon_core.package_identification:_identify(src/build) by extensions ['ignore', 'ignore_ament_install']
[0.269s] Level 1:colcon.colcon_core.package_identification:_identify(src/build) by extension 'ignore'
[0.269s] Level 1:colcon.colcon_core.package_identification:_identify(src/build) ignored
[0.269s] Level 1:colcon.colcon_core.package_identification:_identify(src/install) by extensions ['ignore', 'ignore_ament_install']
[0.269s] Level 1:colcon.colcon_core.package_identification:_identify(src/install) by extension 'ignore'
[0.269s] Level 1:colcon.colcon_core.package_identification:_identify(src/install) ignored
[0.269s] Level 1:colcon.colcon_core.package_identification:_identify(src/log) by extensions ['ignore', 'ignore_ament_install']
[0.269s] Level 1:colcon.colcon_core.package_identification:_identify(src/log) by extension 'ignore'
[0.269s] Level 1:colcon.colcon_core.package_identification:_identify(src/log) ignored
[0.269s] Level 1:colcon.colcon_core.package_identification:_identify(src/rplidar_ros2) by extensions ['ignore', 'ignore_ament_install']
[0.269s] Level 1:colcon.colcon_core.package_identification:_identify(src/rplidar_ros2) by extension 'ignore'
[0.269s] Level 1:colcon.colcon_core.package_identification:_identify(src/rplidar_ros2) by extension 'ignore_ament_install'
[0.269s] Level 1:colcon.colcon_core.package_identification:_identify(src/rplidar_ros2) by extensions ['colcon_pkg']
[0.269s] Level 1:colcon.colcon_core.package_identification:_identify(src/rplidar_ros2) by extension 'colcon_pkg'
[0.270s] Level 1:colcon.colcon_core.package_identification:_identify(src/rplidar_ros2) by extensions ['colcon_meta']
[0.270s] Level 1:colcon.colcon_core.package_identification:_identify(src/rplidar_ros2) by extension 'colcon_meta'
[0.270s] Level 1:colcon.colcon_core.package_identification:_identify(src/rplidar_ros2) by extensions ['ros']
[0.270s] Level 1:colcon.colcon_core.package_identification:_identify(src/rplidar_ros2) by extension 'ros'
[0.270s] DEBUG:colcon.colcon_core.package_identification:Package 'src/rplidar_ros2' with type 'ros.ament_cmake' and name 'rplidar_ros'
[0.270s] Level 1:colcon.colcon_core.package_discovery:discover_packages(recursive) using defaults
[0.270s] Level 1:colcon.colcon_core.package_discovery:discover_packages(ignore) discover
[0.270s] Level 1:colcon.colcon_core.package_discovery:discover_packages(ignore) using defaults
[0.270s] Level 1:colcon.colcon_core.package_discovery:discover_packages(path) discover
[0.270s] Level 1:colcon.colcon_core.package_discovery:discover_packages(path) using defaults
[0.291s] INFO:colcon.colcon_core.package_selection:Skipping not selected package 'bracu_hydra_description' in 'src/bracu_hydra_description/bracu_hydra_description'
[0.292s] Level 1:colcon.colcon_core.package_discovery:discover_packages(prefix_path) check parameters
[0.292s] Level 1:colcon.colcon_core.package_discovery:discover_packages(prefix_path) discover
[0.304s] DEBUG:colcon.colcon_installed_package_information.package_discovery:Found 72 installed packages in /home/peru0002/ws_moveit/install
[0.306s] DEBUG:colcon.colcon_installed_package_information.package_discovery:Found 35 installed packages in /home/peru0002/ros2_ws/install
[0.311s] DEBUG:colcon.colcon_installed_package_information.package_discovery:Found 386 installed packages in /opt/ros/jazzy
[0.312s] Level 1:colcon.colcon_core.package_discovery:discover_packages(prefix_path) using defaults
[0.391s] Level 5:colcon.colcon_core.verb:set package 'rplidar_ros' build argument 'cmake_args' from command line to 'None'
[0.391s] Level 5:colcon.colcon_core.verb:set package 'rplidar_ros' build argument 'cmake_target' from command line to 'None'
[0.391s] Level 5:colcon.colcon_core.verb:set package 'rplidar_ros' build argument 'cmake_target_skip_unavailable' from command line to 'False'
[0.391s] Level 5:colcon.colcon_core.verb:set package 'rplidar_ros' build argument 'cmake_clean_cache' from command line to 'False'
[0.391s] Level 5:colcon.colcon_core.verb:set package 'rplidar_ros' build argument 'cmake_clean_first' from command line to 'False'
[0.391s] Level 5:colcon.colcon_core.verb:set package 'rplidar_ros' build argument 'cmake_force_configure' from command line to 'False'
[0.391s] Level 5:colcon.colcon_core.verb:set package 'rplidar_ros' build argument 'ament_cmake_args' from command line to 'None'
[0.391s] Level 5:colcon.colcon_core.verb:set package 'rplidar_ros' build argument 'catkin_cmake_args' from command line to 'None'
[0.391s] Level 5:colcon.colcon_core.verb:set package 'rplidar_ros' build argument 'catkin_skip_building_tests' from command line to 'False'
[0.391s] DEBUG:colcon.colcon_core.verb:Building package 'rplidar_ros' with the following arguments: {'ament_cmake_args': None, 'build_base': '/home/peru0002/ros2_ws/build/rplidar_ros', 'catkin_cmake_args': None, 'catkin_skip_building_tests': False, 'cmake_args': None, 'cmake_clean_cache': False, 'cmake_clean_first': False, 'cmake_force_configure': False, 'cmake_target': None, 'cmake_target_skip_unavailable': False, 'install_base': '/home/peru0002/ros2_ws/install/rplidar_ros', 'merge_install': False, 'path': '/home/peru0002/ros2_ws/src/rplidar_ros2', 'symlink_install': True, 'test_result_base': None}
[0.391s] INFO:colcon.colcon_core.executor:Executing jobs using 'parallel' executor
[0.392s] DEBUG:colcon.colcon_parallel_executor.executor.parallel:run_until_complete
[0.392s] INFO:colcon.colcon_ros.task.ament_cmake.build:Building ROS package in '/home/peru0002/ros2_ws/src/rplidar_ros2' with build type 'ament_cmake'
[0.393s] INFO:colcon.colcon_cmake.task.cmake.build:Building CMake package in '/home/peru0002/ros2_ws/src/rplidar_ros2'
[0.395s] INFO:colcon.colcon_core.plugin_system:Skipping extension 'colcon_core.shell.bat': Not used on non-Windows systems
[0.396s] INFO:colcon.colcon_core.shell:Skip shell extension 'powershell' for command environment: Not usable outside of PowerShell
[0.396s] DEBUG:colcon.colcon_core.shell:Skip shell extension 'dsv' for command environment
[0.424s] DEBUG:colcon.colcon_core.event_handler.log_command:Invoking command in '/home/peru0002/ros2_ws/build/rplidar_ros': CMAKE_PREFIX_PATH=${CMAKE_PREFIX_PATH}:/home/peru0002/ros2_ws/install/moveit_configs_utils:/home/peru0002/ros2_ws/install/bracu_hydra_description:/home/peru0002/ws_moveit/install/moveit_configs_utils:/home/peru0002/ws_moveit/install/bracu_hydra_description:/opt/ros/jazzy DEBUGINFOD_URLS=https://debuginfod.ubuntu.com /usr/bin/cmake /home/peru0002/ros2_ws/src/rplidar_ros2 -DAMENT_CMAKE_SYMLINK_INSTALL=1 -DCMAKE_INSTALL_PREFIX=/home/peru0002/ros2_ws/install/rplidar_ros
[4.098s] DEBUG:colcon.colcon_core.event_handler.log_command:Invoked command in '/home/peru0002/ros2_ws/build/rplidar_ros' returned '0': CMAKE_PREFIX_PATH=${CMAKE_PREFIX_PATH}:/home/peru0002/ros2_ws/install/moveit_configs_utils:/home/peru0002/ros2_ws/install/bracu_hydra_description:/home/peru0002/ws_moveit/install/moveit_configs_utils:/home/peru0002/ws_moveit/install/bracu_hydra_description:/opt/ros/jazzy DEBUGINFOD_URLS=https://debuginfod.ubuntu.com /usr/bin/cmake /home/peru0002/ros2_ws/src/rplidar_ros2 -DAMENT_CMAKE_SYMLINK_INSTALL=1 -DCMAKE_INSTALL_PREFIX=/home/peru0002/ros2_ws/install/rplidar_ros
[4.101s] DEBUG:colcon.colcon_core.event_handler.log_command:Invoking command in '/home/peru0002/ros2_ws/build/rplidar_ros': CMAKE_PREFIX_PATH=${CMAKE_PREFIX_PATH}:/home/peru0002/ros2_ws/install/moveit_configs_utils:/home/peru0002/ros2_ws/install/bracu_hydra_description:/home/peru0002/ws_moveit/install/moveit_configs_utils:/home/peru0002/ws_moveit/install/bracu_hydra_description:/opt/ros/jazzy DEBUGINFOD_URLS=https://debuginfod.ubuntu.com /usr/bin/cmake --build /home/peru0002/ros2_ws/build/rplidar_ros -- -j8 -l8
[17.987s] DEBUG:colcon.colcon_core.event_handler.log_command:Invoked command in '/home/peru0002/ros2_ws/build/rplidar_ros' returned '0': CMAKE_PREFIX_PATH=${CMAKE_PREFIX_PATH}:/home/peru0002/ros2_ws/install/moveit_configs_utils:/home/peru0002/ros2_ws/install/bracu_hydra_description:/home/peru0002/ws_moveit/install/moveit_configs_utils:/home/peru0002/ws_moveit/install/bracu_hydra_description:/opt/ros/jazzy DEBUGINFOD_URLS=https://debuginfod.ubuntu.com /usr/bin/cmake --build /home/peru0002/ros2_ws/build/rplidar_ros -- -j8 -l8
[18.009s] DEBUG:colcon.colcon_core.event_handler.log_command:Invoking command in '/home/peru0002/ros2_ws/build/rplidar_ros': CMAKE_PREFIX_PATH=${CMAKE_PREFIX_PATH}:/home/peru0002/ros2_ws/install/moveit_configs_utils:/home/peru0002/ros2_ws/install/bracu_hydra_description:/home/peru0002/ws_moveit/install/moveit_configs_utils:/home/peru0002/ws_moveit/install/bracu_hydra_description:/opt/ros/jazzy DEBUGINFOD_URLS=https://debuginfod.ubuntu.com /usr/bin/cmake --install /home/peru0002/ros2_ws/build/rplidar_ros
[18.954s] Level 1:colcon.colcon_core.environment:create_environment_scripts_only(rplidar_ros)
[18.955s] DEBUG:colcon.colcon_core.event_handler.log_command:Invoked command in '/home/peru0002/ros2_ws/build/rplidar_ros' returned '0': CMAKE_PREFIX_PATH=${CMAKE_PREFIX_PATH}:/home/peru0002/ros2_ws/install/moveit_configs_utils:/home/peru0002/ros2_ws/install/bracu_hydra_description:/home/peru0002/ws_moveit/install/moveit_configs_utils:/home/peru0002/ws_moveit/install/bracu_hydra_description:/opt/ros/jazzy DEBUGINFOD_URLS=https://debuginfod.ubuntu.com /usr/bin/cmake --install /home/peru0002/ros2_ws/build/rplidar_ros
[18.963s] Level 1:colcon.colcon_core.environment:checking '/home/peru0002/ros2_ws/install/rplidar_ros' for CMake module files
[18.966s] Level 1:colcon.colcon_core.environment:checking '/home/peru0002/ros2_ws/install/rplidar_ros' for CMake config files
[18.967s] Level 1:colcon.colcon_core.shell:create_environment_hook('rplidar_ros', 'cmake_prefix_path')
[18.968s] INFO:colcon.colcon_core.shell:Creating environment hook '/home/peru0002/ros2_ws/install/rplidar_ros/share/rplidar_ros/hook/cmake_prefix_path.ps1'
[18.969s] INFO:colcon.colcon_core.shell:Creating environment descriptor '/home/peru0002/ros2_ws/install/rplidar_ros/share/rplidar_ros/hook/cmake_prefix_path.dsv'
[18.969s] INFO:colcon.colcon_core.shell:Creating environment hook '/home/peru0002/ros2_ws/install/rplidar_ros/share/rplidar_ros/hook/cmake_prefix_path.sh'
[18.971s] Level 1:colcon.colcon_core.environment:checking '/home/peru0002/ros2_ws/install/rplidar_ros/lib'
[18.971s] Level 1:colcon.colcon_core.shell:create_environment_hook('rplidar_ros', 'ld_library_path_lib')
[18.972s] INFO:colcon.colcon_core.shell:Creating environment hook '/home/peru0002/ros2_ws/install/rplidar_ros/share/rplidar_ros/hook/ld_library_path_lib.ps1'
[18.972s] INFO:colcon.colcon_core.shell:Creating environment descriptor '/home/peru0002/ros2_ws/install/rplidar_ros/share/rplidar_ros/hook/ld_library_path_lib.dsv'
[18.973s] INFO:colcon.colcon_core.shell:Creating environment hook '/home/peru0002/ros2_ws/install/rplidar_ros/share/rplidar_ros/hook/ld_library_path_lib.sh'
[18.974s] Level 1:colcon.colcon_core.environment:checking '/home/peru0002/ros2_ws/install/rplidar_ros/bin'
[18.974s] Level 1:colcon.colcon_core.environment:checking '/home/peru0002/ros2_ws/install/rplidar_ros/lib/pkgconfig/rplidar_ros.pc'
[18.974s] Level 1:colcon.colcon_core.environment:checking '/home/peru0002/ros2_ws/install/rplidar_ros/lib/python3.12/site-packages'
[18.974s] Level 1:colcon.colcon_core.environment:checking '/home/peru0002/ros2_ws/install/rplidar_ros/bin'
[18.975s] INFO:colcon.colcon_core.shell:Creating package script '/home/peru0002/ros2_ws/install/rplidar_ros/share/rplidar_ros/package.ps1'
[18.976s] INFO:colcon.colcon_core.shell:Creating package descriptor '/home/peru0002/ros2_ws/install/rplidar_ros/share/rplidar_ros/package.dsv'
[18.976s] INFO:colcon.colcon_core.shell:Creating package script '/home/peru0002/ros2_ws/install/rplidar_ros/share/rplidar_ros/package.sh'
[18.977s] INFO:colcon.colcon_core.shell:Creating package script '/home/peru0002/ros2_ws/install/rplidar_ros/share/rplidar_ros/package.bash'
[18.978s] INFO:colcon.colcon_core.shell:Creating package script '/home/peru0002/ros2_ws/install/rplidar_ros/share/rplidar_ros/package.zsh'
[18.978s] Level 1:colcon.colcon_core.environment:create_file_with_runtime_dependencies(/home/peru0002/ros2_ws/install/rplidar_ros/share/colcon-core/packages/rplidar_ros)
[18.979s] Level 1:colcon.colcon_core.environment:create_environment_scripts_only(rplidar_ros)
[18.979s] Level 1:colcon.colcon_core.environment:checking '/home/peru0002/ros2_ws/install/rplidar_ros' for CMake module files
[18.981s] Level 1:colcon.colcon_core.environment:checking '/home/peru0002/ros2_ws/install/rplidar_ros' for CMake config files
[18.981s] Level 1:colcon.colcon_core.shell:create_environment_hook('rplidar_ros', 'cmake_prefix_path')
[18.982s] INFO:colcon.colcon_core.shell:Creating environment hook '/home/peru0002/ros2_ws/install/rplidar_ros/share/rplidar_ros/hook/cmake_prefix_path.ps1'
[18.982s] INFO:colcon.colcon_core.shell:Creating environment descriptor '/home/peru0002/ros2_ws/install/rplidar_ros/share/rplidar_ros/hook/cmake_prefix_path.dsv'
[18.983s] INFO:colcon.colcon_core.shell:Creating environment hook '/home/peru0002/ros2_ws/install/rplidar_ros/share/rplidar_ros/hook/cmake_prefix_path.sh'
[18.983s] Level 1:colcon.colcon_core.environment:checking '/home/peru0002/ros2_ws/install/rplidar_ros/lib'
[18.983s] Level 1:colcon.colcon_core.shell:create_environment_hook('rplidar_ros', 'ld_library_path_lib')
[18.984s] INFO:colcon.colcon_core.shell:Creating environment hook '/home/peru0002/ros2_ws/install/rplidar_ros/share/rplidar_ros/hook/ld_library_path_lib.ps1'
[18.984s] INFO:colcon.colcon_core.shell:Creating environment descriptor '/home/peru0002/ros2_ws/install/rplidar_ros/share/rplidar_ros/hook/ld_library_path_lib.dsv'
[18.985s] INFO:colcon.colcon_core.shell:Creating environment hook '/home/peru0002/ros2_ws/install/rplidar_ros/share/rplidar_ros/hook/ld_library_path_lib.sh'
[18.985s] Level 1:colcon.colcon_core.environment:checking '/home/peru0002/ros2_ws/install/rplidar_ros/bin'
[18.985s] Level 1:colcon.colcon_core.environment:checking '/home/peru0002/ros2_ws/install/rplidar_ros/lib/pkgconfig/rplidar_ros.pc'
[18.985s] Level 1:colcon.colcon_core.environment:checking '/home/peru0002/ros2_ws/install/rplidar_ros/lib/python3.12/site-packages'
[18.986s] Level 1:colcon.colcon_core.environment:checking '/home/peru0002/ros2_ws/install/rplidar_ros/bin'
[18.986s] INFO:colcon.colcon_core.shell:Creating package script '/home/peru0002/ros2_ws/install/rplidar_ros/share/rplidar_ros/package.ps1'
[18.987s] INFO:colcon.colcon_core.shell:Creating package descriptor '/home/peru0002/ros2_ws/install/rplidar_ros/share/rplidar_ros/package.dsv'
[18.988s] INFO:colcon.colcon_core.shell:Creating package script '/home/peru0002/ros2_ws/install/rplidar_ros/share/rplidar_ros/package.sh'
[18.988s] INFO:colcon.colcon_core.shell:Creating package script '/home/peru0002/ros2_ws/install/rplidar_ros/share/rplidar_ros/package.bash'
[18.989s] INFO:colcon.colcon_core.shell:Creating package script '/home/peru0002/ros2_ws/install/rplidar_ros/share/rplidar_ros/package.zsh'
[18.989s] Level 1:colcon.colcon_core.environment:create_file_with_runtime_dependencies(/home/peru0002/ros2_ws/install/rplidar_ros/share/colcon-core/packages/rplidar_ros)
[18.989s] DEBUG:colcon.colcon_parallel_executor.executor.parallel:closing loop
[18.990s] DEBUG:colcon.colcon_parallel_executor.executor.parallel:loop closed
[18.990s] DEBUG:colcon.colcon_parallel_executor.executor.parallel:run_until_complete finished with '0'
[18.990s] DEBUG:colcon.colcon_core.event_reactor:joining thread
[19.006s] INFO:colcon.colcon_core.plugin_system:Skipping extension 'colcon_notification.desktop_notification.terminal_notifier': Not used on non-Darwin systems
[19.006s] INFO:colcon.colcon_core.plugin_system:Skipping extension 'colcon_notification.desktop_notification.win32': Not used on non-Windows systems
[19.006s] INFO:colcon.colcon_notification.desktop_notification:Sending desktop notification using 'notify2'
[19.024s] DEBUG:colcon.colcon_core.event_reactor:joined thread
[19.024s] INFO:colcon.colcon_core.shell:Creating prefix script '/home/peru0002/ros2_ws/install/local_setup.ps1'
[19.026s] INFO:colcon.colcon_core.shell:Creating prefix util module '/home/peru0002/ros2_ws/install/_local_setup_util_ps1.py'
[19.028s] INFO:colcon.colcon_core.shell:Creating prefix chain script '/home/peru0002/ros2_ws/install/setup.ps1'
[19.037s] INFO:colcon.colcon_core.shell:Creating prefix script '/home/peru0002/ros2_ws/install/local_setup.sh'
[19.039s] INFO:colcon.colcon_core.shell:Creating prefix util module '/home/peru0002/ros2_ws/install/_local_setup_util_sh.py'
[19.040s] INFO:colcon.colcon_core.shell:Creating prefix chain script '/home/peru0002/ros2_ws/install/setup.sh'
[19.055s] INFO:colcon.colcon_core.shell:Creating prefix script '/home/peru0002/ros2_ws/install/local_setup.bash'
[19.056s] INFO:colcon.colcon_core.shell:Creating prefix chain script '/home/peru0002/ros2_ws/install/setup.bash'
[19.063s] INFO:colcon.colcon_core.shell:Creating prefix script '/home/peru0002/ros2_ws/install/local_setup.zsh'
[19.064s] INFO:colcon.colcon_core.shell:Creating prefix chain script '/home/peru0002/ros2_ws/install/setup.zsh'
