[0.175s] DEBUG:colcon:Command line arguments: ['/usr/bin/colcon', 'build', '--packages-select', 'rplidar_ros', '--symlink-install']
[0.175s] DEBUG:colcon:Parsed command line arguments: Namespace(log_base=None, log_level=None, verb_name='build', build_base='build', install_base='install', merge_install=False, symlink_install=True, test_result_base=None, continue_on_error=False, executor='parallel', parallel_workers=8, event_handlers=None, ignore_user_meta=False, metas=['./colcon.meta'], base_paths=['.'], packages_ignore=None, packages_ignore_regex=None, paths=None, packages_up_to=None, packages_up_to_regex=None, packages_above=None, packages_above_and_dependencies=None, packages_above_depth=None, packages_select_by_dep=None, packages_skip_by_dep=None, packages_skip_up_to=None, packages_select_build_failed=False, packages_skip_build_finished=False, packages_select_test_failures=False, packages_skip_test_passed=False, packages_select=['rplidar_ros'], packages_skip=None, packages_select_regex=None, packages_skip_regex=None, packages_start=None, packages_end=None, allow_overriding=[], cmake_args=None, cmake_target=None, cmake_target_skip_unavailable=False, cmake_clean_cache=False, cmake_clean_first=False, cmake_force_configure=False, ament_cmake_args=None, catkin_cmake_args=None, catkin_skip_building_tests=False, mixin_files=None, mixin=None, verb_parser=<colcon_mixin.mixin.mixin_argument.MixinArgumentDecorator object at 0x7d2b191c6db0>, verb_extension=<colcon_core.verb.build.BuildVerb object at 0x7d2b198dac60>, main=<bound method BuildVerb.main of <colcon_core.verb.build.BuildVerb object at 0x7d2b198dac60>>, mixin_verb=('build',))
[0.244s] Level 1:colcon.colcon_core.package_discovery:discover_packages(colcon_meta) check parameters
[0.244s] Level 1:colcon.colcon_core.package_discovery:discover_packages(recursive) check parameters
[0.244s] Level 1:colcon.colcon_core.package_discovery:discover_packages(ignore) check parameters
[0.244s] Level 1:colcon.colcon_core.package_discovery:discover_packages(path) check parameters
[0.244s] Level 1:colcon.colcon_core.package_discovery:discover_packages(colcon_meta) discover
[0.244s] Level 1:colcon.colcon_core.package_discovery:discover_packages(recursive) discover
[0.244s] INFO:colcon.colcon_core.package_discovery:Crawling recursively for packages in '/home/peru0002/ros2_ws'
[0.245s] Level 1:colcon.colcon_core.package_identification:_identify(.) by extensions ['ignore', 'ignore_ament_install']
[0.245s] Level 1:colcon.colcon_core.package_identification:_identify(.) by extension 'ignore'
[0.245s] Level 1:colcon.colcon_core.package_identification:_identify(.) by extension 'ignore_ament_install'
[0.245s] Level 1:colcon.colcon_core.package_identification:_identify(.) by extensions ['colcon_pkg']
[0.245s] Level 1:colcon.colcon_core.package_identification:_identify(.) by extension 'colcon_pkg'
[0.245s] Level 1:colcon.colcon_core.package_identification:_identify(.) by extensions ['colcon_meta']
[0.245s] Level 1:colcon.colcon_core.package_identification:_identify(.) by extension 'colcon_meta'
[0.245s] Level 1:colcon.colcon_core.package_identification:_identify(.) by extensions ['ros']
[0.245s] Level 1:colcon.colcon_core.package_identification:_identify(.) by extension 'ros'
[0.292s] Level 1:colcon.colcon_core.package_identification:_identify(.) by extensions ['cmake', 'python']
[0.292s] Level 1:colcon.colcon_core.package_identification:_identify(.) by extension 'cmake'
[0.292s] Level 1:colcon.colcon_core.package_identification:_identify(.) by extension 'python'
[0.292s] Level 1:colcon.colcon_core.package_identification:_identify(.) by extensions ['python_setup_py']
[0.292s] Level 1:colcon.colcon_core.package_identification:_identify(.) by extension 'python_setup_py'
[0.292s] Level 1:colcon.colcon_core.package_identification:_identify(build) by extensions ['ignore', 'ignore_ament_install']
[0.293s] Level 1:colcon.colcon_core.package_identification:_identify(build) by extension 'ignore'
[0.293s] Level 1:colcon.colcon_core.package_identification:_identify(build) ignored
[0.293s] Level 1:colcon.colcon_core.package_identification:_identify(install) by extensions ['ignore', 'ignore_ament_install']
[0.293s] Level 1:colcon.colcon_core.package_identification:_identify(install) by extension 'ignore'
[0.293s] Level 1:colcon.colcon_core.package_identification:_identify(install) ignored
[0.293s] Level 1:colcon.colcon_core.package_identification:_identify(log) by extensions ['ignore', 'ignore_ament_install']
[0.293s] Level 1:colcon.colcon_core.package_identification:_identify(log) by extension 'ignore'
[0.293s] Level 1:colcon.colcon_core.package_identification:_identify(log) ignored
[0.293s] Level 1:colcon.colcon_core.package_identification:_identify(src) by extensions ['ignore', 'ignore_ament_install']
[0.293s] Level 1:colcon.colcon_core.package_identification:_identify(src) by extension 'ignore'
[0.293s] Level 1:colcon.colcon_core.package_identification:_identify(src) by extension 'ignore_ament_install'
[0.293s] Level 1:colcon.colcon_core.package_identification:_identify(src) by extensions ['colcon_pkg']
[0.294s] Level 1:colcon.colcon_core.package_identification:_identify(src) by extension 'colcon_pkg'
[0.294s] Level 1:colcon.colcon_core.package_identification:_identify(src) by extensions ['colcon_meta']
[0.294s] Level 1:colcon.colcon_core.package_identification:_identify(src) by extension 'colcon_meta'
[0.294s] Level 1:colcon.colcon_core.package_identification:_identify(src) by extensions ['ros']
[0.294s] Level 1:colcon.colcon_core.package_identification:_identify(src) by extension 'ros'
[0.294s] Level 1:colcon.colcon_core.package_identification:_identify(src) by extensions ['cmake', 'python']
[0.294s] Level 1:colcon.colcon_core.package_identification:_identify(src) by extension 'cmake'
[0.294s] Level 1:colcon.colcon_core.package_identification:_identify(src) by extension 'python'
[0.294s] Level 1:colcon.colcon_core.package_identification:_identify(src) by extensions ['python_setup_py']
[0.294s] Level 1:colcon.colcon_core.package_identification:_identify(src) by extension 'python_setup_py'
[0.294s] Level 1:colcon.colcon_core.package_identification:_identify(src/bracu_hydra_description) by extensions ['ignore', 'ignore_ament_install']
[0.294s] Level 1:colcon.colcon_core.package_identification:_identify(src/bracu_hydra_description) by extension 'ignore'
[0.294s] Level 1:colcon.colcon_core.package_identification:_identify(src/bracu_hydra_description) by extension 'ignore_ament_install'
[0.294s] Level 1:colcon.colcon_core.package_identification:_identify(src/bracu_hydra_description) by extensions ['colcon_pkg']
[0.294s] Level 1:colcon.colcon_core.package_identification:_identify(src/bracu_hydra_description) by extension 'colcon_pkg'
[0.294s] Level 1:colcon.colcon_core.package_identification:_identify(src/bracu_hydra_description) by extensions ['colcon_meta']
[0.294s] Level 1:colcon.colcon_core.package_identification:_identify(src/bracu_hydra_description) by extension 'colcon_meta'
[0.294s] Level 1:colcon.colcon_core.package_identification:_identify(src/bracu_hydra_description) by extensions ['ros']
[0.294s] Level 1:colcon.colcon_core.package_identification:_identify(src/bracu_hydra_description) by extension 'ros'
[0.295s] Level 1:colcon.colcon_core.package_identification:_identify(src/bracu_hydra_description) by extensions ['cmake', 'python']
[0.295s] Level 1:colcon.colcon_core.package_identification:_identify(src/bracu_hydra_description) by extension 'cmake'
[0.295s] Level 1:colcon.colcon_core.package_identification:_identify(src/bracu_hydra_description) by extension 'python'
[0.295s] Level 1:colcon.colcon_core.package_identification:_identify(src/bracu_hydra_description) by extensions ['python_setup_py']
[0.295s] Level 1:colcon.colcon_core.package_identification:_identify(src/bracu_hydra_description) by extension 'python_setup_py'
[0.295s] Level 1:colcon.colcon_core.package_identification:_identify(src/bracu_hydra_description/bracu_hydra_description) by extensions ['ignore', 'ignore_ament_install']
[0.295s] Level 1:colcon.colcon_core.package_identification:_identify(src/bracu_hydra_description/bracu_hydra_description) by extension 'ignore'
[0.295s] Level 1:colcon.colcon_core.package_identification:_identify(src/bracu_hydra_description/bracu_hydra_description) by extension 'ignore_ament_install'
[0.295s] Level 1:colcon.colcon_core.package_identification:_identify(src/bracu_hydra_description/bracu_hydra_description) by extensions ['colcon_pkg']
[0.295s] Level 1:colcon.colcon_core.package_identification:_identify(src/bracu_hydra_description/bracu_hydra_description) by extension 'colcon_pkg'
[0.295s] Level 1:colcon.colcon_core.package_identification:_identify(src/bracu_hydra_description/bracu_hydra_description) by extensions ['colcon_meta']
[0.295s] Level 1:colcon.colcon_core.package_identification:_identify(src/bracu_hydra_description/bracu_hydra_description) by extension 'colcon_meta'
[0.295s] Level 1:colcon.colcon_core.package_identification:_identify(src/bracu_hydra_description/bracu_hydra_description) by extensions ['ros']
[0.295s] Level 1:colcon.colcon_core.package_identification:_identify(src/bracu_hydra_description/bracu_hydra_description) by extension 'ros'
[0.299s] DEBUG:colcon.colcon_core.package_identification:Package 'src/bracu_hydra_description/bracu_hydra_description' with type 'ros.ament_python' and name 'bracu_hydra_description'
[0.299s] Level 1:colcon.colcon_core.package_identification:_identify(src/build) by extensions ['ignore', 'ignore_ament_install']
[0.299s] Level 1:colcon.colcon_core.package_identification:_identify(src/build) by extension 'ignore'
[0.299s] Level 1:colcon.colcon_core.package_identification:_identify(src/build) ignored
[0.300s] Level 1:colcon.colcon_core.package_identification:_identify(src/install) by extensions ['ignore', 'ignore_ament_install']
[0.300s] Level 1:colcon.colcon_core.package_identification:_identify(src/install) by extension 'ignore'
[0.300s] Level 1:colcon.colcon_core.package_identification:_identify(src/install) ignored
[0.300s] Level 1:colcon.colcon_core.package_identification:_identify(src/log) by extensions ['ignore', 'ignore_ament_install']
[0.300s] Level 1:colcon.colcon_core.package_identification:_identify(src/log) by extension 'ignore'
[0.300s] Level 1:colcon.colcon_core.package_identification:_identify(src/log) ignored
[0.300s] Level 1:colcon.colcon_core.package_identification:_identify(src/rplidar_ros2) by extensions ['ignore', 'ignore_ament_install']
[0.300s] Level 1:colcon.colcon_core.package_identification:_identify(src/rplidar_ros2) by extension 'ignore'
[0.300s] Level 1:colcon.colcon_core.package_identification:_identify(src/rplidar_ros2) by extension 'ignore_ament_install'
[0.300s] Level 1:colcon.colcon_core.package_identification:_identify(src/rplidar_ros2) by extensions ['colcon_pkg']
[0.300s] Level 1:colcon.colcon_core.package_identification:_identify(src/rplidar_ros2) by extension 'colcon_pkg'
[0.300s] Level 1:colcon.colcon_core.package_identification:_identify(src/rplidar_ros2) by extensions ['colcon_meta']
[0.300s] Level 1:colcon.colcon_core.package_identification:_identify(src/rplidar_ros2) by extension 'colcon_meta'
[0.301s] Level 1:colcon.colcon_core.package_identification:_identify(src/rplidar_ros2) by extensions ['ros']
[0.301s] Level 1:colcon.colcon_core.package_identification:_identify(src/rplidar_ros2) by extension 'ros'
[0.301s] DEBUG:colcon.colcon_core.package_identification:Package 'src/rplidar_ros2' with type 'ros.ament_cmake' and name 'rplidar_ros'
[0.301s] Level 1:colcon.colcon_core.package_discovery:discover_packages(recursive) using defaults
[0.301s] Level 1:colcon.colcon_core.package_discovery:discover_packages(ignore) discover
[0.301s] Level 1:colcon.colcon_core.package_discovery:discover_packages(ignore) using defaults
[0.301s] Level 1:colcon.colcon_core.package_discovery:discover_packages(path) discover
[0.301s] Level 1:colcon.colcon_core.package_discovery:discover_packages(path) using defaults
[0.322s] INFO:colcon.colcon_core.package_selection:Skipping not selected package 'bracu_hydra_description' in 'src/bracu_hydra_description/bracu_hydra_description'
[0.323s] Level 1:colcon.colcon_core.package_discovery:discover_packages(prefix_path) check parameters
[0.323s] Level 1:colcon.colcon_core.package_discovery:discover_packages(prefix_path) discover
[0.334s] DEBUG:colcon.colcon_installed_package_information.package_discovery:Found 72 installed packages in /home/peru0002/ws_moveit/install
[0.336s] DEBUG:colcon.colcon_installed_package_information.package_discovery:Found 35 installed packages in /home/peru0002/ros2_ws/install
[0.342s] DEBUG:colcon.colcon_installed_package_information.package_discovery:Found 386 installed packages in /opt/ros/jazzy
[0.343s] Level 1:colcon.colcon_core.package_discovery:discover_packages(prefix_path) using defaults
[0.423s] Level 5:colcon.colcon_core.verb:set package 'rplidar_ros' build argument 'cmake_args' from command line to 'None'
[0.423s] Level 5:colcon.colcon_core.verb:set package 'rplidar_ros' build argument 'cmake_target' from command line to 'None'
[0.423s] Level 5:colcon.colcon_core.verb:set package 'rplidar_ros' build argument 'cmake_target_skip_unavailable' from command line to 'False'
[0.423s] Level 5:colcon.colcon_core.verb:set package 'rplidar_ros' build argument 'cmake_clean_cache' from command line to 'False'
[0.423s] Level 5:colcon.colcon_core.verb:set package 'rplidar_ros' build argument 'cmake_clean_first' from command line to 'False'
[0.423s] Level 5:colcon.colcon_core.verb:set package 'rplidar_ros' build argument 'cmake_force_configure' from command line to 'False'
[0.423s] Level 5:colcon.colcon_core.verb:set package 'rplidar_ros' build argument 'ament_cmake_args' from command line to 'None'
[0.423s] Level 5:colcon.colcon_core.verb:set package 'rplidar_ros' build argument 'catkin_cmake_args' from command line to 'None'
[0.423s] Level 5:colcon.colcon_core.verb:set package 'rplidar_ros' build argument 'catkin_skip_building_tests' from command line to 'False'
[0.423s] DEBUG:colcon.colcon_core.verb:Building package 'rplidar_ros' with the following arguments: {'ament_cmake_args': None, 'build_base': '/home/peru0002/ros2_ws/build/rplidar_ros', 'catkin_cmake_args': None, 'catkin_skip_building_tests': False, 'cmake_args': None, 'cmake_clean_cache': False, 'cmake_clean_first': False, 'cmake_force_configure': False, 'cmake_target': None, 'cmake_target_skip_unavailable': False, 'install_base': '/home/peru0002/ros2_ws/install/rplidar_ros', 'merge_install': False, 'path': '/home/peru0002/ros2_ws/src/rplidar_ros2', 'symlink_install': True, 'test_result_base': None}
[0.423s] INFO:colcon.colcon_core.executor:Executing jobs using 'parallel' executor
[0.424s] DEBUG:colcon.colcon_parallel_executor.executor.parallel:run_until_complete
[0.424s] INFO:colcon.colcon_ros.task.ament_cmake.build:Building ROS package in '/home/peru0002/ros2_ws/src/rplidar_ros2' with build type 'ament_cmake'
[0.424s] INFO:colcon.colcon_cmake.task.cmake.build:Building CMake package in '/home/peru0002/ros2_ws/src/rplidar_ros2'
[0.427s] INFO:colcon.colcon_core.plugin_system:Skipping extension 'colcon_core.shell.bat': Not used on non-Windows systems
[0.427s] INFO:colcon.colcon_core.shell:Skip shell extension 'powershell' for command environment: Not usable outside of PowerShell
[0.427s] DEBUG:colcon.colcon_core.shell:Skip shell extension 'dsv' for command environment
[0.456s] DEBUG:colcon.colcon_core.event_handler.log_command:Invoking command in '/home/peru0002/ros2_ws/build/rplidar_ros': CMAKE_PREFIX_PATH=${CMAKE_PREFIX_PATH}:/home/peru0002/ros2_ws/install/moveit_configs_utils:/home/peru0002/ros2_ws/install/bracu_hydra_description:/home/peru0002/ws_moveit/install/moveit_configs_utils:/home/peru0002/ws_moveit/install/bracu_hydra_description:/opt/ros/jazzy DEBUGINFOD_URLS=https://debuginfod.ubuntu.com /usr/bin/cmake /home/peru0002/ros2_ws/src/rplidar_ros2 -DAMENT_CMAKE_SYMLINK_INSTALL=1 -DCMAKE_INSTALL_PREFIX=/home/peru0002/ros2_ws/install/rplidar_ros
[4.296s] DEBUG:colcon.colcon_core.event_handler.log_command:Invoked command in '/home/peru0002/ros2_ws/build/rplidar_ros' returned '0': CMAKE_PREFIX_PATH=${CMAKE_PREFIX_PATH}:/home/peru0002/ros2_ws/install/moveit_configs_utils:/home/peru0002/ros2_ws/install/bracu_hydra_description:/home/peru0002/ws_moveit/install/moveit_configs_utils:/home/peru0002/ws_moveit/install/bracu_hydra_description:/opt/ros/jazzy DEBUGINFOD_URLS=https://debuginfod.ubuntu.com /usr/bin/cmake /home/peru0002/ros2_ws/src/rplidar_ros2 -DAMENT_CMAKE_SYMLINK_INSTALL=1 -DCMAKE_INSTALL_PREFIX=/home/peru0002/ros2_ws/install/rplidar_ros
[4.297s] DEBUG:colcon.colcon_core.event_handler.log_command:Invoking command in '/home/peru0002/ros2_ws/build/rplidar_ros': CMAKE_PREFIX_PATH=${CMAKE_PREFIX_PATH}:/home/peru0002/ros2_ws/install/moveit_configs_utils:/home/peru0002/ros2_ws/install/bracu_hydra_description:/home/peru0002/ws_moveit/install/moveit_configs_utils:/home/peru0002/ws_moveit/install/bracu_hydra_description:/opt/ros/jazzy DEBUGINFOD_URLS=https://debuginfod.ubuntu.com /usr/bin/cmake --build /home/peru0002/ros2_ws/build/rplidar_ros -- -j8 -l8
[18.762s] DEBUG:colcon.colcon_core.event_handler.log_command:Invoked command in '/home/peru0002/ros2_ws/build/rplidar_ros' returned '0': CMAKE_PREFIX_PATH=${CMAKE_PREFIX_PATH}:/home/peru0002/ros2_ws/install/moveit_configs_utils:/home/peru0002/ros2_ws/install/bracu_hydra_description:/home/peru0002/ws_moveit/install/moveit_configs_utils:/home/peru0002/ws_moveit/install/bracu_hydra_description:/opt/ros/jazzy DEBUGINFOD_URLS=https://debuginfod.ubuntu.com /usr/bin/cmake --build /home/peru0002/ros2_ws/build/rplidar_ros -- -j8 -l8
[18.786s] DEBUG:colcon.colcon_core.event_handler.log_command:Invoking command in '/home/peru0002/ros2_ws/build/rplidar_ros': CMAKE_PREFIX_PATH=${CMAKE_PREFIX_PATH}:/home/peru0002/ros2_ws/install/moveit_configs_utils:/home/peru0002/ros2_ws/install/bracu_hydra_description:/home/peru0002/ws_moveit/install/moveit_configs_utils:/home/peru0002/ws_moveit/install/bracu_hydra_description:/opt/ros/jazzy DEBUGINFOD_URLS=https://debuginfod.ubuntu.com /usr/bin/cmake --install /home/peru0002/ros2_ws/build/rplidar_ros
[19.675s] Level 1:colcon.colcon_core.environment:create_environment_scripts_only(rplidar_ros)
[19.676s] DEBUG:colcon.colcon_core.event_handler.log_command:Invoked command in '/home/peru0002/ros2_ws/build/rplidar_ros' returned '0': CMAKE_PREFIX_PATH=${CMAKE_PREFIX_PATH}:/home/peru0002/ros2_ws/install/moveit_configs_utils:/home/peru0002/ros2_ws/install/bracu_hydra_description:/home/peru0002/ws_moveit/install/moveit_configs_utils:/home/peru0002/ws_moveit/install/bracu_hydra_description:/opt/ros/jazzy DEBUGINFOD_URLS=https://debuginfod.ubuntu.com /usr/bin/cmake --install /home/peru0002/ros2_ws/build/rplidar_ros
[19.679s] Level 1:colcon.colcon_core.environment:checking '/home/peru0002/ros2_ws/install/rplidar_ros' for CMake module files
[19.679s] Level 1:colcon.colcon_core.environment:checking '/home/peru0002/ros2_ws/install/rplidar_ros' for CMake config files
[19.680s] Level 1:colcon.colcon_core.shell:create_environment_hook('rplidar_ros', 'cmake_prefix_path')
[19.680s] INFO:colcon.colcon_core.shell:Creating environment hook '/home/peru0002/ros2_ws/install/rplidar_ros/share/rplidar_ros/hook/cmake_prefix_path.ps1'
[19.681s] INFO:colcon.colcon_core.shell:Creating environment descriptor '/home/peru0002/ros2_ws/install/rplidar_ros/share/rplidar_ros/hook/cmake_prefix_path.dsv'
[19.681s] INFO:colcon.colcon_core.shell:Creating environment hook '/home/peru0002/ros2_ws/install/rplidar_ros/share/rplidar_ros/hook/cmake_prefix_path.sh'
[19.682s] Level 1:colcon.colcon_core.environment:checking '/home/peru0002/ros2_ws/install/rplidar_ros/lib'
[19.682s] Level 1:colcon.colcon_core.shell:create_environment_hook('rplidar_ros', 'ld_library_path_lib')
[19.682s] INFO:colcon.colcon_core.shell:Creating environment hook '/home/peru0002/ros2_ws/install/rplidar_ros/share/rplidar_ros/hook/ld_library_path_lib.ps1'
[19.683s] INFO:colcon.colcon_core.shell:Creating environment descriptor '/home/peru0002/ros2_ws/install/rplidar_ros/share/rplidar_ros/hook/ld_library_path_lib.dsv'
[19.683s] INFO:colcon.colcon_core.shell:Creating environment hook '/home/peru0002/ros2_ws/install/rplidar_ros/share/rplidar_ros/hook/ld_library_path_lib.sh'
[19.683s] Level 1:colcon.colcon_core.environment:checking '/home/peru0002/ros2_ws/install/rplidar_ros/bin'
[19.683s] Level 1:colcon.colcon_core.environment:checking '/home/peru0002/ros2_ws/install/rplidar_ros/lib/pkgconfig/rplidar_ros.pc'
[19.684s] Level 1:colcon.colcon_core.environment:checking '/home/peru0002/ros2_ws/install/rplidar_ros/lib/python3.12/site-packages'
[19.684s] Level 1:colcon.colcon_core.environment:checking '/home/peru0002/ros2_ws/install/rplidar_ros/bin'
[19.684s] INFO:colcon.colcon_core.shell:Creating package script '/home/peru0002/ros2_ws/install/rplidar_ros/share/rplidar_ros/package.ps1'
[19.685s] INFO:colcon.colcon_core.shell:Creating package descriptor '/home/peru0002/ros2_ws/install/rplidar_ros/share/rplidar_ros/package.dsv'
[19.686s] INFO:colcon.colcon_core.shell:Creating package script '/home/peru0002/ros2_ws/install/rplidar_ros/share/rplidar_ros/package.sh'
[19.687s] INFO:colcon.colcon_core.shell:Creating package script '/home/peru0002/ros2_ws/install/rplidar_ros/share/rplidar_ros/package.bash'
[19.687s] INFO:colcon.colcon_core.shell:Creating package script '/home/peru0002/ros2_ws/install/rplidar_ros/share/rplidar_ros/package.zsh'
[19.688s] Level 1:colcon.colcon_core.environment:create_file_with_runtime_dependencies(/home/peru0002/ros2_ws/install/rplidar_ros/share/colcon-core/packages/rplidar_ros)
[19.689s] Level 1:colcon.colcon_core.environment:create_environment_scripts_only(rplidar_ros)
[19.689s] Level 1:colcon.colcon_core.environment:checking '/home/peru0002/ros2_ws/install/rplidar_ros' for CMake module files
[19.690s] Level 1:colcon.colcon_core.environment:checking '/home/peru0002/ros2_ws/install/rplidar_ros' for CMake config files
[19.690s] Level 1:colcon.colcon_core.shell:create_environment_hook('rplidar_ros', 'cmake_prefix_path')
[19.690s] INFO:colcon.colcon_core.shell:Creating environment hook '/home/peru0002/ros2_ws/install/rplidar_ros/share/rplidar_ros/hook/cmake_prefix_path.ps1'
[19.691s] INFO:colcon.colcon_core.shell:Creating environment descriptor '/home/peru0002/ros2_ws/install/rplidar_ros/share/rplidar_ros/hook/cmake_prefix_path.dsv'
[19.691s] INFO:colcon.colcon_core.shell:Creating environment hook '/home/peru0002/ros2_ws/install/rplidar_ros/share/rplidar_ros/hook/cmake_prefix_path.sh'
[19.692s] Level 1:colcon.colcon_core.environment:checking '/home/peru0002/ros2_ws/install/rplidar_ros/lib'
[19.692s] Level 1:colcon.colcon_core.shell:create_environment_hook('rplidar_ros', 'ld_library_path_lib')
[19.692s] INFO:colcon.colcon_core.shell:Creating environment hook '/home/peru0002/ros2_ws/install/rplidar_ros/share/rplidar_ros/hook/ld_library_path_lib.ps1'
[19.693s] INFO:colcon.colcon_core.shell:Creating environment descriptor '/home/peru0002/ros2_ws/install/rplidar_ros/share/rplidar_ros/hook/ld_library_path_lib.dsv'
[19.693s] INFO:colcon.colcon_core.shell:Creating environment hook '/home/peru0002/ros2_ws/install/rplidar_ros/share/rplidar_ros/hook/ld_library_path_lib.sh'
[19.693s] Level 1:colcon.colcon_core.environment:checking '/home/peru0002/ros2_ws/install/rplidar_ros/bin'
[19.694s] Level 1:colcon.colcon_core.environment:checking '/home/peru0002/ros2_ws/install/rplidar_ros/lib/pkgconfig/rplidar_ros.pc'
[19.694s] Level 1:colcon.colcon_core.environment:checking '/home/peru0002/ros2_ws/install/rplidar_ros/lib/python3.12/site-packages'
[19.694s] Level 1:colcon.colcon_core.environment:checking '/home/peru0002/ros2_ws/install/rplidar_ros/bin'
[19.695s] INFO:colcon.colcon_core.shell:Creating package script '/home/peru0002/ros2_ws/install/rplidar_ros/share/rplidar_ros/package.ps1'
[19.695s] INFO:colcon.colcon_core.shell:Creating package descriptor '/home/peru0002/ros2_ws/install/rplidar_ros/share/rplidar_ros/package.dsv'
[19.696s] INFO:colcon.colcon_core.shell:Creating package script '/home/peru0002/ros2_ws/install/rplidar_ros/share/rplidar_ros/package.sh'
[19.696s] INFO:colcon.colcon_core.shell:Creating package script '/home/peru0002/ros2_ws/install/rplidar_ros/share/rplidar_ros/package.bash'
[19.696s] INFO:colcon.colcon_core.shell:Creating package script '/home/peru0002/ros2_ws/install/rplidar_ros/share/rplidar_ros/package.zsh'
[19.697s] Level 1:colcon.colcon_core.environment:create_file_with_runtime_dependencies(/home/peru0002/ros2_ws/install/rplidar_ros/share/colcon-core/packages/rplidar_ros)
[19.697s] DEBUG:colcon.colcon_parallel_executor.executor.parallel:closing loop
[19.697s] DEBUG:colcon.colcon_parallel_executor.executor.parallel:loop closed
[19.698s] DEBUG:colcon.colcon_parallel_executor.executor.parallel:run_until_complete finished with '0'
[19.698s] DEBUG:colcon.colcon_core.event_reactor:joining thread
[19.705s] INFO:colcon.colcon_core.plugin_system:Skipping extension 'colcon_notification.desktop_notification.terminal_notifier': Not used on non-Darwin systems
[19.705s] INFO:colcon.colcon_core.plugin_system:Skipping extension 'colcon_notification.desktop_notification.win32': Not used on non-Windows systems
[19.705s] INFO:colcon.colcon_notification.desktop_notification:Sending desktop notification using 'notify2'
[19.722s] DEBUG:colcon.colcon_core.event_reactor:joined thread
[19.723s] INFO:colcon.colcon_core.shell:Creating prefix script '/home/peru0002/ros2_ws/install/local_setup.ps1'
[19.725s] INFO:colcon.colcon_core.shell:Creating prefix util module '/home/peru0002/ros2_ws/install/_local_setup_util_ps1.py'
[19.730s] INFO:colcon.colcon_core.shell:Creating prefix chain script '/home/peru0002/ros2_ws/install/setup.ps1'
[19.740s] INFO:colcon.colcon_core.shell:Creating prefix script '/home/peru0002/ros2_ws/install/local_setup.sh'
[19.741s] INFO:colcon.colcon_core.shell:Creating prefix util module '/home/peru0002/ros2_ws/install/_local_setup_util_sh.py'
[19.742s] INFO:colcon.colcon_core.shell:Creating prefix chain script '/home/peru0002/ros2_ws/install/setup.sh'
[19.751s] INFO:colcon.colcon_core.shell:Creating prefix script '/home/peru0002/ros2_ws/install/local_setup.bash'
[19.752s] INFO:colcon.colcon_core.shell:Creating prefix chain script '/home/peru0002/ros2_ws/install/setup.bash'
[19.760s] INFO:colcon.colcon_core.shell:Creating prefix script '/home/peru0002/ros2_ws/install/local_setup.zsh'
[19.760s] INFO:colcon.colcon_core.shell:Creating prefix chain script '/home/peru0002/ros2_ws/install/setup.zsh'
