[1.373s] Invoking command in '/home/peru0002/ros2_ws/build/bracu_hydra_description': DEBUGINFOD_URLS=https://debuginfod.ubuntu.com PYTHONPATH=/home/peru0002/ros2_ws/build/bracu_hydra_description/prefix_override:/usr/lib/python3/dist-packages/colcon_core/task/python/colcon_distutils_commands:/home/peru0002/ros2_ws/install/bracu_hydra_description/lib/python3.12/site-packages:${PYTHONPATH} /usr/bin/python3 -W ignore:setup.py install is deprecated -W ignore:easy_install command is deprecated setup.py develop --uninstall --editable --build-directory /home/peru0002/ros2_ws/build/bracu_hydra_description/build
[1.968s] running develop
[2.375s] Removing /home/peru0002/ros2_ws/install/bracu_hydra_description/lib/python3.12/site-packages/bracu-hydra-description.egg-link (link to .)
[2.437s] Invoked command in '/home/peru0002/ros2_ws/build/bracu_hydra_description' returned '0': DEBUGINFOD_URLS=https://debuginfod.ubuntu.com PYTHONPATH=/home/peru0002/ros2_ws/build/bracu_hydra_description/prefix_override:/usr/lib/python3/dist-packages/colcon_core/task/python/colcon_distutils_commands:/home/peru0002/ros2_ws/install/bracu_hydra_description/lib/python3.12/site-packages:${PYTHONPATH} /usr/bin/python3 -W ignore:setup.py install is deprecated -W ignore:easy_install command is deprecated setup.py develop --uninstall --editable --build-directory /home/peru0002/ros2_ws/build/bracu_hydra_description/build
[2.440s] Invoking command in '/home/peru0002/ros2_ws/src/bracu_hydra_description/bracu_hydra_description': DEBUGINFOD_URLS=https://debuginfod.ubuntu.com PYTHONPATH=/home/peru0002/ros2_ws/build/bracu_hydra_description/prefix_override:/usr/lib/python3/dist-packages/colcon_core/task/python/colcon_distutils_commands:/home/peru0002/ros2_ws/install/bracu_hydra_description/lib/python3.12/site-packages:${PYTHONPATH} /usr/bin/python3 -W ignore:setup.py install is deprecated -W ignore:easy_install command is deprecated setup.py egg_info --egg-base ../../../build/bracu_hydra_description build --build-base /home/peru0002/ros2_ws/build/bracu_hydra_description/build install --record /home/peru0002/ros2_ws/build/bracu_hydra_description/install.log --single-version-externally-managed install_data --force
[2.913s] running egg_info
[2.952s] writing ../../../build/bracu_hydra_description/bracu_hydra_description.egg-info/PKG-INFO
[2.952s] writing dependency_links to ../../../build/bracu_hydra_description/bracu_hydra_description.egg-info/dependency_links.txt
[2.952s] writing requirements to ../../../build/bracu_hydra_description/bracu_hydra_description.egg-info/requires.txt
[2.953s] writing top-level names to ../../../build/bracu_hydra_description/bracu_hydra_description.egg-info/top_level.txt
[3.029s] reading manifest file '../../../build/bracu_hydra_description/bracu_hydra_description.egg-info/SOURCES.txt'
[3.030s] writing manifest file '../../../build/bracu_hydra_description/bracu_hydra_description.egg-info/SOURCES.txt'
[3.031s] running build
[3.031s] running build_py
[3.031s] running install
[3.039s] running install_lib
[3.078s] creating /home/peru0002/ros2_ws/install/bracu_hydra_description/lib/python3.12/site-packages/bracu_hydra_description
[3.079s] copying /home/peru0002/ros2_ws/build/bracu_hydra_description/build/lib/bracu_hydra_description/__init__.py -> /home/peru0002/ros2_ws/install/bracu_hydra_description/lib/python3.12/site-packages/bracu_hydra_description
[3.079s] byte-compiling /home/peru0002/ros2_ws/install/bracu_hydra_description/lib/python3.12/site-packages/bracu_hydra_description/__init__.py to __init__.cpython-312.pyc
[3.079s] running install_data
[3.080s] copying resource/bracu_hydra_description -> /home/peru0002/ros2_ws/install/bracu_hydra_description/share/ament_index/resource_index/packages
[3.080s] copying package.xml -> /home/peru0002/ros2_ws/install/bracu_hydra_description/share/bracu_hydra_description
[3.080s] copying launch/gazebo.launch.py -> /home/peru0002/ros2_ws/install/bracu_hydra_description/share/bracu_hydra_description/launch
[3.081s] copying launch/display.launch.py -> /home/peru0002/ros2_ws/install/bracu_hydra_description/share/bracu_hydra_description/launch
[3.081s] copying urdf/bracu_hydra.ros2control.xml -> /home/peru0002/ros2_ws/install/bracu_hydra_description/share/bracu_hydra_description/urdf
[3.081s] copying urdf/bracu_hydra.xacro -> /home/peru0002/ros2_ws/install/bracu_hydra_description/share/bracu_hydra_description/urdf
[3.081s] copying urdf/materials.xacro -> /home/peru0002/ros2_ws/install/bracu_hydra_description/share/bracu_hydra_description/urdf
[3.081s] copying urdf/bracu_hydra.gazebo -> /home/peru0002/ros2_ws/install/bracu_hydra_description/share/bracu_hydra_description/urdf
[3.082s] copying meshes/joint_2_1.stl -> /home/peru0002/ros2_ws/install/bracu_hydra_description/share/bracu_hydra_description/meshes
[3.082s] copying meshes/base_link.stl -> /home/peru0002/ros2_ws/install/bracu_hydra_description/share/bracu_hydra_description/meshes
[3.083s] copying meshes/gripper_1.stl -> /home/peru0002/ros2_ws/install/bracu_hydra_description/share/bracu_hydra_description/meshes
[3.084s] copying meshes/joint_3_1.stl -> /home/peru0002/ros2_ws/install/bracu_hydra_description/share/bracu_hydra_description/meshes
[3.085s] copying meshes/joint_1_1.stl -> /home/peru0002/ros2_ws/install/bracu_hydra_description/share/bracu_hydra_description/meshes
[3.086s] copying config/gazebo.rviz -> /home/peru0002/ros2_ws/install/bracu_hydra_description/share/bracu_hydra_description/config
[3.087s] copying config/ros_gz_bridge_gazebo.yaml -> /home/peru0002/ros2_ws/install/bracu_hydra_description/share/bracu_hydra_description/config
[3.087s] copying config/display.rviz -> /home/peru0002/ros2_ws/install/bracu_hydra_description/share/bracu_hydra_description/config
[3.087s] running install_egg_info
[3.127s] Copying ../../../build/bracu_hydra_description/bracu_hydra_description.egg-info to /home/peru0002/ros2_ws/install/bracu_hydra_description/lib/python3.12/site-packages/bracu_hydra_description-0.0.0-py3.12.egg-info
[3.127s] running install_scripts
[3.364s] writing list of installed files to '/home/peru0002/ros2_ws/build/bracu_hydra_description/install.log'
[3.407s] Invoked command in '/home/peru0002/ros2_ws/src/bracu_hydra_description/bracu_hydra_description' returned '0': DEBUGINFOD_URLS=https://debuginfod.ubuntu.com PYTHONPATH=/home/peru0002/ros2_ws/build/bracu_hydra_description/prefix_override:/usr/lib/python3/dist-packages/colcon_core/task/python/colcon_distutils_commands:/home/peru0002/ros2_ws/install/bracu_hydra_description/lib/python3.12/site-packages:${PYTHONPATH} /usr/bin/python3 -W ignore:setup.py install is deprecated -W ignore:easy_install command is deprecated setup.py egg_info --egg-base ../../../build/bracu_hydra_description build --build-base /home/peru0002/ros2_ws/build/bracu_hydra_description/build install --record /home/peru0002/ros2_ws/build/bracu_hydra_description/install.log --single-version-externally-managed install_data --force
