[0.052s] Invoking command in '/home/peru0002/ros2_ws/build/serial': CMAKE_PREFIX_PATH=${CMAKE_PREFIX_PATH}:/opt/ros/jazzy DEBUGINFOD_URLS=https://debuginfod.ubuntu.com /usr/bin/cmake /home/peru0002/ros2_ws/src/serial -DCMAKE_INSTALL_PREFIX=/home/peru0002/ros2_ws/install/serial
[0.066s] -- Found ament_cmake: 2.5.4 (/opt/ros/jazzy/share/ament_cmake/cmake)
[0.663s] -- Configuring done (0.6s)
[0.677s] -- Generating done (0.0s)
[0.684s] -- Build files have been written to: /home/peru0002/ros2_ws/build/serial
[0.800s] Invoked command in '/home/peru0002/ros2_ws/build/serial' returned '0': CMAKE_PREFIX_PATH=${CMAKE_PREFIX_PATH}:/opt/ros/jazzy DEBUGINFOD_URLS=https://debuginfod.ubuntu.com /usr/bin/cmake /home/peru0002/ros2_ws/src/serial -DCMAKE_INSTALL_PREFIX=/home/peru0002/ros2_ws/install/serial
[0.802s] Invoking command in '/home/peru0002/ros2_ws/build/serial': CMAKE_PREFIX_PATH=${CMAKE_PREFIX_PATH}:/opt/ros/jazzy DEBUGINFOD_URLS=https://debuginfod.ubuntu.com /usr/bin/cmake --build /home/peru0002/ros2_ws/build/serial -- -j8 -l8
[0.916s] [100%] Built target serial
[0.942s] Invoked command in '/home/peru0002/ros2_ws/build/serial' returned '0': CMAKE_PREFIX_PATH=${CMAKE_PREFIX_PATH}:/opt/ros/jazzy DEBUGINFOD_URLS=https://debuginfod.ubuntu.com /usr/bin/cmake --build /home/peru0002/ros2_ws/build/serial -- -j8 -l8
[0.946s] Invoking command in '/home/peru0002/ros2_ws/build/serial': CMAKE_PREFIX_PATH=${CMAKE_PREFIX_PATH}:/opt/ros/jazzy DEBUGINFOD_URLS=https://debuginfod.ubuntu.com /usr/bin/cmake --install /home/peru0002/ros2_ws/build/serial
[0.975s] -- Install configuration: "Release"
[0.975s] -- Up-to-date: /home/peru0002/ros2_ws/install/serial/lib/libserial.a
[0.975s] -- Up-to-date: /home/peru0002/ros2_ws/install/serial/include
[0.976s] -- Up-to-date: /home/peru0002/ros2_ws/install/serial/include/serial
[0.976s] -- Up-to-date: /home/peru0002/ros2_ws/install/serial/include/serial/v8stdint.h
[0.976s] -- Up-to-date: /home/peru0002/ros2_ws/install/serial/include/serial/impl
[0.976s] -- Up-to-date: /home/peru0002/ros2_ws/install/serial/include/serial/impl/win.h
[0.976s] -- Up-to-date: /home/peru0002/ros2_ws/install/serial/include/serial/impl/unix.h
[0.977s] -- Up-to-date: /home/peru0002/ros2_ws/install/serial/include/serial/serial.h
[0.978s] -- Up-to-date: /home/peru0002/ros2_ws/install/serial/share/serial/environment/library_path.sh
[0.978s] -- Up-to-date: /home/peru0002/ros2_ws/install/serial/share/serial/environment/library_path.dsv
[0.978s] -- Up-to-date: /home/peru0002/ros2_ws/install/serial/share/ament_index/resource_index/package_run_dependencies/serial
[0.979s] -- Up-to-date: /home/peru0002/ros2_ws/install/serial/share/ament_index/resource_index/parent_prefix_path/serial
[0.979s] -- Up-to-date: /home/peru0002/ros2_ws/install/serial/share/serial/environment/ament_prefix_path.sh
[0.979s] -- Up-to-date: /home/peru0002/ros2_ws/install/serial/share/serial/environment/ament_prefix_path.dsv
[0.979s] -- Up-to-date: /home/peru0002/ros2_ws/install/serial/share/serial/environment/path.sh
[0.979s] -- Up-to-date: /home/peru0002/ros2_ws/install/serial/share/serial/environment/path.dsv
[0.982s] -- Up-to-date: /home/peru0002/ros2_ws/install/serial/share/serial/local_setup.bash
[0.982s] -- Up-to-date: /home/peru0002/ros2_ws/install/serial/share/serial/local_setup.sh
[0.982s] -- Up-to-date: /home/peru0002/ros2_ws/install/serial/share/serial/local_setup.zsh
[0.982s] -- Up-to-date: /home/peru0002/ros2_ws/install/serial/share/serial/local_setup.dsv
[0.982s] -- Installing: /home/peru0002/ros2_ws/install/serial/share/serial/package.dsv
[0.982s] -- Up-to-date: /home/peru0002/ros2_ws/install/serial/share/ament_index/resource_index/packages/serial
[0.983s] -- Up-to-date: /home/peru0002/ros2_ws/install/serial/share/serial/cmake/export_serialExport.cmake
[0.983s] -- Up-to-date: /home/peru0002/ros2_ws/install/serial/share/serial/cmake/export_serialExport-release.cmake
[0.983s] -- Up-to-date: /home/peru0002/ros2_ws/install/serial/share/serial/cmake/ament_cmake_export_include_directories-extras.cmake
[0.983s] -- Up-to-date: /home/peru0002/ros2_ws/install/serial/share/serial/cmake/ament_cmake_export_libraries-extras.cmake
[0.983s] -- Up-to-date: /home/peru0002/ros2_ws/install/serial/share/serial/cmake/ament_cmake_export_targets-extras.cmake
[0.983s] -- Up-to-date: /home/peru0002/ros2_ws/install/serial/share/serial/cmake/serialConfig.cmake
[0.983s] -- Up-to-date: /home/peru0002/ros2_ws/install/serial/share/serial/cmake/serialConfig-version.cmake
[0.984s] -- Up-to-date: /home/peru0002/ros2_ws/install/serial/share/serial/package.xml
[0.985s] Invoked command in '/home/peru0002/ros2_ws/build/serial' returned '0': CMAKE_PREFIX_PATH=${CMAKE_PREFIX_PATH}:/opt/ros/jazzy DEBUGINFOD_URLS=https://debuginfod.ubuntu.com /usr/bin/cmake --install /home/peru0002/ros2_ws/build/serial
