[0.082s] Invoking command in '/home/peru0002/ros2_ws/build/robotiq_driver': AMENT_PREFIX_PATH=/home/peru0002/ros2_ws/install/serial:${AMENT_PREFIX_PATH} CMAKE_PREFIX_PATH=/home/peru0002/ros2_ws/install/serial:/opt/ros/jazzy/opt/gz_sim_vendor:/opt/ros/jazzy/opt/gz_sensors_vendor:/opt/ros/jazzy/opt/gz_physics_vendor:/opt/ros/jazzy/opt/sdformat_vendor:/opt/ros/jazzy/opt/gz_gui_vendor:/opt/ros/jazzy/opt/gz_transport_vendor:/opt/ros/jazzy/opt/gz_rendering_vendor:/opt/ros/jazzy/opt/gz_plugin_vendor:/opt/ros/jazzy/opt/gz_fuel_tools_vendor:/opt/ros/jazzy/opt/gz_msgs_vendor:/opt/ros/jazzy/opt/gz_common_vendor:/opt/ros/jazzy/opt/gz_math_vendor:/opt/ros/jazzy/opt/gz_utils_vendor:/opt/ros/jazzy/opt/gz_tools_vendor:/opt/ros/jazzy/opt/gz_ogre_next_vendor:/opt/ros/jazzy/opt/gz_dartsim_vendor:/opt/ros/jazzy/opt/gz_cmake_vendor:/opt/ros/jazzy DEBUGINFOD_URLS=https://debuginfod.ubuntu.com LD_LIBRARY_PATH=/home/peru0002/ros2_ws/install/serial/lib:${LD_LIBRARY_PATH} /usr/bin/cmake /home/peru0002/ros2_ws/src/ros2_robotiq_gripper/robotiq_driver -DCMAKE_INSTALL_PREFIX=/home/peru0002/ros2_ws/install/robotiq_driver
[0.111s] -- Found ament_cmake: 2.5.4 (/opt/ros/jazzy/share/ament_cmake/cmake)
[0.525s] -- Found hardware_interface: 4.39.2 (/opt/ros/jazzy/share/hardware_interface/cmake)
[0.606s] -- Found rosidl_generator_c: 4.6.6 (/opt/ros/jazzy/share/rosidl_generator_c/cmake)
[0.619s] -- Found rosidl_generator_cpp: 4.6.6 (/opt/ros/jazzy/share/rosidl_generator_cpp/cmake)
[0.643s] -- Using all available rosidl_typesupport_c: rosidl_typesupport_fastrtps_c;rosidl_typesupport_introspection_c
[0.669s] -- Using all available rosidl_typesupport_cpp: rosidl_typesupport_fastrtps_cpp;rosidl_typesupport_introspection_cpp
[1.001s] -- Found TinyXML2 via Config file: /usr/lib/x86_64-linux-gnu/cmake/tinyxml2
[1.048s] -- Found rmw_implementation_cmake: 7.3.2 (/opt/ros/jazzy/share/rmw_implementation_cmake/cmake)
[1.051s] -- Found rmw_fastrtps_cpp: 8.4.3 (/opt/ros/jazzy/share/rmw_fastrtps_cpp/cmake)
[1.083s] -- Found TinyXML2 via Config file: /usr/lib/x86_64-linux-gnu/cmake/tinyxml2
[1.104s] -- Found TinyXML2 via Config file: /usr/lib/x86_64-linux-gnu/cmake/tinyxml2
[1.144s] -- Found TinyXML2 via Config file: /usr/lib/x86_64-linux-gnu/cmake/tinyxml2
[1.153s] -- Found TinyXML2 via Config file: /usr/lib/x86_64-linux-gnu/cmake/tinyxml2
[1.178s] -- Using RMW implementation 'rmw_fastrtps_cpp' as default
[1.415s] -- Found serial: 1.2.1 (/home/peru0002/ros2_ws/install/serial/share/serial/cmake)
[1.430s] -- Found ament_cmake_gtest: 2.5.4 (/opt/ros/jazzy/share/ament_cmake_gtest/cmake)
[1.430s] -- Found ament_cmake_gmock: 2.5.4 (/opt/ros/jazzy/share/ament_cmake_gmock/cmake)
[1.432s] -- Found ament_lint_auto: 0.17.3 (/opt/ros/jazzy/share/ament_lint_auto/cmake)
[1.657s] -- Found gmock sources under '/opt/ros/jazzy/src/gmock_vendor': C++ tests using 'Google Mock' will be built
[1.665s] -- Found gtest sources under '/opt/ros/jazzy/src/gtest_vendor': C++ tests using 'Google Test' will be built
[1.843s] -- Configuring done (1.7s)
[2.061s] -- Generating done (0.2s)
[2.098s] -- Build files have been written to: /home/peru0002/ros2_ws/build/robotiq_driver
[2.117s] Invoked command in '/home/peru0002/ros2_ws/build/robotiq_driver' returned '0': AMENT_PREFIX_PATH=/home/peru0002/ros2_ws/install/serial:${AMENT_PREFIX_PATH} CMAKE_PREFIX_PATH=/home/peru0002/ros2_ws/install/serial:/opt/ros/jazzy/opt/gz_sim_vendor:/opt/ros/jazzy/opt/gz_sensors_vendor:/opt/ros/jazzy/opt/gz_physics_vendor:/opt/ros/jazzy/opt/sdformat_vendor:/opt/ros/jazzy/opt/gz_gui_vendor:/opt/ros/jazzy/opt/gz_transport_vendor:/opt/ros/jazzy/opt/gz_rendering_vendor:/opt/ros/jazzy/opt/gz_plugin_vendor:/opt/ros/jazzy/opt/gz_fuel_tools_vendor:/opt/ros/jazzy/opt/gz_msgs_vendor:/opt/ros/jazzy/opt/gz_common_vendor:/opt/ros/jazzy/opt/gz_math_vendor:/opt/ros/jazzy/opt/gz_utils_vendor:/opt/ros/jazzy/opt/gz_tools_vendor:/opt/ros/jazzy/opt/gz_ogre_next_vendor:/opt/ros/jazzy/opt/gz_dartsim_vendor:/opt/ros/jazzy/opt/gz_cmake_vendor:/opt/ros/jazzy DEBUGINFOD_URLS=https://debuginfod.ubuntu.com LD_LIBRARY_PATH=/home/peru0002/ros2_ws/install/serial/lib:${LD_LIBRARY_PATH} /usr/bin/cmake /home/peru0002/ros2_ws/src/ros2_robotiq_gripper/robotiq_driver -DCMAKE_INSTALL_PREFIX=/home/peru0002/ros2_ws/install/robotiq_driver
[2.120s] Invoking command in '/home/peru0002/ros2_ws/build/robotiq_driver': AMENT_PREFIX_PATH=/home/peru0002/ros2_ws/install/serial:${AMENT_PREFIX_PATH} CMAKE_PREFIX_PATH=/home/peru0002/ros2_ws/install/serial:/opt/ros/jazzy/opt/gz_sim_vendor:/opt/ros/jazzy/opt/gz_sensors_vendor:/opt/ros/jazzy/opt/gz_physics_vendor:/opt/ros/jazzy/opt/sdformat_vendor:/opt/ros/jazzy/opt/gz_gui_vendor:/opt/ros/jazzy/opt/gz_transport_vendor:/opt/ros/jazzy/opt/gz_rendering_vendor:/opt/ros/jazzy/opt/gz_plugin_vendor:/opt/ros/jazzy/opt/gz_fuel_tools_vendor:/opt/ros/jazzy/opt/gz_msgs_vendor:/opt/ros/jazzy/opt/gz_common_vendor:/opt/ros/jazzy/opt/gz_math_vendor:/opt/ros/jazzy/opt/gz_utils_vendor:/opt/ros/jazzy/opt/gz_tools_vendor:/opt/ros/jazzy/opt/gz_ogre_next_vendor:/opt/ros/jazzy/opt/gz_dartsim_vendor:/opt/ros/jazzy/opt/gz_cmake_vendor:/opt/ros/jazzy DEBUGINFOD_URLS=https://debuginfod.ubuntu.com LD_LIBRARY_PATH=/home/peru0002/ros2_ws/install/serial/lib:${LD_LIBRARY_PATH} /usr/bin/cmake --build /home/peru0002/ros2_ws/build/robotiq_driver -- -j8 -l8
[2.223s] [ 12%] Built target gmock
[2.227s] [ 20%] Built target gmock_main
[2.258s] [ 58%] Built target robotiq_driver
[2.303s] [ 66%] Built target test_default_serial_factory
[2.304s] [ 75%] Built target test_crc_utils
[2.307s] [ 83%] Built target test_data_utils
[2.309s] [ 91%] Built target test_default_driver_factory
[2.312s] [100%] Built target test_robotiq_gripper_hardware_interface
[2.336s] Invoked command in '/home/peru0002/ros2_ws/build/robotiq_driver' returned '0': AMENT_PREFIX_PATH=/home/peru0002/ros2_ws/install/serial:${AMENT_PREFIX_PATH} CMAKE_PREFIX_PATH=/home/peru0002/ros2_ws/install/serial:/opt/ros/jazzy/opt/gz_sim_vendor:/opt/ros/jazzy/opt/gz_sensors_vendor:/opt/ros/jazzy/opt/gz_physics_vendor:/opt/ros/jazzy/opt/sdformat_vendor:/opt/ros/jazzy/opt/gz_gui_vendor:/opt/ros/jazzy/opt/gz_transport_vendor:/opt/ros/jazzy/opt/gz_rendering_vendor:/opt/ros/jazzy/opt/gz_plugin_vendor:/opt/ros/jazzy/opt/gz_fuel_tools_vendor:/opt/ros/jazzy/opt/gz_msgs_vendor:/opt/ros/jazzy/opt/gz_common_vendor:/opt/ros/jazzy/opt/gz_math_vendor:/opt/ros/jazzy/opt/gz_utils_vendor:/opt/ros/jazzy/opt/gz_tools_vendor:/opt/ros/jazzy/opt/gz_ogre_next_vendor:/opt/ros/jazzy/opt/gz_dartsim_vendor:/opt/ros/jazzy/opt/gz_cmake_vendor:/opt/ros/jazzy DEBUGINFOD_URLS=https://debuginfod.ubuntu.com LD_LIBRARY_PATH=/home/peru0002/ros2_ws/install/serial/lib:${LD_LIBRARY_PATH} /usr/bin/cmake --build /home/peru0002/ros2_ws/build/robotiq_driver -- -j8 -l8
[2.338s] Invoking command in '/home/peru0002/ros2_ws/build/robotiq_driver': AMENT_PREFIX_PATH=/home/peru0002/ros2_ws/install/serial:${AMENT_PREFIX_PATH} CMAKE_PREFIX_PATH=/home/peru0002/ros2_ws/install/serial:/opt/ros/jazzy/opt/gz_sim_vendor:/opt/ros/jazzy/opt/gz_sensors_vendor:/opt/ros/jazzy/opt/gz_physics_vendor:/opt/ros/jazzy/opt/sdformat_vendor:/opt/ros/jazzy/opt/gz_gui_vendor:/opt/ros/jazzy/opt/gz_transport_vendor:/opt/ros/jazzy/opt/gz_rendering_vendor:/opt/ros/jazzy/opt/gz_plugin_vendor:/opt/ros/jazzy/opt/gz_fuel_tools_vendor:/opt/ros/jazzy/opt/gz_msgs_vendor:/opt/ros/jazzy/opt/gz_common_vendor:/opt/ros/jazzy/opt/gz_math_vendor:/opt/ros/jazzy/opt/gz_utils_vendor:/opt/ros/jazzy/opt/gz_tools_vendor:/opt/ros/jazzy/opt/gz_ogre_next_vendor:/opt/ros/jazzy/opt/gz_dartsim_vendor:/opt/ros/jazzy/opt/gz_cmake_vendor:/opt/ros/jazzy DEBUGINFOD_URLS=https://debuginfod.ubuntu.com LD_LIBRARY_PATH=/home/peru0002/ros2_ws/install/serial/lib:${LD_LIBRARY_PATH} /usr/bin/cmake --install /home/peru0002/ros2_ws/build/robotiq_driver
[2.357s] -- Install configuration: "Release"
[2.357s] -- Up-to-date: /home/peru0002/ros2_ws/install/robotiq_driver/share/robotiq_driver/hardware_interface_plugin.xml
[2.357s] -- Up-to-date: /home/peru0002/ros2_ws/install/robotiq_driver/share/robotiq_driver/environment/library_path.sh
[2.357s] -- Up-to-date: /home/peru0002/ros2_ws/install/robotiq_driver/share/robotiq_driver/environment/library_path.dsv
[2.357s] -- Up-to-date: /home/peru0002/ros2_ws/install/robotiq_driver/include
[2.358s] -- Up-to-date: /home/peru0002/ros2_ws/install/robotiq_driver/include/robotiq_driver
[2.358s] -- Up-to-date: /home/peru0002/ros2_ws/install/robotiq_driver/include/robotiq_driver/fake
[2.358s] -- Up-to-date: /home/peru0002/ros2_ws/install/robotiq_driver/include/robotiq_driver/fake/fake_driver.hpp
[2.358s] -- Up-to-date: /home/peru0002/ros2_ws/install/robotiq_driver/include/robotiq_driver/data_utils.hpp
[2.358s] -- Up-to-date: /home/peru0002/ros2_ws/install/robotiq_driver/include/robotiq_driver/hardware_interface.hpp
[2.358s] -- Up-to-date: /home/peru0002/ros2_ws/install/robotiq_driver/include/robotiq_driver/visibility_control.hpp
[2.358s] -- Up-to-date: /home/peru0002/ros2_ws/install/robotiq_driver/include/robotiq_driver/default_driver.hpp
[2.358s] -- Up-to-date: /home/peru0002/ros2_ws/install/robotiq_driver/include/robotiq_driver/crc_utils.hpp
[2.359s] -- Up-to-date: /home/peru0002/ros2_ws/install/robotiq_driver/include/robotiq_driver/serial.hpp
[2.359s] -- Up-to-date: /home/peru0002/ros2_ws/install/robotiq_driver/include/robotiq_driver/driver.hpp
[2.359s] -- Up-to-date: /home/peru0002/ros2_ws/install/robotiq_driver/include/robotiq_driver/driver_factory.hpp
[2.359s] -- Up-to-date: /home/peru0002/ros2_ws/install/robotiq_driver/include/robotiq_driver/driver_exception.hpp
[2.359s] -- Up-to-date: /home/peru0002/ros2_ws/install/robotiq_driver/include/robotiq_driver/default_driver_factory.hpp
[2.359s] -- Up-to-date: /home/peru0002/ros2_ws/install/robotiq_driver/include/robotiq_driver/default_serial.hpp
[2.359s] -- Up-to-date: /home/peru0002/ros2_ws/install/robotiq_driver/include/robotiq_driver/default_serial_factory.hpp
[2.359s] -- Up-to-date: /home/peru0002/ros2_ws/install/robotiq_driver/include/robotiq_driver/serial_factory.hpp
[2.359s] -- Up-to-date: /home/peru0002/ros2_ws/install/robotiq_driver/lib/librobotiq_driver.so
[2.360s] -- Up-to-date: /home/peru0002/ros2_ws/install/robotiq_driver/share/ament_index/resource_index/package_run_dependencies/robotiq_driver
[2.360s] -- Up-to-date: /home/peru0002/ros2_ws/install/robotiq_driver/share/ament_index/resource_index/parent_prefix_path/robotiq_driver
[2.360s] -- Up-to-date: /home/peru0002/ros2_ws/install/robotiq_driver/share/robotiq_driver/environment/ament_prefix_path.sh
[2.360s] -- Up-to-date: /home/peru0002/ros2_ws/install/robotiq_driver/share/robotiq_driver/environment/ament_prefix_path.dsv
[2.361s] -- Up-to-date: /home/peru0002/ros2_ws/install/robotiq_driver/share/robotiq_driver/environment/path.sh
[2.361s] -- Up-to-date: /home/peru0002/ros2_ws/install/robotiq_driver/share/robotiq_driver/environment/path.dsv
[2.361s] -- Up-to-date: /home/peru0002/ros2_ws/install/robotiq_driver/share/robotiq_driver/local_setup.bash
[2.361s] -- Up-to-date: /home/peru0002/ros2_ws/install/robotiq_driver/share/robotiq_driver/local_setup.sh
[2.361s] -- Up-to-date: /home/peru0002/ros2_ws/install/robotiq_driver/share/robotiq_driver/local_setup.zsh
[2.361s] -- Up-to-date: /home/peru0002/ros2_ws/install/robotiq_driver/share/robotiq_driver/local_setup.dsv
[2.362s] -- Installing: /home/peru0002/ros2_ws/install/robotiq_driver/share/robotiq_driver/package.dsv
[2.362s] -- Up-to-date: /home/peru0002/ros2_ws/install/robotiq_driver/share/ament_index/resource_index/packages/robotiq_driver
[2.362s] -- Up-to-date: /home/peru0002/ros2_ws/install/robotiq_driver/share/ament_index/resource_index/hardware_interface__pluginlib__plugin/robotiq_driver
[2.362s] -- Up-to-date: /home/peru0002/ros2_ws/install/robotiq_driver/share/robotiq_driver/cmake/robotiq_driver_targetsExport.cmake
[2.363s] -- Up-to-date: /home/peru0002/ros2_ws/install/robotiq_driver/share/robotiq_driver/cmake/robotiq_driver_targetsExport-release.cmake
[2.363s] -- Up-to-date: /home/peru0002/ros2_ws/install/robotiq_driver/share/robotiq_driver/cmake/ament_cmake_export_targets-extras.cmake
[2.363s] -- Up-to-date: /home/peru0002/ros2_ws/install/robotiq_driver/share/robotiq_driver/cmake/ament_cmake_export_dependencies-extras.cmake
[2.363s] -- Up-to-date: /home/peru0002/ros2_ws/install/robotiq_driver/share/robotiq_driver/cmake/ament_cmake_export_include_directories-extras.cmake
[2.363s] -- Up-to-date: /home/peru0002/ros2_ws/install/robotiq_driver/share/robotiq_driver/cmake/ament_cmake_export_libraries-extras.cmake
[2.364s] -- Up-to-date: /home/peru0002/ros2_ws/install/robotiq_driver/share/robotiq_driver/cmake/robotiq_driverConfig.cmake
[2.364s] -- Up-to-date: /home/peru0002/ros2_ws/install/robotiq_driver/share/robotiq_driver/cmake/robotiq_driverConfig-version.cmake
[2.364s] -- Up-to-date: /home/peru0002/ros2_ws/install/robotiq_driver/share/robotiq_driver/package.xml
[2.366s] Invoked command in '/home/peru0002/ros2_ws/build/robotiq_driver' returned '0': AMENT_PREFIX_PATH=/home/peru0002/ros2_ws/install/serial:${AMENT_PREFIX_PATH} CMAKE_PREFIX_PATH=/home/peru0002/ros2_ws/install/serial:/opt/ros/jazzy/opt/gz_sim_vendor:/opt/ros/jazzy/opt/gz_sensors_vendor:/opt/ros/jazzy/opt/gz_physics_vendor:/opt/ros/jazzy/opt/sdformat_vendor:/opt/ros/jazzy/opt/gz_gui_vendor:/opt/ros/jazzy/opt/gz_transport_vendor:/opt/ros/jazzy/opt/gz_rendering_vendor:/opt/ros/jazzy/opt/gz_plugin_vendor:/opt/ros/jazzy/opt/gz_fuel_tools_vendor:/opt/ros/jazzy/opt/gz_msgs_vendor:/opt/ros/jazzy/opt/gz_common_vendor:/opt/ros/jazzy/opt/gz_math_vendor:/opt/ros/jazzy/opt/gz_utils_vendor:/opt/ros/jazzy/opt/gz_tools_vendor:/opt/ros/jazzy/opt/gz_ogre_next_vendor:/opt/ros/jazzy/opt/gz_dartsim_vendor:/opt/ros/jazzy/opt/gz_cmake_vendor:/opt/ros/jazzy DEBUGINFOD_URLS=https://debuginfod.ubuntu.com LD_LIBRARY_PATH=/home/peru0002/ros2_ws/install/serial/lib:${LD_LIBRARY_PATH} /usr/bin/cmake --install /home/peru0002/ros2_ws/build/robotiq_driver
