/home/peru0002/ros2_ws/install/bracu_hydra_description/lib/python3.12/site-packages/bracu_hydra_description/__init__.py
/home/peru0002/ros2_ws/install/bracu_hydra_description/lib/python3.12/site-packages/bracu_hydra_description/__pycache__/__init__.cpython-312.pyc
/home/peru0002/ros2_ws/install/bracu_hydra_description/share/ament_index/resource_index/packages/bracu_hydra_description
/home/peru0002/ros2_ws/install/bracu_hydra_description/share/bracu_hydra_description/package.xml
/home/peru0002/ros2_ws/install/bracu_hydra_description/share/bracu_hydra_description/launch/gazebo.launch.py
/home/peru0002/ros2_ws/install/bracu_hydra_description/share/bracu_hydra_description/launch/display.launch.py
/home/peru0002/ros2_ws/install/bracu_hydra_description/share/bracu_hydra_description/urdf/bracu_hydra.ros2control.xml
/home/peru0002/ros2_ws/install/bracu_hydra_description/share/bracu_hydra_description/urdf/bracu_hydra.xacro
/home/peru0002/ros2_ws/install/bracu_hydra_description/share/bracu_hydra_description/urdf/materials.xacro
/home/peru0002/ros2_ws/install/bracu_hydra_description/share/bracu_hydra_description/urdf/bracu_hydra.gazebo
/home/peru0002/ros2_ws/install/bracu_hydra_description/share/bracu_hydra_description/meshes/joint_2_1.stl
/home/peru0002/ros2_ws/install/bracu_hydra_description/share/bracu_hydra_description/meshes/base_link.stl
/home/peru0002/ros2_ws/install/bracu_hydra_description/share/bracu_hydra_description/meshes/gripper_1.stl
/home/peru0002/ros2_ws/install/bracu_hydra_description/share/bracu_hydra_description/meshes/joint_3_1.stl
/home/peru0002/ros2_ws/install/bracu_hydra_description/share/bracu_hydra_description/meshes/joint_1_1.stl
/home/peru0002/ros2_ws/install/bracu_hydra_description/share/bracu_hydra_description/config/gazebo.rviz
/home/peru0002/ros2_ws/install/bracu_hydra_description/share/bracu_hydra_description/config/ros_gz_bridge_gazebo.yaml
/home/peru0002/ros2_ws/install/bracu_hydra_description/share/bracu_hydra_description/config/display.rviz
/home/peru0002/ros2_ws/install/bracu_hydra_description/lib/python3.12/site-packages/bracu_hydra_description-0.0.0-py3.12.egg-info/top_level.txt
/home/peru0002/ros2_ws/install/bracu_hydra_description/lib/python3.12/site-packages/bracu_hydra_description-0.0.0-py3.12.egg-info/requires.txt
/home/peru0002/ros2_ws/install/bracu_hydra_description/lib/python3.12/site-packages/bracu_hydra_description-0.0.0-py3.12.egg-info/PKG-INFO
/home/peru0002/ros2_ws/install/bracu_hydra_description/lib/python3.12/site-packages/bracu_hydra_description-0.0.0-py3.12.egg-info/dependency_links.txt
/home/peru0002/ros2_ws/install/bracu_hydra_description/lib/python3.12/site-packages/bracu_hydra_description-0.0.0-py3.12.egg-info/SOURCES.txt
/home/peru0002/ros2_ws/install/bracu_hydra_description/lib/python3.12/site-packages/bracu_hydra_description-0.0.0-py3.12.egg-info/zip-safe
