[0.050s] Invoking command in '/home/peru0002/ros2_ws/build/moveit_common': CMAKE_PREFIX_PATH=${CMAKE_PREFIX_PATH}:/opt/ros/jazzy DEBUGINFOD_URLS=https://debuginfod.ubuntu.com /usr/bin/cmake /home/peru0002/ros2_ws/src/moveit2/moveit_common -DCMAKE_INSTALL_PREFIX=/home/peru0002/ros2_ws/install/moveit_common
[0.445s] -- Found ament_cmake: 2.5.4 (/opt/ros/jazzy/share/ament_cmake/cmake)
[0.446s] -- Configuring done (0.3s)
[0.448s] -- Generating done (0.0s)
[0.450s] -- Build files have been written to: /home/peru0002/ros2_ws/build/moveit_common
[0.461s] Invoked command in '/home/peru0002/ros2_ws/build/moveit_common' returned '0': CMAKE_PREFIX_PATH=${CMAKE_PREFIX_PATH}:/opt/ros/jazzy DEBUGINFOD_URLS=https://debuginfod.ubuntu.com /usr/bin/cmake /home/peru0002/ros2_ws/src/moveit2/moveit_common -DCMAKE_INSTALL_PREFIX=/home/peru0002/ros2_ws/install/moveit_common
[0.462s] Invoking command in '/home/peru0002/ros2_ws/build/moveit_common': CMAKE_PREFIX_PATH=${CMAKE_PREFIX_PATH}:/opt/ros/jazzy DEBUGINFOD_URLS=https://debuginfod.ubuntu.com /usr/bin/cmake --build /home/peru0002/ros2_ws/build/moveit_common -- -j8 -l8
[0.653s] Invoked command in '/home/peru0002/ros2_ws/build/moveit_common' returned '0': CMAKE_PREFIX_PATH=${CMAKE_PREFIX_PATH}:/opt/ros/jazzy DEBUGINFOD_URLS=https://debuginfod.ubuntu.com /usr/bin/cmake --build /home/peru0002/ros2_ws/build/moveit_common -- -j8 -l8
[0.673s] Invoking command in '/home/peru0002/ros2_ws/build/moveit_common': CMAKE_PREFIX_PATH=${CMAKE_PREFIX_PATH}:/opt/ros/jazzy DEBUGINFOD_URLS=https://debuginfod.ubuntu.com /usr/bin/cmake --install /home/peru0002/ros2_ws/build/moveit_common
[0.716s] -- Install configuration: "Release"
[0.717s] -- Up-to-date: /home/peru0002/ros2_ws/install/moveit_common/share/ament_index/resource_index/package_run_dependencies/moveit_common
[0.717s] -- Up-to-date: /home/peru0002/ros2_ws/install/moveit_common/share/ament_index/resource_index/parent_prefix_path/moveit_common
[0.717s] -- Up-to-date: /home/peru0002/ros2_ws/install/moveit_common/share/moveit_common/environment/ament_prefix_path.sh
[0.717s] -- Up-to-date: /home/peru0002/ros2_ws/install/moveit_common/share/moveit_common/environment/ament_prefix_path.dsv
[0.717s] -- Up-to-date: /home/peru0002/ros2_ws/install/moveit_common/share/moveit_common/environment/path.sh
[0.717s] -- Up-to-date: /home/peru0002/ros2_ws/install/moveit_common/share/moveit_common/environment/path.dsv
[0.717s] -- Up-to-date: /home/peru0002/ros2_ws/install/moveit_common/share/moveit_common/local_setup.bash
[0.717s] -- Up-to-date: /home/peru0002/ros2_ws/install/moveit_common/share/moveit_common/local_setup.sh
[0.717s] -- Up-to-date: /home/peru0002/ros2_ws/install/moveit_common/share/moveit_common/local_setup.zsh
[0.718s] -- Up-to-date: /home/peru0002/ros2_ws/install/moveit_common/share/moveit_common/local_setup.dsv
[0.718s] -- Up-to-date: /home/peru0002/ros2_ws/install/moveit_common/share/moveit_common/package.dsv
[0.718s] -- Up-to-date: /home/peru0002/ros2_ws/install/moveit_common/share/ament_index/resource_index/packages/moveit_common
[0.718s] -- Up-to-date: /home/peru0002/ros2_ws/install/moveit_common/share/moveit_common/cmake/moveit_common-extras.cmake
[0.718s] -- Up-to-date: /home/peru0002/ros2_ws/install/moveit_common/share/moveit_common/cmake/moveit_commonConfig.cmake
[0.718s] -- Up-to-date: /home/peru0002/ros2_ws/install/moveit_common/share/moveit_common/cmake/moveit_commonConfig-version.cmake
[0.719s] -- Up-to-date: /home/peru0002/ros2_ws/install/moveit_common/share/moveit_common/package.xml
[0.719s] -- Up-to-date: /home/peru0002/ros2_ws/install/moveit_common/share/moveit_common/cmake
[0.719s] -- Up-to-date: /home/peru0002/ros2_ws/install/moveit_common/share/moveit_common/cmake/moveit_package.cmake
[0.723s] Invoked command in '/home/peru0002/ros2_ws/build/moveit_common' returned '0': CMAKE_PREFIX_PATH=${CMAKE_PREFIX_PATH}:/opt/ros/jazzy DEBUGINFOD_URLS=https://debuginfod.ubuntu.com /usr/bin/cmake --install /home/peru0002/ros2_ws/build/moveit_common
