[0.361s] Invoking command in '/home/peru0002/ros2_ws/build/rplidar_ros': CMAKE_PREFIX_PATH=${CMAKE_PREFIX_PATH}:/home/peru0002/ros2_ws/install/moveit_configs_utils:/home/peru0002/ros2_ws/install/bracu_hydra_description:/home/peru0002/ws_moveit/install/moveit_configs_utils:/home/peru0002/ws_moveit/install/bracu_hydra_description:/opt/ros/jazzy DEBUGINFOD_URLS=https://debuginfod.ubuntu.com /usr/bin/cmake /home/peru0002/ros2_ws/src/rplidar_ros2 -DCMAKE_INSTALL_PREFIX=/home/peru0002/ros2_ws/install/rplidar_ros
[0.387s] -- Found ament_cmake_auto: 2.5.4 (/opt/ros/jazzy/share/ament_cmake_auto/cmake)
[0.748s] -- Override CMake install command with custom implementation using symlinks instead of copying resources
[0.762s] -- Found ament_cmake_ros: 0.12.0 (/opt/ros/jazzy/share/ament_cmake_ros/cmake)
[0.951s] -- Found rosidl_generator_c: 4.6.6 (/opt/ros/jazzy/share/rosidl_generator_c/cmake)
[0.963s] -- Found rosidl_generator_cpp: 4.6.6 (/opt/ros/jazzy/share/rosidl_generator_cpp/cmake)
[0.983s] -- Using all available rosidl_typesupport_c: rosidl_typesupport_fastrtps_c;rosidl_typesupport_introspection_c
[1.006s] -- Using all available rosidl_typesupport_cpp: rosidl_typesupport_fastrtps_cpp;rosidl_typesupport_introspection_cpp
[1.087s] -- Found rmw_implementation_cmake: 7.3.2 (/opt/ros/jazzy/share/rmw_implementation_cmake/cmake)
[1.095s] -- Found rmw_fastrtps_cpp: 8.4.3 (/opt/ros/jazzy/share/rmw_fastrtps_cpp/cmake)
[1.234s] -- Using RMW implementation 'rmw_fastrtps_cpp' as default
[1.720s] [0mIn this package, headers install destination is set to `include` by ament_auto_package. It is recommended to install `include/rplidar_ros` instead and will be the default behavior of ament_auto_package from ROS 2 Kilted Kaiju. On distributions before Kilted, ament_auto_package behaves the same way when you use USE_SCOPED_HEADER_INSTALL_DIR option.[0m
[1.727s] -- Configuring done (1.3s)
[1.767s] -- Generating done (0.0s)
[1.779s] -- Build files have been written to: /home/peru0002/ros2_ws/build/rplidar_ros
[1.793s] Invoked command in '/home/peru0002/ros2_ws/build/rplidar_ros' returned '0': CMAKE_PREFIX_PATH=${CMAKE_PREFIX_PATH}:/home/peru0002/ros2_ws/install/moveit_configs_utils:/home/peru0002/ros2_ws/install/bracu_hydra_description:/home/peru0002/ws_moveit/install/moveit_configs_utils:/home/peru0002/ws_moveit/install/bracu_hydra_description:/opt/ros/jazzy DEBUGINFOD_URLS=https://debuginfod.ubuntu.com /usr/bin/cmake /home/peru0002/ros2_ws/src/rplidar_ros2 -DCMAKE_INSTALL_PREFIX=/home/peru0002/ros2_ws/install/rplidar_ros
[1.795s] Invoking command in '/home/peru0002/ros2_ws/build/rplidar_ros': CMAKE_PREFIX_PATH=${CMAKE_PREFIX_PATH}:/home/peru0002/ros2_ws/install/moveit_configs_utils:/home/peru0002/ros2_ws/install/bracu_hydra_description:/home/peru0002/ws_moveit/install/moveit_configs_utils:/home/peru0002/ws_moveit/install/bracu_hydra_description:/opt/ros/jazzy DEBUGINFOD_URLS=https://debuginfod.ubuntu.com /usr/bin/cmake --build /home/peru0002/ros2_ws/build/rplidar_ros -- -j8 -l8
[1.938s] [ 11%] Built target rplidarNodeClient
[1.942s] [ 50%] Built target rplidar_composition_node
[1.965s] [ 88%] Built target rplidarNode
[2.021s] [100%] Built target rplidar_composition
[2.063s] Invoked command in '/home/peru0002/ros2_ws/build/rplidar_ros' returned '0': CMAKE_PREFIX_PATH=${CMAKE_PREFIX_PATH}:/home/peru0002/ros2_ws/install/moveit_configs_utils:/home/peru0002/ros2_ws/install/bracu_hydra_description:/home/peru0002/ws_moveit/install/moveit_configs_utils:/home/peru0002/ws_moveit/install/bracu_hydra_description:/opt/ros/jazzy DEBUGINFOD_URLS=https://debuginfod.ubuntu.com /usr/bin/cmake --build /home/peru0002/ros2_ws/build/rplidar_ros -- -j8 -l8
[2.098s] Invoking command in '/home/peru0002/ros2_ws/build/rplidar_ros': CMAKE_PREFIX_PATH=${CMAKE_PREFIX_PATH}:/home/peru0002/ros2_ws/install/moveit_configs_utils:/home/peru0002/ros2_ws/install/bracu_hydra_description:/home/peru0002/ws_moveit/install/moveit_configs_utils:/home/peru0002/ws_moveit/install/bracu_hydra_description:/opt/ros/jazzy DEBUGINFOD_URLS=https://debuginfod.ubuntu.com /usr/bin/cmake --install /home/peru0002/ros2_ws/build/rplidar_ros
[2.125s] -- Install configuration: ""
[2.125s] -- Execute custom install script
[2.125s] -- Up-to-date symlink: /home/peru0002/ros2_ws/install/rplidar_ros/lib/rplidar_ros/rplidarNode
[2.126s] -- Up-to-date symlink: /home/peru0002/ros2_ws/install/rplidar_ros/lib/rplidar_ros/rplidarNodeClient
[2.126s] -- Up-to-date symlink: /home/peru0002/ros2_ws/install/rplidar_ros/lib/rplidar_ros/rplidar_composition
[2.126s] -- Up-to-date symlink: /home/peru0002/ros2_ws/install/rplidar_ros/share/rplidar_ros/launch/rplidar.launch.py
[2.127s] -- Up-to-date symlink: /home/peru0002/ros2_ws/install/rplidar_ros/share/rplidar_ros/launch/rplidar_a3.launch.py
[2.127s] -- Up-to-date symlink: /home/peru0002/ros2_ws/install/rplidar_ros/share/rplidar_ros/launch/rplidar_s1.launch.py
[2.127s] -- Up-to-date symlink: /home/peru0002/ros2_ws/install/rplidar_ros/share/rplidar_ros/launch/rplidar_s1_tcp.launch.py
[2.127s] -- Up-to-date symlink: /home/peru0002/ros2_ws/install/rplidar_ros/share/rplidar_ros/launch/test_rplidar.launch.py
[2.127s] -- Up-to-date symlink: /home/peru0002/ros2_ws/install/rplidar_ros/share/rplidar_ros/launch/test_rplidar_a3.launch.py
[2.127s] -- Up-to-date symlink: /home/peru0002/ros2_ws/install/rplidar_ros/share/rplidar_ros/launch/view_rplidar.launch.py
[2.128s] -- Up-to-date symlink: /home/peru0002/ros2_ws/install/rplidar_ros/share/rplidar_ros/launch/view_rplidar_a3.launch.py
[2.128s] -- Up-to-date symlink: /home/peru0002/ros2_ws/install/rplidar_ros/share/rplidar_ros/launch/view_rplidar_s1.launch.py
[2.128s] -- Up-to-date symlink: /home/peru0002/ros2_ws/install/rplidar_ros/share/rplidar_ros/launch/view_rplidar_s1_tcp.launch.py
[2.128s] -- Up-to-date symlink: /home/peru0002/ros2_ws/install/rplidar_ros/share/rplidar_ros/rviz/rplidar.rviz
[2.128s] -- Up-to-date symlink: /home/peru0002/ros2_ws/install/rplidar_ros/lib/librplidar_composition_node.so
[2.129s] -- Up-to-date symlink: /home/peru0002/ros2_ws/install/rplidar_ros/include/rplidar_node.hpp
[2.129s] -- Up-to-date symlink: /home/peru0002/ros2_ws/install/rplidar_ros/include/visibility.h
[2.129s] -- Up-to-date symlink: /home/peru0002/ros2_ws/install/rplidar_ros/lib/rplidar_ros/rplidarNode
[2.129s] -- Up-to-date symlink: /home/peru0002/ros2_ws/install/rplidar_ros/lib/rplidar_ros/rplidarNodeClient
[2.129s] -- Up-to-date symlink: /home/peru0002/ros2_ws/install/rplidar_ros/lib/rplidar_ros/rplidar_composition
[2.130s] -- Up-to-date symlink: /home/peru0002/ros2_ws/install/rplidar_ros/share/ament_index/resource_index/package_run_dependencies/rplidar_ros
[2.130s] -- Up-to-date symlink: /home/peru0002/ros2_ws/install/rplidar_ros/share/ament_index/resource_index/parent_prefix_path/rplidar_ros
[2.130s] -- Up-to-date symlink: /home/peru0002/ros2_ws/install/rplidar_ros/share/rplidar_ros/environment/ament_prefix_path.sh
[2.130s] -- Up-to-date symlink: /home/peru0002/ros2_ws/install/rplidar_ros/share/rplidar_ros/environment/ament_prefix_path.dsv
[2.130s] -- Up-to-date symlink: /home/peru0002/ros2_ws/install/rplidar_ros/share/rplidar_ros/environment/path.sh
[2.131s] -- Up-to-date symlink: /home/peru0002/ros2_ws/install/rplidar_ros/share/rplidar_ros/environment/path.dsv
[2.131s] -- Up-to-date symlink: /home/peru0002/ros2_ws/install/rplidar_ros/share/rplidar_ros/local_setup.bash
[2.131s] -- Up-to-date symlink: /home/peru0002/ros2_ws/install/rplidar_ros/share/rplidar_ros/local_setup.sh
[2.131s] -- Up-to-date symlink: /home/peru0002/ros2_ws/install/rplidar_ros/share/rplidar_ros/local_setup.zsh
[2.131s] -- Up-to-date symlink: /home/peru0002/ros2_ws/install/rplidar_ros/share/rplidar_ros/local_setup.dsv
[2.132s] -- Symlinking: /home/peru0002/ros2_ws/install/rplidar_ros/share/rplidar_ros/package.dsv
[2.162s] -- Up-to-date symlink: /home/peru0002/ros2_ws/install/rplidar_ros/share/ament_index/resource_index/packages/rplidar_ros
[2.162s] -- Up-to-date symlink: /home/peru0002/ros2_ws/install/rplidar_ros/share/rplidar_ros/cmake/ament_cmake_export_dependencies-extras.cmake
[2.162s] -- Up-to-date symlink: /home/peru0002/ros2_ws/install/rplidar_ros/share/rplidar_ros/cmake/ament_cmake_export_include_directories-extras.cmake
[2.162s] -- Up-to-date symlink: /home/peru0002/ros2_ws/install/rplidar_ros/share/rplidar_ros/cmake/rplidar_rosConfig.cmake
[2.163s] -- Up-to-date symlink: /home/peru0002/ros2_ws/install/rplidar_ros/share/rplidar_ros/cmake/rplidar_rosConfig-version.cmake
[2.163s] -- Up-to-date symlink: /home/peru0002/ros2_ws/install/rplidar_ros/share/rplidar_ros/package.xml
[2.167s] Invoked command in '/home/peru0002/ros2_ws/build/rplidar_ros' returned '0': CMAKE_PREFIX_PATH=${CMAKE_PREFIX_PATH}:/home/peru0002/ros2_ws/install/moveit_configs_utils:/home/peru0002/ros2_ws/install/bracu_hydra_description:/home/peru0002/ws_moveit/install/moveit_configs_utils:/home/peru0002/ws_moveit/install/bracu_hydra_description:/opt/ros/jazzy DEBUGINFOD_URLS=https://debuginfod.ubuntu.com /usr/bin/cmake --install /home/peru0002/ros2_ws/build/rplidar_ros
