[0.036s] Invoking command in '/home/peru0002/ros2_ws/build/robotiq_driver': AMENT_PREFIX_PATH=/home/peru0002/ros2_ws/install/serial:${AMENT_PREFIX_PATH} CMAKE_PREFIX_PATH=/home/peru0002/ros2_ws/install/serial:/opt/ros/jazzy/opt/gz_math_vendor:/opt/ros/jazzy/opt/gz_utils_vendor:/opt/ros/jazzy/opt/gz_cmake_vendor:/opt/ros/jazzy DEBUGINFOD_URLS=https://debuginfod.ubuntu.com LD_LIBRARY_PATH=/home/peru0002/ros2_ws/install/serial/lib:${LD_LIBRARY_PATH} /usr/bin/cmake /home/peru0002/ros2_ws/src/ros2_robotiq_gripper/robotiq_driver -DCMAKE_BUILD_TYPE=Release -DCMAKE_INSTALL_PREFIX=/home/peru0002/ros2_ws/install/robotiq_driver
[0.164s] -- The CXX compiler identification is GNU 13.3.0
[0.194s] -- Detecting CXX compiler ABI info
[0.379s] -- Detecting CXX compiler ABI info - done
[0.405s] -- Check for working CXX compiler: /usr/bin/c++ - skipped
[0.407s] -- Detecting CXX compile features
[0.407s] -- Detecting CXX compile features - done
[0.421s] -- Found ament_cmake: 2.5.4 (/opt/ros/jazzy/share/ament_cmake/cmake)
[0.824s] -- Found Python3: /usr/bin/python3 (found version "3.12.3") found components: Interpreter 
[1.107s] -- Found hardware_interface: 4.39.2 (/opt/ros/jazzy/share/hardware_interface/cmake)
[1.232s] -- Found rosidl_generator_c: 4.6.6 (/opt/ros/jazzy/share/rosidl_generator_c/cmake)
[1.274s] -- Found rosidl_generator_cpp: 4.6.6 (/opt/ros/jazzy/share/rosidl_generator_cpp/cmake)
[1.313s] -- Using all available rosidl_typesupport_c: rosidl_typesupport_fastrtps_c;rosidl_typesupport_introspection_c
[1.367s] -- Using all available rosidl_typesupport_cpp: rosidl_typesupport_fastrtps_cpp;rosidl_typesupport_introspection_cpp
[2.308s] -- Found TinyXML2 via Config file: /usr/lib/x86_64-linux-gnu/cmake/tinyxml2
[2.517s] -- Found rmw_implementation_cmake: 7.3.2 (/opt/ros/jazzy/share/rmw_implementation_cmake/cmake)
[2.532s] -- Found rmw_fastrtps_cpp: 8.4.3 (/opt/ros/jazzy/share/rmw_fastrtps_cpp/cmake)
[2.652s] -- Found TinyXML2 via Config file: /usr/lib/x86_64-linux-gnu/cmake/tinyxml2
[2.856s] -- Found OpenSSL: /usr/lib/x86_64-linux-gnu/libcrypto.so (found version "3.0.13")  
[2.869s] -- Found TinyXML2 via Config file: /usr/lib/x86_64-linux-gnu/cmake/tinyxml2
[2.953s] -- Found FastRTPS: /opt/ros/jazzy/include (Required is at least version "2.13") 
[2.976s] -- Found TinyXML2 via Config file: /usr/lib/x86_64-linux-gnu/cmake/tinyxml2
[3.013s] -- Found TinyXML2 via Config file: /usr/lib/x86_64-linux-gnu/cmake/tinyxml2
[3.046s] -- Using RMW implementation 'rmw_fastrtps_cpp' as default
[3.877s] -- Found serial: 1.2.1 (/home/peru0002/ros2_ws/install/serial/share/serial/cmake)
[3.918s] -- Found ament_cmake_gtest: 2.5.4 (/opt/ros/jazzy/share/ament_cmake_gtest/cmake)
[3.922s] -- Found ament_cmake_gmock: 2.5.4 (/opt/ros/jazzy/share/ament_cmake_gmock/cmake)
[3.932s] -- Found ament_lint_auto: 0.17.3 (/opt/ros/jazzy/share/ament_lint_auto/cmake)
[4.553s] -- Found gmock sources under '/opt/ros/jazzy/src/gmock_vendor': C++ tests using 'Google Mock' will be built
[4.787s] -- The C compiler identification is GNU 13.3.0
[4.843s] -- Detecting C compiler ABI info
[5.238s] -- Detecting C compiler ABI info - done
[5.285s] -- Check for working C compiler: /usr/bin/cc - skipped
[5.285s] -- Detecting C compile features
[5.286s] -- Detecting C compile features - done
[5.302s] -- Found gtest sources under '/opt/ros/jazzy/src/gtest_vendor': C++ tests using 'Google Test' will be built
[5.704s] -- Configuring done (5.7s)
[6.217s] -- Generating done (0.4s)
[6.272s] -- Build files have been written to: /home/peru0002/ros2_ws/build/robotiq_driver
[6.308s] Invoked command in '/home/peru0002/ros2_ws/build/robotiq_driver' returned '0': AMENT_PREFIX_PATH=/home/peru0002/ros2_ws/install/serial:${AMENT_PREFIX_PATH} CMAKE_PREFIX_PATH=/home/peru0002/ros2_ws/install/serial:/opt/ros/jazzy/opt/gz_math_vendor:/opt/ros/jazzy/opt/gz_utils_vendor:/opt/ros/jazzy/opt/gz_cmake_vendor:/opt/ros/jazzy DEBUGINFOD_URLS=https://debuginfod.ubuntu.com LD_LIBRARY_PATH=/home/peru0002/ros2_ws/install/serial/lib:${LD_LIBRARY_PATH} /usr/bin/cmake /home/peru0002/ros2_ws/src/ros2_robotiq_gripper/robotiq_driver -DCMAKE_BUILD_TYPE=Release -DCMAKE_INSTALL_PREFIX=/home/peru0002/ros2_ws/install/robotiq_driver
[6.309s] Invoking command in '/home/peru0002/ros2_ws/build/robotiq_driver': AMENT_PREFIX_PATH=/home/peru0002/ros2_ws/install/serial:${AMENT_PREFIX_PATH} CMAKE_PREFIX_PATH=/home/peru0002/ros2_ws/install/serial:/opt/ros/jazzy/opt/gz_math_vendor:/opt/ros/jazzy/opt/gz_utils_vendor:/opt/ros/jazzy/opt/gz_cmake_vendor:/opt/ros/jazzy DEBUGINFOD_URLS=https://debuginfod.ubuntu.com LD_LIBRARY_PATH=/home/peru0002/ros2_ws/install/serial/lib:${LD_LIBRARY_PATH} /usr/bin/cmake --build /home/peru0002/ros2_ws/build/robotiq_driver -- -j8 -l8
[6.508s] [  8%] [32mBuilding CXX object CMakeFiles/robotiq_driver.dir/src/crc_utils.cpp.o[0m
[6.509s] [  8%] [32mBuilding CXX object gmock/CMakeFiles/gmock.dir/src/gmock-all.cc.o[0m
[6.509s] [ 12%] [32mBuilding CXX object CMakeFiles/robotiq_driver.dir/src/hardware_interface.cpp.o[0m
[6.515s] [ 16%] [32mBuilding CXX object gmock/CMakeFiles/gmock.dir/opt/ros/jazzy/src/gtest_vendor/src/gtest-all.cc.o[0m
[6.516s] [ 20%] [32mBuilding CXX object CMakeFiles/robotiq_driver.dir/src/data_utils.cpp.o[0m
[6.520s] [ 25%] [32mBuilding CXX object gmock/CMakeFiles/gmock_main.dir/src/gmock_main.cc.o[0m
[6.525s] [ 29%] [32mBuilding CXX object CMakeFiles/robotiq_driver.dir/src/default_driver_factory.cpp.o[0m
[6.526s] [ 33%] [32mBuilding CXX object CMakeFiles/robotiq_driver.dir/src/default_driver.cpp.o[0m
[7.299s] [ 37%] [32mBuilding CXX object CMakeFiles/robotiq_driver.dir/src/fake/fake_driver.cpp.o[0m
[8.506s] [ 41%] [32mBuilding CXX object CMakeFiles/robotiq_driver.dir/src/default_serial.cpp.o[0m
[11.045s] [ 45%] [32mBuilding CXX object CMakeFiles/robotiq_driver.dir/src/default_serial_factory.cpp.o[0m
[12.152s] [ 50%] [32m[1mLinking CXX static library libgmock_main.a[0m
[12.400s] [ 50%] Built target gmock_main
[29.142s] [ 54%] [32m[1mLinking CXX shared library librobotiq_driver.so[0m
[29.631s] [ 54%] Built target robotiq_driver
[31.561s] [ 58%] [32m[1mLinking CXX static library libgmock.a[0m
[31.702s] [ 58%] Built target gmock
[31.766s] [ 62%] [32mBuilding CXX object tests/CMakeFiles/test_default_driver_factory.dir/test_default_driver_factory.cpp.o[0m
[31.770s] [ 66%] [32mBuilding CXX object tests/CMakeFiles/test_default_serial_factory.dir/test_default_serial_factory.cpp.o[0m
[31.789s] [ 70%] [32mBuilding CXX object tests/CMakeFiles/test_robotiq_gripper_hardware_interface.dir/test_robotiq_gripper_hardware_interface.cpp.o[0m
[31.790s] [ 75%] [32mBuilding CXX object tests/CMakeFiles/test_data_utils.dir/test_data_utils.cpp.o[0m
[31.794s] [ 79%] [32mBuilding CXX object tests/CMakeFiles/test_crc_utils.dir/test_crc_utils.cpp.o[0m
[34.918s] [ 83%] [32m[1mLinking CXX executable test_crc_utils[0m
[35.094s] [ 87%] [32m[1mLinking CXX executable test_data_utils[0m
[35.490s] [ 87%] Built target test_crc_utils
[35.764s] [ 87%] Built target test_data_utils
[42.390s] [ 91%] [32m[1mLinking CXX executable test_robotiq_gripper_hardware_interface[0m
[42.716s] [ 95%] [32m[1mLinking CXX executable test_default_serial_factory[0m
[42.942s] [ 95%] Built target test_robotiq_gripper_hardware_interface
[43.128s] [ 95%] Built target test_default_serial_factory
[43.999s] [100%] [32m[1mLinking CXX executable test_default_driver_factory[0m
[44.407s] [100%] Built target test_default_driver_factory
[44.435s] Invoked command in '/home/peru0002/ros2_ws/build/robotiq_driver' returned '0': AMENT_PREFIX_PATH=/home/peru0002/ros2_ws/install/serial:${AMENT_PREFIX_PATH} CMAKE_PREFIX_PATH=/home/peru0002/ros2_ws/install/serial:/opt/ros/jazzy/opt/gz_math_vendor:/opt/ros/jazzy/opt/gz_utils_vendor:/opt/ros/jazzy/opt/gz_cmake_vendor:/opt/ros/jazzy DEBUGINFOD_URLS=https://debuginfod.ubuntu.com LD_LIBRARY_PATH=/home/peru0002/ros2_ws/install/serial/lib:${LD_LIBRARY_PATH} /usr/bin/cmake --build /home/peru0002/ros2_ws/build/robotiq_driver -- -j8 -l8
[44.436s] Invoking command in '/home/peru0002/ros2_ws/build/robotiq_driver': AMENT_PREFIX_PATH=/home/peru0002/ros2_ws/install/serial:${AMENT_PREFIX_PATH} CMAKE_PREFIX_PATH=/home/peru0002/ros2_ws/install/serial:/opt/ros/jazzy/opt/gz_math_vendor:/opt/ros/jazzy/opt/gz_utils_vendor:/opt/ros/jazzy/opt/gz_cmake_vendor:/opt/ros/jazzy DEBUGINFOD_URLS=https://debuginfod.ubuntu.com LD_LIBRARY_PATH=/home/peru0002/ros2_ws/install/serial/lib:${LD_LIBRARY_PATH} /usr/bin/cmake --install /home/peru0002/ros2_ws/build/robotiq_driver
[44.452s] -- Install configuration: "Release"
[44.452s] -- Installing: /home/peru0002/ros2_ws/install/robotiq_driver/share/robotiq_driver/hardware_interface_plugin.xml
[44.457s] -- Installing: /home/peru0002/ros2_ws/install/robotiq_driver/share/robotiq_driver/environment/library_path.sh
[44.457s] -- Installing: /home/peru0002/ros2_ws/install/robotiq_driver/share/robotiq_driver/environment/library_path.dsv
[44.457s] -- Installing: /home/peru0002/ros2_ws/install/robotiq_driver/include
[44.457s] -- Installing: /home/peru0002/ros2_ws/install/robotiq_driver/include/robotiq_driver
[44.457s] -- Installing: /home/peru0002/ros2_ws/install/robotiq_driver/include/robotiq_driver/fake
[44.457s] -- Installing: /home/peru0002/ros2_ws/install/robotiq_driver/include/robotiq_driver/fake/fake_driver.hpp
[44.458s] -- Installing: /home/peru0002/ros2_ws/install/robotiq_driver/include/robotiq_driver/data_utils.hpp
[44.458s] -- Installing: /home/peru0002/ros2_ws/install/robotiq_driver/include/robotiq_driver/hardware_interface.hpp
[44.459s] -- Installing: /home/peru0002/ros2_ws/install/robotiq_driver/include/robotiq_driver/visibility_control.hpp
[44.461s] -- Installing: /home/peru0002/ros2_ws/install/robotiq_driver/include/robotiq_driver/default_driver.hpp
[44.462s] -- Installing: /home/peru0002/ros2_ws/install/robotiq_driver/include/robotiq_driver/crc_utils.hpp
[44.462s] -- Installing: /home/peru0002/ros2_ws/install/robotiq_driver/include/robotiq_driver/serial.hpp
[44.462s] -- Installing: /home/peru0002/ros2_ws/install/robotiq_driver/include/robotiq_driver/driver.hpp
[44.462s] -- Installing: /home/peru0002/ros2_ws/install/robotiq_driver/include/robotiq_driver/driver_factory.hpp
[44.463s] -- Installing: /home/peru0002/ros2_ws/install/robotiq_driver/include/robotiq_driver/driver_exception.hpp
[44.464s] -- Installing: /home/peru0002/ros2_ws/install/robotiq_driver/include/robotiq_driver/default_driver_factory.hpp
[44.464s] -- Installing: /home/peru0002/ros2_ws/install/robotiq_driver/include/robotiq_driver/default_serial.hpp
[44.467s] -- Installing: /home/peru0002/ros2_ws/install/robotiq_driver/include/robotiq_driver/default_serial_factory.hpp
[44.469s] -- Installing: /home/peru0002/ros2_ws/install/robotiq_driver/include/robotiq_driver/serial_factory.hpp
[44.469s] -- Installing: /home/peru0002/ros2_ws/install/robotiq_driver/lib/librobotiq_driver.so
[44.470s] -- Set non-toolchain portion of runtime path of "/home/peru0002/ros2_ws/install/robotiq_driver/lib/librobotiq_driver.so" to ""
[44.470s] -- Installing: /home/peru0002/ros2_ws/install/robotiq_driver/share/ament_index/resource_index/package_run_dependencies/robotiq_driver
[44.470s] -- Installing: /home/peru0002/ros2_ws/install/robotiq_driver/share/ament_index/resource_index/parent_prefix_path/robotiq_driver
[44.470s] -- Installing: /home/peru0002/ros2_ws/install/robotiq_driver/share/robotiq_driver/environment/ament_prefix_path.sh
[44.470s] -- Installing: /home/peru0002/ros2_ws/install/robotiq_driver/share/robotiq_driver/environment/ament_prefix_path.dsv
[44.471s] -- Installing: /home/peru0002/ros2_ws/install/robotiq_driver/share/robotiq_driver/environment/path.sh
[44.471s] -- Installing: /home/peru0002/ros2_ws/install/robotiq_driver/share/robotiq_driver/environment/path.dsv
[44.472s] -- Installing: /home/peru0002/ros2_ws/install/robotiq_driver/share/robotiq_driver/local_setup.bash
[44.472s] -- Installing: /home/peru0002/ros2_ws/install/robotiq_driver/share/robotiq_driver/local_setup.sh
[44.474s] -- Installing: /home/peru0002/ros2_ws/install/robotiq_driver/share/robotiq_driver/local_setup.zsh
[44.474s] -- Installing: /home/peru0002/ros2_ws/install/robotiq_driver/share/robotiq_driver/local_setup.dsv
[44.474s] -- Installing: /home/peru0002/ros2_ws/install/robotiq_driver/share/robotiq_driver/package.dsv
[44.474s] -- Installing: /home/peru0002/ros2_ws/install/robotiq_driver/share/ament_index/resource_index/packages/robotiq_driver
[44.474s] -- Installing: /home/peru0002/ros2_ws/install/robotiq_driver/share/ament_index/resource_index/hardware_interface__pluginlib__plugin/robotiq_driver
[44.474s] -- Installing: /home/peru0002/ros2_ws/install/robotiq_driver/share/robotiq_driver/cmake/robotiq_driver_targetsExport.cmake
[44.474s] -- Installing: /home/peru0002/ros2_ws/install/robotiq_driver/share/robotiq_driver/cmake/robotiq_driver_targetsExport-release.cmake
[44.475s] -- Installing: /home/peru0002/ros2_ws/install/robotiq_driver/share/robotiq_driver/cmake/ament_cmake_export_targets-extras.cmake
[44.476s] -- Installing: /home/peru0002/ros2_ws/install/robotiq_driver/share/robotiq_driver/cmake/ament_cmake_export_dependencies-extras.cmake
[44.476s] -- Installing: /home/peru0002/ros2_ws/install/robotiq_driver/share/robotiq_driver/cmake/ament_cmake_export_include_directories-extras.cmake
[44.476s] -- Installing: /home/peru0002/ros2_ws/install/robotiq_driver/share/robotiq_driver/cmake/ament_cmake_export_libraries-extras.cmake
[44.478s] -- Installing: /home/peru0002/ros2_ws/install/robotiq_driver/share/robotiq_driver/cmake/robotiq_driverConfig.cmake
[44.478s] -- Installing: /home/peru0002/ros2_ws/install/robotiq_driver/share/robotiq_driver/cmake/robotiq_driverConfig-version.cmake
[44.478s] -- Installing: /home/peru0002/ros2_ws/install/robotiq_driver/share/robotiq_driver/package.xml
[44.485s] Invoked command in '/home/peru0002/ros2_ws/build/robotiq_driver' returned '0': AMENT_PREFIX_PATH=/home/peru0002/ros2_ws/install/serial:${AMENT_PREFIX_PATH} CMAKE_PREFIX_PATH=/home/peru0002/ros2_ws/install/serial:/opt/ros/jazzy/opt/gz_math_vendor:/opt/ros/jazzy/opt/gz_utils_vendor:/opt/ros/jazzy/opt/gz_cmake_vendor:/opt/ros/jazzy DEBUGINFOD_URLS=https://debuginfod.ubuntu.com LD_LIBRARY_PATH=/home/peru0002/ros2_ws/install/serial/lib:${LD_LIBRARY_PATH} /usr/bin/cmake --install /home/peru0002/ros2_ws/build/robotiq_driver
