[0.218s] DEBUG:colcon:Command line arguments: ['/usr/bin/colcon', 'build', '--packages-select', 'rplidar_ros', '--symlink-install']
[0.219s] DEBUG:colcon:Parsed command line arguments: Namespace(log_base=None, log_level=None, verb_name='build', build_base='build', install_base='install', merge_install=False, symlink_install=True, test_result_base=None, continue_on_error=False, executor='parallel', parallel_workers=8, event_handlers=None, ignore_user_meta=False, metas=['./colcon.meta'], base_paths=['.'], packages_ignore=None, packages_ignore_regex=None, paths=None, packages_up_to=None, packages_up_to_regex=None, packages_above=None, packages_above_and_dependencies=None, packages_above_depth=None, packages_select_by_dep=None, packages_skip_by_dep=None, packages_skip_up_to=None, packages_select_build_failed=False, packages_skip_build_finished=False, packages_select_test_failures=False, packages_skip_test_passed=False, packages_select=['rplidar_ros'], packages_skip=None, packages_select_regex=None, packages_skip_regex=None, packages_start=None, packages_end=None, allow_overriding=[], cmake_args=None, cmake_target=None, cmake_target_skip_unavailable=False, cmake_clean_cache=False, cmake_clean_first=False, cmake_force_configure=False, ament_cmake_args=None, catkin_cmake_args=None, catkin_skip_building_tests=False, mixin_files=None, mixin=None, verb_parser=<colcon_mixin.mixin.mixin_argument.MixinArgumentDecorator object at 0x7bdec7ddee70>, verb_extension=<colcon_core.verb.build.BuildVerb object at 0x7bdec7d0be30>, main=<bound method BuildVerb.main of <colcon_core.verb.build.BuildVerb object at 0x7bdec7d0be30>>, mixin_verb=('build',))
[0.277s] Level 1:colcon.colcon_core.package_discovery:discover_packages(colcon_meta) check parameters
[0.277s] Level 1:colcon.colcon_core.package_discovery:discover_packages(recursive) check parameters
[0.277s] Level 1:colcon.colcon_core.package_discovery:discover_packages(ignore) check parameters
[0.277s] Level 1:colcon.colcon_core.package_discovery:discover_packages(path) check parameters
[0.277s] Level 1:colcon.colcon_core.package_discovery:discover_packages(colcon_meta) discover
[0.277s] Level 1:colcon.colcon_core.package_discovery:discover_packages(recursive) discover
[0.277s] INFO:colcon.colcon_core.package_discovery:Crawling recursively for packages in '/home/peru0002/ros2_ws'
[0.277s] Level 1:colcon.colcon_core.package_identification:_identify(.) by extensions ['ignore', 'ignore_ament_install']
[0.277s] Level 1:colcon.colcon_core.package_identification:_identify(.) by extension 'ignore'
[0.277s] Level 1:colcon.colcon_core.package_identification:_identify(.) by extension 'ignore_ament_install'
[0.277s] Level 1:colcon.colcon_core.package_identification:_identify(.) by extensions ['colcon_pkg']
[0.277s] Level 1:colcon.colcon_core.package_identification:_identify(.) by extension 'colcon_pkg'
[0.278s] Level 1:colcon.colcon_core.package_identification:_identify(.) by extensions ['colcon_meta']
[0.278s] Level 1:colcon.colcon_core.package_identification:_identify(.) by extension 'colcon_meta'
[0.278s] Level 1:colcon.colcon_core.package_identification:_identify(.) by extensions ['ros']
[0.278s] Level 1:colcon.colcon_core.package_identification:_identify(.) by extension 'ros'
[0.308s] Level 1:colcon.colcon_core.package_identification:_identify(.) by extensions ['cmake', 'python']
[0.308s] Level 1:colcon.colcon_core.package_identification:_identify(.) by extension 'cmake'
[0.309s] Level 1:colcon.colcon_core.package_identification:_identify(.) by extension 'python'
[0.309s] Level 1:colcon.colcon_core.package_identification:_identify(.) by extensions ['python_setup_py']
[0.309s] Level 1:colcon.colcon_core.package_identification:_identify(.) by extension 'python_setup_py'
[0.309s] Level 1:colcon.colcon_core.package_identification:_identify(build) by extensions ['ignore', 'ignore_ament_install']
[0.309s] Level 1:colcon.colcon_core.package_identification:_identify(build) by extension 'ignore'
[0.309s] Level 1:colcon.colcon_core.package_identification:_identify(build) ignored
[0.309s] Level 1:colcon.colcon_core.package_identification:_identify(install) by extensions ['ignore', 'ignore_ament_install']
[0.309s] Level 1:colcon.colcon_core.package_identification:_identify(install) by extension 'ignore'
[0.309s] Level 1:colcon.colcon_core.package_identification:_identify(install) ignored
[0.309s] Level 1:colcon.colcon_core.package_identification:_identify(log) by extensions ['ignore', 'ignore_ament_install']
[0.309s] Level 1:colcon.colcon_core.package_identification:_identify(log) by extension 'ignore'
[0.310s] Level 1:colcon.colcon_core.package_identification:_identify(log) ignored
[0.310s] Level 1:colcon.colcon_core.package_identification:_identify(src) by extensions ['ignore', 'ignore_ament_install']
[0.310s] Level 1:colcon.colcon_core.package_identification:_identify(src) by extension 'ignore'
[0.310s] Level 1:colcon.colcon_core.package_identification:_identify(src) by extension 'ignore_ament_install'
[0.310s] Level 1:colcon.colcon_core.package_identification:_identify(src) by extensions ['colcon_pkg']
[0.310s] Level 1:colcon.colcon_core.package_identification:_identify(src) by extension 'colcon_pkg'
[0.310s] Level 1:colcon.colcon_core.package_identification:_identify(src) by extensions ['colcon_meta']
[0.310s] Level 1:colcon.colcon_core.package_identification:_identify(src) by extension 'colcon_meta'
[0.310s] Level 1:colcon.colcon_core.package_identification:_identify(src) by extensions ['ros']
[0.310s] Level 1:colcon.colcon_core.package_identification:_identify(src) by extension 'ros'
[0.310s] Level 1:colcon.colcon_core.package_identification:_identify(src) by extensions ['cmake', 'python']
[0.310s] Level 1:colcon.colcon_core.package_identification:_identify(src) by extension 'cmake'
[0.310s] Level 1:colcon.colcon_core.package_identification:_identify(src) by extension 'python'
[0.310s] Level 1:colcon.colcon_core.package_identification:_identify(src) by extensions ['python_setup_py']
[0.310s] Level 1:colcon.colcon_core.package_identification:_identify(src) by extension 'python_setup_py'
[0.310s] Level 1:colcon.colcon_core.package_identification:_identify(src/bracu_hydra_description) by extensions ['ignore', 'ignore_ament_install']
[0.310s] Level 1:colcon.colcon_core.package_identification:_identify(src/bracu_hydra_description) by extension 'ignore'
[0.310s] Level 1:colcon.colcon_core.package_identification:_identify(src/bracu_hydra_description) by extension 'ignore_ament_install'
[0.311s] Level 1:colcon.colcon_core.package_identification:_identify(src/bracu_hydra_description) by extensions ['colcon_pkg']
[0.311s] Level 1:colcon.colcon_core.package_identification:_identify(src/bracu_hydra_description) by extension 'colcon_pkg'
[0.311s] Level 1:colcon.colcon_core.package_identification:_identify(src/bracu_hydra_description) by extensions ['colcon_meta']
[0.311s] Level 1:colcon.colcon_core.package_identification:_identify(src/bracu_hydra_description) by extension 'colcon_meta'
[0.311s] Level 1:colcon.colcon_core.package_identification:_identify(src/bracu_hydra_description) by extensions ['ros']
[0.311s] Level 1:colcon.colcon_core.package_identification:_identify(src/bracu_hydra_description) by extension 'ros'
[0.311s] Level 1:colcon.colcon_core.package_identification:_identify(src/bracu_hydra_description) by extensions ['cmake', 'python']
[0.311s] Level 1:colcon.colcon_core.package_identification:_identify(src/bracu_hydra_description) by extension 'cmake'
[0.311s] Level 1:colcon.colcon_core.package_identification:_identify(src/bracu_hydra_description) by extension 'python'
[0.311s] Level 1:colcon.colcon_core.package_identification:_identify(src/bracu_hydra_description) by extensions ['python_setup_py']
[0.311s] Level 1:colcon.colcon_core.package_identification:_identify(src/bracu_hydra_description) by extension 'python_setup_py'
[0.311s] Level 1:colcon.colcon_core.package_identification:_identify(src/bracu_hydra_description/bracu_hydra_description) by extensions ['ignore', 'ignore_ament_install']
[0.311s] Level 1:colcon.colcon_core.package_identification:_identify(src/bracu_hydra_description/bracu_hydra_description) by extension 'ignore'
[0.311s] Level 1:colcon.colcon_core.package_identification:_identify(src/bracu_hydra_description/bracu_hydra_description) by extension 'ignore_ament_install'
[0.311s] Level 1:colcon.colcon_core.package_identification:_identify(src/bracu_hydra_description/bracu_hydra_description) by extensions ['colcon_pkg']
[0.311s] Level 1:colcon.colcon_core.package_identification:_identify(src/bracu_hydra_description/bracu_hydra_description) by extension 'colcon_pkg'
[0.311s] Level 1:colcon.colcon_core.package_identification:_identify(src/bracu_hydra_description/bracu_hydra_description) by extensions ['colcon_meta']
[0.311s] Level 1:colcon.colcon_core.package_identification:_identify(src/bracu_hydra_description/bracu_hydra_description) by extension 'colcon_meta'
[0.311s] Level 1:colcon.colcon_core.package_identification:_identify(src/bracu_hydra_description/bracu_hydra_description) by extensions ['ros']
[0.311s] Level 1:colcon.colcon_core.package_identification:_identify(src/bracu_hydra_description/bracu_hydra_description) by extension 'ros'
[0.314s] DEBUG:colcon.colcon_core.package_identification:Package 'src/bracu_hydra_description/bracu_hydra_description' with type 'ros.ament_python' and name 'bracu_hydra_description'
[0.315s] Level 1:colcon.colcon_core.package_identification:_identify(src/build) by extensions ['ignore', 'ignore_ament_install']
[0.315s] Level 1:colcon.colcon_core.package_identification:_identify(src/build) by extension 'ignore'
[0.315s] Level 1:colcon.colcon_core.package_identification:_identify(src/build) ignored
[0.315s] Level 1:colcon.colcon_core.package_identification:_identify(src/install) by extensions ['ignore', 'ignore_ament_install']
[0.315s] Level 1:colcon.colcon_core.package_identification:_identify(src/install) by extension 'ignore'
[0.315s] Level 1:colcon.colcon_core.package_identification:_identify(src/install) ignored
[0.315s] Level 1:colcon.colcon_core.package_identification:_identify(src/log) by extensions ['ignore', 'ignore_ament_install']
[0.315s] Level 1:colcon.colcon_core.package_identification:_identify(src/log) by extension 'ignore'
[0.315s] Level 1:colcon.colcon_core.package_identification:_identify(src/log) ignored
[0.315s] Level 1:colcon.colcon_core.package_identification:_identify(src/rplidar_ros2) by extensions ['ignore', 'ignore_ament_install']
[0.315s] Level 1:colcon.colcon_core.package_identification:_identify(src/rplidar_ros2) by extension 'ignore'
[0.315s] Level 1:colcon.colcon_core.package_identification:_identify(src/rplidar_ros2) by extension 'ignore_ament_install'
[0.315s] Level 1:colcon.colcon_core.package_identification:_identify(src/rplidar_ros2) by extensions ['colcon_pkg']
[0.316s] Level 1:colcon.colcon_core.package_identification:_identify(src/rplidar_ros2) by extension 'colcon_pkg'
[0.316s] Level 1:colcon.colcon_core.package_identification:_identify(src/rplidar_ros2) by extensions ['colcon_meta']
[0.316s] Level 1:colcon.colcon_core.package_identification:_identify(src/rplidar_ros2) by extension 'colcon_meta'
[0.316s] Level 1:colcon.colcon_core.package_identification:_identify(src/rplidar_ros2) by extensions ['ros']
[0.316s] Level 1:colcon.colcon_core.package_identification:_identify(src/rplidar_ros2) by extension 'ros'
[0.316s] DEBUG:colcon.colcon_core.package_identification:Package 'src/rplidar_ros2' with type 'ros.ament_cmake' and name 'rplidar_ros'
[0.316s] Level 1:colcon.colcon_core.package_discovery:discover_packages(recursive) using defaults
[0.316s] Level 1:colcon.colcon_core.package_discovery:discover_packages(ignore) discover
[0.316s] Level 1:colcon.colcon_core.package_discovery:discover_packages(ignore) using defaults
[0.316s] Level 1:colcon.colcon_core.package_discovery:discover_packages(path) discover
[0.316s] Level 1:colcon.colcon_core.package_discovery:discover_packages(path) using defaults
[0.338s] INFO:colcon.colcon_core.package_selection:Skipping not selected package 'bracu_hydra_description' in 'src/bracu_hydra_description/bracu_hydra_description'
[0.338s] Level 1:colcon.colcon_core.package_discovery:discover_packages(prefix_path) check parameters
[0.338s] Level 1:colcon.colcon_core.package_discovery:discover_packages(prefix_path) discover
[0.349s] DEBUG:colcon.colcon_installed_package_information.package_discovery:Found 72 installed packages in /home/peru0002/ws_moveit/install
[0.352s] DEBUG:colcon.colcon_installed_package_information.package_discovery:Found 36 installed packages in /home/peru0002/ros2_ws/install
[0.357s] DEBUG:colcon.colcon_installed_package_information.package_discovery:Found 386 installed packages in /opt/ros/jazzy
[0.359s] Level 1:colcon.colcon_core.package_discovery:discover_packages(prefix_path) using defaults
[0.440s] Level 5:colcon.colcon_core.verb:set package 'rplidar_ros' build argument 'cmake_args' from command line to 'None'
[0.440s] Level 5:colcon.colcon_core.verb:set package 'rplidar_ros' build argument 'cmake_target' from command line to 'None'
[0.440s] Level 5:colcon.colcon_core.verb:set package 'rplidar_ros' build argument 'cmake_target_skip_unavailable' from command line to 'False'
[0.440s] Level 5:colcon.colcon_core.verb:set package 'rplidar_ros' build argument 'cmake_clean_cache' from command line to 'False'
[0.440s] Level 5:colcon.colcon_core.verb:set package 'rplidar_ros' build argument 'cmake_clean_first' from command line to 'False'
[0.440s] Level 5:colcon.colcon_core.verb:set package 'rplidar_ros' build argument 'cmake_force_configure' from command line to 'False'
[0.440s] Level 5:colcon.colcon_core.verb:set package 'rplidar_ros' build argument 'ament_cmake_args' from command line to 'None'
[0.440s] Level 5:colcon.colcon_core.verb:set package 'rplidar_ros' build argument 'catkin_cmake_args' from command line to 'None'
[0.440s] Level 5:colcon.colcon_core.verb:set package 'rplidar_ros' build argument 'catkin_skip_building_tests' from command line to 'False'
[0.440s] DEBUG:colcon.colcon_core.verb:Building package 'rplidar_ros' with the following arguments: {'ament_cmake_args': None, 'build_base': '/home/peru0002/ros2_ws/build/rplidar_ros', 'catkin_cmake_args': None, 'catkin_skip_building_tests': False, 'cmake_args': None, 'cmake_clean_cache': False, 'cmake_clean_first': False, 'cmake_force_configure': False, 'cmake_target': None, 'cmake_target_skip_unavailable': False, 'install_base': '/home/peru0002/ros2_ws/install/rplidar_ros', 'merge_install': False, 'path': '/home/peru0002/ros2_ws/src/rplidar_ros2', 'symlink_install': True, 'test_result_base': None}
[0.440s] INFO:colcon.colcon_core.executor:Executing jobs using 'parallel' executor
[0.441s] DEBUG:colcon.colcon_parallel_executor.executor.parallel:run_until_complete
[0.441s] INFO:colcon.colcon_ros.task.ament_cmake.build:Building ROS package in '/home/peru0002/ros2_ws/src/rplidar_ros2' with build type 'ament_cmake'
[0.441s] INFO:colcon.colcon_cmake.task.cmake.build:Building CMake package in '/home/peru0002/ros2_ws/src/rplidar_ros2'
[0.444s] INFO:colcon.colcon_core.plugin_system:Skipping extension 'colcon_core.shell.bat': Not used on non-Windows systems
[0.444s] INFO:colcon.colcon_core.shell:Skip shell extension 'powershell' for command environment: Not usable outside of PowerShell
[0.444s] DEBUG:colcon.colcon_core.shell:Skip shell extension 'dsv' for command environment
[0.474s] DEBUG:colcon.colcon_core.event_handler.log_command:Invoking command in '/home/peru0002/ros2_ws/build/rplidar_ros': CMAKE_PREFIX_PATH=${CMAKE_PREFIX_PATH}:/home/peru0002/ros2_ws/install/moveit_configs_utils:/home/peru0002/ros2_ws/install/bracu_hydra_description:/home/peru0002/ws_moveit/install/moveit_configs_utils:/home/peru0002/ws_moveit/install/bracu_hydra_description:/opt/ros/jazzy DEBUGINFOD_URLS=https://debuginfod.ubuntu.com /usr/bin/cmake --build /home/peru0002/ros2_ws/build/rplidar_ros -- -j8 -l8
[8.438s] DEBUG:colcon.colcon_core.event_handler.log_command:Invoked command in '/home/peru0002/ros2_ws/build/rplidar_ros' returned '0': CMAKE_PREFIX_PATH=${CMAKE_PREFIX_PATH}:/home/peru0002/ros2_ws/install/moveit_configs_utils:/home/peru0002/ros2_ws/install/bracu_hydra_description:/home/peru0002/ws_moveit/install/moveit_configs_utils:/home/peru0002/ws_moveit/install/bracu_hydra_description:/opt/ros/jazzy DEBUGINFOD_URLS=https://debuginfod.ubuntu.com /usr/bin/cmake --build /home/peru0002/ros2_ws/build/rplidar_ros -- -j8 -l8
[8.460s] DEBUG:colcon.colcon_core.event_handler.log_command:Invoking command in '/home/peru0002/ros2_ws/build/rplidar_ros': CMAKE_PREFIX_PATH=${CMAKE_PREFIX_PATH}:/home/peru0002/ros2_ws/install/moveit_configs_utils:/home/peru0002/ros2_ws/install/bracu_hydra_description:/home/peru0002/ws_moveit/install/moveit_configs_utils:/home/peru0002/ws_moveit/install/bracu_hydra_description:/opt/ros/jazzy DEBUGINFOD_URLS=https://debuginfod.ubuntu.com /usr/bin/cmake --install /home/peru0002/ros2_ws/build/rplidar_ros
[8.530s] Level 1:colcon.colcon_core.environment:create_environment_scripts_only(rplidar_ros)
[8.531s] DEBUG:colcon.colcon_core.event_handler.log_command:Invoked command in '/home/peru0002/ros2_ws/build/rplidar_ros' returned '0': CMAKE_PREFIX_PATH=${CMAKE_PREFIX_PATH}:/home/peru0002/ros2_ws/install/moveit_configs_utils:/home/peru0002/ros2_ws/install/bracu_hydra_description:/home/peru0002/ws_moveit/install/moveit_configs_utils:/home/peru0002/ws_moveit/install/bracu_hydra_description:/opt/ros/jazzy DEBUGINFOD_URLS=https://debuginfod.ubuntu.com /usr/bin/cmake --install /home/peru0002/ros2_ws/build/rplidar_ros
[8.534s] Level 1:colcon.colcon_core.environment:checking '/home/peru0002/ros2_ws/install/rplidar_ros' for CMake module files
[8.535s] Level 1:colcon.colcon_core.environment:checking '/home/peru0002/ros2_ws/install/rplidar_ros' for CMake config files
[8.535s] Level 1:colcon.colcon_core.shell:create_environment_hook('rplidar_ros', 'cmake_prefix_path')
[8.535s] INFO:colcon.colcon_core.shell:Creating environment hook '/home/peru0002/ros2_ws/install/rplidar_ros/share/rplidar_ros/hook/cmake_prefix_path.ps1'
[8.536s] INFO:colcon.colcon_core.shell:Creating environment descriptor '/home/peru0002/ros2_ws/install/rplidar_ros/share/rplidar_ros/hook/cmake_prefix_path.dsv'
[8.536s] INFO:colcon.colcon_core.shell:Creating environment hook '/home/peru0002/ros2_ws/install/rplidar_ros/share/rplidar_ros/hook/cmake_prefix_path.sh'
[8.537s] Level 1:colcon.colcon_core.environment:checking '/home/peru0002/ros2_ws/install/rplidar_ros/lib'
[8.537s] Level 1:colcon.colcon_core.shell:create_environment_hook('rplidar_ros', 'ld_library_path_lib')
[8.538s] INFO:colcon.colcon_core.shell:Creating environment hook '/home/peru0002/ros2_ws/install/rplidar_ros/share/rplidar_ros/hook/ld_library_path_lib.ps1'
[8.538s] INFO:colcon.colcon_core.shell:Creating environment descriptor '/home/peru0002/ros2_ws/install/rplidar_ros/share/rplidar_ros/hook/ld_library_path_lib.dsv'
[8.538s] INFO:colcon.colcon_core.shell:Creating environment hook '/home/peru0002/ros2_ws/install/rplidar_ros/share/rplidar_ros/hook/ld_library_path_lib.sh'
[8.539s] Level 1:colcon.colcon_core.environment:checking '/home/peru0002/ros2_ws/install/rplidar_ros/bin'
[8.539s] Level 1:colcon.colcon_core.environment:checking '/home/peru0002/ros2_ws/install/rplidar_ros/lib/pkgconfig/rplidar_ros.pc'
[8.539s] Level 1:colcon.colcon_core.environment:checking '/home/peru0002/ros2_ws/install/rplidar_ros/lib/python3.12/site-packages'
[8.540s] Level 1:colcon.colcon_core.environment:checking '/home/peru0002/ros2_ws/install/rplidar_ros/bin'
[8.540s] INFO:colcon.colcon_core.shell:Creating package script '/home/peru0002/ros2_ws/install/rplidar_ros/share/rplidar_ros/package.ps1'
[8.541s] INFO:colcon.colcon_core.shell:Creating package descriptor '/home/peru0002/ros2_ws/install/rplidar_ros/share/rplidar_ros/package.dsv'
[8.541s] INFO:colcon.colcon_core.shell:Creating package script '/home/peru0002/ros2_ws/install/rplidar_ros/share/rplidar_ros/package.sh'
[8.542s] INFO:colcon.colcon_core.shell:Creating package script '/home/peru0002/ros2_ws/install/rplidar_ros/share/rplidar_ros/package.bash'
[8.542s] INFO:colcon.colcon_core.shell:Creating package script '/home/peru0002/ros2_ws/install/rplidar_ros/share/rplidar_ros/package.zsh'
[8.543s] Level 1:colcon.colcon_core.environment:create_file_with_runtime_dependencies(/home/peru0002/ros2_ws/install/rplidar_ros/share/colcon-core/packages/rplidar_ros)
[8.544s] Level 1:colcon.colcon_core.environment:create_environment_scripts_only(rplidar_ros)
[8.544s] Level 1:colcon.colcon_core.environment:checking '/home/peru0002/ros2_ws/install/rplidar_ros' for CMake module files
[8.545s] Level 1:colcon.colcon_core.environment:checking '/home/peru0002/ros2_ws/install/rplidar_ros' for CMake config files
[8.545s] Level 1:colcon.colcon_core.shell:create_environment_hook('rplidar_ros', 'cmake_prefix_path')
[8.545s] INFO:colcon.colcon_core.shell:Creating environment hook '/home/peru0002/ros2_ws/install/rplidar_ros/share/rplidar_ros/hook/cmake_prefix_path.ps1'
[8.546s] INFO:colcon.colcon_core.shell:Creating environment descriptor '/home/peru0002/ros2_ws/install/rplidar_ros/share/rplidar_ros/hook/cmake_prefix_path.dsv'
[8.547s] INFO:colcon.colcon_core.shell:Creating environment hook '/home/peru0002/ros2_ws/install/rplidar_ros/share/rplidar_ros/hook/cmake_prefix_path.sh'
[8.547s] Level 1:colcon.colcon_core.environment:checking '/home/peru0002/ros2_ws/install/rplidar_ros/lib'
[8.547s] Level 1:colcon.colcon_core.shell:create_environment_hook('rplidar_ros', 'ld_library_path_lib')
[8.547s] INFO:colcon.colcon_core.shell:Creating environment hook '/home/peru0002/ros2_ws/install/rplidar_ros/share/rplidar_ros/hook/ld_library_path_lib.ps1'
[8.548s] INFO:colcon.colcon_core.shell:Creating environment descriptor '/home/peru0002/ros2_ws/install/rplidar_ros/share/rplidar_ros/hook/ld_library_path_lib.dsv'
[8.548s] INFO:colcon.colcon_core.shell:Creating environment hook '/home/peru0002/ros2_ws/install/rplidar_ros/share/rplidar_ros/hook/ld_library_path_lib.sh'
[8.549s] Level 1:colcon.colcon_core.environment:checking '/home/peru0002/ros2_ws/install/rplidar_ros/bin'
[8.549s] Level 1:colcon.colcon_core.environment:checking '/home/peru0002/ros2_ws/install/rplidar_ros/lib/pkgconfig/rplidar_ros.pc'
[8.549s] Level 1:colcon.colcon_core.environment:checking '/home/peru0002/ros2_ws/install/rplidar_ros/lib/python3.12/site-packages'
[8.549s] Level 1:colcon.colcon_core.environment:checking '/home/peru0002/ros2_ws/install/rplidar_ros/bin'
[8.550s] INFO:colcon.colcon_core.shell:Creating package script '/home/peru0002/ros2_ws/install/rplidar_ros/share/rplidar_ros/package.ps1'
[8.550s] INFO:colcon.colcon_core.shell:Creating package descriptor '/home/peru0002/ros2_ws/install/rplidar_ros/share/rplidar_ros/package.dsv'
[8.551s] INFO:colcon.colcon_core.shell:Creating package script '/home/peru0002/ros2_ws/install/rplidar_ros/share/rplidar_ros/package.sh'
[8.551s] INFO:colcon.colcon_core.shell:Creating package script '/home/peru0002/ros2_ws/install/rplidar_ros/share/rplidar_ros/package.bash'
[8.552s] INFO:colcon.colcon_core.shell:Creating package script '/home/peru0002/ros2_ws/install/rplidar_ros/share/rplidar_ros/package.zsh'
[8.552s] Level 1:colcon.colcon_core.environment:create_file_with_runtime_dependencies(/home/peru0002/ros2_ws/install/rplidar_ros/share/colcon-core/packages/rplidar_ros)
[8.552s] DEBUG:colcon.colcon_parallel_executor.executor.parallel:closing loop
[8.553s] DEBUG:colcon.colcon_parallel_executor.executor.parallel:loop closed
[8.553s] DEBUG:colcon.colcon_parallel_executor.executor.parallel:run_until_complete finished with '0'
[8.553s] DEBUG:colcon.colcon_core.event_reactor:joining thread
[8.561s] INFO:colcon.colcon_core.plugin_system:Skipping extension 'colcon_notification.desktop_notification.terminal_notifier': Not used on non-Darwin systems
[8.561s] INFO:colcon.colcon_core.plugin_system:Skipping extension 'colcon_notification.desktop_notification.win32': Not used on non-Windows systems
[8.561s] INFO:colcon.colcon_notification.desktop_notification:Sending desktop notification using 'notify2'
[8.585s] DEBUG:colcon.colcon_core.event_reactor:joined thread
[8.585s] INFO:colcon.colcon_core.shell:Creating prefix script '/home/peru0002/ros2_ws/install/local_setup.ps1'
[8.586s] INFO:colcon.colcon_core.shell:Creating prefix util module '/home/peru0002/ros2_ws/install/_local_setup_util_ps1.py'
[8.588s] INFO:colcon.colcon_core.shell:Creating prefix chain script '/home/peru0002/ros2_ws/install/setup.ps1'
[8.598s] INFO:colcon.colcon_core.shell:Creating prefix script '/home/peru0002/ros2_ws/install/local_setup.sh'
[8.599s] INFO:colcon.colcon_core.shell:Creating prefix util module '/home/peru0002/ros2_ws/install/_local_setup_util_sh.py'
[8.600s] INFO:colcon.colcon_core.shell:Creating prefix chain script '/home/peru0002/ros2_ws/install/setup.sh'
[8.608s] INFO:colcon.colcon_core.shell:Creating prefix script '/home/peru0002/ros2_ws/install/local_setup.bash'
[8.608s] INFO:colcon.colcon_core.shell:Creating prefix chain script '/home/peru0002/ros2_ws/install/setup.bash'
[8.616s] INFO:colcon.colcon_core.shell:Creating prefix script '/home/peru0002/ros2_ws/install/local_setup.zsh'
[8.617s] INFO:colcon.colcon_core.shell:Creating prefix chain script '/home/peru0002/ros2_ws/install/setup.zsh'
