[0.038s] Invoking command in '/home/peru0002/ros2_ws/build/moveit_simple_controller_manager': AMENT_PREFIX_PATH=/home/peru0002/ros2_ws/install/moveit_core:/home/peru0002/ros2_ws/install/moveit_resources_panda_moveit_config:/home/peru0002/ros2_ws/install/moveit_resources_pr2_description:/home/peru0002/ros2_ws/install/moveit_resources_panda_description:/home/peru0002/ros2_ws/install/moveit_msgs:/home/peru0002/ros2_ws/install/moveit_common:${AMENT_PREFIX_PATH} CMAKE_PREFIX_PATH=/home/peru0002/ros2_ws/install/moveit_core:/home/peru0002/ros2_ws/install/moveit_resources_panda_moveit_config:/home/peru0002/ros2_ws/install/moveit_resources_pr2_description:/home/peru0002/ros2_ws/install/moveit_resources_panda_description:/home/peru0002/ros2_ws/install/moveit_msgs:/home/peru0002/ros2_ws/install/moveit_common:/opt/ros/jazzy/opt/gz_math_vendor:/opt/ros/jazzy/opt/gz_utils_vendor:/opt/ros/jazzy/opt/gz_cmake_vendor:/opt/ros/jazzy DEBUGINFOD_URLS=https://debuginfod.ubuntu.com LD_LIBRARY_PATH=/home/peru0002/ros2_ws/install/moveit_core/lib:/home/peru0002/ros2_ws/install/moveit_msgs/lib:${LD_LIBRARY_PATH} PATH=/home/peru0002/ros2_ws/install/moveit_core/bin:${PATH} PYTHONPATH=/home/peru0002/ros2_ws/install/moveit_msgs/lib/python3.12/site-packages:${PYTHONPATH} /usr/bin/cmake /home/peru0002/ros2_ws/src/moveit2/moveit_plugins/moveit_simple_controller_manager -DCMAKE_BUILD_TYPE=Release -DCMAKE_INSTALL_PREFIX=/home/peru0002/ros2_ws/install/moveit_simple_controller_manager
[0.161s] -- The CXX compiler identification is GNU 13.3.0
[0.194s] -- Detecting CXX compiler ABI info
[0.361s] -- Detecting CXX compiler ABI info - done
[0.377s] -- Check for working CXX compiler: /usr/bin/c++ - skipped
[0.378s] -- Detecting CXX compile features
[0.379s] -- Detecting CXX compile features - done
[0.381s] -- Found moveit_common: 2.14.1 (/home/peru0002/ros2_ws/install/moveit_common/share/moveit_common/cmake)
[0.385s] -- Found ament_cmake: 2.5.4 (/opt/ros/jazzy/share/ament_cmake/cmake)
[0.695s] -- Found Python3: /usr/bin/python3 (found version "3.12.3") found components: Interpreter 
[1.043s] -- Found moveit_core: 2.14.1 (/home/peru0002/ros2_ws/install/moveit_core/share/moveit_core/cmake)
[1.354s] -- Found Boost: /usr/lib/x86_64-linux-gnu/cmake/Boost-1.83.0/BoostConfig.cmake (found version "1.83.0") found components: chrono date_time filesystem iostreams program_options regex serialization system thread 
[1.484s] -- Found parameter_traits: 0.5.0 (/opt/ros/jazzy/share/parameter_traits/cmake)
[1.549s] -- Found rosidl_generator_c: 4.6.6 (/opt/ros/jazzy/share/rosidl_generator_c/cmake)
[1.571s] -- Found rosidl_generator_cpp: 4.6.6 (/opt/ros/jazzy/share/rosidl_generator_cpp/cmake)
[1.596s] -- Using all available rosidl_typesupport_c: rosidl_typesupport_fastrtps_c;rosidl_typesupport_introspection_c
[1.625s] -- Using all available rosidl_typesupport_cpp: rosidl_typesupport_fastrtps_cpp;rosidl_typesupport_introspection_cpp
[1.767s] -- Found rmw_implementation_cmake: 7.3.2 (/opt/ros/jazzy/share/rmw_implementation_cmake/cmake)
[1.773s] -- Found rmw_fastrtps_cpp: 8.4.3 (/opt/ros/jazzy/share/rmw_fastrtps_cpp/cmake)
[1.925s] -- Found OpenSSL: /usr/lib/x86_64-linux-gnu/libcrypto.so (found version "3.0.13")  
[1.954s] -- Found FastRTPS: /opt/ros/jazzy/include (Required is at least version "2.13") 
[1.992s] -- Using RMW implementation 'rmw_fastrtps_cpp' as default
[2.144s] -- Found rclcpp_lifecycle: 28.1.13 (/opt/ros/jazzy/share/rclcpp_lifecycle/cmake)
[2.209s] -- Found Boost: /usr/lib/x86_64-linux-gnu/cmake/Boost-1.83.0/BoostConfig.cmake (found version "1.83.0") found components: filesystem 
[2.450s] -- Found Eigen3: TRUE (found version "3.4.0") 
[2.450s] -- Ensuring Eigen3 include directory is part of orocos-kdl CMake target
[3.033s] -- Found control_msgs: 5.5.0 (/opt/ros/jazzy/share/control_msgs/cmake)
[3.095s] -- Found Boost: /usr/lib/x86_64-linux-gnu/cmake/Boost-1.83.0/BoostConfig.cmake (found version "1.83.0") found components: thread 
[3.113s] -- Configuring done (3.1s)
[3.164s] -- Generating done (0.0s)
[3.176s] -- Build files have been written to: /home/peru0002/ros2_ws/build/moveit_simple_controller_manager
[3.202s] Invoked command in '/home/peru0002/ros2_ws/build/moveit_simple_controller_manager' returned '0': AMENT_PREFIX_PATH=/home/peru0002/ros2_ws/install/moveit_core:/home/peru0002/ros2_ws/install/moveit_resources_panda_moveit_config:/home/peru0002/ros2_ws/install/moveit_resources_pr2_description:/home/peru0002/ros2_ws/install/moveit_resources_panda_description:/home/peru0002/ros2_ws/install/moveit_msgs:/home/peru0002/ros2_ws/install/moveit_common:${AMENT_PREFIX_PATH} CMAKE_PREFIX_PATH=/home/peru0002/ros2_ws/install/moveit_core:/home/peru0002/ros2_ws/install/moveit_resources_panda_moveit_config:/home/peru0002/ros2_ws/install/moveit_resources_pr2_description:/home/peru0002/ros2_ws/install/moveit_resources_panda_description:/home/peru0002/ros2_ws/install/moveit_msgs:/home/peru0002/ros2_ws/install/moveit_common:/opt/ros/jazzy/opt/gz_math_vendor:/opt/ros/jazzy/opt/gz_utils_vendor:/opt/ros/jazzy/opt/gz_cmake_vendor:/opt/ros/jazzy DEBUGINFOD_URLS=https://debuginfod.ubuntu.com LD_LIBRARY_PATH=/home/peru0002/ros2_ws/install/moveit_core/lib:/home/peru0002/ros2_ws/install/moveit_msgs/lib:${LD_LIBRARY_PATH} PATH=/home/peru0002/ros2_ws/install/moveit_core/bin:${PATH} PYTHONPATH=/home/peru0002/ros2_ws/install/moveit_msgs/lib/python3.12/site-packages:${PYTHONPATH} /usr/bin/cmake /home/peru0002/ros2_ws/src/moveit2/moveit_plugins/moveit_simple_controller_manager -DCMAKE_BUILD_TYPE=Release -DCMAKE_INSTALL_PREFIX=/home/peru0002/ros2_ws/install/moveit_simple_controller_manager
[3.203s] Invoking command in '/home/peru0002/ros2_ws/build/moveit_simple_controller_manager': AMENT_PREFIX_PATH=/home/peru0002/ros2_ws/install/moveit_core:/home/peru0002/ros2_ws/install/moveit_resources_panda_moveit_config:/home/peru0002/ros2_ws/install/moveit_resources_pr2_description:/home/peru0002/ros2_ws/install/moveit_resources_panda_description:/home/peru0002/ros2_ws/install/moveit_msgs:/home/peru0002/ros2_ws/install/moveit_common:${AMENT_PREFIX_PATH} CMAKE_PREFIX_PATH=/home/peru0002/ros2_ws/install/moveit_core:/home/peru0002/ros2_ws/install/moveit_resources_panda_moveit_config:/home/peru0002/ros2_ws/install/moveit_resources_pr2_description:/home/peru0002/ros2_ws/install/moveit_resources_panda_description:/home/peru0002/ros2_ws/install/moveit_msgs:/home/peru0002/ros2_ws/install/moveit_common:/opt/ros/jazzy/opt/gz_math_vendor:/opt/ros/jazzy/opt/gz_utils_vendor:/opt/ros/jazzy/opt/gz_cmake_vendor:/opt/ros/jazzy DEBUGINFOD_URLS=https://debuginfod.ubuntu.com LD_LIBRARY_PATH=/home/peru0002/ros2_ws/install/moveit_core/lib:/home/peru0002/ros2_ws/install/moveit_msgs/lib:${LD_LIBRARY_PATH} PATH=/home/peru0002/ros2_ws/install/moveit_core/bin:${PATH} PYTHONPATH=/home/peru0002/ros2_ws/install/moveit_msgs/lib/python3.12/site-packages:${PYTHONPATH} /usr/bin/cmake --build /home/peru0002/ros2_ws/build/moveit_simple_controller_manager -- -j8 -l8
[3.397s] [ 33%] [32mBuilding CXX object CMakeFiles/moveit_simple_controller_manager.dir/src/follow_joint_trajectory_controller_handle.cpp.o[0m
[3.400s] [ 66%] [32mBuilding CXX object CMakeFiles/moveit_simple_controller_manager.dir/src/moveit_simple_controller_manager.cpp.o[0m
[49.203s] [100%] [32m[1mLinking CXX shared library libmoveit_simple_controller_manager.so[0m
[49.914s] [100%] Built target moveit_simple_controller_manager
[49.986s] Invoked command in '/home/peru0002/ros2_ws/build/moveit_simple_controller_manager' returned '0': AMENT_PREFIX_PATH=/home/peru0002/ros2_ws/install/moveit_core:/home/peru0002/ros2_ws/install/moveit_resources_panda_moveit_config:/home/peru0002/ros2_ws/install/moveit_resources_pr2_description:/home/peru0002/ros2_ws/install/moveit_resources_panda_description:/home/peru0002/ros2_ws/install/moveit_msgs:/home/peru0002/ros2_ws/install/moveit_common:${AMENT_PREFIX_PATH} CMAKE_PREFIX_PATH=/home/peru0002/ros2_ws/install/moveit_core:/home/peru0002/ros2_ws/install/moveit_resources_panda_moveit_config:/home/peru0002/ros2_ws/install/moveit_resources_pr2_description:/home/peru0002/ros2_ws/install/moveit_resources_panda_description:/home/peru0002/ros2_ws/install/moveit_msgs:/home/peru0002/ros2_ws/install/moveit_common:/opt/ros/jazzy/opt/gz_math_vendor:/opt/ros/jazzy/opt/gz_utils_vendor:/opt/ros/jazzy/opt/gz_cmake_vendor:/opt/ros/jazzy DEBUGINFOD_URLS=https://debuginfod.ubuntu.com LD_LIBRARY_PATH=/home/peru0002/ros2_ws/install/moveit_core/lib:/home/peru0002/ros2_ws/install/moveit_msgs/lib:${LD_LIBRARY_PATH} PATH=/home/peru0002/ros2_ws/install/moveit_core/bin:${PATH} PYTHONPATH=/home/peru0002/ros2_ws/install/moveit_msgs/lib/python3.12/site-packages:${PYTHONPATH} /usr/bin/cmake --build /home/peru0002/ros2_ws/build/moveit_simple_controller_manager -- -j8 -l8
[50.024s] Invoking command in '/home/peru0002/ros2_ws/build/moveit_simple_controller_manager': AMENT_PREFIX_PATH=/home/peru0002/ros2_ws/install/moveit_core:/home/peru0002/ros2_ws/install/moveit_resources_panda_moveit_config:/home/peru0002/ros2_ws/install/moveit_resources_pr2_description:/home/peru0002/ros2_ws/install/moveit_resources_panda_description:/home/peru0002/ros2_ws/install/moveit_msgs:/home/peru0002/ros2_ws/install/moveit_common:${AMENT_PREFIX_PATH} CMAKE_PREFIX_PATH=/home/peru0002/ros2_ws/install/moveit_core:/home/peru0002/ros2_ws/install/moveit_resources_panda_moveit_config:/home/peru0002/ros2_ws/install/moveit_resources_pr2_description:/home/peru0002/ros2_ws/install/moveit_resources_panda_description:/home/peru0002/ros2_ws/install/moveit_msgs:/home/peru0002/ros2_ws/install/moveit_common:/opt/ros/jazzy/opt/gz_math_vendor:/opt/ros/jazzy/opt/gz_utils_vendor:/opt/ros/jazzy/opt/gz_cmake_vendor:/opt/ros/jazzy DEBUGINFOD_URLS=https://debuginfod.ubuntu.com LD_LIBRARY_PATH=/home/peru0002/ros2_ws/install/moveit_core/lib:/home/peru0002/ros2_ws/install/moveit_msgs/lib:${LD_LIBRARY_PATH} PATH=/home/peru0002/ros2_ws/install/moveit_core/bin:${PATH} PYTHONPATH=/home/peru0002/ros2_ws/install/moveit_msgs/lib/python3.12/site-packages:${PYTHONPATH} /usr/bin/cmake --install /home/peru0002/ros2_ws/build/moveit_simple_controller_manager
[50.041s] -- Install configuration: "Release"
[50.043s] -- Installing: /home/peru0002/ros2_ws/install/moveit_simple_controller_manager/lib/libmoveit_simple_controller_manager.so.2.14.1
[50.045s] -- Set non-toolchain portion of runtime path of "/home/peru0002/ros2_ws/install/moveit_simple_controller_manager/lib/libmoveit_simple_controller_manager.so.2.14.1" to ""
[50.045s] -- Installing: /home/peru0002/ros2_ws/install/moveit_simple_controller_manager/lib/libmoveit_simple_controller_manager.so
[50.046s] -- Installing: /home/peru0002/ros2_ws/install/moveit_simple_controller_manager/include/moveit_simple_controller_manager
[50.046s] -- Installing: /home/peru0002/ros2_ws/install/moveit_simple_controller_manager/include/moveit_simple_controller_manager/moveit_simple_controller_manager
[50.047s] -- Installing: /home/peru0002/ros2_ws/install/moveit_simple_controller_manager/include/moveit_simple_controller_manager/moveit_simple_controller_manager/action_based_controller_handle.h
[50.047s] -- Installing: /home/peru0002/ros2_ws/install/moveit_simple_controller_manager/include/moveit_simple_controller_manager/moveit_simple_controller_manager/gripper_controller_handle.h
[50.047s] -- Installing: /home/peru0002/ros2_ws/install/moveit_simple_controller_manager/include/moveit_simple_controller_manager/moveit_simple_controller_manager/parallel_gripper_command_controller_handle.hpp
[50.048s] -- Installing: /home/peru0002/ros2_ws/install/moveit_simple_controller_manager/include/moveit_simple_controller_manager/moveit_simple_controller_manager/follow_joint_trajectory_controller_handle.hpp
[50.048s] -- Installing: /home/peru0002/ros2_ws/install/moveit_simple_controller_manager/include/moveit_simple_controller_manager/moveit_simple_controller_manager/follow_joint_trajectory_controller_handle.h
[50.048s] -- Installing: /home/peru0002/ros2_ws/install/moveit_simple_controller_manager/include/moveit_simple_controller_manager/moveit_simple_controller_manager/action_based_controller_handle.hpp
[50.049s] -- Installing: /home/peru0002/ros2_ws/install/moveit_simple_controller_manager/include/moveit_simple_controller_manager/moveit_simple_controller_manager/gripper_command_controller_handle.hpp
[50.049s] -- Installing: /home/peru0002/ros2_ws/install/moveit_simple_controller_manager/include/moveit_simple_controller_manager/moveit_simple_controller_manager/empty_controller_handle.h
[50.050s] -- Installing: /home/peru0002/ros2_ws/install/moveit_simple_controller_manager/include/moveit_simple_controller_manager/moveit_simple_controller_manager/empty_controller_handle.hpp
[50.050s] -- Installing: /home/peru0002/ros2_ws/install/moveit_simple_controller_manager/share/moveit_simple_controller_manager/environment/library_path.sh
[50.051s] -- Installing: /home/peru0002/ros2_ws/install/moveit_simple_controller_manager/share/moveit_simple_controller_manager/environment/library_path.dsv
[50.051s] -- Installing: /home/peru0002/ros2_ws/install/moveit_simple_controller_manager/share/moveit_simple_controller_manager/moveit_simple_controller_manager_plugin_description.xml
[50.052s] -- Installing: /home/peru0002/ros2_ws/install/moveit_simple_controller_manager/share/ament_index/resource_index/package_run_dependencies/moveit_simple_controller_manager
[50.052s] -- Installing: /home/peru0002/ros2_ws/install/moveit_simple_controller_manager/share/ament_index/resource_index/parent_prefix_path/moveit_simple_controller_manager
[50.053s] -- Installing: /home/peru0002/ros2_ws/install/moveit_simple_controller_manager/share/moveit_simple_controller_manager/environment/ament_prefix_path.sh
[50.055s] -- Installing: /home/peru0002/ros2_ws/install/moveit_simple_controller_manager/share/moveit_simple_controller_manager/environment/ament_prefix_path.dsv
[50.055s] -- Installing: /home/peru0002/ros2_ws/install/moveit_simple_controller_manager/share/moveit_simple_controller_manager/environment/path.sh
[50.056s] -- Installing: /home/peru0002/ros2_ws/install/moveit_simple_controller_manager/share/moveit_simple_controller_manager/environment/path.dsv
[50.056s] -- Installing: /home/peru0002/ros2_ws/install/moveit_simple_controller_manager/share/moveit_simple_controller_manager/local_setup.bash
[50.056s] -- Installing: /home/peru0002/ros2_ws/install/moveit_simple_controller_manager/share/moveit_simple_controller_manager/local_setup.sh
[50.057s] -- Installing: /home/peru0002/ros2_ws/install/moveit_simple_controller_manager/share/moveit_simple_controller_manager/local_setup.zsh
[50.059s] -- Installing: /home/peru0002/ros2_ws/install/moveit_simple_controller_manager/share/moveit_simple_controller_manager/local_setup.dsv
[50.060s] -- Installing: /home/peru0002/ros2_ws/install/moveit_simple_controller_manager/share/moveit_simple_controller_manager/package.dsv
[50.060s] -- Installing: /home/peru0002/ros2_ws/install/moveit_simple_controller_manager/share/ament_index/resource_index/packages/moveit_simple_controller_manager
[50.060s] -- Installing: /home/peru0002/ros2_ws/install/moveit_simple_controller_manager/share/ament_index/resource_index/moveit_core__pluginlib__plugin/moveit_simple_controller_manager
[50.061s] -- Installing: /home/peru0002/ros2_ws/install/moveit_simple_controller_manager/share/moveit_simple_controller_manager/cmake/moveit_simple_controller_managerTargetsExport.cmake
[50.061s] -- Installing: /home/peru0002/ros2_ws/install/moveit_simple_controller_manager/share/moveit_simple_controller_manager/cmake/moveit_simple_controller_managerTargetsExport-release.cmake
[50.061s] -- Installing: /home/peru0002/ros2_ws/install/moveit_simple_controller_manager/share/moveit_simple_controller_manager/cmake/ConfigExtras.cmake
[50.061s] -- Installing: /home/peru0002/ros2_ws/install/moveit_simple_controller_manager/share/moveit_simple_controller_manager/cmake/ament_cmake_export_targets-extras.cmake
[50.062s] -- Installing: /home/peru0002/ros2_ws/install/moveit_simple_controller_manager/share/moveit_simple_controller_manager/cmake/ament_cmake_export_dependencies-extras.cmake
[50.062s] -- Installing: /home/peru0002/ros2_ws/install/moveit_simple_controller_manager/share/moveit_simple_controller_manager/cmake/moveit_simple_controller_managerConfig.cmake
[50.062s] -- Installing: /home/peru0002/ros2_ws/install/moveit_simple_controller_manager/share/moveit_simple_controller_manager/cmake/moveit_simple_controller_managerConfig-version.cmake
[50.062s] -- Installing: /home/peru0002/ros2_ws/install/moveit_simple_controller_manager/share/moveit_simple_controller_manager/package.xml
[50.081s] Invoked command in '/home/peru0002/ros2_ws/build/moveit_simple_controller_manager' returned '0': AMENT_PREFIX_PATH=/home/peru0002/ros2_ws/install/moveit_core:/home/peru0002/ros2_ws/install/moveit_resources_panda_moveit_config:/home/peru0002/ros2_ws/install/moveit_resources_pr2_description:/home/peru0002/ros2_ws/install/moveit_resources_panda_description:/home/peru0002/ros2_ws/install/moveit_msgs:/home/peru0002/ros2_ws/install/moveit_common:${AMENT_PREFIX_PATH} CMAKE_PREFIX_PATH=/home/peru0002/ros2_ws/install/moveit_core:/home/peru0002/ros2_ws/install/moveit_resources_panda_moveit_config:/home/peru0002/ros2_ws/install/moveit_resources_pr2_description:/home/peru0002/ros2_ws/install/moveit_resources_panda_description:/home/peru0002/ros2_ws/install/moveit_msgs:/home/peru0002/ros2_ws/install/moveit_common:/opt/ros/jazzy/opt/gz_math_vendor:/opt/ros/jazzy/opt/gz_utils_vendor:/opt/ros/jazzy/opt/gz_cmake_vendor:/opt/ros/jazzy DEBUGINFOD_URLS=https://debuginfod.ubuntu.com LD_LIBRARY_PATH=/home/peru0002/ros2_ws/install/moveit_core/lib:/home/peru0002/ros2_ws/install/moveit_msgs/lib:${LD_LIBRARY_PATH} PATH=/home/peru0002/ros2_ws/install/moveit_core/bin:${PATH} PYTHONPATH=/home/peru0002/ros2_ws/install/moveit_msgs/lib/python3.12/site-packages:${PYTHONPATH} /usr/bin/cmake --install /home/peru0002/ros2_ws/build/moveit_simple_controller_manager
