[0.414s] Invoking command in '/home/peru0002/ros2_ws/build/moveit_resources_prbt_support': CMAKE_PREFIX_PATH=${CMAKE_PREFIX_PATH}:/opt/ros/jazzy DEBUGINFOD_URLS=https://debuginfod.ubuntu.com /usr/bin/cmake /home/peru0002/ros2_ws/src/moveit2/moveit_planners/test_configs/prbt_support -DCMAKE_INSTALL_PREFIX=/home/peru0002/ros2_ws/install/moveit_resources_prbt_support
[0.437s] -- Found ament_cmake: 2.5.4 (/opt/ros/jazzy/share/ament_cmake/cmake)
[1.085s] -- Configuring done (0.7s)
[1.091s] -- Generating done (0.0s)
[1.096s] -- Build files have been written to: /home/peru0002/ros2_ws/build/moveit_resources_prbt_support
[1.104s] Invoked command in '/home/peru0002/ros2_ws/build/moveit_resources_prbt_support' returned '0': CMAKE_PREFIX_PATH=${CMAKE_PREFIX_PATH}:/opt/ros/jazzy DEBUGINFOD_URLS=https://debuginfod.ubuntu.com /usr/bin/cmake /home/peru0002/ros2_ws/src/moveit2/moveit_planners/test_configs/prbt_support -DCMAKE_INSTALL_PREFIX=/home/peru0002/ros2_ws/install/moveit_resources_prbt_support
[1.105s] Invoking command in '/home/peru0002/ros2_ws/build/moveit_resources_prbt_support': CMAKE_PREFIX_PATH=${CMAKE_PREFIX_PATH}:/opt/ros/jazzy DEBUGINFOD_URLS=https://debuginfod.ubuntu.com /usr/bin/cmake --build /home/peru0002/ros2_ws/build/moveit_resources_prbt_support -- -j8 -l8
[1.182s] Invoked command in '/home/peru0002/ros2_ws/build/moveit_resources_prbt_support' returned '0': CMAKE_PREFIX_PATH=${CMAKE_PREFIX_PATH}:/opt/ros/jazzy DEBUGINFOD_URLS=https://debuginfod.ubuntu.com /usr/bin/cmake --build /home/peru0002/ros2_ws/build/moveit_resources_prbt_support -- -j8 -l8
[1.192s] Invoking command in '/home/peru0002/ros2_ws/build/moveit_resources_prbt_support': CMAKE_PREFIX_PATH=${CMAKE_PREFIX_PATH}:/opt/ros/jazzy DEBUGINFOD_URLS=https://debuginfod.ubuntu.com /usr/bin/cmake --install /home/peru0002/ros2_ws/build/moveit_resources_prbt_support
[1.201s] -- Install configuration: "Release"
[1.203s] -- Up-to-date: /home/peru0002/ros2_ws/install/moveit_resources_prbt_support/share/ament_index/resource_index/package_run_dependencies/moveit_resources_prbt_support
[1.205s] -- Up-to-date: /home/peru0002/ros2_ws/install/moveit_resources_prbt_support/share/ament_index/resource_index/parent_prefix_path/moveit_resources_prbt_support
[1.205s] -- Up-to-date: /home/peru0002/ros2_ws/install/moveit_resources_prbt_support/share/moveit_resources_prbt_support/environment/ament_prefix_path.sh
[1.205s] -- Up-to-date: /home/peru0002/ros2_ws/install/moveit_resources_prbt_support/share/moveit_resources_prbt_support/environment/ament_prefix_path.dsv
[1.206s] -- Up-to-date: /home/peru0002/ros2_ws/install/moveit_resources_prbt_support/share/moveit_resources_prbt_support/environment/path.sh
[1.206s] -- Up-to-date: /home/peru0002/ros2_ws/install/moveit_resources_prbt_support/share/moveit_resources_prbt_support/environment/path.dsv
[1.206s] -- Up-to-date: /home/peru0002/ros2_ws/install/moveit_resources_prbt_support/share/moveit_resources_prbt_support/local_setup.bash
[1.206s] -- Up-to-date: /home/peru0002/ros2_ws/install/moveit_resources_prbt_support/share/moveit_resources_prbt_support/local_setup.sh
[1.207s] -- Up-to-date: /home/peru0002/ros2_ws/install/moveit_resources_prbt_support/share/moveit_resources_prbt_support/local_setup.zsh
[1.207s] -- Up-to-date: /home/peru0002/ros2_ws/install/moveit_resources_prbt_support/share/moveit_resources_prbt_support/local_setup.dsv
[1.207s] -- Up-to-date: /home/peru0002/ros2_ws/install/moveit_resources_prbt_support/share/moveit_resources_prbt_support/package.dsv
[1.207s] -- Up-to-date: /home/peru0002/ros2_ws/install/moveit_resources_prbt_support/share/ament_index/resource_index/packages/moveit_resources_prbt_support
[1.207s] -- Up-to-date: /home/peru0002/ros2_ws/install/moveit_resources_prbt_support/share/moveit_resources_prbt_support/cmake/moveit_resources_prbt_supportConfig.cmake
[1.207s] -- Up-to-date: /home/peru0002/ros2_ws/install/moveit_resources_prbt_support/share/moveit_resources_prbt_support/cmake/moveit_resources_prbt_supportConfig-version.cmake
[1.207s] -- Up-to-date: /home/peru0002/ros2_ws/install/moveit_resources_prbt_support/share/moveit_resources_prbt_support/package.xml
[1.207s] -- Up-to-date: /home/peru0002/ros2_ws/install/moveit_resources_prbt_support/share/moveit_resources_prbt_support/urdf
[1.208s] -- Up-to-date: /home/peru0002/ros2_ws/install/moveit_resources_prbt_support/share/moveit_resources_prbt_support/urdf/prbt.ros2_control.xacro
[1.208s] -- Up-to-date: /home/peru0002/ros2_ws/install/moveit_resources_prbt_support/share/moveit_resources_prbt_support/urdf/simple_gripper_brackets.urdf.xacro
[1.208s] -- Up-to-date: /home/peru0002/ros2_ws/install/moveit_resources_prbt_support/share/moveit_resources_prbt_support/urdf/prbt_macro.xacro
[1.208s] -- Up-to-date: /home/peru0002/ros2_ws/install/moveit_resources_prbt_support/share/moveit_resources_prbt_support/urdf/prbt.xacro
[1.208s] -- Up-to-date: /home/peru0002/ros2_ws/install/moveit_resources_prbt_support/share/moveit_resources_prbt_support/meshes
[1.208s] -- Up-to-date: /home/peru0002/ros2_ws/install/moveit_resources_prbt_support/share/moveit_resources_prbt_support/meshes/link_1.dae
[1.208s] -- Up-to-date: /home/peru0002/ros2_ws/install/moveit_resources_prbt_support/share/moveit_resources_prbt_support/meshes/link_4.dae
[1.208s] -- Up-to-date: /home/peru0002/ros2_ws/install/moveit_resources_prbt_support/share/moveit_resources_prbt_support/meshes/link_5.dae
[1.209s] -- Up-to-date: /home/peru0002/ros2_ws/install/moveit_resources_prbt_support/share/moveit_resources_prbt_support/meshes/link_5.stl
[1.209s] -- Up-to-date: /home/peru0002/ros2_ws/install/moveit_resources_prbt_support/share/moveit_resources_prbt_support/meshes/link_3.dae
[1.209s] -- Up-to-date: /home/peru0002/ros2_ws/install/moveit_resources_prbt_support/share/moveit_resources_prbt_support/meshes/link_3.stl
[1.209s] -- Up-to-date: /home/peru0002/ros2_ws/install/moveit_resources_prbt_support/share/moveit_resources_prbt_support/meshes/link_1.stl
[1.209s] -- Up-to-date: /home/peru0002/ros2_ws/install/moveit_resources_prbt_support/share/moveit_resources_prbt_support/meshes/link_4.stl
[1.209s] -- Up-to-date: /home/peru0002/ros2_ws/install/moveit_resources_prbt_support/share/moveit_resources_prbt_support/meshes/flange.stl
[1.210s] -- Up-to-date: /home/peru0002/ros2_ws/install/moveit_resources_prbt_support/share/moveit_resources_prbt_support/meshes/foot.stl
[1.210s] -- Up-to-date: /home/peru0002/ros2_ws/install/moveit_resources_prbt_support/share/moveit_resources_prbt_support/meshes/link_2.dae
[1.210s] -- Up-to-date: /home/peru0002/ros2_ws/install/moveit_resources_prbt_support/share/moveit_resources_prbt_support/meshes/link_2.stl
[1.210s] -- Up-to-date: /home/peru0002/ros2_ws/install/moveit_resources_prbt_support/share/moveit_resources_prbt_support/meshes/foot.dae
[1.210s] -- Up-to-date: /home/peru0002/ros2_ws/install/moveit_resources_prbt_support/share/moveit_resources_prbt_support/meshes/flange.dae
[1.210s] -- Up-to-date: /home/peru0002/ros2_ws/install/moveit_resources_prbt_support/share/moveit_resources_prbt_support/config
[1.210s] -- Up-to-date: /home/peru0002/ros2_ws/install/moveit_resources_prbt_support/share/moveit_resources_prbt_support/config/manipulator_controller.yaml
[1.211s] -- Up-to-date: /home/peru0002/ros2_ws/install/moveit_resources_prbt_support/share/moveit_resources_prbt_support/config/prbt_0_1.dcf
[1.211s] -- Up-to-date: /home/peru0002/ros2_ws/install/moveit_resources_prbt_support/share/moveit_resources_prbt_support/config/manipulator_driver.yaml
[1.229s] Invoked command in '/home/peru0002/ros2_ws/build/moveit_resources_prbt_support' returned '0': CMAKE_PREFIX_PATH=${CMAKE_PREFIX_PATH}:/opt/ros/jazzy DEBUGINFOD_URLS=https://debuginfod.ubuntu.com /usr/bin/cmake --install /home/peru0002/ros2_ws/build/moveit_resources_prbt_support
