[0.051s] Invoking command in '/home/peru0002/ros2_ws/build/robotiq_controllers': CMAKE_PREFIX_PATH=${CMAKE_PREFIX_PATH}:/opt/ros/jazzy DEBUGINFOD_URLS=https://debuginfod.ubuntu.com /usr/bin/cmake /home/peru0002/ros2_ws/src/ros2_robotiq_gripper/robotiq_controllers -DCMAKE_INSTALL_PREFIX=/home/peru0002/ros2_ws/install/robotiq_controllers
[0.075s] -- Found ament_cmake: 2.5.4 (/opt/ros/jazzy/share/ament_cmake/cmake)
[0.467s] -- Found controller_interface: 4.39.2 (/opt/ros/jazzy/share/controller_interface/cmake)
[0.559s] -- Found rosidl_generator_c: 4.6.6 (/opt/ros/jazzy/share/rosidl_generator_c/cmake)
[0.572s] -- Found rosidl_generator_cpp: 4.6.6 (/opt/ros/jazzy/share/rosidl_generator_cpp/cmake)
[0.594s] -- Using all available rosidl_typesupport_c: rosidl_typesupport_fastrtps_c;rosidl_typesupport_introspection_c
[0.620s] -- Using all available rosidl_typesupport_cpp: rosidl_typesupport_fastrtps_cpp;rosidl_typesupport_introspection_cpp
[0.959s] -- Found TinyXML2 via Config file: /usr/lib/x86_64-linux-gnu/cmake/tinyxml2
[1.018s] -- Found rmw_implementation_cmake: 7.3.2 (/opt/ros/jazzy/share/rmw_implementation_cmake/cmake)
[1.021s] -- Found rmw_fastrtps_cpp: 8.4.3 (/opt/ros/jazzy/share/rmw_fastrtps_cpp/cmake)
[1.048s] -- Found TinyXML2 via Config file: /usr/lib/x86_64-linux-gnu/cmake/tinyxml2
[1.064s] -- Found TinyXML2 via Config file: /usr/lib/x86_64-linux-gnu/cmake/tinyxml2
[1.101s] -- Found TinyXML2 via Config file: /usr/lib/x86_64-linux-gnu/cmake/tinyxml2
[1.118s] -- Found TinyXML2 via Config file: /usr/lib/x86_64-linux-gnu/cmake/tinyxml2
[1.138s] -- Using RMW implementation 'rmw_fastrtps_cpp' as default
[1.400s] -- Found std_srvs: 5.3.6 (/opt/ros/jazzy/share/std_srvs/cmake)
[1.433s] -- Found ament_lint_auto: 0.17.3 (/opt/ros/jazzy/share/ament_lint_auto/cmake)
[1.625s] -- Added test 'cppcheck' to perform static code analysis on C / C++ code
[1.626s] -- Configured cppcheck include dirs: /home/peru0002/ros2_ws/src/ros2_robotiq_gripper/robotiq_controllers/include
[1.627s] -- Configured cppcheck exclude dirs and/or files: 
[1.629s] -- Added test 'lint_cmake' to check CMake code style
[1.637s] -- Configuring done (1.6s)
[1.699s] -- Generating done (0.0s)
[1.711s] -- Build files have been written to: /home/peru0002/ros2_ws/build/robotiq_controllers
[1.734s] Invoked command in '/home/peru0002/ros2_ws/build/robotiq_controllers' returned '0': CMAKE_PREFIX_PATH=${CMAKE_PREFIX_PATH}:/opt/ros/jazzy DEBUGINFOD_URLS=https://debuginfod.ubuntu.com /usr/bin/cmake /home/peru0002/ros2_ws/src/ros2_robotiq_gripper/robotiq_controllers -DCMAKE_INSTALL_PREFIX=/home/peru0002/ros2_ws/install/robotiq_controllers
[1.735s] Invoking command in '/home/peru0002/ros2_ws/build/robotiq_controllers': CMAKE_PREFIX_PATH=${CMAKE_PREFIX_PATH}:/opt/ros/jazzy DEBUGINFOD_URLS=https://debuginfod.ubuntu.com /usr/bin/cmake --build /home/peru0002/ros2_ws/build/robotiq_controllers -- -j8 -l8
[1.847s] [100%] Built target robotiq_controllers
[1.876s] Invoked command in '/home/peru0002/ros2_ws/build/robotiq_controllers' returned '0': CMAKE_PREFIX_PATH=${CMAKE_PREFIX_PATH}:/opt/ros/jazzy DEBUGINFOD_URLS=https://debuginfod.ubuntu.com /usr/bin/cmake --build /home/peru0002/ros2_ws/build/robotiq_controllers -- -j8 -l8
[1.879s] Invoking command in '/home/peru0002/ros2_ws/build/robotiq_controllers': CMAKE_PREFIX_PATH=${CMAKE_PREFIX_PATH}:/opt/ros/jazzy DEBUGINFOD_URLS=https://debuginfod.ubuntu.com /usr/bin/cmake --install /home/peru0002/ros2_ws/build/robotiq_controllers
[1.901s] -- Install configuration: "Release"
[1.901s] -- Up-to-date: /home/peru0002/ros2_ws/install/robotiq_controllers/share/robotiq_controllers/controller_plugins.xml
[1.902s] -- Up-to-date: /home/peru0002/ros2_ws/install/robotiq_controllers/lib/librobotiq_controllers.so
[1.902s] -- Up-to-date: /home/peru0002/ros2_ws/install/robotiq_controllers/include
[1.902s] -- Up-to-date: /home/peru0002/ros2_ws/install/robotiq_controllers/include/robotiq_controllers
[1.902s] -- Up-to-date: /home/peru0002/ros2_ws/install/robotiq_controllers/include/robotiq_controllers/robotiq_activation_controller.hpp
[1.903s] -- Up-to-date: /home/peru0002/ros2_ws/install/robotiq_controllers/share/robotiq_controllers/environment/library_path.sh
[1.903s] -- Up-to-date: /home/peru0002/ros2_ws/install/robotiq_controllers/share/robotiq_controllers/environment/library_path.dsv
[1.903s] -- Up-to-date: /home/peru0002/ros2_ws/install/robotiq_controllers/share/ament_index/resource_index/package_run_dependencies/robotiq_controllers
[1.903s] -- Up-to-date: /home/peru0002/ros2_ws/install/robotiq_controllers/share/ament_index/resource_index/parent_prefix_path/robotiq_controllers
[1.903s] -- Up-to-date: /home/peru0002/ros2_ws/install/robotiq_controllers/share/robotiq_controllers/environment/ament_prefix_path.sh
[1.903s] -- Up-to-date: /home/peru0002/ros2_ws/install/robotiq_controllers/share/robotiq_controllers/environment/ament_prefix_path.dsv
[1.904s] -- Up-to-date: /home/peru0002/ros2_ws/install/robotiq_controllers/share/robotiq_controllers/environment/path.sh
[1.904s] -- Up-to-date: /home/peru0002/ros2_ws/install/robotiq_controllers/share/robotiq_controllers/environment/path.dsv
[1.904s] -- Up-to-date: /home/peru0002/ros2_ws/install/robotiq_controllers/share/robotiq_controllers/local_setup.bash
[1.904s] -- Up-to-date: /home/peru0002/ros2_ws/install/robotiq_controllers/share/robotiq_controllers/local_setup.sh
[1.904s] -- Up-to-date: /home/peru0002/ros2_ws/install/robotiq_controllers/share/robotiq_controllers/local_setup.zsh
[1.904s] -- Up-to-date: /home/peru0002/ros2_ws/install/robotiq_controllers/share/robotiq_controllers/local_setup.dsv
[1.904s] -- Installing: /home/peru0002/ros2_ws/install/robotiq_controllers/share/robotiq_controllers/package.dsv
[1.904s] -- Up-to-date: /home/peru0002/ros2_ws/install/robotiq_controllers/share/ament_index/resource_index/packages/robotiq_controllers
[1.905s] -- Up-to-date: /home/peru0002/ros2_ws/install/robotiq_controllers/share/ament_index/resource_index/controller_interface__pluginlib__plugin/robotiq_controllers
[1.905s] -- Up-to-date: /home/peru0002/ros2_ws/install/robotiq_controllers/share/robotiq_controllers/cmake/export_robotiq_controllersExport.cmake
[1.905s] -- Up-to-date: /home/peru0002/ros2_ws/install/robotiq_controllers/share/robotiq_controllers/cmake/export_robotiq_controllersExport-release.cmake
[1.905s] -- Up-to-date: /home/peru0002/ros2_ws/install/robotiq_controllers/share/robotiq_controllers/cmake/ament_cmake_export_include_directories-extras.cmake
[1.905s] -- Up-to-date: /home/peru0002/ros2_ws/install/robotiq_controllers/share/robotiq_controllers/cmake/ament_cmake_export_libraries-extras.cmake
[1.905s] -- Up-to-date: /home/peru0002/ros2_ws/install/robotiq_controllers/share/robotiq_controllers/cmake/ament_cmake_export_targets-extras.cmake
[1.905s] -- Up-to-date: /home/peru0002/ros2_ws/install/robotiq_controllers/share/robotiq_controllers/cmake/ament_cmake_export_dependencies-extras.cmake
[1.905s] -- Up-to-date: /home/peru0002/ros2_ws/install/robotiq_controllers/share/robotiq_controllers/cmake/robotiq_controllersConfig.cmake
[1.906s] -- Up-to-date: /home/peru0002/ros2_ws/install/robotiq_controllers/share/robotiq_controllers/cmake/robotiq_controllersConfig-version.cmake
[1.906s] -- Up-to-date: /home/peru0002/ros2_ws/install/robotiq_controllers/share/robotiq_controllers/package.xml
[1.908s] Invoked command in '/home/peru0002/ros2_ws/build/robotiq_controllers' returned '0': CMAKE_PREFIX_PATH=${CMAKE_PREFIX_PATH}:/opt/ros/jazzy DEBUGINFOD_URLS=https://debuginfod.ubuntu.com /usr/bin/cmake --install /home/peru0002/ros2_ws/build/robotiq_controllers
