-- Found ament_cmake: 2.5.4 (/opt/ros/jazzy/share/ament_cmake/cmake)
-- Override CMake install command with custom implementation using symlinks instead of copying resources
-- Configuring done (0.6s)
-- Generating done (0.0s)
-- Build files have been written to: /home/peru0002/ros2_ws/build/slam_launch
-- Install configuration: ""
-- Execute custom install script
-- Up-to-date symlink: /home/peru0002/ros2_ws/install/slam_launch/share/slam_launch/launch/complete_slam.launch.py
-- Up-to-date symlink: /home/peru0002/ros2_ws/install/slam_launch/share/slam_launch/launch/slam_mapping.launch.py
-- Up-to-date symlink: /home/peru0002/ros2_ws/install/slam_launch/share/ament_index/resource_index/package_run_dependencies/slam_launch
-- Up-to-date symlink: /home/peru0002/ros2_ws/install/slam_launch/share/ament_index/resource_index/parent_prefix_path/slam_launch
-- Up-to-date symlink: /home/peru0002/ros2_ws/install/slam_launch/share/slam_launch/environment/ament_prefix_path.sh
-- Up-to-date symlink: /home/peru0002/ros2_ws/install/slam_launch/share/slam_launch/environment/ament_prefix_path.dsv
-- Up-to-date symlink: /home/peru0002/ros2_ws/install/slam_launch/share/slam_launch/environment/path.sh
-- Up-to-date symlink: /home/peru0002/ros2_ws/install/slam_launch/share/slam_launch/environment/path.dsv
-- Up-to-date symlink: /home/peru0002/ros2_ws/install/slam_launch/share/slam_launch/local_setup.bash
-- Up-to-date symlink: /home/peru0002/ros2_ws/install/slam_launch/share/slam_launch/local_setup.sh
-- Up-to-date symlink: /home/peru0002/ros2_ws/install/slam_launch/share/slam_launch/local_setup.zsh
-- Up-to-date symlink: /home/peru0002/ros2_ws/install/slam_launch/share/slam_launch/local_setup.dsv
-- Symlinking: /home/peru0002/ros2_ws/install/slam_launch/share/slam_launch/package.dsv
-- Up-to-date symlink: /home/peru0002/ros2_ws/install/slam_launch/share/ament_index/resource_index/packages/slam_launch
-- Up-to-date symlink: /home/peru0002/ros2_ws/install/slam_launch/share/slam_launch/cmake/slam_launchConfig.cmake
-- Up-to-date symlink: /home/peru0002/ros2_ws/install/slam_launch/share/slam_launch/cmake/slam_launchConfig-version.cmake
-- Up-to-date symlink: /home/peru0002/ros2_ws/install/slam_launch/share/slam_launch/package.xml
