[0.015s] Invoking command in '/home/peru0002/ros2_ws/build/kortex_api': CMAKE_PREFIX_PATH=${CMAKE_PREFIX_PATH}:/opt/ros/jazzy DEBUGINFOD_URLS=https://debuginfod.ubuntu.com /usr/bin/cmake /home/peru0002/ros2_ws/src/ros2_kortex/kortex_api -DCMAKE_BUILD_TYPE=Release -DCMAKE_INSTALL_PREFIX=/home/peru0002/ros2_ws/install/kortex_api
[0.047s] [33mCMake Warning (dev) at /usr/share/cmake-3.28/Modules/FetchContent.cmake:1331 (message):
[0.047s]   The DOWNLOAD_EXTRACT_TIMESTAMP option was not given and policy CMP0135 is
[0.047s]   not set.  The policy's OLD behavior will be used.  When using a URL
[0.047s]   download, the timestamps of extracted files should preferably be that of
[0.047s]   the time of extraction, otherwise code that depends on the extracted
[0.047s]   contents might not be rebuilt if the URL changes.  The OLD behavior
[0.047s]   preserves the timestamps from the archive instead, but this is usually not
[0.047s]   what you want.  Update your project to the NEW behavior or specify the
[0.047s]   DOWNLOAD_EXTRACT_TIMESTAMP option with a value of true to avoid this
[0.048s]   robustness issue.
[0.048s] Call Stack (most recent call first):
[0.048s]   CMakeLists.txt:4 (FetchContent_Declare)
[0.048s] This warning is for project developers.  Use -Wno-dev to suppress it.
[0.048s] [0m
[6.761s] -- The C compiler identification is GNU 13.3.0
[6.938s] -- The CXX compiler identification is GNU 13.3.0
[6.981s] -- Detecting C compiler ABI info
[7.324s] -- Detecting C compiler ABI info - done
[7.362s] -- Check for working C compiler: /usr/bin/cc - skipped
[7.363s] -- Detecting C compile features
[7.367s] -- Detecting C compile features - done
[7.405s] -- Detecting CXX compiler ABI info
[7.726s] -- Detecting CXX compiler ABI info - done
[7.779s] -- Check for working CXX compiler: /usr/bin/c++ - skipped
[7.780s] -- Detecting CXX compile features
[7.781s] -- Detecting CXX compile features - done
[7.807s] -- Found ament_cmake: 2.5.4 (/opt/ros/jazzy/share/ament_cmake/cmake)
[8.244s] -- Found Python3: /usr/bin/python3 (found version "3.12.3") found components: Interpreter 
[8.990s] -- Configuring done (9.0s)
[9.001s] -- Generating done (0.0s)
[9.004s] -- Build files have been written to: /home/peru0002/ros2_ws/build/kortex_api
[9.024s] Invoked command in '/home/peru0002/ros2_ws/build/kortex_api' returned '0': CMAKE_PREFIX_PATH=${CMAKE_PREFIX_PATH}:/opt/ros/jazzy DEBUGINFOD_URLS=https://debuginfod.ubuntu.com /usr/bin/cmake /home/peru0002/ros2_ws/src/ros2_kortex/kortex_api -DCMAKE_BUILD_TYPE=Release -DCMAKE_INSTALL_PREFIX=/home/peru0002/ros2_ws/install/kortex_api
[9.024s] Invoking command in '/home/peru0002/ros2_ws/build/kortex_api': CMAKE_PREFIX_PATH=${CMAKE_PREFIX_PATH}:/opt/ros/jazzy DEBUGINFOD_URLS=https://debuginfod.ubuntu.com /usr/bin/cmake --build /home/peru0002/ros2_ws/build/kortex_api -- -j8 -l8
[9.172s] Invoked command in '/home/peru0002/ros2_ws/build/kortex_api' returned '0': CMAKE_PREFIX_PATH=${CMAKE_PREFIX_PATH}:/opt/ros/jazzy DEBUGINFOD_URLS=https://debuginfod.ubuntu.com /usr/bin/cmake --build /home/peru0002/ros2_ws/build/kortex_api -- -j8 -l8
[9.172s] Invoking command in '/home/peru0002/ros2_ws/build/kortex_api': CMAKE_PREFIX_PATH=${CMAKE_PREFIX_PATH}:/opt/ros/jazzy DEBUGINFOD_URLS=https://debuginfod.ubuntu.com /usr/bin/cmake --install /home/peru0002/ros2_ws/build/kortex_api
[9.216s] -- Install configuration: "Release"
[9.217s] -- Installing: /home/peru0002/ros2_ws/install/kortex_api/include/kortex_api
[9.217s] -- Installing: /home/peru0002/ros2_ws/install/kortex_api/include/kortex_api/TransportClientUdp.h
[9.218s] -- Installing: /home/peru0002/ros2_ws/install/kortex_api/include/kortex_api/TransportClientTcp.h
[9.218s] -- Installing: /home/peru0002/ros2_ws/install/kortex_api/include/kortex_api/RouterClient.h
[9.219s] -- Installing: /home/peru0002/ros2_ws/install/kortex_api/include/kortex_api/FrameHandler.h
[9.221s] -- Installing: /home/peru0002/ros2_ws/install/kortex_api/include/kortex_api/ITransportClient.h
[9.221s] -- Installing: /home/peru0002/ros2_ws/install/kortex_api/include/kortex_api/version.h
[9.222s] -- Installing: /home/peru0002/ros2_ws/install/kortex_api/include/kortex_api/SessionManager.h
[9.222s] -- Installing: /home/peru0002/ros2_ws/install/kortex_api/include/kortex_api/NotificationHandler.h
[9.222s] -- Installing: /home/peru0002/ros2_ws/install/kortex_api/include/kortex_api/IRouterClient.h
[9.223s] -- Up-to-date: /home/peru0002/ros2_ws/install/kortex_api/include/kortex_api
[9.223s] -- Installing: /home/peru0002/ros2_ws/install/kortex_api/include/kortex_api/KinovaTcpUtilities.h
[9.224s] -- Installing: /home/peru0002/ros2_ws/install/kortex_api/include/kortex_api/KDetailedException.h
[9.224s] -- Installing: /home/peru0002/ros2_ws/install/kortex_api/include/kortex_api/Frame.h
[9.224s] -- Installing: /home/peru0002/ros2_ws/install/kortex_api/include/kortex_api/HeaderInfo.h
[9.225s] -- Up-to-date: /home/peru0002/ros2_ws/install/kortex_api/include/kortex_api/version.h
[9.225s] -- Installing: /home/peru0002/ros2_ws/install/kortex_api/include/kortex_api/KBasicException.h
[9.228s] -- Installing: /home/peru0002/ros2_ws/install/kortex_api/include/kortex_api/KError.h
[9.228s] -- Installing: /home/peru0002/ros2_ws/install/kortex_api/include/kortex_api/TransportBridgeDummy.h
[9.228s] -- Up-to-date: /home/peru0002/ros2_ws/install/kortex_api/include/kortex_api
[9.228s] -- Installing: /home/peru0002/ros2_ws/install/kortex_api/include/kortex_api/Common.pb.h
[9.229s] -- Installing: /home/peru0002/ros2_ws/install/kortex_api/include/kortex_api/DeviceConfig.pb.h
[9.230s] -- Installing: /home/peru0002/ros2_ws/install/kortex_api/include/kortex_api/VisionConfig.pb.h
[9.231s] -- Installing: /home/peru0002/ros2_ws/install/kortex_api/include/kortex_api/Session.pb.h
[9.232s] -- Installing: /home/peru0002/ros2_ws/install/kortex_api/include/kortex_api/DeviceManager.pb.h
[9.232s] -- Installing: /home/peru0002/ros2_ws/install/kortex_api/include/kortex_api/Base.pb.h
[9.239s] -- Installing: /home/peru0002/ros2_ws/install/kortex_api/include/kortex_api/GripperCyclicMessage.pb.h
[9.239s] -- Installing: /home/peru0002/ros2_ws/install/kortex_api/include/kortex_api/ControlConfig.pb.h
[9.239s] -- Installing: /home/peru0002/ros2_ws/install/kortex_api/include/kortex_api/Frame.pb.h
[9.239s] -- Installing: /home/peru0002/ros2_ws/install/kortex_api/include/kortex_api/Errors.pb.h
[9.240s] -- Installing: /home/peru0002/ros2_ws/install/kortex_api/include/kortex_api/InterconnectConfig.pb.h
[9.240s] -- Installing: /home/peru0002/ros2_ws/install/kortex_api/include/kortex_api/ActuatorCyclic.pb.h
[9.240s] -- Installing: /home/peru0002/ros2_ws/install/kortex_api/include/kortex_api/GripperCyclic.pb.h
[9.243s] -- Installing: /home/peru0002/ros2_ws/install/kortex_api/include/kortex_api/Test.pb.h
[9.244s] -- Installing: /home/peru0002/ros2_ws/install/kortex_api/include/kortex_api/InterconnectCyclic.pb.h
[9.244s] -- Installing: /home/peru0002/ros2_ws/install/kortex_api/include/kortex_api/GripperConfig.pb.h
[9.244s] -- Installing: /home/peru0002/ros2_ws/install/kortex_api/include/kortex_api/ActuatorConfig.pb.h
[9.245s] -- Installing: /home/peru0002/ros2_ws/install/kortex_api/include/kortex_api/ProductConfiguration.pb.h
[9.245s] -- Installing: /home/peru0002/ros2_ws/install/kortex_api/include/kortex_api/InterconnectCyclicMessage.pb.h
[9.245s] -- Installing: /home/peru0002/ros2_ws/install/kortex_api/include/kortex_api/BaseCyclic.pb.h
[9.249s] -- Up-to-date: /home/peru0002/ros2_ws/install/kortex_api/include/kortex_api
[9.249s] -- Installing: /home/peru0002/ros2_ws/install/kortex_api/include/kortex_api/VisionConfigClientRpc.h
[9.250s] -- Installing: /home/peru0002/ros2_ws/install/kortex_api/include/kortex_api/DeviceManagerClientRpc.h
[9.250s] -- Installing: /home/peru0002/ros2_ws/install/kortex_api/include/kortex_api/GripperCyclicClientRpc.h
[9.250s] -- Installing: /home/peru0002/ros2_ws/install/kortex_api/include/kortex_api/SessionClientRpc.h
[9.250s] -- Installing: /home/peru0002/ros2_ws/install/kortex_api/include/kortex_api/BaseCyclicClientRpc.h
[9.251s] -- Installing: /home/peru0002/ros2_ws/install/kortex_api/include/kortex_api/ControlConfigClientRpc.h
[9.251s] -- Installing: /home/peru0002/ros2_ws/install/kortex_api/include/kortex_api/InterconnectCyclicClientRpc.h
[9.252s] -- Installing: /home/peru0002/ros2_ws/install/kortex_api/include/kortex_api/ActuatorCyclicClientRpc.h
[9.252s] -- Installing: /home/peru0002/ros2_ws/install/kortex_api/include/kortex_api/DeviceConfigClientRpc.h
[9.255s] -- Installing: /home/peru0002/ros2_ws/install/kortex_api/include/kortex_api/InterconnectConfigClientRpc.h
[9.255s] -- Installing: /home/peru0002/ros2_ws/install/kortex_api/include/kortex_api/ActuatorConfigClientRpc.h
[9.256s] -- Installing: /home/peru0002/ros2_ws/install/kortex_api/include/kortex_api/TestClientRpc.h
[9.256s] -- Installing: /home/peru0002/ros2_ws/install/kortex_api/include/kortex_api/BaseClientRpc.h
[9.256s] -- Installing: /home/peru0002/ros2_ws/install/kortex_api/include/kortex_api/google/protobuf
[9.257s] -- Installing: /home/peru0002/ros2_ws/install/kortex_api/include/kortex_api/google/protobuf/compiler
[9.257s] -- Installing: /home/peru0002/ros2_ws/install/kortex_api/include/kortex_api/google/protobuf/compiler/command_line_interface.h
[9.257s] -- Installing: /home/peru0002/ros2_ws/install/kortex_api/include/kortex_api/google/protobuf/compiler/js
[9.257s] -- Installing: /home/peru0002/ros2_ws/install/kortex_api/include/kortex_api/google/protobuf/compiler/js/well_known_types_embed.h
[9.258s] -- Installing: /home/peru0002/ros2_ws/install/kortex_api/include/kortex_api/google/protobuf/compiler/js/js_generator.h
[9.258s] -- Installing: /home/peru0002/ros2_ws/install/kortex_api/include/kortex_api/google/protobuf/compiler/plugin.h
[9.260s] -- Installing: /home/peru0002/ros2_ws/install/kortex_api/include/kortex_api/google/protobuf/compiler/parser.h
[9.261s] -- Installing: /home/peru0002/ros2_ws/install/kortex_api/include/kortex_api/google/protobuf/compiler/plugin.pb.h
[9.261s] -- Installing: /home/peru0002/ros2_ws/install/kortex_api/include/kortex_api/google/protobuf/compiler/code_generator.h
[9.261s] -- Installing: /home/peru0002/ros2_ws/install/kortex_api/include/kortex_api/google/protobuf/compiler/php
[9.262s] -- Installing: /home/peru0002/ros2_ws/install/kortex_api/include/kortex_api/google/protobuf/compiler/php/php_generator.h
[9.262s] -- Installing: /home/peru0002/ros2_ws/install/kortex_api/include/kortex_api/google/protobuf/compiler/python
[9.262s] -- Installing: /home/peru0002/ros2_ws/install/kortex_api/include/kortex_api/google/protobuf/compiler/python/python_generator.h
[9.262s] -- Installing: /home/peru0002/ros2_ws/install/kortex_api/include/kortex_api/google/protobuf/compiler/javanano
[9.262s] -- Installing: /home/peru0002/ros2_ws/install/kortex_api/include/kortex_api/google/protobuf/compiler/javanano/javanano_generator.h
[9.263s] -- Installing: /home/peru0002/ros2_ws/install/kortex_api/include/kortex_api/google/protobuf/compiler/importer.h
[9.263s] -- Installing: /home/peru0002/ros2_ws/install/kortex_api/include/kortex_api/google/protobuf/compiler/java
[9.263s] -- Installing: /home/peru0002/ros2_ws/install/kortex_api/include/kortex_api/google/protobuf/compiler/java/java_names.h
[9.263s] -- Installing: /home/peru0002/ros2_ws/install/kortex_api/include/kortex_api/google/protobuf/compiler/java/java_generator.h
[9.264s] -- Installing: /home/peru0002/ros2_ws/install/kortex_api/include/kortex_api/google/protobuf/compiler/csharp
[9.264s] -- Installing: /home/peru0002/ros2_ws/install/kortex_api/include/kortex_api/google/protobuf/compiler/csharp/csharp_names.h
[9.265s] -- Installing: /home/peru0002/ros2_ws/install/kortex_api/include/kortex_api/google/protobuf/compiler/csharp/csharp_generator.h
[9.265s] -- Installing: /home/peru0002/ros2_ws/install/kortex_api/include/kortex_api/google/protobuf/compiler/objectivec
[9.265s] -- Installing: /home/peru0002/ros2_ws/install/kortex_api/include/kortex_api/google/protobuf/compiler/objectivec/objectivec_generator.h
[9.265s] -- Installing: /home/peru0002/ros2_ws/install/kortex_api/include/kortex_api/google/protobuf/compiler/objectivec/objectivec_helpers.h
[9.266s] -- Installing: /home/peru0002/ros2_ws/install/kortex_api/include/kortex_api/google/protobuf/compiler/ruby
[9.267s] -- Installing: /home/peru0002/ros2_ws/install/kortex_api/include/kortex_api/google/protobuf/compiler/ruby/ruby_generator.h
[9.268s] -- Installing: /home/peru0002/ros2_ws/install/kortex_api/include/kortex_api/google/protobuf/compiler/cpp
[9.268s] -- Installing: /home/peru0002/ros2_ws/install/kortex_api/include/kortex_api/google/protobuf/compiler/cpp/cpp_generator.h
[9.269s] -- Installing: /home/peru0002/ros2_ws/install/kortex_api/include/kortex_api/google/protobuf/wrappers.pb.h
[9.269s] -- Installing: /home/peru0002/ros2_ws/install/kortex_api/include/kortex_api/google/protobuf/map_type_handler.h
[9.270s] -- Installing: /home/peru0002/ros2_ws/install/kortex_api/include/kortex_api/google/protobuf/wire_format_lite_inl.h
[9.271s] -- Installing: /home/peru0002/ros2_ws/install/kortex_api/include/kortex_api/google/protobuf/api.pb.h
[9.272s] -- Installing: /home/peru0002/ros2_ws/install/kortex_api/include/kortex_api/google/protobuf/struct.pb.h
[9.272s] -- Installing: /home/peru0002/ros2_ws/install/kortex_api/include/kortex_api/google/protobuf/generated_message_table_driven.h
[9.274s] -- Installing: /home/peru0002/ros2_ws/install/kortex_api/include/kortex_api/google/protobuf/arena.h
[9.274s] -- Installing: /home/peru0002/ros2_ws/install/kortex_api/include/kortex_api/google/protobuf/generated_enum_reflection.h
[9.275s] -- Installing: /home/peru0002/ros2_ws/install/kortex_api/include/kortex_api/google/protobuf/arena_impl.h
[9.275s] -- Installing: /home/peru0002/ros2_ws/install/kortex_api/include/kortex_api/google/protobuf/reflection.h
[9.276s] -- Installing: /home/peru0002/ros2_ws/install/kortex_api/include/kortex_api/google/protobuf/map_field_lite.h
[9.277s] -- Installing: /home/peru0002/ros2_ws/install/kortex_api/include/kortex_api/google/protobuf/timestamp.pb.h
[9.277s] -- Installing: /home/peru0002/ros2_ws/install/kortex_api/include/kortex_api/google/protobuf/any.pb.h
[9.278s] -- Installing: /home/peru0002/ros2_ws/install/kortex_api/include/kortex_api/google/protobuf/descriptor.pb.h
[9.279s] -- Installing: /home/peru0002/ros2_ws/install/kortex_api/include/kortex_api/google/protobuf/repeated_field.h
[9.281s] -- Installing: /home/peru0002/ros2_ws/install/kortex_api/include/kortex_api/google/protobuf/wire_format_lite.h
[9.281s] -- Installing: /home/peru0002/ros2_ws/install/kortex_api/include/kortex_api/google/protobuf/map_entry_lite.h
[9.281s] -- Installing: /home/peru0002/ros2_ws/install/kortex_api/include/kortex_api/google/protobuf/metadata.h
[9.282s] -- Installing: /home/peru0002/ros2_ws/install/kortex_api/include/kortex_api/google/protobuf/reflection_ops.h
[9.283s] -- Installing: /home/peru0002/ros2_ws/install/kortex_api/include/kortex_api/google/protobuf/message_lite.h
[9.283s] -- Installing: /home/peru0002/ros2_ws/install/kortex_api/include/kortex_api/google/protobuf/empty.pb.h
[9.284s] -- Installing: /home/peru0002/ros2_ws/install/kortex_api/include/kortex_api/google/protobuf/stubs
[9.285s] -- Installing: /home/peru0002/ros2_ws/install/kortex_api/include/kortex_api/google/protobuf/stubs/stringpiece.h
[9.285s] -- Installing: /home/peru0002/ros2_ws/install/kortex_api/include/kortex_api/google/protobuf/stubs/callback.h
[9.286s] -- Installing: /home/peru0002/ros2_ws/install/kortex_api/include/kortex_api/google/protobuf/stubs/casts.h
[9.286s] -- Installing: /home/peru0002/ros2_ws/install/kortex_api/include/kortex_api/google/protobuf/stubs/status.h
[9.287s] -- Installing: /home/peru0002/ros2_ws/install/kortex_api/include/kortex_api/google/protobuf/stubs/platform_macros.h
[9.288s] -- Installing: /home/peru0002/ros2_ws/install/kortex_api/include/kortex_api/google/protobuf/stubs/atomicops_internals_generic_c11_atomic.h
[9.289s] -- Installing: /home/peru0002/ros2_ws/install/kortex_api/include/kortex_api/google/protobuf/stubs/atomicops_internals_arm_gcc.h
[9.289s] -- Installing: /home/peru0002/ros2_ws/install/kortex_api/include/kortex_api/google/protobuf/stubs/template_util.h
[9.290s] -- Installing: /home/peru0002/ros2_ws/install/kortex_api/include/kortex_api/google/protobuf/stubs/hash.h
[9.291s] -- Installing: /home/peru0002/ros2_ws/install/kortex_api/include/kortex_api/google/protobuf/stubs/atomicops_internals_generic_gcc.h
[9.292s] -- Installing: /home/peru0002/ros2_ws/install/kortex_api/include/kortex_api/google/protobuf/stubs/scoped_ptr.h
[9.292s] -- Installing: /home/peru0002/ros2_ws/install/kortex_api/include/kortex_api/google/protobuf/stubs/bytestream.h
[9.293s] -- Installing: /home/peru0002/ros2_ws/install/kortex_api/include/kortex_api/google/protobuf/stubs/fastmem.h
[9.294s] -- Installing: /home/peru0002/ros2_ws/install/kortex_api/include/kortex_api/google/protobuf/stubs/common.h
[9.294s] -- Installing: /home/peru0002/ros2_ws/install/kortex_api/include/kortex_api/google/protobuf/stubs/stl_util.h
[9.295s] -- Installing: /home/peru0002/ros2_ws/install/kortex_api/include/kortex_api/google/protobuf/stubs/atomicops_internals_x86_gcc.h
[9.296s] -- Installing: /home/peru0002/ros2_ws/install/kortex_api/include/kortex_api/google/protobuf/stubs/atomicops_internals_tsan.h
[9.297s] -- Installing: /home/peru0002/ros2_ws/install/kortex_api/include/kortex_api/google/protobuf/stubs/logging.h
[9.297s] -- Installing: /home/peru0002/ros2_ws/install/kortex_api/include/kortex_api/google/protobuf/stubs/atomicops_internals_arm64_gcc.h
[9.298s] -- Installing: /home/peru0002/ros2_ws/install/kortex_api/include/kortex_api/google/protobuf/stubs/singleton.h
[9.298s] -- Installing: /home/peru0002/ros2_ws/install/kortex_api/include/kortex_api/google/protobuf/stubs/atomicops_internals_mips_gcc.h
[9.299s] -- Installing: /home/peru0002/ros2_ws/install/kortex_api/include/kortex_api/google/protobuf/stubs/shared_ptr.h
[9.300s] -- Installing: /home/peru0002/ros2_ws/install/kortex_api/include/kortex_api/google/protobuf/stubs/atomic_sequence_num.h
[9.301s] -- Installing: /home/peru0002/ros2_ws/install/kortex_api/include/kortex_api/google/protobuf/stubs/atomicops_internals_arm_qnx.h
[9.301s] -- Installing: /home/peru0002/ros2_ws/install/kortex_api/include/kortex_api/google/protobuf/stubs/atomicops_internals_power.h
[9.302s] -- Installing: /home/peru0002/ros2_ws/install/kortex_api/include/kortex_api/google/protobuf/stubs/atomicops_internals_x86_msvc.h
[9.303s] -- Installing: /home/peru0002/ros2_ws/install/kortex_api/include/kortex_api/google/protobuf/stubs/atomicops.h
[9.304s] -- Installing: /home/peru0002/ros2_ws/install/kortex_api/include/kortex_api/google/protobuf/stubs/macros.h
[9.304s] -- Installing: /home/peru0002/ros2_ws/install/kortex_api/include/kortex_api/google/protobuf/stubs/port.h
[9.305s] -- Installing: /home/peru0002/ros2_ws/install/kortex_api/include/kortex_api/google/protobuf/stubs/mutex.h
[9.306s] -- Installing: /home/peru0002/ros2_ws/install/kortex_api/include/kortex_api/google/protobuf/stubs/atomicops_internals_ppc_gcc.h
[9.307s] -- Installing: /home/peru0002/ros2_ws/install/kortex_api/include/kortex_api/google/protobuf/stubs/atomicops_internals_solaris.h
[9.308s] -- Installing: /home/peru0002/ros2_ws/install/kortex_api/include/kortex_api/google/protobuf/stubs/once.h
[9.308s] -- Installing: /home/peru0002/ros2_ws/install/kortex_api/include/kortex_api/google/protobuf/stubs/type_traits.h
[9.309s] -- Installing: /home/peru0002/ros2_ws/install/kortex_api/include/kortex_api/google/protobuf/generated_message_util.h
[9.309s] -- Installing: /home/peru0002/ros2_ws/install/kortex_api/include/kortex_api/google/protobuf/map_field_inl.h
[9.310s] -- Installing: /home/peru0002/ros2_ws/install/kortex_api/include/kortex_api/google/protobuf/map.h
[9.311s] -- Installing: /home/peru0002/ros2_ws/install/kortex_api/include/kortex_api/google/protobuf/generated_message_reflection.h
[9.311s] -- Installing: /home/peru0002/ros2_ws/install/kortex_api/include/kortex_api/google/protobuf/dynamic_message.h
[9.312s] -- Installing: /home/peru0002/ros2_ws/install/kortex_api/include/kortex_api/google/protobuf/unknown_field_set.h
[9.313s] -- Installing: /home/peru0002/ros2_ws/install/kortex_api/include/kortex_api/google/protobuf/descriptor.h
[9.314s] -- Installing: /home/peru0002/ros2_ws/install/kortex_api/include/kortex_api/google/protobuf/generated_enum_util.h
[9.314s] -- Installing: /home/peru0002/ros2_ws/install/kortex_api/include/kortex_api/google/protobuf/field_mask.pb.h
[9.315s] -- Installing: /home/peru0002/ros2_ws/install/kortex_api/include/kortex_api/google/protobuf/has_bits.h
[9.316s] -- Installing: /home/peru0002/ros2_ws/install/kortex_api/include/kortex_api/google/protobuf/duration.pb.h
[9.316s] -- Installing: /home/peru0002/ros2_ws/install/kortex_api/include/kortex_api/google/protobuf/any.h
[9.317s] -- Installing: /home/peru0002/ros2_ws/install/kortex_api/include/kortex_api/google/protobuf/map_entry.h
[9.317s] -- Installing: /home/peru0002/ros2_ws/install/kortex_api/include/kortex_api/google/protobuf/map_field.h
[9.318s] -- Installing: /home/peru0002/ros2_ws/install/kortex_api/include/kortex_api/google/protobuf/io
[9.318s] -- Installing: /home/peru0002/ros2_ws/install/kortex_api/include/kortex_api/google/protobuf/io/zero_copy_stream_impl.h
[9.319s] -- Installing: /home/peru0002/ros2_ws/install/kortex_api/include/kortex_api/google/protobuf/io/printer.h
[9.322s] -- Installing: /home/peru0002/ros2_ws/install/kortex_api/include/kortex_api/google/protobuf/io/zero_copy_stream.h
[9.322s] -- Installing: /home/peru0002/ros2_ws/install/kortex_api/include/kortex_api/google/protobuf/io/tokenizer.h
[9.322s] -- Installing: /home/peru0002/ros2_ws/install/kortex_api/include/kortex_api/google/protobuf/io/gzip_stream.h
[9.322s] -- Installing: /home/peru0002/ros2_ws/install/kortex_api/include/kortex_api/google/protobuf/io/zero_copy_stream_impl_lite.h
[9.323s] -- Installing: /home/peru0002/ros2_ws/install/kortex_api/include/kortex_api/google/protobuf/io/coded_stream.h
[9.323s] -- Installing: /home/peru0002/ros2_ws/install/kortex_api/include/kortex_api/google/protobuf/io/strtod.h
[9.323s] -- Installing: /home/peru0002/ros2_ws/install/kortex_api/include/kortex_api/google/protobuf/message.h
[9.323s] -- Installing: /home/peru0002/ros2_ws/install/kortex_api/include/kortex_api/google/protobuf/text_format.h
[9.323s] -- Installing: /home/peru0002/ros2_ws/install/kortex_api/include/kortex_api/google/protobuf/type.pb.h
[9.324s] -- Installing: /home/peru0002/ros2_ws/install/kortex_api/include/kortex_api/google/protobuf/arenastring.h
[9.324s] -- Installing: /home/peru0002/ros2_ws/install/kortex_api/include/kortex_api/google/protobuf/wire_format.h
[9.324s] -- Installing: /home/peru0002/ros2_ws/install/kortex_api/include/kortex_api/google/protobuf/service.h
[9.324s] -- Installing: /home/peru0002/ros2_ws/install/kortex_api/include/kortex_api/google/protobuf/source_context.pb.h
[9.324s] -- Installing: /home/peru0002/ros2_ws/install/kortex_api/include/kortex_api/google/protobuf/descriptor_database.h
[9.326s] -- Installing: /home/peru0002/ros2_ws/install/kortex_api/include/kortex_api/google/protobuf/extension_set.h
[9.326s] -- Installing: /home/peru0002/ros2_ws/install/kortex_api/include/kortex_api/google/protobuf/metadata_lite.h
[9.327s] -- Installing: /home/peru0002/ros2_ws/install/kortex_api/include/kortex_api/google/protobuf/util
[9.327s] -- Installing: /home/peru0002/ros2_ws/install/kortex_api/include/kortex_api/google/protobuf/util/field_mask_util.h
[9.328s] -- Installing: /home/peru0002/ros2_ws/install/kortex_api/include/kortex_api/google/protobuf/util/message_differencer.h
[9.329s] -- Installing: /home/peru0002/ros2_ws/install/kortex_api/include/kortex_api/google/protobuf/util/field_comparator.h
[9.330s] -- Installing: /home/peru0002/ros2_ws/install/kortex_api/include/kortex_api/google/protobuf/util/time_util.h
[9.331s] -- Installing: /home/peru0002/ros2_ws/install/kortex_api/include/kortex_api/google/protobuf/util/type_resolver_util.h
[9.331s] -- Installing: /home/peru0002/ros2_ws/install/kortex_api/include/kortex_api/google/protobuf/util/json_util.h
[9.332s] -- Installing: /home/peru0002/ros2_ws/install/kortex_api/include/kortex_api/google/protobuf/util/type_resolver.h
[9.333s] -- Installing: /home/peru0002/ros2_ws/install/kortex_api/include/kortex_api/google/protobuf/util/delimited_message_util.h
[9.334s] -- Installing: /home/peru0002/ros2_ws/install/kortex_api/share/ament_index/resource_index/package_run_dependencies/kortex_api
[9.336s] -- Installing: /home/peru0002/ros2_ws/install/kortex_api/share/ament_index/resource_index/parent_prefix_path/kortex_api
[9.336s] -- Installing: /home/peru0002/ros2_ws/install/kortex_api/share/kortex_api/environment/ament_prefix_path.sh
[9.338s] -- Installing: /home/peru0002/ros2_ws/install/kortex_api/share/kortex_api/environment/ament_prefix_path.dsv
[9.338s] -- Installing: /home/peru0002/ros2_ws/install/kortex_api/share/kortex_api/environment/path.sh
[9.339s] -- Installing: /home/peru0002/ros2_ws/install/kortex_api/share/kortex_api/environment/path.dsv
[9.340s] -- Installing: /home/peru0002/ros2_ws/install/kortex_api/share/kortex_api/local_setup.bash
[9.340s] -- Installing: /home/peru0002/ros2_ws/install/kortex_api/share/kortex_api/local_setup.sh
[9.341s] -- Installing: /home/peru0002/ros2_ws/install/kortex_api/share/kortex_api/local_setup.zsh
[9.342s] -- Installing: /home/peru0002/ros2_ws/install/kortex_api/share/kortex_api/local_setup.dsv
[9.343s] -- Installing: /home/peru0002/ros2_ws/install/kortex_api/share/kortex_api/package.dsv
[9.343s] -- Installing: /home/peru0002/ros2_ws/install/kortex_api/share/ament_index/resource_index/packages/kortex_api
[9.344s] -- Installing: /home/peru0002/ros2_ws/install/kortex_api/share/kortex_api/cmake/ament_cmake_export_include_directories-extras.cmake
[9.345s] -- Installing: /home/peru0002/ros2_ws/install/kortex_api/share/kortex_api/cmake/kortex_apiConfig.cmake
[9.346s] -- Installing: /home/peru0002/ros2_ws/install/kortex_api/share/kortex_api/cmake/kortex_apiConfig-version.cmake
[9.347s] -- Installing: /home/peru0002/ros2_ws/install/kortex_api/share/kortex_api/package.xml
[9.353s] Invoked command in '/home/peru0002/ros2_ws/build/kortex_api' returned '0': CMAKE_PREFIX_PATH=${CMAKE_PREFIX_PATH}:/opt/ros/jazzy DEBUGINFOD_URLS=https://debuginfod.ubuntu.com /usr/bin/cmake --install /home/peru0002/ros2_ws/build/kortex_api
