[0.412s] Invoking command in '/home/peru0002/ros2_ws/build/rplidar_ros': CMAKE_PREFIX_PATH=${CMAKE_PREFIX_PATH}:/home/peru0002/ros2_ws/install/moveit_configs_utils:/home/peru0002/ros2_ws/install/bracu_hydra_description:/home/peru0002/ws_moveit/install/moveit_configs_utils:/home/peru0002/ws_moveit/install/bracu_hydra_description:/opt/ros/jazzy DEBUGINFOD_URLS=https://debuginfod.ubuntu.com /usr/bin/cmake /home/peru0002/ros2_ws/src/rplidar_ros2 -DAMENT_CMAKE_SYMLINK_INSTALL=1 -DCMAKE_INSTALL_PREFIX=/home/peru0002/ros2_ws/install/rplidar_ros
[0.449s] -- Found ament_cmake_auto: 2.5.4 (/opt/ros/jazzy/share/ament_cmake_auto/cmake)
[0.774s] -- Override CMake install command with custom implementation using symlinks instead of copying resources
[0.798s] -- Found ament_cmake_ros: 0.12.0 (/opt/ros/jazzy/share/ament_cmake_ros/cmake)
[0.976s] -- Found rosidl_generator_c: 4.6.6 (/opt/ros/jazzy/share/rosidl_generator_c/cmake)
[0.991s] -- Found rosidl_generator_cpp: 4.6.6 (/opt/ros/jazzy/share/rosidl_generator_cpp/cmake)
[1.017s] -- Using all available rosidl_typesupport_c: rosidl_typesupport_fastrtps_c;rosidl_typesupport_introspection_c
[1.042s] -- Using all available rosidl_typesupport_cpp: rosidl_typesupport_fastrtps_cpp;rosidl_typesupport_introspection_cpp
[1.134s] -- Found rmw_implementation_cmake: 7.3.2 (/opt/ros/jazzy/share/rmw_implementation_cmake/cmake)
[1.143s] -- Found rmw_fastrtps_cpp: 8.4.3 (/opt/ros/jazzy/share/rmw_fastrtps_cpp/cmake)
[1.256s] -- Using RMW implementation 'rmw_fastrtps_cpp' as default
[1.646s] [0mIn this package, headers install destination is set to `include` by ament_auto_package. It is recommended to install `include/rplidar_ros` instead and will be the default behavior of ament_auto_package from ROS 2 Kilted Kaiju. On distributions before Kilted, ament_auto_package behaves the same way when you use USE_SCOPED_HEADER_INSTALL_DIR option.[0m
[1.654s] -- Configuring done (1.2s)
[1.692s] -- Generating done (0.0s)
[1.706s] -- Build files have been written to: /home/peru0002/ros2_ws/build/rplidar_ros
[1.720s] Invoked command in '/home/peru0002/ros2_ws/build/rplidar_ros' returned '0': CMAKE_PREFIX_PATH=${CMAKE_PREFIX_PATH}:/home/peru0002/ros2_ws/install/moveit_configs_utils:/home/peru0002/ros2_ws/install/bracu_hydra_description:/home/peru0002/ws_moveit/install/moveit_configs_utils:/home/peru0002/ws_moveit/install/bracu_hydra_description:/opt/ros/jazzy DEBUGINFOD_URLS=https://debuginfod.ubuntu.com /usr/bin/cmake /home/peru0002/ros2_ws/src/rplidar_ros2 -DAMENT_CMAKE_SYMLINK_INSTALL=1 -DCMAKE_INSTALL_PREFIX=/home/peru0002/ros2_ws/install/rplidar_ros
[1.722s] Invoking command in '/home/peru0002/ros2_ws/build/rplidar_ros': CMAKE_PREFIX_PATH=${CMAKE_PREFIX_PATH}:/home/peru0002/ros2_ws/install/moveit_configs_utils:/home/peru0002/ros2_ws/install/bracu_hydra_description:/home/peru0002/ws_moveit/install/moveit_configs_utils:/home/peru0002/ws_moveit/install/bracu_hydra_description:/opt/ros/jazzy DEBUGINFOD_URLS=https://debuginfod.ubuntu.com /usr/bin/cmake --build /home/peru0002/ros2_ws/build/rplidar_ros -- -j8 -l8
[1.866s] [ 11%] Built target rplidarNodeClient
[1.868s] [ 88%] Built target rplidarNode
[1.868s] [ 88%] Built target rplidar_composition_node
[1.938s] [100%] Built target rplidar_composition
[1.963s] Invoked command in '/home/peru0002/ros2_ws/build/rplidar_ros' returned '0': CMAKE_PREFIX_PATH=${CMAKE_PREFIX_PATH}:/home/peru0002/ros2_ws/install/moveit_configs_utils:/home/peru0002/ros2_ws/install/bracu_hydra_description:/home/peru0002/ws_moveit/install/moveit_configs_utils:/home/peru0002/ws_moveit/install/bracu_hydra_description:/opt/ros/jazzy DEBUGINFOD_URLS=https://debuginfod.ubuntu.com /usr/bin/cmake --build /home/peru0002/ros2_ws/build/rplidar_ros -- -j8 -l8
[1.991s] Invoking command in '/home/peru0002/ros2_ws/build/rplidar_ros': CMAKE_PREFIX_PATH=${CMAKE_PREFIX_PATH}:/home/peru0002/ros2_ws/install/moveit_configs_utils:/home/peru0002/ros2_ws/install/bracu_hydra_description:/home/peru0002/ws_moveit/install/moveit_configs_utils:/home/peru0002/ws_moveit/install/bracu_hydra_description:/opt/ros/jazzy DEBUGINFOD_URLS=https://debuginfod.ubuntu.com /usr/bin/cmake --install /home/peru0002/ros2_ws/build/rplidar_ros
[2.009s] -- Install configuration: ""
[2.010s] -- Execute custom install script
[2.011s] -- Up-to-date symlink: /home/peru0002/ros2_ws/install/rplidar_ros/lib/rplidar_ros/rplidarNode
[2.011s] -- Up-to-date symlink: /home/peru0002/ros2_ws/install/rplidar_ros/lib/rplidar_ros/rplidarNodeClient
[2.011s] -- Up-to-date symlink: /home/peru0002/ros2_ws/install/rplidar_ros/lib/rplidar_ros/rplidar_composition
[2.012s] -- Up-to-date symlink: /home/peru0002/ros2_ws/install/rplidar_ros/share/rplidar_ros/launch/rplidar.launch.py
[2.012s] -- Up-to-date symlink: /home/peru0002/ros2_ws/install/rplidar_ros/share/rplidar_ros/launch/rplidar_a3.launch.py
[2.012s] -- Up-to-date symlink: /home/peru0002/ros2_ws/install/rplidar_ros/share/rplidar_ros/launch/rplidar_s1.launch.py
[2.012s] -- Up-to-date symlink: /home/peru0002/ros2_ws/install/rplidar_ros/share/rplidar_ros/launch/rplidar_s1_tcp.launch.py
[2.012s] -- Up-to-date symlink: /home/peru0002/ros2_ws/install/rplidar_ros/share/rplidar_ros/launch/test_rplidar.launch.py
[2.013s] -- Up-to-date symlink: /home/peru0002/ros2_ws/install/rplidar_ros/share/rplidar_ros/launch/test_rplidar_a3.launch.py
[2.013s] -- Up-to-date symlink: /home/peru0002/ros2_ws/install/rplidar_ros/share/rplidar_ros/launch/view_rplidar.launch.py
[2.013s] -- Up-to-date symlink: /home/peru0002/ros2_ws/install/rplidar_ros/share/rplidar_ros/launch/view_rplidar_a3.launch.py
[2.013s] -- Up-to-date symlink: /home/peru0002/ros2_ws/install/rplidar_ros/share/rplidar_ros/launch/view_rplidar_s1.launch.py
[2.013s] -- Up-to-date symlink: /home/peru0002/ros2_ws/install/rplidar_ros/share/rplidar_ros/launch/view_rplidar_s1_tcp.launch.py
[2.013s] -- Up-to-date symlink: /home/peru0002/ros2_ws/install/rplidar_ros/share/rplidar_ros/rviz/rplidar.rviz
[2.014s] -- Up-to-date symlink: /home/peru0002/ros2_ws/install/rplidar_ros/lib/librplidar_composition_node.so
[2.014s] -- Up-to-date symlink: /home/peru0002/ros2_ws/install/rplidar_ros/include/rplidar_node.hpp
[2.014s] -- Up-to-date symlink: /home/peru0002/ros2_ws/install/rplidar_ros/include/visibility.h
[2.015s] -- Up-to-date symlink: /home/peru0002/ros2_ws/install/rplidar_ros/lib/rplidar_ros/rplidarNode
[2.015s] -- Up-to-date symlink: /home/peru0002/ros2_ws/install/rplidar_ros/lib/rplidar_ros/rplidarNodeClient
[2.015s] -- Up-to-date symlink: /home/peru0002/ros2_ws/install/rplidar_ros/lib/rplidar_ros/rplidar_composition
[2.015s] -- Up-to-date symlink: /home/peru0002/ros2_ws/install/rplidar_ros/share/ament_index/resource_index/package_run_dependencies/rplidar_ros
[2.016s] -- Up-to-date symlink: /home/peru0002/ros2_ws/install/rplidar_ros/share/ament_index/resource_index/parent_prefix_path/rplidar_ros
[2.016s] -- Up-to-date symlink: /home/peru0002/ros2_ws/install/rplidar_ros/share/rplidar_ros/environment/ament_prefix_path.sh
[2.016s] -- Up-to-date symlink: /home/peru0002/ros2_ws/install/rplidar_ros/share/rplidar_ros/environment/ament_prefix_path.dsv
[2.016s] -- Up-to-date symlink: /home/peru0002/ros2_ws/install/rplidar_ros/share/rplidar_ros/environment/path.sh
[2.016s] -- Up-to-date symlink: /home/peru0002/ros2_ws/install/rplidar_ros/share/rplidar_ros/environment/path.dsv
[2.017s] -- Up-to-date symlink: /home/peru0002/ros2_ws/install/rplidar_ros/share/rplidar_ros/local_setup.bash
[2.017s] -- Up-to-date symlink: /home/peru0002/ros2_ws/install/rplidar_ros/share/rplidar_ros/local_setup.sh
[2.017s] -- Up-to-date symlink: /home/peru0002/ros2_ws/install/rplidar_ros/share/rplidar_ros/local_setup.zsh
[2.017s] -- Up-to-date symlink: /home/peru0002/ros2_ws/install/rplidar_ros/share/rplidar_ros/local_setup.dsv
[2.017s] -- Symlinking: /home/peru0002/ros2_ws/install/rplidar_ros/share/rplidar_ros/package.dsv
[2.039s] -- Up-to-date symlink: /home/peru0002/ros2_ws/install/rplidar_ros/share/ament_index/resource_index/packages/rplidar_ros
[2.039s] -- Up-to-date symlink: /home/peru0002/ros2_ws/install/rplidar_ros/share/rplidar_ros/cmake/ament_cmake_export_dependencies-extras.cmake
[2.039s] -- Up-to-date symlink: /home/peru0002/ros2_ws/install/rplidar_ros/share/rplidar_ros/cmake/ament_cmake_export_include_directories-extras.cmake
[2.039s] -- Up-to-date symlink: /home/peru0002/ros2_ws/install/rplidar_ros/share/rplidar_ros/cmake/rplidar_rosConfig.cmake
[2.040s] -- Up-to-date symlink: /home/peru0002/ros2_ws/install/rplidar_ros/share/rplidar_ros/cmake/rplidar_rosConfig-version.cmake
[2.040s] -- Up-to-date symlink: /home/peru0002/ros2_ws/install/rplidar_ros/share/rplidar_ros/package.xml
[2.043s] Invoked command in '/home/peru0002/ros2_ws/build/rplidar_ros' returned '0': CMAKE_PREFIX_PATH=${CMAKE_PREFIX_PATH}:/home/peru0002/ros2_ws/install/moveit_configs_utils:/home/peru0002/ros2_ws/install/bracu_hydra_description:/home/peru0002/ws_moveit/install/moveit_configs_utils:/home/peru0002/ws_moveit/install/bracu_hydra_description:/opt/ros/jazzy DEBUGINFOD_URLS=https://debuginfod.ubuntu.com /usr/bin/cmake --install /home/peru0002/ros2_ws/build/rplidar_ros
