[0.052s] Invoking command in '/home/peru0002/ros2_ws/build/rplidar_ros': CMAKE_PREFIX_PATH=${CMAKE_PREFIX_PATH}:/home/peru0002/ros2_ws/install/moveit_configs_utils:/home/peru0002/ros2_ws/install/bracu_hydra_description:/home/peru0002/ws_moveit/install/moveit_configs_utils:/home/peru0002/ws_moveit/install/bracu_hydra_description:/opt/ros/jazzy DEBUGINFOD_URLS=https://debuginfod.ubuntu.com /usr/bin/cmake /home/peru0002/ros2_ws/src/rplidar_ros2 -DCMAKE_INSTALL_PREFIX=/home/peru0002/ros2_ws/install/rplidar_ros
[0.086s] -- Found ament_cmake_auto: 2.5.4 (/opt/ros/jazzy/share/ament_cmake_auto/cmake)
[0.500s] -- Override CMake install command with custom implementation using symlinks instead of copying resources
[0.513s] -- Found ament_cmake_ros: 0.12.0 (/opt/ros/jazzy/share/ament_cmake_ros/cmake)
[0.732s] -- Found rosidl_generator_c: 4.6.6 (/opt/ros/jazzy/share/rosidl_generator_c/cmake)
[0.751s] -- Found rosidl_generator_cpp: 4.6.6 (/opt/ros/jazzy/share/rosidl_generator_cpp/cmake)
[0.784s] -- Using all available rosidl_typesupport_c: rosidl_typesupport_fastrtps_c;rosidl_typesupport_introspection_c
[0.822s] -- Using all available rosidl_typesupport_cpp: rosidl_typesupport_fastrtps_cpp;rosidl_typesupport_introspection_cpp
[0.948s] -- Found rmw_implementation_cmake: 7.3.2 (/opt/ros/jazzy/share/rmw_implementation_cmake/cmake)
[0.960s] -- Found rmw_fastrtps_cpp: 8.4.3 (/opt/ros/jazzy/share/rmw_fastrtps_cpp/cmake)
[1.109s] -- Using RMW implementation 'rmw_fastrtps_cpp' as default
[1.620s] [0mIn this package, headers install destination is set to `include` by ament_auto_package. It is recommended to install `include/rplidar_ros` instead and will be the default behavior of ament_auto_package from ROS 2 Kilted Kaiju. On distributions before Kilted, ament_auto_package behaves the same way when you use USE_SCOPED_HEADER_INSTALL_DIR option.[0m
[1.628s] -- Configuring done (1.6s)
[1.680s] -- Generating done (0.0s)
[1.696s] -- Build files have been written to: /home/peru0002/ros2_ws/build/rplidar_ros
[1.713s] Invoked command in '/home/peru0002/ros2_ws/build/rplidar_ros' returned '0': CMAKE_PREFIX_PATH=${CMAKE_PREFIX_PATH}:/home/peru0002/ros2_ws/install/moveit_configs_utils:/home/peru0002/ros2_ws/install/bracu_hydra_description:/home/peru0002/ws_moveit/install/moveit_configs_utils:/home/peru0002/ws_moveit/install/bracu_hydra_description:/opt/ros/jazzy DEBUGINFOD_URLS=https://debuginfod.ubuntu.com /usr/bin/cmake /home/peru0002/ros2_ws/src/rplidar_ros2 -DCMAKE_INSTALL_PREFIX=/home/peru0002/ros2_ws/install/rplidar_ros
[1.714s] Invoking command in '/home/peru0002/ros2_ws/build/rplidar_ros': CMAKE_PREFIX_PATH=${CMAKE_PREFIX_PATH}:/home/peru0002/ros2_ws/install/moveit_configs_utils:/home/peru0002/ros2_ws/install/bracu_hydra_description:/home/peru0002/ws_moveit/install/moveit_configs_utils:/home/peru0002/ws_moveit/install/bracu_hydra_description:/opt/ros/jazzy DEBUGINFOD_URLS=https://debuginfod.ubuntu.com /usr/bin/cmake --build /home/peru0002/ros2_ws/build/rplidar_ros -- -j8 -l8
[1.888s] [  5%] [32mBuilding CXX object CMakeFiles/rplidarNodeClient.dir/src/client.cpp.o[0m
[1.902s] [ 16%] [32mBuilding CXX object CMakeFiles/rplidarNode.dir/src/node.cpp.o[0m
[1.903s] [ 11%] [32mBuilding CXX object CMakeFiles/rplidarNode.dir/sdk/src/rplidar_driver.cpp.o[0m
[1.919s] [ 22%] [32mBuilding CXX object CMakeFiles/rplidar_composition_node.dir/sdk/src/rplidar_driver.cpp.o[0m
[1.927s] [ 27%] [32mBuilding CXX object CMakeFiles/rplidar_composition_node.dir/src/rplidar_node.cpp.o[0m
[11.723s] [ 33%] [32m[1mLinking CXX executable rplidarNode[0m
[12.135s] [ 38%] [32m[1mLinking CXX shared library librplidar_composition_node.so[0m
[12.267s] [ 61%] Built target rplidarNode
[12.639s] [ 83%] Built target rplidar_composition_node
[12.717s] [ 88%] [32mBuilding CXX object CMakeFiles/rplidar_composition.dir/src/standalone_rplidar.cpp.o[0m
[14.608s] [ 94%] [32m[1mLinking CXX executable rplidarNodeClient[0m
[15.309s] [ 94%] Built target rplidarNodeClient
[17.425s] [100%] [32m[1mLinking CXX executable rplidar_composition[0m
[17.781s] [100%] Built target rplidar_composition
[17.823s] Invoked command in '/home/peru0002/ros2_ws/build/rplidar_ros' returned '0': CMAKE_PREFIX_PATH=${CMAKE_PREFIX_PATH}:/home/peru0002/ros2_ws/install/moveit_configs_utils:/home/peru0002/ros2_ws/install/bracu_hydra_description:/home/peru0002/ws_moveit/install/moveit_configs_utils:/home/peru0002/ws_moveit/install/bracu_hydra_description:/opt/ros/jazzy DEBUGINFOD_URLS=https://debuginfod.ubuntu.com /usr/bin/cmake --build /home/peru0002/ros2_ws/build/rplidar_ros -- -j8 -l8
[17.824s] Invoking command in '/home/peru0002/ros2_ws/build/rplidar_ros': CMAKE_PREFIX_PATH=${CMAKE_PREFIX_PATH}:/home/peru0002/ros2_ws/install/moveit_configs_utils:/home/peru0002/ros2_ws/install/bracu_hydra_description:/home/peru0002/ws_moveit/install/moveit_configs_utils:/home/peru0002/ws_moveit/install/bracu_hydra_description:/opt/ros/jazzy DEBUGINFOD_URLS=https://debuginfod.ubuntu.com /usr/bin/cmake --install /home/peru0002/ros2_ws/build/rplidar_ros
[17.843s] -- Install configuration: ""
[17.843s] -- Execute custom install script
[17.844s] -- Up-to-date symlink: /home/peru0002/ros2_ws/install/rplidar_ros/lib/rplidar_ros/rplidarNode
[17.844s] -- Up-to-date symlink: /home/peru0002/ros2_ws/install/rplidar_ros/lib/rplidar_ros/rplidarNodeClient
[17.844s] -- Up-to-date symlink: /home/peru0002/ros2_ws/install/rplidar_ros/lib/rplidar_ros/rplidar_composition
[17.845s] -- Up-to-date symlink: /home/peru0002/ros2_ws/install/rplidar_ros/share/rplidar_ros/launch/rplidar.launch.py
[17.845s] -- Up-to-date symlink: /home/peru0002/ros2_ws/install/rplidar_ros/share/rplidar_ros/launch/rplidar_a3.launch.py
[17.846s] -- Up-to-date symlink: /home/peru0002/ros2_ws/install/rplidar_ros/share/rplidar_ros/launch/rplidar_s1.launch.py
[17.846s] -- Up-to-date symlink: /home/peru0002/ros2_ws/install/rplidar_ros/share/rplidar_ros/launch/rplidar_s1_tcp.launch.py
[17.847s] -- Up-to-date symlink: /home/peru0002/ros2_ws/install/rplidar_ros/share/rplidar_ros/launch/test_rplidar.launch.py
[17.847s] -- Up-to-date symlink: /home/peru0002/ros2_ws/install/rplidar_ros/share/rplidar_ros/launch/test_rplidar_a3.launch.py
[17.848s] -- Up-to-date symlink: /home/peru0002/ros2_ws/install/rplidar_ros/share/rplidar_ros/launch/view_rplidar.launch.py
[17.848s] -- Up-to-date symlink: /home/peru0002/ros2_ws/install/rplidar_ros/share/rplidar_ros/launch/view_rplidar_a3.launch.py
[17.848s] -- Up-to-date symlink: /home/peru0002/ros2_ws/install/rplidar_ros/share/rplidar_ros/launch/view_rplidar_s1.launch.py
[17.848s] -- Up-to-date symlink: /home/peru0002/ros2_ws/install/rplidar_ros/share/rplidar_ros/launch/view_rplidar_s1_tcp.launch.py
[17.848s] -- Up-to-date symlink: /home/peru0002/ros2_ws/install/rplidar_ros/share/rplidar_ros/rviz/rplidar.rviz
[17.849s] -- Up-to-date symlink: /home/peru0002/ros2_ws/install/rplidar_ros/lib/librplidar_composition_node.so
[17.849s] -- Up-to-date symlink: /home/peru0002/ros2_ws/install/rplidar_ros/include/rplidar_node.hpp
[17.849s] -- Up-to-date symlink: /home/peru0002/ros2_ws/install/rplidar_ros/include/visibility.h
[17.850s] -- Up-to-date symlink: /home/peru0002/ros2_ws/install/rplidar_ros/lib/rplidar_ros/rplidarNode
[17.850s] -- Up-to-date symlink: /home/peru0002/ros2_ws/install/rplidar_ros/lib/rplidar_ros/rplidarNodeClient
[17.850s] -- Up-to-date symlink: /home/peru0002/ros2_ws/install/rplidar_ros/lib/rplidar_ros/rplidar_composition
[17.850s] -- Up-to-date symlink: /home/peru0002/ros2_ws/install/rplidar_ros/share/ament_index/resource_index/package_run_dependencies/rplidar_ros
[17.851s] -- Up-to-date symlink: /home/peru0002/ros2_ws/install/rplidar_ros/share/ament_index/resource_index/parent_prefix_path/rplidar_ros
[17.851s] -- Up-to-date symlink: /home/peru0002/ros2_ws/install/rplidar_ros/share/rplidar_ros/environment/ament_prefix_path.sh
[17.851s] -- Up-to-date symlink: /home/peru0002/ros2_ws/install/rplidar_ros/share/rplidar_ros/environment/ament_prefix_path.dsv
[17.851s] -- Up-to-date symlink: /home/peru0002/ros2_ws/install/rplidar_ros/share/rplidar_ros/environment/path.sh
[17.852s] -- Up-to-date symlink: /home/peru0002/ros2_ws/install/rplidar_ros/share/rplidar_ros/environment/path.dsv
[17.853s] -- Up-to-date symlink: /home/peru0002/ros2_ws/install/rplidar_ros/share/rplidar_ros/local_setup.bash
[17.853s] -- Up-to-date symlink: /home/peru0002/ros2_ws/install/rplidar_ros/share/rplidar_ros/local_setup.sh
[17.854s] -- Up-to-date symlink: /home/peru0002/ros2_ws/install/rplidar_ros/share/rplidar_ros/local_setup.zsh
[17.854s] -- Up-to-date symlink: /home/peru0002/ros2_ws/install/rplidar_ros/share/rplidar_ros/local_setup.dsv
[17.854s] -- Symlinking: /home/peru0002/ros2_ws/install/rplidar_ros/share/rplidar_ros/package.dsv
[17.884s] -- Up-to-date symlink: /home/peru0002/ros2_ws/install/rplidar_ros/share/ament_index/resource_index/packages/rplidar_ros
[17.885s] -- Up-to-date symlink: /home/peru0002/ros2_ws/install/rplidar_ros/share/rplidar_ros/cmake/ament_cmake_export_dependencies-extras.cmake
[17.885s] -- Up-to-date symlink: /home/peru0002/ros2_ws/install/rplidar_ros/share/rplidar_ros/cmake/ament_cmake_export_include_directories-extras.cmake
[17.885s] -- Up-to-date symlink: /home/peru0002/ros2_ws/install/rplidar_ros/share/rplidar_ros/cmake/rplidar_rosConfig.cmake
[17.885s] -- Up-to-date symlink: /home/peru0002/ros2_ws/install/rplidar_ros/share/rplidar_ros/cmake/rplidar_rosConfig-version.cmake
[17.886s] -- Up-to-date symlink: /home/peru0002/ros2_ws/install/rplidar_ros/share/rplidar_ros/package.xml
[17.890s] Invoked command in '/home/peru0002/ros2_ws/build/rplidar_ros' returned '0': CMAKE_PREFIX_PATH=${CMAKE_PREFIX_PATH}:/home/peru0002/ros2_ws/install/moveit_configs_utils:/home/peru0002/ros2_ws/install/bracu_hydra_description:/home/peru0002/ws_moveit/install/moveit_configs_utils:/home/peru0002/ws_moveit/install/bracu_hydra_description:/opt/ros/jazzy DEBUGINFOD_URLS=https://debuginfod.ubuntu.com /usr/bin/cmake --install /home/peru0002/ros2_ws/build/rplidar_ros
