running egg_info
creating ../../../build/bracu_hydra_description/bracu_hydra_description.egg-info
writing ../../../build/bracu_hydra_description/bracu_hydra_description.egg-info/PKG-INFO
writing dependency_links to ../../../build/bracu_hydra_description/bracu_hydra_description.egg-info/dependency_links.txt
writing requirements to ../../../build/bracu_hydra_description/bracu_hydra_description.egg-info/requires.txt
writing top-level names to ../../../build/bracu_hydra_description/bracu_hydra_description.egg-info/top_level.txt
writing manifest file '../../../build/bracu_hydra_description/bracu_hydra_description.egg-info/SOURCES.txt'
reading manifest file '../../../build/bracu_hydra_description/bracu_hydra_description.egg-info/SOURCES.txt'
writing manifest file '../../../build/bracu_hydra_description/bracu_hydra_description.egg-info/SOURCES.txt'
running build
running build_py
creating /home/peru0002/ros2_ws/build/bracu_hydra_description/build
creating /home/peru0002/ros2_ws/build/bracu_hydra_description/build/lib
creating /home/peru0002/ros2_ws/build/bracu_hydra_description/build/lib/bracu_hydra_description
copying bracu_hydra_description/__init__.py -> /home/peru0002/ros2_ws/build/bracu_hydra_description/build/lib/bracu_hydra_description
running install
running install_lib
creating /home/peru0002/ros2_ws/install/bracu_hydra_description/lib/python3.12/site-packages/bracu_hydra_description
copying /home/peru0002/ros2_ws/build/bracu_hydra_description/build/lib/bracu_hydra_description/__init__.py -> /home/peru0002/ros2_ws/install/bracu_hydra_description/lib/python3.12/site-packages/bracu_hydra_description
byte-compiling /home/peru0002/ros2_ws/install/bracu_hydra_description/lib/python3.12/site-packages/bracu_hydra_description/__init__.py to __init__.cpython-312.pyc
running install_data
creating /home/peru0002/ros2_ws/install/bracu_hydra_description/share/ament_index
creating /home/peru0002/ros2_ws/install/bracu_hydra_description/share/ament_index/resource_index
creating /home/peru0002/ros2_ws/install/bracu_hydra_description/share/ament_index/resource_index/packages
copying resource/bracu_hydra_description -> /home/peru0002/ros2_ws/install/bracu_hydra_description/share/ament_index/resource_index/packages
copying package.xml -> /home/peru0002/ros2_ws/install/bracu_hydra_description/share/bracu_hydra_description
creating /home/peru0002/ros2_ws/install/bracu_hydra_description/share/bracu_hydra_description/launch
copying launch/gazebo.launch.py -> /home/peru0002/ros2_ws/install/bracu_hydra_description/share/bracu_hydra_description/launch
copying launch/display.launch.py -> /home/peru0002/ros2_ws/install/bracu_hydra_description/share/bracu_hydra_description/launch
creating /home/peru0002/ros2_ws/install/bracu_hydra_description/share/bracu_hydra_description/urdf
copying urdf/bracu_hydra.ros2control.xml -> /home/peru0002/ros2_ws/install/bracu_hydra_description/share/bracu_hydra_description/urdf
copying urdf/bracu_hydra.xacro -> /home/peru0002/ros2_ws/install/bracu_hydra_description/share/bracu_hydra_description/urdf
copying urdf/materials.xacro -> /home/peru0002/ros2_ws/install/bracu_hydra_description/share/bracu_hydra_description/urdf
copying urdf/bracu_hydra.gazebo -> /home/peru0002/ros2_ws/install/bracu_hydra_description/share/bracu_hydra_description/urdf
creating /home/peru0002/ros2_ws/install/bracu_hydra_description/share/bracu_hydra_description/meshes
copying meshes/joint_2_1.stl -> /home/peru0002/ros2_ws/install/bracu_hydra_description/share/bracu_hydra_description/meshes
copying meshes/base_link.stl -> /home/peru0002/ros2_ws/install/bracu_hydra_description/share/bracu_hydra_description/meshes
copying meshes/gripper_1.stl -> /home/peru0002/ros2_ws/install/bracu_hydra_description/share/bracu_hydra_description/meshes
copying meshes/joint_3_1.stl -> /home/peru0002/ros2_ws/install/bracu_hydra_description/share/bracu_hydra_description/meshes
copying meshes/joint_1_1.stl -> /home/peru0002/ros2_ws/install/bracu_hydra_description/share/bracu_hydra_description/meshes
creating /home/peru0002/ros2_ws/install/bracu_hydra_description/share/bracu_hydra_description/config
copying config/gazebo.rviz -> /home/peru0002/ros2_ws/install/bracu_hydra_description/share/bracu_hydra_description/config
copying config/ros_gz_bridge_gazebo.yaml -> /home/peru0002/ros2_ws/install/bracu_hydra_description/share/bracu_hydra_description/config
copying config/display.rviz -> /home/peru0002/ros2_ws/install/bracu_hydra_description/share/bracu_hydra_description/config
running install_egg_info
Copying ../../../build/bracu_hydra_description/bracu_hydra_description.egg-info to /home/peru0002/ros2_ws/install/bracu_hydra_description/lib/python3.12/site-packages/bracu_hydra_description-0.0.0-py3.12.egg-info
running install_scripts
writing list of installed files to '/home/peru0002/ros2_ws/build/bracu_hydra_description/install.log'
