[1.361s] Invoking command in '/home/peru0002/ros2_ws/build/bracu_hydra_description': DEBUGINFOD_URLS=https://debuginfod.ubuntu.com PYTHONPATH=/home/peru0002/ros2_ws/build/bracu_hydra_description/prefix_override:/usr/lib/python3/dist-packages/colcon_core/task/python/colcon_distutils_commands:/home/peru0002/ros2_ws/install/bracu_hydra_description/lib/python3.12/site-packages:${PYTHONPATH} /usr/bin/python3 -W ignore:setup.py install is deprecated -W ignore:easy_install command is deprecated setup.py develop --uninstall --editable --build-directory /home/peru0002/ros2_ws/build/bracu_hydra_description/build
[1.854s] running develop
[2.232s] Removing /home/peru0002/ros2_ws/install/bracu_hydra_description/lib/python3.12/site-packages/bracu-hydra-description.egg-link (link to .)
[2.282s] Invoked command in '/home/peru0002/ros2_ws/build/bracu_hydra_description' returned '0': DEBUGINFOD_URLS=https://debuginfod.ubuntu.com PYTHONPATH=/home/peru0002/ros2_ws/build/bracu_hydra_description/prefix_override:/usr/lib/python3/dist-packages/colcon_core/task/python/colcon_distutils_commands:/home/peru0002/ros2_ws/install/bracu_hydra_description/lib/python3.12/site-packages:${PYTHONPATH} /usr/bin/python3 -W ignore:setup.py install is deprecated -W ignore:easy_install command is deprecated setup.py develop --uninstall --editable --build-directory /home/peru0002/ros2_ws/build/bracu_hydra_description/build
[2.285s] Invoking command in '/home/peru0002/ros2_ws/src/bracu_hydra_description/bracu_hydra_description': DEBUGINFOD_URLS=https://debuginfod.ubuntu.com PYTHONPATH=/home/peru0002/ros2_ws/build/bracu_hydra_description/prefix_override:/usr/lib/python3/dist-packages/colcon_core/task/python/colcon_distutils_commands:/home/peru0002/ros2_ws/install/bracu_hydra_description/lib/python3.12/site-packages:${PYTHONPATH} /usr/bin/python3 -W ignore:setup.py install is deprecated -W ignore:easy_install command is deprecated setup.py egg_info --egg-base ../../../build/bracu_hydra_description build --build-base /home/peru0002/ros2_ws/build/bracu_hydra_description/build install --record /home/peru0002/ros2_ws/build/bracu_hydra_description/install.log --single-version-externally-managed install_data --force
[2.723s] running egg_info
[2.759s] writing ../../../build/bracu_hydra_description/bracu_hydra_description.egg-info/PKG-INFO
[2.760s] writing dependency_links to ../../../build/bracu_hydra_description/bracu_hydra_description.egg-info/dependency_links.txt
[2.760s] writing requirements to ../../../build/bracu_hydra_description/bracu_hydra_description.egg-info/requires.txt
[2.760s] writing top-level names to ../../../build/bracu_hydra_description/bracu_hydra_description.egg-info/top_level.txt
[2.834s] reading manifest file '../../../build/bracu_hydra_description/bracu_hydra_description.egg-info/SOURCES.txt'
[2.835s] writing manifest file '../../../build/bracu_hydra_description/bracu_hydra_description.egg-info/SOURCES.txt'
[2.835s] running build
[2.835s] running build_py
[2.835s] running install
[2.843s] running install_lib
[2.879s] creating /home/peru0002/ros2_ws/install/bracu_hydra_description/lib/python3.12/site-packages/bracu_hydra_description
[2.880s] copying /home/peru0002/ros2_ws/build/bracu_hydra_description/build/lib/bracu_hydra_description/__init__.py -> /home/peru0002/ros2_ws/install/bracu_hydra_description/lib/python3.12/site-packages/bracu_hydra_description
[2.880s] byte-compiling /home/peru0002/ros2_ws/install/bracu_hydra_description/lib/python3.12/site-packages/bracu_hydra_description/__init__.py to __init__.cpython-312.pyc
[2.880s] running install_data
[2.881s] copying resource/bracu_hydra_description -> /home/peru0002/ros2_ws/install/bracu_hydra_description/share/ament_index/resource_index/packages
[2.881s] copying package.xml -> /home/peru0002/ros2_ws/install/bracu_hydra_description/share/bracu_hydra_description
[2.881s] copying launch/gazebo.launch.py -> /home/peru0002/ros2_ws/install/bracu_hydra_description/share/bracu_hydra_description/launch
[2.881s] copying launch/display.launch.py -> /home/peru0002/ros2_ws/install/bracu_hydra_description/share/bracu_hydra_description/launch
[2.882s] copying urdf/bracu_hydra.ros2control.xml -> /home/peru0002/ros2_ws/install/bracu_hydra_description/share/bracu_hydra_description/urdf
[2.882s] copying urdf/bracu_hydra.xacro -> /home/peru0002/ros2_ws/install/bracu_hydra_description/share/bracu_hydra_description/urdf
[2.882s] copying urdf/materials.xacro -> /home/peru0002/ros2_ws/install/bracu_hydra_description/share/bracu_hydra_description/urdf
[2.882s] copying urdf/bracu_hydra.gazebo -> /home/peru0002/ros2_ws/install/bracu_hydra_description/share/bracu_hydra_description/urdf
[2.882s] copying meshes/joint_2_1.stl -> /home/peru0002/ros2_ws/install/bracu_hydra_description/share/bracu_hydra_description/meshes
[2.883s] copying meshes/base_link.stl -> /home/peru0002/ros2_ws/install/bracu_hydra_description/share/bracu_hydra_description/meshes
[2.884s] copying meshes/gripper_1.stl -> /home/peru0002/ros2_ws/install/bracu_hydra_description/share/bracu_hydra_description/meshes
[2.885s] copying meshes/joint_3_1.stl -> /home/peru0002/ros2_ws/install/bracu_hydra_description/share/bracu_hydra_description/meshes
[2.886s] copying meshes/joint_1_1.stl -> /home/peru0002/ros2_ws/install/bracu_hydra_description/share/bracu_hydra_description/meshes
[2.888s] copying config/gazebo.rviz -> /home/peru0002/ros2_ws/install/bracu_hydra_description/share/bracu_hydra_description/config
[2.888s] copying config/ros_gz_bridge_gazebo.yaml -> /home/peru0002/ros2_ws/install/bracu_hydra_description/share/bracu_hydra_description/config
[2.888s] copying config/display.rviz -> /home/peru0002/ros2_ws/install/bracu_hydra_description/share/bracu_hydra_description/config
[2.888s] running install_egg_info
[2.927s] Copying ../../../build/bracu_hydra_description/bracu_hydra_description.egg-info to /home/peru0002/ros2_ws/install/bracu_hydra_description/lib/python3.12/site-packages/bracu_hydra_description-0.0.0-py3.12.egg-info
[2.928s] running install_scripts
[3.155s] writing list of installed files to '/home/peru0002/ros2_ws/build/bracu_hydra_description/install.log'
[3.199s] Invoked command in '/home/peru0002/ros2_ws/src/bracu_hydra_description/bracu_hydra_description' returned '0': DEBUGINFOD_URLS=https://debuginfod.ubuntu.com PYTHONPATH=/home/peru0002/ros2_ws/build/bracu_hydra_description/prefix_override:/usr/lib/python3/dist-packages/colcon_core/task/python/colcon_distutils_commands:/home/peru0002/ros2_ws/install/bracu_hydra_description/lib/python3.12/site-packages:${PYTHONPATH} /usr/bin/python3 -W ignore:setup.py install is deprecated -W ignore:easy_install command is deprecated setup.py egg_info --egg-base ../../../build/bracu_hydra_description build --build-base /home/peru0002/ros2_ws/build/bracu_hydra_description/build install --record /home/peru0002/ros2_ws/build/bracu_hydra_description/install.log --single-version-externally-managed install_data --force
