[0.031s] Invoking command in '/home/peru0002/ros2_ws/build/rplidar_ros': CMAKE_PREFIX_PATH=${CMAKE_PREFIX_PATH}:/home/peru0002/ros2_ws/install/moveit_configs_utils:/home/peru0002/ros2_ws/install/bracu_hydra_description:/home/peru0002/ws_moveit/install/moveit_configs_utils:/home/peru0002/ws_moveit/install/bracu_hydra_description:/opt/ros/jazzy DEBUGINFOD_URLS=https://debuginfod.ubuntu.com /usr/bin/cmake /home/peru0002/ros2_ws/src/rplidar_ros2 -DAMENT_CMAKE_SYMLINK_INSTALL=1 -DCMAKE_INSTALL_PREFIX=/home/peru0002/ros2_ws/install/rplidar_ros
[0.152s] -- The C compiler identification is GNU 13.3.0
[0.255s] -- The CXX compiler identification is GNU 13.3.0
[0.293s] -- Detecting C compiler ABI info
[0.545s] -- Detecting C compiler ABI info - done
[0.563s] -- Check for working C compiler: /usr/bin/cc - skipped
[0.564s] -- Detecting C compile features
[0.564s] -- Detecting C compile features - done
[0.581s] -- Detecting CXX compiler ABI info
[0.787s] -- Detecting CXX compiler ABI info - done
[0.805s] -- Check for working CXX compiler: /usr/bin/c++ - skipped
[0.805s] -- Detecting CXX compile features
[0.806s] -- Detecting CXX compile features - done
[0.839s] -- Found ament_cmake_auto: 2.5.4 (/opt/ros/jazzy/share/ament_cmake_auto/cmake)
[1.284s] -- Found Python3: /usr/bin/python3 (found version "3.12.3") found components: Interpreter 
[1.426s] -- Override CMake install command with custom implementation using symlinks instead of copying resources
[1.721s] -- Found ament_cmake_ros: 0.12.0 (/opt/ros/jazzy/share/ament_cmake_ros/cmake)
[2.165s] -- Found rosidl_generator_c: 4.6.6 (/opt/ros/jazzy/share/rosidl_generator_c/cmake)
[2.238s] -- Found rosidl_generator_cpp: 4.6.6 (/opt/ros/jazzy/share/rosidl_generator_cpp/cmake)
[2.319s] -- Using all available rosidl_typesupport_c: rosidl_typesupport_fastrtps_c;rosidl_typesupport_introspection_c
[2.403s] -- Using all available rosidl_typesupport_cpp: rosidl_typesupport_fastrtps_cpp;rosidl_typesupport_introspection_cpp
[2.686s] -- Found rmw_implementation_cmake: 7.3.2 (/opt/ros/jazzy/share/rmw_implementation_cmake/cmake)
[2.713s] -- Found rmw_fastrtps_cpp: 8.4.3 (/opt/ros/jazzy/share/rmw_fastrtps_cpp/cmake)
[3.022s] -- Found OpenSSL: /usr/lib/x86_64-linux-gnu/libcrypto.so (found version "3.0.13")  
[3.069s] -- Found FastRTPS: /opt/ros/jazzy/include (Required is at least version "2.13") 
[3.115s] -- Using RMW implementation 'rmw_fastrtps_cpp' as default
[3.791s] [0mIn this package, headers install destination is set to `include` by ament_auto_package. It is recommended to install `include/rplidar_ros` instead and will be the default behavior of ament_auto_package from ROS 2 Kilted Kaiju. On distributions before Kilted, ament_auto_package behaves the same way when you use USE_SCOPED_HEADER_INSTALL_DIR option.[0m
[3.799s] -- Configuring done (3.7s)
[3.841s] -- Generating done (0.0s)
[3.856s] -- Build files have been written to: /home/peru0002/ros2_ws/build/rplidar_ros
[3.870s] Invoked command in '/home/peru0002/ros2_ws/build/rplidar_ros' returned '0': CMAKE_PREFIX_PATH=${CMAKE_PREFIX_PATH}:/home/peru0002/ros2_ws/install/moveit_configs_utils:/home/peru0002/ros2_ws/install/bracu_hydra_description:/home/peru0002/ws_moveit/install/moveit_configs_utils:/home/peru0002/ws_moveit/install/bracu_hydra_description:/opt/ros/jazzy DEBUGINFOD_URLS=https://debuginfod.ubuntu.com /usr/bin/cmake /home/peru0002/ros2_ws/src/rplidar_ros2 -DAMENT_CMAKE_SYMLINK_INSTALL=1 -DCMAKE_INSTALL_PREFIX=/home/peru0002/ros2_ws/install/rplidar_ros
[3.872s] Invoking command in '/home/peru0002/ros2_ws/build/rplidar_ros': CMAKE_PREFIX_PATH=${CMAKE_PREFIX_PATH}:/home/peru0002/ros2_ws/install/moveit_configs_utils:/home/peru0002/ros2_ws/install/bracu_hydra_description:/home/peru0002/ws_moveit/install/moveit_configs_utils:/home/peru0002/ws_moveit/install/bracu_hydra_description:/opt/ros/jazzy DEBUGINFOD_URLS=https://debuginfod.ubuntu.com /usr/bin/cmake --build /home/peru0002/ros2_ws/build/rplidar_ros -- -j8 -l8
[4.043s] [ 16%] [32mBuilding CXX object CMakeFiles/rplidar_composition_node.dir/sdk/src/arch/linux/net_serial.cpp.o[0m
[4.043s] [ 16%] [32mBuilding CXX object CMakeFiles/rplidarNode.dir/src/node.cpp.o[0m
[4.044s] [ 16%] [32mBuilding CXX object CMakeFiles/rplidarNode.dir/sdk/src/arch/linux/timer.cpp.o[0m
[4.044s] [ 27%] [32mBuilding CXX object CMakeFiles/rplidarNode.dir/sdk/src/arch/linux/net_socket.cpp.o[0m
[4.044s] [ 27%] [32mBuilding CXX object CMakeFiles/rplidar_composition_node.dir/sdk/src/arch/linux/net_socket.cpp.o[0m
[4.044s] [ 33%] [32mBuilding CXX object CMakeFiles/rplidar_composition_node.dir/src/rplidar_node.cpp.o[0m
[4.044s] [ 38%] [32mBuilding CXX object CMakeFiles/rplidarNode.dir/sdk/src/arch/linux/net_serial.cpp.o[0m
[4.044s] [ 44%] [32mBuilding CXX object CMakeFiles/rplidarNodeClient.dir/src/client.cpp.o[0m
[4.835s] [ 50%] [32mBuilding CXX object CMakeFiles/rplidar_composition_node.dir/sdk/src/arch/linux/timer.cpp.o[0m
[4.911s] [ 55%] [32mBuilding CXX object CMakeFiles/rplidar_composition_node.dir/sdk/src/hal/thread.cpp.o[0m
[5.375s] [ 61%] [32mBuilding CXX object CMakeFiles/rplidar_composition_node.dir/sdk/src/rplidar_driver.cpp.o[0m
[5.488s] [ 66%] [32mBuilding CXX object CMakeFiles/rplidarNode.dir/sdk/src/hal/thread.cpp.o[0m
[5.580s] [ 72%] [32mBuilding CXX object CMakeFiles/rplidarNode.dir/sdk/src/rplidar_driver.cpp.o[0m
[13.137s] [ 77%] [32m[1mLinking CXX executable rplidarNode[0m
[13.594s] [ 77%] Built target rplidarNode
[13.660s] [ 83%] [32m[1mLinking CXX shared library librplidar_composition_node.so[0m
[14.081s] [ 83%] Built target rplidar_composition_node
[14.140s] [ 88%] [32mBuilding CXX object CMakeFiles/rplidar_composition.dir/src/standalone_rplidar.cpp.o[0m
[15.971s] [ 94%] [32m[1mLinking CXX executable rplidarNodeClient[0m
[16.502s] [ 94%] Built target rplidarNodeClient
[18.001s] [100%] [32m[1mLinking CXX executable rplidar_composition[0m
[18.302s] [100%] Built target rplidar_composition
[18.336s] Invoked command in '/home/peru0002/ros2_ws/build/rplidar_ros' returned '0': CMAKE_PREFIX_PATH=${CMAKE_PREFIX_PATH}:/home/peru0002/ros2_ws/install/moveit_configs_utils:/home/peru0002/ros2_ws/install/bracu_hydra_description:/home/peru0002/ws_moveit/install/moveit_configs_utils:/home/peru0002/ws_moveit/install/bracu_hydra_description:/opt/ros/jazzy DEBUGINFOD_URLS=https://debuginfod.ubuntu.com /usr/bin/cmake --build /home/peru0002/ros2_ws/build/rplidar_ros -- -j8 -l8
[18.361s] Invoking command in '/home/peru0002/ros2_ws/build/rplidar_ros': CMAKE_PREFIX_PATH=${CMAKE_PREFIX_PATH}:/home/peru0002/ros2_ws/install/moveit_configs_utils:/home/peru0002/ros2_ws/install/bracu_hydra_description:/home/peru0002/ws_moveit/install/moveit_configs_utils:/home/peru0002/ws_moveit/install/bracu_hydra_description:/opt/ros/jazzy DEBUGINFOD_URLS=https://debuginfod.ubuntu.com /usr/bin/cmake --install /home/peru0002/ros2_ws/build/rplidar_ros
[18.379s] -- Install configuration: ""
[18.380s] -- Execute custom install script
[18.380s] -- Symlinking: /home/peru0002/ros2_ws/install/rplidar_ros/lib/rplidar_ros/rplidarNode
[18.408s] -- Symlinking: /home/peru0002/ros2_ws/install/rplidar_ros/lib/rplidar_ros/rplidarNodeClient
[18.442s] -- Symlinking: /home/peru0002/ros2_ws/install/rplidar_ros/lib/rplidar_ros/rplidar_composition
[18.466s] -- Symlinking: /home/peru0002/ros2_ws/install/rplidar_ros/share/rplidar_ros/launch/rplidar.launch.py
[18.487s] -- Symlinking: /home/peru0002/ros2_ws/install/rplidar_ros/share/rplidar_ros/launch/rplidar_a3.launch.py
[18.519s] -- Symlinking: /home/peru0002/ros2_ws/install/rplidar_ros/share/rplidar_ros/launch/rplidar_s1.launch.py
[18.558s] -- Symlinking: /home/peru0002/ros2_ws/install/rplidar_ros/share/rplidar_ros/launch/rplidar_s1_tcp.launch.py
[18.580s] -- Symlinking: /home/peru0002/ros2_ws/install/rplidar_ros/share/rplidar_ros/launch/test_rplidar.launch.py
[18.600s] -- Symlinking: /home/peru0002/ros2_ws/install/rplidar_ros/share/rplidar_ros/launch/test_rplidar_a3.launch.py
[18.622s] -- Symlinking: /home/peru0002/ros2_ws/install/rplidar_ros/share/rplidar_ros/launch/view_rplidar.launch.py
[18.655s] -- Symlinking: /home/peru0002/ros2_ws/install/rplidar_ros/share/rplidar_ros/launch/view_rplidar_a3.launch.py
[18.674s] -- Symlinking: /home/peru0002/ros2_ws/install/rplidar_ros/share/rplidar_ros/launch/view_rplidar_s1.launch.py
[18.695s] -- Symlinking: /home/peru0002/ros2_ws/install/rplidar_ros/share/rplidar_ros/launch/view_rplidar_s1_tcp.launch.py
[18.729s] -- Symlinking: /home/peru0002/ros2_ws/install/rplidar_ros/share/rplidar_ros/rviz/rplidar.rviz
[18.758s] -- Symlinking: /home/peru0002/ros2_ws/install/rplidar_ros/lib/librplidar_composition_node.so
[18.779s] -- Symlinking: /home/peru0002/ros2_ws/install/rplidar_ros/include/rplidar_node.hpp
[18.799s] -- Symlinking: /home/peru0002/ros2_ws/install/rplidar_ros/include/visibility.h
[18.822s] -- Up-to-date symlink: /home/peru0002/ros2_ws/install/rplidar_ros/lib/rplidar_ros/rplidarNode
[18.822s] -- Up-to-date symlink: /home/peru0002/ros2_ws/install/rplidar_ros/lib/rplidar_ros/rplidarNodeClient
[18.823s] -- Up-to-date symlink: /home/peru0002/ros2_ws/install/rplidar_ros/lib/rplidar_ros/rplidar_composition
[18.824s] -- Symlinking: /home/peru0002/ros2_ws/install/rplidar_ros/share/ament_index/resource_index/package_run_dependencies/rplidar_ros
[18.853s] -- Symlinking: /home/peru0002/ros2_ws/install/rplidar_ros/share/ament_index/resource_index/parent_prefix_path/rplidar_ros
[18.874s] -- Symlinking: /home/peru0002/ros2_ws/install/rplidar_ros/share/rplidar_ros/environment/ament_prefix_path.sh
[18.895s] -- Symlinking: /home/peru0002/ros2_ws/install/rplidar_ros/share/rplidar_ros/environment/ament_prefix_path.dsv
[18.927s] -- Symlinking: /home/peru0002/ros2_ws/install/rplidar_ros/share/rplidar_ros/environment/path.sh
[18.954s] -- Symlinking: /home/peru0002/ros2_ws/install/rplidar_ros/share/rplidar_ros/environment/path.dsv
[18.974s] -- Symlinking: /home/peru0002/ros2_ws/install/rplidar_ros/share/rplidar_ros/local_setup.bash
[18.995s] -- Symlinking: /home/peru0002/ros2_ws/install/rplidar_ros/share/rplidar_ros/local_setup.sh
[19.018s] -- Symlinking: /home/peru0002/ros2_ws/install/rplidar_ros/share/rplidar_ros/local_setup.zsh
[19.044s] -- Symlinking: /home/peru0002/ros2_ws/install/rplidar_ros/share/rplidar_ros/local_setup.dsv
[19.067s] -- Symlinking: /home/peru0002/ros2_ws/install/rplidar_ros/share/rplidar_ros/package.dsv
[19.090s] -- Symlinking: /home/peru0002/ros2_ws/install/rplidar_ros/share/ament_index/resource_index/packages/rplidar_ros
[19.116s] -- Symlinking: /home/peru0002/ros2_ws/install/rplidar_ros/share/rplidar_ros/cmake/ament_cmake_export_dependencies-extras.cmake
[19.152s] -- Symlinking: /home/peru0002/ros2_ws/install/rplidar_ros/share/rplidar_ros/cmake/ament_cmake_export_include_directories-extras.cmake
[19.176s] -- Symlinking: /home/peru0002/ros2_ws/install/rplidar_ros/share/rplidar_ros/cmake/rplidar_rosConfig.cmake
[19.198s] -- Symlinking: /home/peru0002/ros2_ws/install/rplidar_ros/share/rplidar_ros/cmake/rplidar_rosConfig-version.cmake
[19.222s] -- Symlinking: /home/peru0002/ros2_ws/install/rplidar_ros/share/rplidar_ros/package.xml
[19.251s] Invoked command in '/home/peru0002/ros2_ws/build/rplidar_ros' returned '0': CMAKE_PREFIX_PATH=${CMAKE_PREFIX_PATH}:/home/peru0002/ros2_ws/install/moveit_configs_utils:/home/peru0002/ros2_ws/install/bracu_hydra_description:/home/peru0002/ws_moveit/install/moveit_configs_utils:/home/peru0002/ws_moveit/install/bracu_hydra_description:/opt/ros/jazzy DEBUGINFOD_URLS=https://debuginfod.ubuntu.com /usr/bin/cmake --install /home/peru0002/ros2_ws/build/rplidar_ros
