[0.055s] Invoking command in '/home/peru0002/ros2_ws/build/moveit_resources_panda_description': CMAKE_PREFIX_PATH=${CMAKE_PREFIX_PATH}:/opt/ros/jazzy DEBUGINFOD_URLS=https://debuginfod.ubuntu.com /usr/bin/cmake /home/peru0002/ros2_ws/src/moveit_resources/panda_description -DCMAKE_INSTALL_PREFIX=/home/peru0002/ros2_ws/install/moveit_resources_panda_description
[0.454s] -- Found ament_cmake: 2.5.4 (/opt/ros/jazzy/share/ament_cmake/cmake)
[0.710s] -- Configuring done (0.6s)
[0.717s] -- Generating done (0.0s)
[0.721s] -- Build files have been written to: /home/peru0002/ros2_ws/build/moveit_resources_panda_description
[0.730s] Invoked command in '/home/peru0002/ros2_ws/build/moveit_resources_panda_description' returned '0': CMAKE_PREFIX_PATH=${CMAKE_PREFIX_PATH}:/opt/ros/jazzy DEBUGINFOD_URLS=https://debuginfod.ubuntu.com /usr/bin/cmake /home/peru0002/ros2_ws/src/moveit_resources/panda_description -DCMAKE_INSTALL_PREFIX=/home/peru0002/ros2_ws/install/moveit_resources_panda_description
[0.730s] Invoking command in '/home/peru0002/ros2_ws/build/moveit_resources_panda_description': CMAKE_PREFIX_PATH=${CMAKE_PREFIX_PATH}:/opt/ros/jazzy DEBUGINFOD_URLS=https://debuginfod.ubuntu.com /usr/bin/cmake --build /home/peru0002/ros2_ws/build/moveit_resources_panda_description -- -j8 -l8
[0.830s] Invoked command in '/home/peru0002/ros2_ws/build/moveit_resources_panda_description' returned '0': CMAKE_PREFIX_PATH=${CMAKE_PREFIX_PATH}:/opt/ros/jazzy DEBUGINFOD_URLS=https://debuginfod.ubuntu.com /usr/bin/cmake --build /home/peru0002/ros2_ws/build/moveit_resources_panda_description -- -j8 -l8
[0.832s] Invoking command in '/home/peru0002/ros2_ws/build/moveit_resources_panda_description': CMAKE_PREFIX_PATH=${CMAKE_PREFIX_PATH}:/opt/ros/jazzy DEBUGINFOD_URLS=https://debuginfod.ubuntu.com /usr/bin/cmake --install /home/peru0002/ros2_ws/build/moveit_resources_panda_description
[0.872s] -- Install configuration: "Release"
[0.872s] -- Up-to-date: /home/peru0002/ros2_ws/install/moveit_resources_panda_description/share/ament_index/resource_index/package_run_dependencies/moveit_resources_panda_description
[0.872s] -- Up-to-date: /home/peru0002/ros2_ws/install/moveit_resources_panda_description/share/ament_index/resource_index/parent_prefix_path/moveit_resources_panda_description
[0.872s] -- Up-to-date: /home/peru0002/ros2_ws/install/moveit_resources_panda_description/share/moveit_resources_panda_description/environment/ament_prefix_path.sh
[0.872s] -- Up-to-date: /home/peru0002/ros2_ws/install/moveit_resources_panda_description/share/moveit_resources_panda_description/environment/ament_prefix_path.dsv
[0.872s] -- Up-to-date: /home/peru0002/ros2_ws/install/moveit_resources_panda_description/share/moveit_resources_panda_description/environment/path.sh
[0.872s] -- Up-to-date: /home/peru0002/ros2_ws/install/moveit_resources_panda_description/share/moveit_resources_panda_description/environment/path.dsv
[0.873s] -- Up-to-date: /home/peru0002/ros2_ws/install/moveit_resources_panda_description/share/moveit_resources_panda_description/local_setup.bash
[0.873s] -- Up-to-date: /home/peru0002/ros2_ws/install/moveit_resources_panda_description/share/moveit_resources_panda_description/local_setup.sh
[0.873s] -- Up-to-date: /home/peru0002/ros2_ws/install/moveit_resources_panda_description/share/moveit_resources_panda_description/local_setup.zsh
[0.873s] -- Up-to-date: /home/peru0002/ros2_ws/install/moveit_resources_panda_description/share/moveit_resources_panda_description/local_setup.dsv
[0.873s] -- Up-to-date: /home/peru0002/ros2_ws/install/moveit_resources_panda_description/share/moveit_resources_panda_description/package.dsv
[0.873s] -- Up-to-date: /home/peru0002/ros2_ws/install/moveit_resources_panda_description/share/ament_index/resource_index/packages/moveit_resources_panda_description
[0.873s] -- Up-to-date: /home/peru0002/ros2_ws/install/moveit_resources_panda_description/share/moveit_resources_panda_description/cmake/moveit_resources_panda_descriptionConfig.cmake
[0.874s] -- Up-to-date: /home/peru0002/ros2_ws/install/moveit_resources_panda_description/share/moveit_resources_panda_description/cmake/moveit_resources_panda_descriptionConfig-version.cmake
[0.874s] -- Up-to-date: /home/peru0002/ros2_ws/install/moveit_resources_panda_description/share/moveit_resources_panda_description/package.xml
[0.874s] -- Up-to-date: /home/peru0002/ros2_ws/install/moveit_resources_panda_description/share/moveit_resources_panda_description/meshes
[0.874s] -- Up-to-date: /home/peru0002/ros2_ws/install/moveit_resources_panda_description/share/moveit_resources_panda_description/meshes/visual
[0.874s] -- Up-to-date: /home/peru0002/ros2_ws/install/moveit_resources_panda_description/share/moveit_resources_panda_description/meshes/visual/link2.dae
[0.874s] -- Up-to-date: /home/peru0002/ros2_ws/install/moveit_resources_panda_description/share/moveit_resources_panda_description/meshes/visual/link6.dae
[0.875s] -- Up-to-date: /home/peru0002/ros2_ws/install/moveit_resources_panda_description/share/moveit_resources_panda_description/meshes/visual/link0.dae
[0.875s] -- Up-to-date: /home/peru0002/ros2_ws/install/moveit_resources_panda_description/share/moveit_resources_panda_description/meshes/visual/link5.dae
[0.875s] -- Up-to-date: /home/peru0002/ros2_ws/install/moveit_resources_panda_description/share/moveit_resources_panda_description/meshes/visual/finger.dae
[0.875s] -- Up-to-date: /home/peru0002/ros2_ws/install/moveit_resources_panda_description/share/moveit_resources_panda_description/meshes/visual/link4.dae
[0.875s] -- Up-to-date: /home/peru0002/ros2_ws/install/moveit_resources_panda_description/share/moveit_resources_panda_description/meshes/visual/link3.dae
[0.875s] -- Up-to-date: /home/peru0002/ros2_ws/install/moveit_resources_panda_description/share/moveit_resources_panda_description/meshes/visual/link7.dae
[0.875s] -- Up-to-date: /home/peru0002/ros2_ws/install/moveit_resources_panda_description/share/moveit_resources_panda_description/meshes/visual/link1.dae
[0.876s] -- Up-to-date: /home/peru0002/ros2_ws/install/moveit_resources_panda_description/share/moveit_resources_panda_description/meshes/visual/hand.dae
[0.876s] -- Up-to-date: /home/peru0002/ros2_ws/install/moveit_resources_panda_description/share/moveit_resources_panda_description/meshes/collision
[0.876s] -- Up-to-date: /home/peru0002/ros2_ws/install/moveit_resources_panda_description/share/moveit_resources_panda_description/meshes/collision/link7.stl
[0.876s] -- Up-to-date: /home/peru0002/ros2_ws/install/moveit_resources_panda_description/share/moveit_resources_panda_description/meshes/collision/finger.stl
[0.876s] -- Up-to-date: /home/peru0002/ros2_ws/install/moveit_resources_panda_description/share/moveit_resources_panda_description/meshes/collision/link6.stl
[0.876s] -- Up-to-date: /home/peru0002/ros2_ws/install/moveit_resources_panda_description/share/moveit_resources_panda_description/meshes/collision/hand.stl
[0.876s] -- Up-to-date: /home/peru0002/ros2_ws/install/moveit_resources_panda_description/share/moveit_resources_panda_description/meshes/collision/link3.stl
[0.876s] -- Up-to-date: /home/peru0002/ros2_ws/install/moveit_resources_panda_description/share/moveit_resources_panda_description/meshes/collision/link2.stl
[0.877s] -- Up-to-date: /home/peru0002/ros2_ws/install/moveit_resources_panda_description/share/moveit_resources_panda_description/meshes/collision/link1.stl
[0.877s] -- Up-to-date: /home/peru0002/ros2_ws/install/moveit_resources_panda_description/share/moveit_resources_panda_description/meshes/collision/link0.stl
[0.877s] -- Up-to-date: /home/peru0002/ros2_ws/install/moveit_resources_panda_description/share/moveit_resources_panda_description/meshes/collision/link5.stl
[0.878s] -- Up-to-date: /home/peru0002/ros2_ws/install/moveit_resources_panda_description/share/moveit_resources_panda_description/meshes/collision/link4.stl
[0.878s] -- Up-to-date: /home/peru0002/ros2_ws/install/moveit_resources_panda_description/share/moveit_resources_panda_description/urdf
[0.878s] -- Up-to-date: /home/peru0002/ros2_ws/install/moveit_resources_panda_description/share/moveit_resources_panda_description/urdf/panda.urdf
[0.878s] -- Up-to-date: /home/peru0002/ros2_ws/install/moveit_resources_panda_description/share/moveit_resources_panda_description/urdf/panda.urdf.xacro
[0.913s] Invoked command in '/home/peru0002/ros2_ws/build/moveit_resources_panda_description' returned '0': CMAKE_PREFIX_PATH=${CMAKE_PREFIX_PATH}:/opt/ros/jazzy DEBUGINFOD_URLS=https://debuginfod.ubuntu.com /usr/bin/cmake --install /home/peru0002/ros2_ws/build/moveit_resources_panda_description
