[0.020s] Invoking command in '/home/peru0002/ros2_ws/build/kortex_driver': AMENT_PREFIX_PATH=/home/peru0002/ros2_ws/install/kortex_api:${AMENT_PREFIX_PATH} CMAKE_PREFIX_PATH=/home/peru0002/ros2_ws/install/kortex_api:/opt/ros/jazzy/opt/gz_sim_vendor:/opt/ros/jazzy/opt/gz_sensors_vendor:/opt/ros/jazzy/opt/gz_physics_vendor:/opt/ros/jazzy/opt/sdformat_vendor:/opt/ros/jazzy/opt/gz_gui_vendor:/opt/ros/jazzy/opt/gz_transport_vendor:/opt/ros/jazzy/opt/gz_rendering_vendor:/opt/ros/jazzy/opt/gz_plugin_vendor:/opt/ros/jazzy/opt/gz_fuel_tools_vendor:/opt/ros/jazzy/opt/gz_msgs_vendor:/opt/ros/jazzy/opt/gz_common_vendor:/opt/ros/jazzy/opt/gz_math_vendor:/opt/ros/jazzy/opt/gz_utils_vendor:/opt/ros/jazzy/opt/gz_tools_vendor:/opt/ros/jazzy/opt/gz_ogre_next_vendor:/opt/ros/jazzy/opt/gz_dartsim_vendor:/opt/ros/jazzy/opt/gz_cmake_vendor:/opt/ros/jazzy DEBUGINFOD_URLS=https://debuginfod.ubuntu.com /usr/bin/cmake /home/peru0002/ros2_ws/src/ros2_kortex/kortex_driver -DCMAKE_INSTALL_PREFIX=/home/peru0002/ros2_ws/install/kortex_driver
[0.041s] [33mCMake Warning (dev) at /usr/share/cmake-3.28/Modules/FetchContent.cmake:1331 (message):
[0.041s]   The DOWNLOAD_EXTRACT_TIMESTAMP option was not given and policy CMP0135 is
[0.041s]   not set.  The policy's OLD behavior will be used.  When using a URL
[0.041s]   download, the timestamps of extracted files should preferably be that of
[0.041s]   the time of extraction, otherwise code that depends on the extracted
[0.041s]   contents might not be rebuilt if the URL changes.  The OLD behavior
[0.041s]   preserves the timestamps from the archive instead, but this is usually not
[0.041s]   what you want.  Update your project to the NEW behavior or specify the
[0.042s]   DOWNLOAD_EXTRACT_TIMESTAMP option with a value of true to avoid this
[0.042s]   robustness issue.
[0.042s] Call Stack (most recent call first):
[0.042s]   CMakeLists.txt:3 (FetchContent_Declare)
[0.042s] This warning is for project developers.  Use -Wno-dev to suppress it.
[0.042s] [0m
[0.235s] -- Found ament_cmake: 2.5.4 (/opt/ros/jazzy/share/ament_cmake/cmake)
[0.624s] -- Found hardware_interface: 4.39.2 (/opt/ros/jazzy/share/hardware_interface/cmake)
[0.690s] -- Found rosidl_generator_c: 4.6.6 (/opt/ros/jazzy/share/rosidl_generator_c/cmake)
[0.703s] -- Found rosidl_generator_cpp: 4.6.6 (/opt/ros/jazzy/share/rosidl_generator_cpp/cmake)
[0.721s] -- Using all available rosidl_typesupport_c: rosidl_typesupport_fastrtps_c;rosidl_typesupport_introspection_c
[0.741s] -- Using all available rosidl_typesupport_cpp: rosidl_typesupport_fastrtps_cpp;rosidl_typesupport_introspection_cpp
[1.083s] -- Found TinyXML2 via Config file: /usr/lib/x86_64-linux-gnu/cmake/tinyxml2
[1.151s] -- Found rmw_implementation_cmake: 7.3.2 (/opt/ros/jazzy/share/rmw_implementation_cmake/cmake)
[1.153s] -- Found rmw_fastrtps_cpp: 8.4.3 (/opt/ros/jazzy/share/rmw_fastrtps_cpp/cmake)
[1.189s] -- Found TinyXML2 via Config file: /usr/lib/x86_64-linux-gnu/cmake/tinyxml2
[1.205s] -- Found TinyXML2 via Config file: /usr/lib/x86_64-linux-gnu/cmake/tinyxml2
[1.238s] -- Found TinyXML2 via Config file: /usr/lib/x86_64-linux-gnu/cmake/tinyxml2
[1.255s] -- Found TinyXML2 via Config file: /usr/lib/x86_64-linux-gnu/cmake/tinyxml2
[1.279s] -- Using RMW implementation 'rmw_fastrtps_cpp' as default
[1.594s] -- Found kortex_api: 0.2.5 (/home/peru0002/ros2_ws/install/kortex_api/share/kortex_api/cmake)
[1.761s] -- Configuring done (1.7s)
[1.825s] -- Generating done (0.0s)
[1.832s] -- Build files have been written to: /home/peru0002/ros2_ws/build/kortex_driver
[1.848s] Invoked command in '/home/peru0002/ros2_ws/build/kortex_driver' returned '0': AMENT_PREFIX_PATH=/home/peru0002/ros2_ws/install/kortex_api:${AMENT_PREFIX_PATH} CMAKE_PREFIX_PATH=/home/peru0002/ros2_ws/install/kortex_api:/opt/ros/jazzy/opt/gz_sim_vendor:/opt/ros/jazzy/opt/gz_sensors_vendor:/opt/ros/jazzy/opt/gz_physics_vendor:/opt/ros/jazzy/opt/sdformat_vendor:/opt/ros/jazzy/opt/gz_gui_vendor:/opt/ros/jazzy/opt/gz_transport_vendor:/opt/ros/jazzy/opt/gz_rendering_vendor:/opt/ros/jazzy/opt/gz_plugin_vendor:/opt/ros/jazzy/opt/gz_fuel_tools_vendor:/opt/ros/jazzy/opt/gz_msgs_vendor:/opt/ros/jazzy/opt/gz_common_vendor:/opt/ros/jazzy/opt/gz_math_vendor:/opt/ros/jazzy/opt/gz_utils_vendor:/opt/ros/jazzy/opt/gz_tools_vendor:/opt/ros/jazzy/opt/gz_ogre_next_vendor:/opt/ros/jazzy/opt/gz_dartsim_vendor:/opt/ros/jazzy/opt/gz_cmake_vendor:/opt/ros/jazzy DEBUGINFOD_URLS=https://debuginfod.ubuntu.com /usr/bin/cmake /home/peru0002/ros2_ws/src/ros2_kortex/kortex_driver -DCMAKE_INSTALL_PREFIX=/home/peru0002/ros2_ws/install/kortex_driver
[1.851s] Invoking command in '/home/peru0002/ros2_ws/build/kortex_driver': AMENT_PREFIX_PATH=/home/peru0002/ros2_ws/install/kortex_api:${AMENT_PREFIX_PATH} CMAKE_PREFIX_PATH=/home/peru0002/ros2_ws/install/kortex_api:/opt/ros/jazzy/opt/gz_sim_vendor:/opt/ros/jazzy/opt/gz_sensors_vendor:/opt/ros/jazzy/opt/gz_physics_vendor:/opt/ros/jazzy/opt/sdformat_vendor:/opt/ros/jazzy/opt/gz_gui_vendor:/opt/ros/jazzy/opt/gz_transport_vendor:/opt/ros/jazzy/opt/gz_rendering_vendor:/opt/ros/jazzy/opt/gz_plugin_vendor:/opt/ros/jazzy/opt/gz_fuel_tools_vendor:/opt/ros/jazzy/opt/gz_msgs_vendor:/opt/ros/jazzy/opt/gz_common_vendor:/opt/ros/jazzy/opt/gz_math_vendor:/opt/ros/jazzy/opt/gz_utils_vendor:/opt/ros/jazzy/opt/gz_tools_vendor:/opt/ros/jazzy/opt/gz_ogre_next_vendor:/opt/ros/jazzy/opt/gz_dartsim_vendor:/opt/ros/jazzy/opt/gz_cmake_vendor:/opt/ros/jazzy DEBUGINFOD_URLS=https://debuginfod.ubuntu.com /usr/bin/cmake --build /home/peru0002/ros2_ws/build/kortex_driver -- -j8 -l8
[1.990s] [100%] Built target kortex_driver
[2.011s] Invoked command in '/home/peru0002/ros2_ws/build/kortex_driver' returned '0': AMENT_PREFIX_PATH=/home/peru0002/ros2_ws/install/kortex_api:${AMENT_PREFIX_PATH} CMAKE_PREFIX_PATH=/home/peru0002/ros2_ws/install/kortex_api:/opt/ros/jazzy/opt/gz_sim_vendor:/opt/ros/jazzy/opt/gz_sensors_vendor:/opt/ros/jazzy/opt/gz_physics_vendor:/opt/ros/jazzy/opt/sdformat_vendor:/opt/ros/jazzy/opt/gz_gui_vendor:/opt/ros/jazzy/opt/gz_transport_vendor:/opt/ros/jazzy/opt/gz_rendering_vendor:/opt/ros/jazzy/opt/gz_plugin_vendor:/opt/ros/jazzy/opt/gz_fuel_tools_vendor:/opt/ros/jazzy/opt/gz_msgs_vendor:/opt/ros/jazzy/opt/gz_common_vendor:/opt/ros/jazzy/opt/gz_math_vendor:/opt/ros/jazzy/opt/gz_utils_vendor:/opt/ros/jazzy/opt/gz_tools_vendor:/opt/ros/jazzy/opt/gz_ogre_next_vendor:/opt/ros/jazzy/opt/gz_dartsim_vendor:/opt/ros/jazzy/opt/gz_cmake_vendor:/opt/ros/jazzy DEBUGINFOD_URLS=https://debuginfod.ubuntu.com /usr/bin/cmake --build /home/peru0002/ros2_ws/build/kortex_driver -- -j8 -l8
[2.013s] Invoking command in '/home/peru0002/ros2_ws/build/kortex_driver': AMENT_PREFIX_PATH=/home/peru0002/ros2_ws/install/kortex_api:${AMENT_PREFIX_PATH} CMAKE_PREFIX_PATH=/home/peru0002/ros2_ws/install/kortex_api:/opt/ros/jazzy/opt/gz_sim_vendor:/opt/ros/jazzy/opt/gz_sensors_vendor:/opt/ros/jazzy/opt/gz_physics_vendor:/opt/ros/jazzy/opt/sdformat_vendor:/opt/ros/jazzy/opt/gz_gui_vendor:/opt/ros/jazzy/opt/gz_transport_vendor:/opt/ros/jazzy/opt/gz_rendering_vendor:/opt/ros/jazzy/opt/gz_plugin_vendor:/opt/ros/jazzy/opt/gz_fuel_tools_vendor:/opt/ros/jazzy/opt/gz_msgs_vendor:/opt/ros/jazzy/opt/gz_common_vendor:/opt/ros/jazzy/opt/gz_math_vendor:/opt/ros/jazzy/opt/gz_utils_vendor:/opt/ros/jazzy/opt/gz_tools_vendor:/opt/ros/jazzy/opt/gz_ogre_next_vendor:/opt/ros/jazzy/opt/gz_dartsim_vendor:/opt/ros/jazzy/opt/gz_cmake_vendor:/opt/ros/jazzy DEBUGINFOD_URLS=https://debuginfod.ubuntu.com /usr/bin/cmake --install /home/peru0002/ros2_ws/build/kortex_driver
[2.028s] -- Install configuration: "Release"
[2.028s] -- Up-to-date: /home/peru0002/ros2_ws/install/kortex_driver/share/kortex_driver/hardware_interface_plugin.xml
[2.029s] -- Up-to-date: /home/peru0002/ros2_ws/install/kortex_driver/lib/libkortex_driver.so
[2.030s] -- Up-to-date: /home/peru0002/ros2_ws/install/kortex_driver/include
[2.030s] -- Up-to-date: /home/peru0002/ros2_ws/install/kortex_driver/include/kortex_driver
[2.030s] -- Up-to-date: /home/peru0002/ros2_ws/install/kortex_driver/include/kortex_driver/hardware_interface.hpp
[2.030s] -- Up-to-date: /home/peru0002/ros2_ws/install/kortex_driver/include/kortex_driver/visibility_control.h
[2.030s] -- Up-to-date: /home/peru0002/ros2_ws/install/kortex_driver/include/kortex_driver/kortex_math_util.hpp
[2.031s] -- Up-to-date: /home/peru0002/ros2_ws/install/kortex_driver/share/kortex_driver/environment/library_path.sh
[2.031s] -- Up-to-date: /home/peru0002/ros2_ws/install/kortex_driver/share/kortex_driver/environment/library_path.dsv
[2.031s] -- Up-to-date: /home/peru0002/ros2_ws/install/kortex_driver/share/ament_index/resource_index/package_run_dependencies/kortex_driver
[2.031s] -- Up-to-date: /home/peru0002/ros2_ws/install/kortex_driver/share/ament_index/resource_index/parent_prefix_path/kortex_driver
[2.031s] -- Up-to-date: /home/peru0002/ros2_ws/install/kortex_driver/share/kortex_driver/environment/ament_prefix_path.sh
[2.032s] -- Up-to-date: /home/peru0002/ros2_ws/install/kortex_driver/share/kortex_driver/environment/ament_prefix_path.dsv
[2.032s] -- Up-to-date: /home/peru0002/ros2_ws/install/kortex_driver/share/kortex_driver/environment/path.sh
[2.032s] -- Up-to-date: /home/peru0002/ros2_ws/install/kortex_driver/share/kortex_driver/environment/path.dsv
[2.032s] -- Up-to-date: /home/peru0002/ros2_ws/install/kortex_driver/share/kortex_driver/local_setup.bash
[2.032s] -- Up-to-date: /home/peru0002/ros2_ws/install/kortex_driver/share/kortex_driver/local_setup.sh
[2.032s] -- Up-to-date: /home/peru0002/ros2_ws/install/kortex_driver/share/kortex_driver/local_setup.zsh
[2.032s] -- Up-to-date: /home/peru0002/ros2_ws/install/kortex_driver/share/kortex_driver/local_setup.dsv
[2.032s] -- Installing: /home/peru0002/ros2_ws/install/kortex_driver/share/kortex_driver/package.dsv
[2.033s] -- Up-to-date: /home/peru0002/ros2_ws/install/kortex_driver/share/ament_index/resource_index/packages/kortex_driver
[2.033s] -- Up-to-date: /home/peru0002/ros2_ws/install/kortex_driver/share/ament_index/resource_index/hardware_interface__pluginlib__plugin/kortex_driver
[2.033s] -- Up-to-date: /home/peru0002/ros2_ws/install/kortex_driver/share/kortex_driver/cmake/ament_cmake_export_include_directories-extras.cmake
[2.033s] -- Up-to-date: /home/peru0002/ros2_ws/install/kortex_driver/share/kortex_driver/cmake/ament_cmake_export_libraries-extras.cmake
[2.033s] -- Up-to-date: /home/peru0002/ros2_ws/install/kortex_driver/share/kortex_driver/cmake/ament_cmake_export_dependencies-extras.cmake
[2.034s] -- Up-to-date: /home/peru0002/ros2_ws/install/kortex_driver/share/kortex_driver/cmake/kortex_driverConfig.cmake
[2.034s] -- Up-to-date: /home/peru0002/ros2_ws/install/kortex_driver/share/kortex_driver/cmake/kortex_driverConfig-version.cmake
[2.034s] -- Up-to-date: /home/peru0002/ros2_ws/install/kortex_driver/share/kortex_driver/package.xml
[2.037s] Invoked command in '/home/peru0002/ros2_ws/build/kortex_driver' returned '0': AMENT_PREFIX_PATH=/home/peru0002/ros2_ws/install/kortex_api:${AMENT_PREFIX_PATH} CMAKE_PREFIX_PATH=/home/peru0002/ros2_ws/install/kortex_api:/opt/ros/jazzy/opt/gz_sim_vendor:/opt/ros/jazzy/opt/gz_sensors_vendor:/opt/ros/jazzy/opt/gz_physics_vendor:/opt/ros/jazzy/opt/sdformat_vendor:/opt/ros/jazzy/opt/gz_gui_vendor:/opt/ros/jazzy/opt/gz_transport_vendor:/opt/ros/jazzy/opt/gz_rendering_vendor:/opt/ros/jazzy/opt/gz_plugin_vendor:/opt/ros/jazzy/opt/gz_fuel_tools_vendor:/opt/ros/jazzy/opt/gz_msgs_vendor:/opt/ros/jazzy/opt/gz_common_vendor:/opt/ros/jazzy/opt/gz_math_vendor:/opt/ros/jazzy/opt/gz_utils_vendor:/opt/ros/jazzy/opt/gz_tools_vendor:/opt/ros/jazzy/opt/gz_ogre_next_vendor:/opt/ros/jazzy/opt/gz_dartsim_vendor:/opt/ros/jazzy/opt/gz_cmake_vendor:/opt/ros/jazzy DEBUGINFOD_URLS=https://debuginfod.ubuntu.com /usr/bin/cmake --install /home/peru0002/ros2_ws/build/kortex_driver
