[1.332s] Invoking command in '/home/peru0002/ros2_ws/build/bracu_hydra_description': DEBUGINFOD_URLS=https://debuginfod.ubuntu.com PYTHONPATH=/home/peru0002/ros2_ws/build/bracu_hydra_description/prefix_override:/usr/lib/python3/dist-packages/colcon_core/task/python/colcon_distutils_commands:/home/peru0002/ros2_ws/install/bracu_hydra_description/lib/python3.12/site-packages:${PYTHONPATH} /usr/bin/python3 -W ignore:setup.py install is deprecated -W ignore:easy_install command is deprecated setup.py develop --editable --build-directory /home/peru0002/ros2_ws/build/bracu_hydra_description/build --no-deps symlink_data --force
[1.857s] running develop
[2.226s] running egg_info
[2.262s] writing bracu_hydra_description.egg-info/PKG-INFO
[2.263s] writing dependency_links to bracu_hydra_description.egg-info/dependency_links.txt
[2.263s] writing requirements to bracu_hydra_description.egg-info/requires.txt
[2.263s] writing top-level names to bracu_hydra_description.egg-info/top_level.txt
[2.337s] reading manifest file 'bracu_hydra_description.egg-info/SOURCES.txt'
[2.338s] writing manifest file 'bracu_hydra_description.egg-info/SOURCES.txt'
[2.376s] running build_ext
[2.376s] Creating /home/peru0002/ros2_ws/install/bracu_hydra_description/lib/python3.12/site-packages/bracu-hydra-description.egg-link (link to .)
[2.377s] 
[2.377s] Installed /home/peru0002/ros2_ws/build/bracu_hydra_description
[2.377s] running symlink_data
[2.377s] symbolically linking /home/peru0002/ros2_ws/build/bracu_hydra_description/resource/bracu_hydra_description -> /home/peru0002/ros2_ws/install/bracu_hydra_description/share/ament_index/resource_index/packages
[2.377s] symbolically linking /home/peru0002/ros2_ws/build/bracu_hydra_description/package.xml -> /home/peru0002/ros2_ws/install/bracu_hydra_description/share/bracu_hydra_description
[2.378s] symbolically linking /home/peru0002/ros2_ws/build/bracu_hydra_description/launch/gazebo.launch.py -> /home/peru0002/ros2_ws/install/bracu_hydra_description/share/bracu_hydra_description/launch
[2.378s] symbolically linking /home/peru0002/ros2_ws/build/bracu_hydra_description/launch/display.launch.py -> /home/peru0002/ros2_ws/install/bracu_hydra_description/share/bracu_hydra_description/launch
[2.378s] symbolically linking /home/peru0002/ros2_ws/build/bracu_hydra_description/urdf/bracu_hydra.ros2control.xml -> /home/peru0002/ros2_ws/install/bracu_hydra_description/share/bracu_hydra_description/urdf
[2.378s] symbolically linking /home/peru0002/ros2_ws/build/bracu_hydra_description/urdf/bracu_hydra.xacro -> /home/peru0002/ros2_ws/install/bracu_hydra_description/share/bracu_hydra_description/urdf
[2.379s] symbolically linking /home/peru0002/ros2_ws/build/bracu_hydra_description/urdf/materials.xacro -> /home/peru0002/ros2_ws/install/bracu_hydra_description/share/bracu_hydra_description/urdf
[2.379s] symbolically linking /home/peru0002/ros2_ws/build/bracu_hydra_description/urdf/bracu_hydra.gazebo -> /home/peru0002/ros2_ws/install/bracu_hydra_description/share/bracu_hydra_description/urdf
[2.379s] symbolically linking /home/peru0002/ros2_ws/build/bracu_hydra_description/meshes/joint_2_1.stl -> /home/peru0002/ros2_ws/install/bracu_hydra_description/share/bracu_hydra_description/meshes
[2.379s] symbolically linking /home/peru0002/ros2_ws/build/bracu_hydra_description/meshes/base_link.stl -> /home/peru0002/ros2_ws/install/bracu_hydra_description/share/bracu_hydra_description/meshes
[2.379s] symbolically linking /home/peru0002/ros2_ws/build/bracu_hydra_description/meshes/gripper_1.stl -> /home/peru0002/ros2_ws/install/bracu_hydra_description/share/bracu_hydra_description/meshes
[2.380s] symbolically linking /home/peru0002/ros2_ws/build/bracu_hydra_description/meshes/joint_3_1.stl -> /home/peru0002/ros2_ws/install/bracu_hydra_description/share/bracu_hydra_description/meshes
[2.380s] symbolically linking /home/peru0002/ros2_ws/build/bracu_hydra_description/meshes/joint_1_1.stl -> /home/peru0002/ros2_ws/install/bracu_hydra_description/share/bracu_hydra_description/meshes
[2.380s] symbolically linking /home/peru0002/ros2_ws/build/bracu_hydra_description/config/gazebo.rviz -> /home/peru0002/ros2_ws/install/bracu_hydra_description/share/bracu_hydra_description/config
[2.380s] symbolically linking /home/peru0002/ros2_ws/build/bracu_hydra_description/config/ros_gz_bridge_gazebo.yaml -> /home/peru0002/ros2_ws/install/bracu_hydra_description/share/bracu_hydra_description/config
[2.380s] symbolically linking /home/peru0002/ros2_ws/build/bracu_hydra_description/config/display.rviz -> /home/peru0002/ros2_ws/install/bracu_hydra_description/share/bracu_hydra_description/config
[2.432s] Invoked command in '/home/peru0002/ros2_ws/build/bracu_hydra_description' returned '0': DEBUGINFOD_URLS=https://debuginfod.ubuntu.com PYTHONPATH=/home/peru0002/ros2_ws/build/bracu_hydra_description/prefix_override:/usr/lib/python3/dist-packages/colcon_core/task/python/colcon_distutils_commands:/home/peru0002/ros2_ws/install/bracu_hydra_description/lib/python3.12/site-packages:${PYTHONPATH} /usr/bin/python3 -W ignore:setup.py install is deprecated -W ignore:easy_install command is deprecated setup.py develop --editable --build-directory /home/peru0002/ros2_ws/build/bracu_hydra_description/build --no-deps symlink_data --force
