[0.025s] Invoking command in '/home/peru0002/ros2_ws/build/kortex_bringup': AMENT_PREFIX_PATH=/home/peru0002/ros2_ws/install/kortex_driver:/home/peru0002/ros2_ws/install/kortex_description:/home/peru0002/ros2_ws/install/robotiq_description:/home/peru0002/ros2_ws/install/kortex_api:${AMENT_PREFIX_PATH} CMAKE_PREFIX_PATH=/home/peru0002/ros2_ws/install/kortex_driver:/home/peru0002/ros2_ws/install/kortex_description:/home/peru0002/ros2_ws/install/robotiq_description:/home/peru0002/ros2_ws/install/kortex_api:/opt/ros/jazzy/opt/gz_math_vendor:/opt/ros/jazzy/opt/gz_utils_vendor:/opt/ros/jazzy/opt/gz_cmake_vendor:/opt/ros/jazzy DEBUGINFOD_URLS=https://debuginfod.ubuntu.com LD_LIBRARY_PATH=/home/peru0002/ros2_ws/install/kortex_driver/lib:${LD_LIBRARY_PATH} /usr/bin/cmake /home/peru0002/ros2_ws/src/ros2_kortex/kortex_bringup -DCMAKE_BUILD_TYPE=Release -DCMAKE_INSTALL_PREFIX=/home/peru0002/ros2_ws/install/kortex_bringup
[0.146s] -- The C compiler identification is GNU 13.3.0
[0.271s] -- The CXX compiler identification is GNU 13.3.0
[0.307s] -- Detecting C compiler ABI info
[0.496s] -- Detecting C compiler ABI info - done
[0.515s] -- Check for working C compiler: /usr/bin/cc - skipped
[0.516s] -- Detecting C compile features
[0.517s] -- Detecting C compile features - done
[0.550s] -- Detecting CXX compiler ABI info
[0.751s] -- Detecting CXX compiler ABI info - done
[0.768s] -- Check for working CXX compiler: /usr/bin/c++ - skipped
[0.769s] -- Detecting CXX compile features
[0.771s] -- Detecting CXX compile features - done
[0.778s] -- Found ament_cmake: 2.5.4 (/opt/ros/jazzy/share/ament_cmake/cmake)
[1.027s] -- Found Python3: /usr/bin/python3 (found version "3.12.3") found components: Interpreter 
[1.342s] -- Configuring done (1.3s)
[1.349s] -- Generating done (0.0s)
[1.354s] -- Build files have been written to: /home/peru0002/ros2_ws/build/kortex_bringup
[1.365s] Invoked command in '/home/peru0002/ros2_ws/build/kortex_bringup' returned '0': AMENT_PREFIX_PATH=/home/peru0002/ros2_ws/install/kortex_driver:/home/peru0002/ros2_ws/install/kortex_description:/home/peru0002/ros2_ws/install/robotiq_description:/home/peru0002/ros2_ws/install/kortex_api:${AMENT_PREFIX_PATH} CMAKE_PREFIX_PATH=/home/peru0002/ros2_ws/install/kortex_driver:/home/peru0002/ros2_ws/install/kortex_description:/home/peru0002/ros2_ws/install/robotiq_description:/home/peru0002/ros2_ws/install/kortex_api:/opt/ros/jazzy/opt/gz_math_vendor:/opt/ros/jazzy/opt/gz_utils_vendor:/opt/ros/jazzy/opt/gz_cmake_vendor:/opt/ros/jazzy DEBUGINFOD_URLS=https://debuginfod.ubuntu.com LD_LIBRARY_PATH=/home/peru0002/ros2_ws/install/kortex_driver/lib:${LD_LIBRARY_PATH} /usr/bin/cmake /home/peru0002/ros2_ws/src/ros2_kortex/kortex_bringup -DCMAKE_BUILD_TYPE=Release -DCMAKE_INSTALL_PREFIX=/home/peru0002/ros2_ws/install/kortex_bringup
[1.367s] Invoking command in '/home/peru0002/ros2_ws/build/kortex_bringup': AMENT_PREFIX_PATH=/home/peru0002/ros2_ws/install/kortex_driver:/home/peru0002/ros2_ws/install/kortex_description:/home/peru0002/ros2_ws/install/robotiq_description:/home/peru0002/ros2_ws/install/kortex_api:${AMENT_PREFIX_PATH} CMAKE_PREFIX_PATH=/home/peru0002/ros2_ws/install/kortex_driver:/home/peru0002/ros2_ws/install/kortex_description:/home/peru0002/ros2_ws/install/robotiq_description:/home/peru0002/ros2_ws/install/kortex_api:/opt/ros/jazzy/opt/gz_math_vendor:/opt/ros/jazzy/opt/gz_utils_vendor:/opt/ros/jazzy/opt/gz_cmake_vendor:/opt/ros/jazzy DEBUGINFOD_URLS=https://debuginfod.ubuntu.com LD_LIBRARY_PATH=/home/peru0002/ros2_ws/install/kortex_driver/lib:${LD_LIBRARY_PATH} /usr/bin/cmake --build /home/peru0002/ros2_ws/build/kortex_bringup -- -j8 -l8
[1.427s] Invoked command in '/home/peru0002/ros2_ws/build/kortex_bringup' returned '0': AMENT_PREFIX_PATH=/home/peru0002/ros2_ws/install/kortex_driver:/home/peru0002/ros2_ws/install/kortex_description:/home/peru0002/ros2_ws/install/robotiq_description:/home/peru0002/ros2_ws/install/kortex_api:${AMENT_PREFIX_PATH} CMAKE_PREFIX_PATH=/home/peru0002/ros2_ws/install/kortex_driver:/home/peru0002/ros2_ws/install/kortex_description:/home/peru0002/ros2_ws/install/robotiq_description:/home/peru0002/ros2_ws/install/kortex_api:/opt/ros/jazzy/opt/gz_math_vendor:/opt/ros/jazzy/opt/gz_utils_vendor:/opt/ros/jazzy/opt/gz_cmake_vendor:/opt/ros/jazzy DEBUGINFOD_URLS=https://debuginfod.ubuntu.com LD_LIBRARY_PATH=/home/peru0002/ros2_ws/install/kortex_driver/lib:${LD_LIBRARY_PATH} /usr/bin/cmake --build /home/peru0002/ros2_ws/build/kortex_bringup -- -j8 -l8
[1.430s] Invoking command in '/home/peru0002/ros2_ws/build/kortex_bringup': AMENT_PREFIX_PATH=/home/peru0002/ros2_ws/install/kortex_driver:/home/peru0002/ros2_ws/install/kortex_description:/home/peru0002/ros2_ws/install/robotiq_description:/home/peru0002/ros2_ws/install/kortex_api:${AMENT_PREFIX_PATH} CMAKE_PREFIX_PATH=/home/peru0002/ros2_ws/install/kortex_driver:/home/peru0002/ros2_ws/install/kortex_description:/home/peru0002/ros2_ws/install/robotiq_description:/home/peru0002/ros2_ws/install/kortex_api:/opt/ros/jazzy/opt/gz_math_vendor:/opt/ros/jazzy/opt/gz_utils_vendor:/opt/ros/jazzy/opt/gz_cmake_vendor:/opt/ros/jazzy DEBUGINFOD_URLS=https://debuginfod.ubuntu.com LD_LIBRARY_PATH=/home/peru0002/ros2_ws/install/kortex_driver/lib:${LD_LIBRARY_PATH} /usr/bin/cmake --install /home/peru0002/ros2_ws/build/kortex_bringup
[1.449s] -- Install configuration: "Release"
[1.449s] -- Installing: /home/peru0002/ros2_ws/install/kortex_bringup/lib/kortex_bringup/test_huge_joint_space_jump.py
[1.450s] -- Installing: /home/peru0002/ros2_ws/install/kortex_bringup/share/kortex_bringup/config
[1.450s] -- Installing: /home/peru0002/ros2_ws/install/kortex_bringup/share/kortex_bringup/config/servo.yaml
[1.450s] -- Installing: /home/peru0002/ros2_ws/install/kortex_bringup/share/kortex_bringup/config/test_trajectory_goal_publishers_config.yaml
[1.451s] -- Installing: /home/peru0002/ros2_ws/install/kortex_bringup/share/kortex_bringup/config/test_huge_joint_space_jump_config.yaml
[1.451s] -- Installing: /home/peru0002/ros2_ws/install/kortex_bringup/share/kortex_bringup/launch
[1.451s] -- Installing: /home/peru0002/ros2_ws/install/kortex_bringup/share/kortex_bringup/launch/kortex_control.launch.py
[1.451s] -- Installing: /home/peru0002/ros2_ws/install/kortex_bringup/share/kortex_bringup/launch/gen3_lite.launch.py
[1.452s] -- Installing: /home/peru0002/ros2_ws/install/kortex_bringup/share/kortex_bringup/launch/gen3.launch.py
[1.452s] -- Installing: /home/peru0002/ros2_ws/install/kortex_bringup/share/kortex_bringup/launch/test_huge_joint_space_jump.launch.py
[1.452s] -- Installing: /home/peru0002/ros2_ws/install/kortex_bringup/share/kortex_bringup/launch/test_joint_trajectory_controller.launch.py
[1.452s] -- Installing: /home/peru0002/ros2_ws/install/kortex_bringup/share/kortex_bringup/launch/kortex_sim_control.launch.py
[1.453s] -- Installing: /home/peru0002/ros2_ws/install/kortex_bringup/share/ament_index/resource_index/package_run_dependencies/kortex_bringup
[1.453s] -- Installing: /home/peru0002/ros2_ws/install/kortex_bringup/share/ament_index/resource_index/parent_prefix_path/kortex_bringup
[1.453s] -- Installing: /home/peru0002/ros2_ws/install/kortex_bringup/share/kortex_bringup/environment/ament_prefix_path.sh
[1.453s] -- Installing: /home/peru0002/ros2_ws/install/kortex_bringup/share/kortex_bringup/environment/ament_prefix_path.dsv
[1.454s] -- Installing: /home/peru0002/ros2_ws/install/kortex_bringup/share/kortex_bringup/environment/path.sh
[1.454s] -- Installing: /home/peru0002/ros2_ws/install/kortex_bringup/share/kortex_bringup/environment/path.dsv
[1.455s] -- Installing: /home/peru0002/ros2_ws/install/kortex_bringup/share/kortex_bringup/local_setup.bash
[1.455s] -- Installing: /home/peru0002/ros2_ws/install/kortex_bringup/share/kortex_bringup/local_setup.sh
[1.455s] -- Installing: /home/peru0002/ros2_ws/install/kortex_bringup/share/kortex_bringup/local_setup.zsh
[1.455s] -- Installing: /home/peru0002/ros2_ws/install/kortex_bringup/share/kortex_bringup/local_setup.dsv
[1.455s] -- Installing: /home/peru0002/ros2_ws/install/kortex_bringup/share/kortex_bringup/package.dsv
[1.456s] -- Installing: /home/peru0002/ros2_ws/install/kortex_bringup/share/ament_index/resource_index/packages/kortex_bringup
[1.456s] -- Installing: /home/peru0002/ros2_ws/install/kortex_bringup/share/kortex_bringup/cmake/kortex_bringupConfig.cmake
[1.456s] -- Installing: /home/peru0002/ros2_ws/install/kortex_bringup/share/kortex_bringup/cmake/kortex_bringupConfig-version.cmake
[1.456s] -- Installing: /home/peru0002/ros2_ws/install/kortex_bringup/share/kortex_bringup/package.xml
[1.459s] Invoked command in '/home/peru0002/ros2_ws/build/kortex_bringup' returned '0': AMENT_PREFIX_PATH=/home/peru0002/ros2_ws/install/kortex_driver:/home/peru0002/ros2_ws/install/kortex_description:/home/peru0002/ros2_ws/install/robotiq_description:/home/peru0002/ros2_ws/install/kortex_api:${AMENT_PREFIX_PATH} CMAKE_PREFIX_PATH=/home/peru0002/ros2_ws/install/kortex_driver:/home/peru0002/ros2_ws/install/kortex_description:/home/peru0002/ros2_ws/install/robotiq_description:/home/peru0002/ros2_ws/install/kortex_api:/opt/ros/jazzy/opt/gz_math_vendor:/opt/ros/jazzy/opt/gz_utils_vendor:/opt/ros/jazzy/opt/gz_cmake_vendor:/opt/ros/jazzy DEBUGINFOD_URLS=https://debuginfod.ubuntu.com LD_LIBRARY_PATH=/home/peru0002/ros2_ws/install/kortex_driver/lib:${LD_LIBRARY_PATH} /usr/bin/cmake --install /home/peru0002/ros2_ws/build/kortex_bringup
