[1.075s] Invoking command in '/home/peru0002/ros2_ws/src/bracu_hydra_description-20251223T200716Z-1-001 (2)/bracu_hydra_description': DEBUGINFOD_URLS=https://debuginfod.ubuntu.com PYTHONPATH=/home/peru0002/ros2_ws/build/bracu_hydra_description/prefix_override:/usr/lib/python3/dist-packages/colcon_core/task/python/colcon_distutils_commands:/home/peru0002/ros2_ws/install/bracu_hydra_description/lib/python3.12/site-packages:${PYTHONPATH} /usr/bin/python3 -W ignore:setup.py install is deprecated -W ignore:easy_install command is deprecated setup.py egg_info --egg-base ../../../build/bracu_hydra_description build --build-base /home/peru0002/ros2_ws/build/bracu_hydra_description/build install --record /home/peru0002/ros2_ws/build/bracu_hydra_description/install.log --single-version-externally-managed install_data
[1.422s] running egg_info
[1.451s] writing ../../../build/bracu_hydra_description/bracu_hydra_description.egg-info/PKG-INFO
[1.451s] writing dependency_links to ../../../build/bracu_hydra_description/bracu_hydra_description.egg-info/dependency_links.txt
[1.451s] writing requirements to ../../../build/bracu_hydra_description/bracu_hydra_description.egg-info/requires.txt
[1.452s] writing top-level names to ../../../build/bracu_hydra_description/bracu_hydra_description.egg-info/top_level.txt
[1.502s] reading manifest file '../../../build/bracu_hydra_description/bracu_hydra_description.egg-info/SOURCES.txt'
[1.503s] writing manifest file '../../../build/bracu_hydra_description/bracu_hydra_description.egg-info/SOURCES.txt'
[1.503s] running build
[1.503s] running build_py
[1.504s] running install
[1.511s] running install_lib
[1.540s] running install_data
[1.540s] copying urdf/bracu_hydra.xacro -> /home/peru0002/ros2_ws/install/bracu_hydra_description/share/bracu_hydra_description/urdf
[1.541s] running install_egg_info
[1.568s] removing '/home/peru0002/ros2_ws/install/bracu_hydra_description/lib/python3.12/site-packages/bracu_hydra_description-0.0.0-py3.12.egg-info' (and everything under it)
[1.569s] Copying ../../../build/bracu_hydra_description/bracu_hydra_description.egg-info to /home/peru0002/ros2_ws/install/bracu_hydra_description/lib/python3.12/site-packages/bracu_hydra_description-0.0.0-py3.12.egg-info
[1.570s] running install_scripts
[1.742s] writing list of installed files to '/home/peru0002/ros2_ws/build/bracu_hydra_description/install.log'
[1.787s] Invoked command in '/home/peru0002/ros2_ws/src/bracu_hydra_description-20251223T200716Z-1-001 (2)/bracu_hydra_description' returned '0': DEBUGINFOD_URLS=https://debuginfod.ubuntu.com PYTHONPATH=/home/peru0002/ros2_ws/build/bracu_hydra_description/prefix_override:/usr/lib/python3/dist-packages/colcon_core/task/python/colcon_distutils_commands:/home/peru0002/ros2_ws/install/bracu_hydra_description/lib/python3.12/site-packages:${PYTHONPATH} /usr/bin/python3 -W ignore:setup.py install is deprecated -W ignore:easy_install command is deprecated setup.py egg_info --egg-base ../../../build/bracu_hydra_description build --build-base /home/peru0002/ros2_ws/build/bracu_hydra_description/build install --record /home/peru0002/ros2_ws/build/bracu_hydra_description/install.log --single-version-externally-managed install_data
